<?xml version="1.0" encoding="UTF-8"?>
<!-- Generated by org.testng.reporters.JUnitXMLReporter -->
<testsuite ignored="0" hostname="77DWHM2" failures="0" tests="11" name="Ett test" time="14.709" errors="0" timestamp="01 aug. 2018 08:42:08 GMT">
  <testcase classname="testCasesSATGranskningBetalningsinformation.GranskningAddNewPaymentInformationBankLocatedInEurope" name="LoginAsUser" time="5.026"/>
  <testcase classname="testCasesSATGranskningBetalningsinformation.GranskningAddNewPaymentInformationBankLocatedInEurope" name="ClickGranskningsfliken" time="0.514"/>
  <testcase classname="testCasesSATGranskningBetalningsinformation.GranskningAddNewPaymentInformationBankLocatedInEurope" name="Betalningsinformation" time="0.725"/>
  <testcase classname="testCasesSATGranskningBetalningsinformation.GranskningAddNewPaymentInformationBankLocatedInEurope" name="BankensLand" time="0.719"/>
  <testcase classname="testCasesSATGranskningBetalningsinformation.GranskningAddNewPaymentInformationBankLocatedInEurope" name="BankensNamn" time="0.293"/>
  <testcase classname="testCasesSATGranskningBetalningsinformation.GranskningAddNewPaymentInformationBankLocatedInEurope" name="Kontoinnehavare" time="0.165"/>
  <testcase classname="testCasesSATGranskningBetalningsinformation.GranskningAddNewPaymentInformationBankLocatedInEurope" name="IBAN" time="0.146"/>
  <testcase classname="testCasesSATGranskningBetalningsinformation.GranskningAddNewPaymentInformationBankLocatedInEurope" name="SWIFTBIC" time="0.147"/>
  <testcase classname="testCasesSATGranskningBetalningsinformation.GranskningAddNewPaymentInformationBankLocatedInEurope" name="TIN" time="0.168"/>
  <testcase classname="testCasesSATGranskningBetalningsinformation.GranskningAddNewPaymentInformationBankLocatedInEurope" name="Spara" time="0.124"/>
  <testcase classname="testCasesSATGranskningBetalningsinformation.GranskningAddNewPaymentInformationBankLocatedInEurope" name="AccepteraAlert" time="0.661"/>
</testsuite> <!-- Ett test -->
