# JRE version: Java(TM) SE Runtime Environment (12.0.1+12) (build 12.0.1+12)
# Java VM: Java HotSpot(TM) 64-Bit Server VM (12.0.1+12, mixed mode, sharing, tiered, compressed oops, g1 gc, windows-amd64)
Heap:
 garbage-first heap   total 129024K, used 47181K [0x0000000082000000, 0x0000000100000000)
  region size 1024K, 44 young (45056K), 2 survivors (2048K)
 Metaspace       used 14881K, capacity 15594K, committed 15744K, reserved 1062912K
  class space    used 1818K, capacity 2090K, committed 2176K, reserved 1048576K
GC Heap History (6 events):
Event: 8.734 GC heap before
{Heap before GC invocations=0 (full 0):
 garbage-first heap   total 129024K, used 13312K [0x0000000082000000, 0x0000000100000000)
  region size 1024K, 14 young (14336K), 0 survivors (0K)
 Metaspace       used 5925K, capacity 6775K, committed 6912K, reserved 1056768K
  class space    used 630K, capacity 705K, committed 768K, reserved 1048576K
}
Event: 8.748 GC heap after
{Heap after GC invocations=1 (full 0):
 garbage-first heap   total 129024K, used 3937K [0x0000000082000000, 0x0000000100000000)
  region size 1024K, 2 young (2048K), 2 survivors (2048K)
 Metaspace       used 5925K, capacity 6775K, committed 6912K, reserved 1056768K
  class space    used 630K, capacity 705K, committed 768K, reserved 1048576K
}
Event: 8.862 GC heap before
{Heap before GC invocations=1 (full 0):
 garbage-first heap   total 129024K, used 8033K [0x0000000082000000, 0x0000000100000000)
  region size 1024K, 6 young (6144K), 2 survivors (2048K)
 Metaspace       used 6182K, capacity 6970K, committed 7168K, reserved 1056768K
  class space    used 649K, capacity 706K, committed 768K, reserved 1048576K
}
Event: 8.869 GC heap after
{Heap after GC invocations=2 (full 0):
 garbage-first heap   total 129024K, used 4228K [0x0000000082000000, 0x0000000100000000)
  region size 1024K, 1 young (1024K), 1 survivors (1024K)
 Metaspace       used 6182K, capacity 6970K, committed 7168K, reserved 1056768K
  class space    used 649K, capacity 706K, committed 768K, reserved 1048576K
}
Event: 9.514 GC heap before
{Heap before GC invocations=2 (full 0):
 garbage-first heap   total 129024K, used 23684K [0x0000000082000000, 0x0000000100000000)
  region size 1024K, 20 young (20480K), 1 survivors (1024K)
 Metaspace       used 6661K, capacity 7275K, committed 7424K, reserved 1056768K
  class space    used 678K, capacity 744K, committed 768K, reserved 1048576K
}
Event: 9.518 GC heap after
{Heap after GC invocations=3 (full 0):
 garbage-first heap   total 129024K, used 5197K [0x0000000082000000, 0x0000000100000000)
  region size 1024K, 2 young (2048K), 2 survivors (2048K)
 Metaspace       used 6661K, capacity 7275K, committed 7424K, reserved 1056768K
  class space    used 678K, capacity 744K, committed 768K, reserved 1048576K
}

