# JRE version: Java(TM) SE Runtime Environment (12.0.1+12) (build 12.0.1+12)
# Java VM: Java HotSpot(TM) 64-Bit Server VM (12.0.1+12, mixed mode, sharing, tiered, compressed oops, g1 gc, windows-amd64)
Heap:
 garbage-first heap   total 129024K, used 62374K [0x0000000082000000, 0x0000000100000000)
  region size 1024K, 59 young (60416K), 4 survivors (4096K)
 Metaspace       used 16182K, capacity 16966K, committed 17152K, reserved 1064960K
  class space    used 1910K, capacity 2215K, committed 2304K, reserved 1048576K
GC Heap History (6 events):
Event: 2.193 GC heap before
{Heap before GC invocations=0 (full 0):
 garbage-first heap   total 129024K, used 13312K [0x0000000082000000, 0x0000000100000000)
  region size 1024K, 14 young (14336K), 0 survivors (0K)
 Metaspace       used 6065K, capacity 6898K, committed 7168K, reserved 1056768K
  class space    used 647K, capacity 705K, committed 768K, reserved 1048576K
}
Event: 2.207 GC heap after
{Heap after GC invocations=1 (full 0):
 garbage-first heap   total 129024K, used 2975K [0x0000000082000000, 0x0000000100000000)
  region size 1024K, 2 young (2048K), 2 survivors (2048K)
 Metaspace       used 6065K, capacity 6898K, committed 7168K, reserved 1056768K
  class space    used 647K, capacity 705K, committed 768K, reserved 1048576K
}
Event: 2.759 GC heap before
{Heap before GC invocations=1 (full 0):
 garbage-first heap   total 129024K, used 13215K [0x0000000082000000, 0x0000000100000000)
  region size 1024K, 12 young (12288K), 2 survivors (2048K)
 Metaspace       used 6395K, capacity 7066K, committed 7168K, reserved 1056768K
  class space    used 658K, capacity 738K, committed 768K, reserved 1048576K
}
Event: 2.765 GC heap after
{Heap after GC invocations=2 (full 0):
 garbage-first heap   total 129024K, used 4318K [0x0000000082000000, 0x0000000100000000)
  region size 1024K, 2 young (2048K), 2 survivors (2048K)
 Metaspace       used 6395K, capacity 7066K, committed 7168K, reserved 1056768K
  class space    used 658K, capacity 738K, committed 768K, reserved 1048576K
}
Event: 3.323 GC heap before
{Heap before GC invocations=2 (full 0):
 garbage-first heap   total 129024K, used 35038K [0x0000000082000000, 0x0000000100000000)
  region size 1024K, 32 young (32768K), 2 survivors (2048K)
 Metaspace       used 6793K, capacity 7387K, committed 7424K, reserved 1056768K
  class space    used 674K, capacity 738K, committed 768K, reserved 1048576K
}
Event: 3.331 GC heap after
{Heap after GC invocations=3 (full 0):
 garbage-first heap   total 129024K, used 7078K [0x0000000082000000, 0x0000000100000000)
  region size 1024K, 4 young (4096K), 4 survivors (4096K)
 Metaspace       used 6793K, capacity 7387K, committed 7424K, reserved 1056768K
  class space    used 674K, capacity 738K, committed 768K, reserved 1048576K
}

