<?xml version="1.0" encoding="UTF-8"?>
<!-- Generated by org.testng.reporters.JUnitXMLReporter -->
<testsuite ignored="0" hostname="77DWHM2" failures="0" tests="10" name="Default test" time="14.543" errors="0" timestamp="20 juli 2018 11:57:32 GMT">
  <testcase classname="testCasesSAT.ImmaterialrättAddNewImmaterialRätt" name="LoginAsUser" time="12.567"/>
  <testcase classname="testCasesSAT.ImmaterialrättAddNewImmaterialRätt" name="ClickImmaterialrätt" time="0.625"/>
  <testcase classname="testCasesSAT.ImmaterialrättAddNewImmaterialRätt" name="LäggTill" time="0.082"/>
  <testcase classname="testCasesSAT.ImmaterialrättAddNewImmaterialRätt" name="Typ" time="0.212"/>
  <testcase classname="testCasesSAT.ImmaterialrättAddNewImmaterialRätt" name="Id" time="0.09"/>
  <testcase classname="testCasesSAT.ImmaterialrättAddNewImmaterialRätt" name="DatumFörBeviljande" time="0.179"/>
  <testcase classname="testCasesSAT.ImmaterialrättAddNewImmaterialRätt" name="ProduktKlassificering" time="0.392"/>
  <testcase classname="testCasesSAT.ImmaterialrättAddNewImmaterialRätt" name="LicensieradTillAnnan" time="0.114"/>
  <testcase classname="testCasesSAT.ImmaterialrättAddNewImmaterialRätt" name="LicensieradTillAnnanDropDown" time="0.114"/>
  <testcase classname="testCasesSAT.ImmaterialrättAddNewImmaterialRätt" name="Spara" time="0.124"/>
</testsuite> <!-- Default test -->
