<?xml version="1.0" encoding="UTF-8"?>
<!-- Generated by org.testng.reporters.JUnitXMLReporter -->
<testsuite ignored="0" hostname="77DWHM2" failures="4" tests="56" name="all-tests-SAT-Chrome(failed)(failed)" time="96.066" errors="0" timestamp="24 juli 2018 09:42:59 GMT">
  <testcase classname="testCasesSAT.ArbetslivAddNewForskarutbyten" name="LoginAsUser" time="7.15"/>
  <testcase classname="testCasesSAT.ArbetslivAddNewForskarutbyten" name="ClickArbetsliv" time="0.828"/>
  <testcase classname="testCasesSAT.ArbetslivAddNewForskarutbyten" name="AddForskarUbyten" time="0.111"/>
  <testcase classname="testCasesSAT.ArbetslivAddNewForskarutbyten" name="SelectOrganization" time="2.026"/>
  <testcase classname="testCasesSAT.ArbetslivAddNewForskarutbyten" name="Ämne" time="0.567"/>
  <testcase classname="testCasesSAT.ArbetslivAddNewForskarutbyten" name="Typ" time="0.136"/>
  <testcase classname="testCasesSAT.ArbetslivAddNewForskarutbyten" name="PeriodStartOchSlutYear" time="1.35"/>
  <testcase classname="testCasesSAT.ArbetslivAddNewForskarutbyten" name="PeriodStartMonth" time="0.123"/>
  <testcase classname="testCasesSAT.ArbetslivAddNewForskarutbyten" name="PeriodEndMonth" time="0.194"/>
  <testcase classname="testCasesSAT.ArbetslivAddNewForskarutbyten" name="SparaForskarUbyte" time="0.07">
    <failure type="org.openqa.selenium.WebDriverException" message="unknown error: Element &amp;lt;input class=&amp;quot;btn btn-primary&amp;quot; id=&amp;quot;Submitter&amp;quot; name=&amp;quot;Submitter&amp;quot; title=&amp;quot;Spara&amp;quot; type=&amp;quot;submit&amp;quot; value=&amp;quot;Spara&amp;quot;&amp;gt; is not clickable at point (747, 550). Other element would receive the click: &amp;lt;div id=&amp;quot;snapifyHiddenContent&amp;quot; data-name=&amp;quot;snapifyHiddenContent1236&amp;quot; data-id=&amp;quot;1236&amp;quot; class=&amp;quot;snapCFrm&amp;quot; style=&amp;quot;background: none repeat scroll 0 0 #292929; color: #f3f7f7; text-align:left;&amp;quot;&amp;gt;...&amp;lt;/div&amp;gt;
  (Session info: headless chrome=67.0.3396.99)
  (Driver info: chromedriver=2.40.565498 (ea082db3280dd6843ebfb08a625e3eb905c4f5ab),platform=Windows NT 10.0.16299 x86_64) (WARNING: The server did not provide any stacktrace information)
Command duration or timeout: 0 milliseconds
Build info: version: &amp;apos;3.12.0&amp;apos;, revision: &amp;apos;7c6e0b3&amp;apos;, time: &amp;apos;2018-05-08T15:15:03.216Z&amp;apos;
System info: host: &amp;apos;77DWHM2&amp;apos;, ip: &amp;apos;10.251.12.117&amp;apos;, os.name: &amp;apos;Windows 10&amp;apos;, os.arch: &amp;apos;amd64&amp;apos;, os.version: &amp;apos;10.0&amp;apos;, java.version: &amp;apos;10.0.1&amp;apos;
Driver info: org.openqa.selenium.chrome.ChromeDriver
Capabilities {acceptInsecureCerts: false, acceptSslCerts: false, applicationCacheEnabled: false, browserConnectionEnabled: false, browserName: chrome, chrome: {chromedriverVersion: 2.40.565498 (ea082db3280dd6..., userDataDir: C:\Users\krkl\AppData\Local...}, cssSelectorsEnabled: true, databaseEnabled: false, handlesAlerts: true, hasTouchScreen: false, javascriptEnabled: true, locationContextEnabled: true, mobileEmulationEnabled: false, nativeEvents: true, networkConnectionEnabled: false, pageLoadStrategy: normal, platform: XP, platformName: XP, rotatable: false, setWindowRect: true, takesHeapSnapshot: true, takesScreenshot: true, unexpectedAlertBehaviour: , unhandledPromptBehavior: , version: 67.0.3396.99, webStorageEnabled: true}
Session ID: 3514a8d45ccf2bd6b1f2401744829920">
      <![CDATA[org.openqa.selenium.WebDriverException: unknown error: Element <input class="btn btn-primary" id="Submitter" name="Submitter" title="Spara" type="submit" value="Spara"> is not clickable at point (747, 550). Other element would receive the click: <div id="snapifyHiddenContent" data-name="snapifyHiddenContent1236" data-id="1236" class="snapCFrm" style="background: none repeat scroll 0 0 #292929; color: #f3f7f7; text-align:left;">...</div>
  (Session info: headless chrome=67.0.3396.99)
  (Driver info: chromedriver=2.40.565498 (ea082db3280dd6843ebfb08a625e3eb905c4f5ab),platform=Windows NT 10.0.16299 x86_64) (WARNING: The server did not provide any stacktrace information)
Command duration or timeout: 0 milliseconds
Build info: version: '3.12.0', revision: '7c6e0b3', time: '2018-05-08T15:15:03.216Z'
System info: host: '77DWHM2', ip: '10.251.12.117', os.name: 'Windows 10', os.arch: 'amd64', os.version: '10.0', java.version: '10.0.1'
Driver info: org.openqa.selenium.chrome.ChromeDriver
Capabilities {acceptInsecureCerts: false, acceptSslCerts: false, applicationCacheEnabled: false, browserConnectionEnabled: false, browserName: chrome, chrome: {chromedriverVersion: 2.40.565498 (ea082db3280dd6..., userDataDir: C:\Users\krkl\AppData\Local...}, cssSelectorsEnabled: true, databaseEnabled: false, handlesAlerts: true, hasTouchScreen: false, javascriptEnabled: true, locationContextEnabled: true, mobileEmulationEnabled: false, nativeEvents: true, networkConnectionEnabled: false, pageLoadStrategy: normal, platform: XP, platformName: XP, rotatable: false, setWindowRect: true, takesHeapSnapshot: true, takesScreenshot: true, unexpectedAlertBehaviour: , unhandledPromptBehavior: , version: 67.0.3396.99, webStorageEnabled: true}
Session ID: 3514a8d45ccf2bd6b1f2401744829920
at org.openqa.selenium.remote.ErrorHandler.createThrowable(ErrorHandler.java:214)
at org.openqa.selenium.remote.ErrorHandler.throwIfResponseFailed(ErrorHandler.java:166)
at org.openqa.selenium.remote.http.JsonHttpResponseCodec.reconstructValue(JsonHttpResponseCodec.java:40)
at org.openqa.selenium.remote.http.AbstractHttpResponseCodec.decode(AbstractHttpResponseCodec.java:80)
at org.openqa.selenium.remote.http.AbstractHttpResponseCodec.decode(AbstractHttpResponseCodec.java:44)
at org.openqa.selenium.remote.HttpCommandExecutor.execute(HttpCommandExecutor.java:158)
at org.openqa.selenium.remote.service.DriverCommandExecutor.execute(DriverCommandExecutor.java:83)
at org.openqa.selenium.remote.RemoteWebDriver.execute(RemoteWebDriver.java:543)
at org.openqa.selenium.remote.RemoteWebElement.execute(RemoteWebElement.java:276)
at org.openqa.selenium.remote.RemoteWebElement.click(RemoteWebElement.java:83)
at testCasesSAT.ArbetslivAddNewForskarutbyten.SparaForskarUbyte(ArbetslivAddNewForskarutbyten.java:149)
... Removed 29 stack frames]]>
    </failure>
  </testcase> <!-- SparaForskarUbyte -->
  <testcase classname="testCasesSAT.GranskningAddNewPaymentInformationBankLocatedInEurope" name="LoginAsUser" time="8.065"/>
  <testcase classname="testCasesSAT.GranskningAddNewPaymentInformationBankLocatedInEurope" name="ClickGranskningsfliken" time="0.457"/>
  <testcase classname="testCasesSAT.GranskningAddNewPaymentInformationBankLocatedInEurope" name="Betalningsinformation" time="0.543"/>
  <testcase classname="testCasesSAT.GranskningAddNewPaymentInformationBankLocatedInEurope" name="BankensLand" time="0.112"/>
  <testcase classname="testCasesSAT.GranskningAddNewPaymentInformationBankLocatedInEurope" name="BankensNamn" time="0.192"/>
  <testcase classname="testCasesSAT.GranskningAddNewPaymentInformationBankLocatedInEurope" name="Kontoinnehavare" time="0.129"/>
  <testcase classname="testCasesSAT.GranskningAddNewPaymentInformationBankLocatedInEurope" name="IBAN" time="0.098"/>
  <testcase classname="testCasesSAT.GranskningAddNewPaymentInformationBankLocatedInEurope" name="SWIFTBIC" time="0.115"/>
  <testcase classname="testCasesSAT.GranskningAddNewPaymentInformationBankLocatedInEurope" name="TIN" time="0.106"/>
  <testcase classname="testCasesSAT.GranskningAddNewPaymentInformationBankLocatedInEurope" name="Spara" time="0.094">
    <failure type="org.openqa.selenium.WebDriverException" message="unknown error: Element &amp;lt;input class=&amp;quot;btn btn-primary&amp;quot; id=&amp;quot;Submitter&amp;quot; name=&amp;quot;Submitter&amp;quot; title=&amp;quot;Spara&amp;quot; type=&amp;quot;submit&amp;quot; value=&amp;quot;Spara&amp;quot;&amp;gt; is not clickable at point (747, 525). Other element would receive the click: &amp;lt;div id=&amp;quot;snapifyHiddenContent&amp;quot; data-name=&amp;quot;snapifyHiddenContent1236&amp;quot; data-id=&amp;quot;1236&amp;quot; class=&amp;quot;snapCFrm&amp;quot; style=&amp;quot;background: none repeat scroll 0 0 #292929; color: #f3f7f7; text-align:left;&amp;quot;&amp;gt;...&amp;lt;/div&amp;gt;
  (Session info: headless chrome=67.0.3396.99)
  (Driver info: chromedriver=2.40.565498 (ea082db3280dd6843ebfb08a625e3eb905c4f5ab),platform=Windows NT 10.0.16299 x86_64) (WARNING: The server did not provide any stacktrace information)
Command duration or timeout: 0 milliseconds
Build info: version: &amp;apos;3.12.0&amp;apos;, revision: &amp;apos;7c6e0b3&amp;apos;, time: &amp;apos;2018-05-08T15:15:03.216Z&amp;apos;
System info: host: &amp;apos;77DWHM2&amp;apos;, ip: &amp;apos;10.251.12.117&amp;apos;, os.name: &amp;apos;Windows 10&amp;apos;, os.arch: &amp;apos;amd64&amp;apos;, os.version: &amp;apos;10.0&amp;apos;, java.version: &amp;apos;10.0.1&amp;apos;
Driver info: org.openqa.selenium.chrome.ChromeDriver
Capabilities {acceptInsecureCerts: false, acceptSslCerts: false, applicationCacheEnabled: false, browserConnectionEnabled: false, browserName: chrome, chrome: {chromedriverVersion: 2.40.565498 (ea082db3280dd6..., userDataDir: C:\Users\krkl\AppData\Local...}, cssSelectorsEnabled: true, databaseEnabled: false, handlesAlerts: true, hasTouchScreen: false, javascriptEnabled: true, locationContextEnabled: true, mobileEmulationEnabled: false, nativeEvents: true, networkConnectionEnabled: false, pageLoadStrategy: normal, platform: XP, platformName: XP, rotatable: false, setWindowRect: true, takesHeapSnapshot: true, takesScreenshot: true, unexpectedAlertBehaviour: , unhandledPromptBehavior: , version: 67.0.3396.99, webStorageEnabled: true}
Session ID: 13495eee954e187f3a286005d1fd868f">
      <![CDATA[org.openqa.selenium.WebDriverException: unknown error: Element <input class="btn btn-primary" id="Submitter" name="Submitter" title="Spara" type="submit" value="Spara"> is not clickable at point (747, 525). Other element would receive the click: <div id="snapifyHiddenContent" data-name="snapifyHiddenContent1236" data-id="1236" class="snapCFrm" style="background: none repeat scroll 0 0 #292929; color: #f3f7f7; text-align:left;">...</div>
  (Session info: headless chrome=67.0.3396.99)
  (Driver info: chromedriver=2.40.565498 (ea082db3280dd6843ebfb08a625e3eb905c4f5ab),platform=Windows NT 10.0.16299 x86_64) (WARNING: The server did not provide any stacktrace information)
Command duration or timeout: 0 milliseconds
Build info: version: '3.12.0', revision: '7c6e0b3', time: '2018-05-08T15:15:03.216Z'
System info: host: '77DWHM2', ip: '10.251.12.117', os.name: 'Windows 10', os.arch: 'amd64', os.version: '10.0', java.version: '10.0.1'
Driver info: org.openqa.selenium.chrome.ChromeDriver
Capabilities {acceptInsecureCerts: false, acceptSslCerts: false, applicationCacheEnabled: false, browserConnectionEnabled: false, browserName: chrome, chrome: {chromedriverVersion: 2.40.565498 (ea082db3280dd6..., userDataDir: C:\Users\krkl\AppData\Local...}, cssSelectorsEnabled: true, databaseEnabled: false, handlesAlerts: true, hasTouchScreen: false, javascriptEnabled: true, locationContextEnabled: true, mobileEmulationEnabled: false, nativeEvents: true, networkConnectionEnabled: false, pageLoadStrategy: normal, platform: XP, platformName: XP, rotatable: false, setWindowRect: true, takesHeapSnapshot: true, takesScreenshot: true, unexpectedAlertBehaviour: , unhandledPromptBehavior: , version: 67.0.3396.99, webStorageEnabled: true}
Session ID: 13495eee954e187f3a286005d1fd868f
at org.openqa.selenium.remote.ErrorHandler.createThrowable(ErrorHandler.java:214)
at org.openqa.selenium.remote.ErrorHandler.throwIfResponseFailed(ErrorHandler.java:166)
at org.openqa.selenium.remote.http.JsonHttpResponseCodec.reconstructValue(JsonHttpResponseCodec.java:40)
at org.openqa.selenium.remote.http.AbstractHttpResponseCodec.decode(AbstractHttpResponseCodec.java:80)
at org.openqa.selenium.remote.http.AbstractHttpResponseCodec.decode(AbstractHttpResponseCodec.java:44)
at org.openqa.selenium.remote.HttpCommandExecutor.execute(HttpCommandExecutor.java:158)
at org.openqa.selenium.remote.service.DriverCommandExecutor.execute(DriverCommandExecutor.java:83)
at org.openqa.selenium.remote.RemoteWebDriver.execute(RemoteWebDriver.java:543)
at org.openqa.selenium.remote.RemoteWebElement.execute(RemoteWebElement.java:276)
at org.openqa.selenium.remote.RemoteWebElement.click(RemoteWebElement.java:83)
at testCasesSAT.GranskningAddNewPaymentInformationBankLocatedInEurope.Spara(GranskningAddNewPaymentInformationBankLocatedInEurope.java:90)
... Removed 29 stack frames]]>
    </failure>
  </testcase> <!-- Spara -->
  <testcase classname="testCasesSAT.GranskningAddNewPaymentInformationBankLocatedInEurope" name="AccepteraAlert" time="0.0">
    <skipped/>
  </testcase> <!-- AccepteraAlert -->
  <testcase classname="testCasesSAT.ArbetslivAddNewINTEFackGranskadBidragTillBok" name="LoginAsUser" time="5.992"/>
  <testcase classname="testCasesSAT.ArbetslivAddNewINTEFackGranskadBidragTillBok" name="ClickPublikationer" time="0.931"/>
  <testcase classname="testCasesSAT.ArbetslivAddNewINTEFackGranskadBidragTillBok" name="LäggTillPublikationer" time="0.08"/>
  <testcase classname="testCasesSAT.ArbetslivAddNewINTEFackGranskadBidragTillBok" name="VäljPublikationsTyp" time="0.214"/>
  <testcase classname="testCasesSAT.ArbetslivAddNewINTEFackGranskadBidragTillBok" name="DropDownBidragTillEnBok" time="0.203"/>
  <testcase classname="testCasesSAT.ArbetslivAddNewINTEFackGranskadBidragTillBok" name="BidragTillEnBokTitel" time="0.765"/>
  <testcase classname="testCasesSAT.ArbetslivAddNewINTEFackGranskadBidragTillBok" name="BidragTillEnBokFörfattareKnapp" time="0.09"/>
  <testcase classname="testCasesSAT.ArbetslivAddNewINTEFackGranskadBidragTillBok" name="BidragTillEnBokFörfattareFörnamn" time="0.103"/>
  <testcase classname="testCasesSAT.ArbetslivAddNewINTEFackGranskadBidragTillBok" name="BidragTillEnBokFörfattareEfternamn" time="0.139"/>
  <testcase classname="testCasesSAT.ArbetslivAddNewINTEFackGranskadBidragTillBok" name="BidragTillEnBokRedaktörKnapp" time="0.16"/>
  <testcase classname="testCasesSAT.ArbetslivAddNewINTEFackGranskadBidragTillBok" name="BidragTillEnBokRedaktörNamn" time="41.692">
    <failure type="org.openqa.selenium.TimeoutException" message="Expected condition failed: waiting for element to be clickable: By.id: Editors_0__Name (tried for 40 second(s) with 500 milliseconds interval)">
      <![CDATA[org.openqa.selenium.TimeoutException: Expected condition failed: waiting for element to be clickable: By.id: Editors_0__Name (tried for 40 second(s) with 500 milliseconds interval)
at org.openqa.selenium.support.ui.WebDriverWait.timeoutException(WebDriverWait.java:81)
at org.openqa.selenium.support.ui.FluentWait.until(FluentWait.java:271)
at driverAndCommands.DriverWaitExpectedConditions.WebDriverWaitForExpectedIdLocator(DriverWaitExpectedConditions.java:21)
at testCasesSAT.ArbetslivAddNewINTEFackGranskadBidragTillBok.BidragTillEnBokRedaktörNamn(ArbetslivAddNewINTEFackGranskadBidragTillBok.java:100)
Caused by: org.openqa.selenium.NoSuchElementException: Cannot locate an element using By.id: Editors_0__Name
For documentation on this error, please visit: http://seleniumhq.org/exceptions/no_such_element.html
Build info: version: '3.12.0', revision: '7c6e0b3', time: '2018-05-08T15:15:03.216Z'
System info: host: '77DWHM2', ip: '10.251.12.117', os.name: 'Windows 10', os.arch: 'amd64', os.version: '10.0', java.version: '10.0.1'
Driver info: driver.version: unknown
at org.openqa.selenium.support.ui.ExpectedConditions.lambda$findElement$0(ExpectedConditions.java:896)
at java.base/java.util.Optional.orElseThrow(Unknown Source)
at org.openqa.selenium.support.ui.ExpectedConditions.findElement(ExpectedConditions.java:895)
at org.openqa.selenium.support.ui.ExpectedConditions.access$000(ExpectedConditions.java:44)
at org.openqa.selenium.support.ui.ExpectedConditions$7.apply(ExpectedConditions.java:206)
at org.openqa.selenium.support.ui.ExpectedConditions$7.apply(ExpectedConditions.java:202)
at org.openqa.selenium.support.ui.ExpectedConditions$22.apply(ExpectedConditions.java:657)
at org.openqa.selenium.support.ui.ExpectedConditions$22.apply(ExpectedConditions.java:654)
at org.openqa.selenium.support.ui.FluentWait.until(FluentWait.java:248)
... 27 more
... Removed 25 stack frames]]>
    </failure>
  </testcase> <!-- BidragTillEnBokRedaktörNamn -->
  <testcase classname="testCasesSAT.ArbetslivAddNewINTEFackGranskadBidragTillBok" name="BidragTillEnBokUtgivareFörlag" time="0.0">
    <skipped/>
  </testcase> <!-- BidragTillEnBokUtgivareFörlag -->
  <testcase classname="testCasesSAT.ArbetslivAddNewINTEFackGranskadBidragTillBok" name="BidragTillEnBokUtgivareFörlagsplats" time="0.0">
    <skipped/>
  </testcase> <!-- BidragTillEnBokUtgivareFörlagsplats -->
  <testcase classname="testCasesSAT.ArbetslivAddNewINTEFackGranskadBidragTillBok" name="BidragTillEnBokUtgivareFörstaSidnummer" time="0.0">
    <skipped/>
  </testcase> <!-- BidragTillEnBokUtgivareFörstaSidnummer -->
  <testcase classname="testCasesSAT.ArbetslivAddNewINTEFackGranskadBidragTillBok" name="BidragTillEnBokUtgivareSistaSidnummer" time="0.0">
    <skipped/>
  </testcase> <!-- BidragTillEnBokUtgivareSistaSidnummer -->
  <testcase classname="testCasesSAT.ArbetslivAddNewINTEFackGranskadBidragTillBok" name="BidragTillEnBokUtgivareISBN" time="0.0">
    <skipped/>
  </testcase> <!-- BidragTillEnBokUtgivareISBN -->
  <testcase classname="testCasesSAT.ArbetslivAddNewINTEFackGranskadBidragTillBok" name="BidragTillEnBokUtgivareDOI" time="0.0">
    <skipped/>
  </testcase> <!-- BidragTillEnBokUtgivareDOI -->
  <testcase classname="testCasesSAT.ArbetslivAddNewINTEFackGranskadBidragTillBok" name="BidragTillEnBokUtgivareStatus" time="0.0">
    <skipped/>
  </testcase> <!-- BidragTillEnBokUtgivareStatus -->
  <testcase classname="testCasesSAT.ArbetslivAddNewINTEFackGranskadBidragTillBok" name="BidragTillEnBokUtgivareKällaFörPublikation" time="0.0">
    <skipped/>
  </testcase> <!-- BidragTillEnBokUtgivareKällaFörPublikation -->
  <testcase classname="testCasesSAT.ArbetslivAddNewINTEFackGranskadBidragTillBok" name="BidragTillEnBokUtgivareKällaID" time="0.0">
    <skipped/>
  </testcase> <!-- BidragTillEnBokUtgivareKällaID -->
  <testcase classname="testCasesSAT.ArbetslivAddNewINTEFackGranskadBidragTillBok" name="BidragTillEnBokVarTextenPubliceradIOpenAcessJa" time="0.0">
    <skipped/>
  </testcase> <!-- BidragTillEnBokVarTextenPubliceradIOpenAcessJa -->
  <testcase classname="testCasesSAT.ArbetslivAddNewINTEFackGranskadBidragTillBok" name="BidragTillEnBokOpenAccessLänkExternLänkFörPublicering" time="0.0">
    <skipped/>
  </testcase> <!-- BidragTillEnBokOpenAccessLänkExternLänkFörPublicering -->
  <testcase classname="testCasesSAT.ArbetslivAddNewINTEFackGranskadBidragTillBok" name="BidragTillEnBokOpenAccessFormAvOA" time="0.0">
    <skipped/>
  </testcase> <!-- BidragTillEnBokOpenAccessFormAvOA -->
  <testcase classname="testCasesSAT.ArbetslivAddNewINTEFackGranskadBidragTillBok" name="BidragTillEnBokOpenAccessDokumentVersion" time="0.0">
    <skipped/>
  </testcase> <!-- BidragTillEnBokOpenAccessDokumentVersion -->
  <testcase classname="testCasesSAT.ArbetslivAddNewINTEFackGranskadBidragTillBok" name="BidragTillEnBokOpenAcessSammanfattning" time="0.0">
    <skipped/>
  </testcase> <!-- BidragTillEnBokOpenAcessSammanfattning -->
  <testcase classname="testCasesSAT.ArbetslivAddNewINTEFackGranskadBidragTillBok" name="BidragTillEnBokSpara" time="0.0">
    <skipped/>
  </testcase> <!-- BidragTillEnBokSpara -->
  <testcase classname="testCasesSAT.ArbetslivAddNewPostdoktorvistelser" name="LoginAsUser" time="6.356"/>
  <testcase classname="testCasesSAT.ArbetslivAddNewPostdoktorvistelser" name="ClickArbetsliv" time="0.707"/>
  <testcase classname="testCasesSAT.ArbetslivAddNewPostdoktorvistelser" name="AddPostdoktorvistelser" time="0.107"/>
  <testcase classname="testCasesSAT.ArbetslivAddNewPostdoktorvistelser" name="SelectOrganization" time="2.135"/>
  <testcase classname="testCasesSAT.ArbetslivAddNewPostdoktorvistelser" name="ÄmneDropDown" time="0.476"/>
  <testcase classname="testCasesSAT.ArbetslivAddNewPostdoktorvistelser" name="PeriodStartOchSlutYear" time="1.077"/>
  <testcase classname="testCasesSAT.ArbetslivAddNewPostdoktorvistelser" name="PeriodStartMonth" time="0.171"/>
  <testcase classname="testCasesSAT.ArbetslivAddNewPostdoktorvistelser" name="PeriodEndMonth" time="0.181"/>
  <testcase classname="testCasesSAT.ArbetslivAddNewPostdoktorvistelser" name="SparaPostdoktorvistelser" time="0.096">
    <failure type="org.openqa.selenium.WebDriverException" message="unknown error: Element &amp;lt;input class=&amp;quot;btn btn-primary&amp;quot; id=&amp;quot;Submitter&amp;quot; name=&amp;quot;Submitter&amp;quot; title=&amp;quot;Spara&amp;quot; type=&amp;quot;submit&amp;quot; value=&amp;quot;Spara&amp;quot;&amp;gt; is not clickable at point (747, 550). Other element would receive the click: &amp;lt;div id=&amp;quot;snapifyHiddenContent&amp;quot; data-name=&amp;quot;snapifyHiddenContent1236&amp;quot; data-id=&amp;quot;1236&amp;quot; class=&amp;quot;snapCFrm&amp;quot; style=&amp;quot;background: none repeat scroll 0 0 #292929; color: #f3f7f7; text-align:left;&amp;quot;&amp;gt;...&amp;lt;/div&amp;gt;
  (Session info: headless chrome=67.0.3396.99)
  (Driver info: chromedriver=2.40.565498 (ea082db3280dd6843ebfb08a625e3eb905c4f5ab),platform=Windows NT 10.0.16299 x86_64) (WARNING: The server did not provide any stacktrace information)
Command duration or timeout: 0 milliseconds
Build info: version: &amp;apos;3.12.0&amp;apos;, revision: &amp;apos;7c6e0b3&amp;apos;, time: &amp;apos;2018-05-08T15:15:03.216Z&amp;apos;
System info: host: &amp;apos;77DWHM2&amp;apos;, ip: &amp;apos;10.251.12.117&amp;apos;, os.name: &amp;apos;Windows 10&amp;apos;, os.arch: &amp;apos;amd64&amp;apos;, os.version: &amp;apos;10.0&amp;apos;, java.version: &amp;apos;10.0.1&amp;apos;
Driver info: org.openqa.selenium.chrome.ChromeDriver
Capabilities {acceptInsecureCerts: false, acceptSslCerts: false, applicationCacheEnabled: false, browserConnectionEnabled: false, browserName: chrome, chrome: {chromedriverVersion: 2.40.565498 (ea082db3280dd6..., userDataDir: C:\Users\krkl\AppData\Local...}, cssSelectorsEnabled: true, databaseEnabled: false, handlesAlerts: true, hasTouchScreen: false, javascriptEnabled: true, locationContextEnabled: true, mobileEmulationEnabled: false, nativeEvents: true, networkConnectionEnabled: false, pageLoadStrategy: normal, platform: XP, platformName: XP, rotatable: false, setWindowRect: true, takesHeapSnapshot: true, takesScreenshot: true, unexpectedAlertBehaviour: , unhandledPromptBehavior: , version: 67.0.3396.99, webStorageEnabled: true}
Session ID: d85ae5f83c86a43107b4e8b6743a65ad">
      <![CDATA[org.openqa.selenium.WebDriverException: unknown error: Element <input class="btn btn-primary" id="Submitter" name="Submitter" title="Spara" type="submit" value="Spara"> is not clickable at point (747, 550). Other element would receive the click: <div id="snapifyHiddenContent" data-name="snapifyHiddenContent1236" data-id="1236" class="snapCFrm" style="background: none repeat scroll 0 0 #292929; color: #f3f7f7; text-align:left;">...</div>
  (Session info: headless chrome=67.0.3396.99)
  (Driver info: chromedriver=2.40.565498 (ea082db3280dd6843ebfb08a625e3eb905c4f5ab),platform=Windows NT 10.0.16299 x86_64) (WARNING: The server did not provide any stacktrace information)
Command duration or timeout: 0 milliseconds
Build info: version: '3.12.0', revision: '7c6e0b3', time: '2018-05-08T15:15:03.216Z'
System info: host: '77DWHM2', ip: '10.251.12.117', os.name: 'Windows 10', os.arch: 'amd64', os.version: '10.0', java.version: '10.0.1'
Driver info: org.openqa.selenium.chrome.ChromeDriver
Capabilities {acceptInsecureCerts: false, acceptSslCerts: false, applicationCacheEnabled: false, browserConnectionEnabled: false, browserName: chrome, chrome: {chromedriverVersion: 2.40.565498 (ea082db3280dd6..., userDataDir: C:\Users\krkl\AppData\Local...}, cssSelectorsEnabled: true, databaseEnabled: false, handlesAlerts: true, hasTouchScreen: false, javascriptEnabled: true, locationContextEnabled: true, mobileEmulationEnabled: false, nativeEvents: true, networkConnectionEnabled: false, pageLoadStrategy: normal, platform: XP, platformName: XP, rotatable: false, setWindowRect: true, takesHeapSnapshot: true, takesScreenshot: true, unexpectedAlertBehaviour: , unhandledPromptBehavior: , version: 67.0.3396.99, webStorageEnabled: true}
Session ID: d85ae5f83c86a43107b4e8b6743a65ad
at org.openqa.selenium.remote.ErrorHandler.createThrowable(ErrorHandler.java:214)
at org.openqa.selenium.remote.ErrorHandler.throwIfResponseFailed(ErrorHandler.java:166)
at org.openqa.selenium.remote.http.JsonHttpResponseCodec.reconstructValue(JsonHttpResponseCodec.java:40)
at org.openqa.selenium.remote.http.AbstractHttpResponseCodec.decode(AbstractHttpResponseCodec.java:80)
at org.openqa.selenium.remote.http.AbstractHttpResponseCodec.decode(AbstractHttpResponseCodec.java:44)
at org.openqa.selenium.remote.HttpCommandExecutor.execute(HttpCommandExecutor.java:158)
at org.openqa.selenium.remote.service.DriverCommandExecutor.execute(DriverCommandExecutor.java:83)
at org.openqa.selenium.remote.RemoteWebDriver.execute(RemoteWebDriver.java:543)
at org.openqa.selenium.remote.RemoteWebElement.execute(RemoteWebElement.java:276)
at org.openqa.selenium.remote.RemoteWebElement.click(RemoteWebElement.java:83)
at testCasesSAT.ArbetslivAddNewPostdoktorvistelser.SparaPostdoktorvistelser(ArbetslivAddNewPostdoktorvistelser.java:134)
... Removed 29 stack frames]]>
    </failure>
  </testcase> <!-- SparaPostdoktorvistelser -->
</testsuite> <!-- all-tests-SAT-Chrome(failed)(failed) -->
