<?xml version="1.0" encoding="UTF-8"?>
<!-- Generated by org.testng.reporters.JUnitXMLReporter -->
<testsuite ignored="0" hostname="77DWHM2" failures="0" tests="26" name="all-tests-SAT-AllBrowserChrome" time="74.017" errors="0" timestamp="29 juni 2018 08:53:10 GMT">
  <testcase classname="testCasesSAT.ButtonCheckLoggedInAsAdmin" name="LoginAsAdminUser" time="6.271"/>
  <testcase classname="testCasesSAT.ButtonCheckLoggedInAsAdmin" name="ClickMyProfileButton" time="1.69"/>
  <testcase classname="testCasesSAT.ButtonCheckLoggedInAsAdmin" name="ClickIntressentregisterButton" time="6.013"/>
  <testcase classname="testCasesSAT.ButtonCheckLoggedInAsAdmin" name="ClickBeredningsgrupperButton" time="2.042"/>
  <testcase classname="testCasesSAT.ButtonCheckLoggedInAsAdmin" name="ClickFormulärButton" time="0.628"/>
  <testcase classname="testCasesSAT.ButtonCheckLoggedInAsAdmin" name="ClickFinansiärButton" time="0.497"/>
  <testcase classname="testCasesSAT.ButtonCheckLoggedInAsAdmin" name="ClickPortaladministrationButton" time="0.471"/>
  <testcase classname="testCasesSAT.ButtonCheckLoggedInAsAdmin" name="Logout" time="0.511"/>
  <testcase classname="testCasesSAT.ButtonCheckLoggedInAsUser" name="LoginAsNormalUser" time="4.852"/>
  <testcase classname="testCasesSAT.ButtonCheckLoggedInAsUser" name="ClickStartButton" time="2.0"/>
  <testcase classname="testCasesSAT.ButtonCheckLoggedInAsUser" name="ClickPersonuppgifterButton" time="0.547"/>
  <testcase classname="testCasesSAT.ButtonCheckLoggedInAsUser" name="ClickUtbildningButton" time="0.868"/>
  <testcase classname="testCasesSAT.ButtonCheckLoggedInAsUser" name="ClickArbetslivButton" time="0.984"/>
  <testcase classname="testCasesSAT.ButtonCheckLoggedInAsUser" name="ClickPublikationerButton" time="0.761"/>
  <testcase classname="testCasesSAT.ButtonCheckLoggedInAsUser" name="ClickMeriterOchUtmärkelserButton" time="1.113"/>
  <testcase classname="testCasesSAT.ButtonCheckLoggedInAsUser" name="ClickImmaterialrättButton" time="0.618"/>
  <testcase classname="testCasesSAT.ButtonCheckLoggedInAsUser" name="ClickGranskarkompetens" time="0.02"/>
  <testcase classname="testCasesSAT.ButtonCheckLoggedInAsUser" name="ClickAnsökningarOchBidrag" time="4.975"/>
  <testcase classname="testCasesSAT.ButtonCheckLoggedInAsUser" name="ClickGranskning" time="2.229"/>
  <testcase classname="testCasesSAT.ButtonCheckLoggedInAsUser" name="ClickOrganisationsUppgifter" time="3.106"/>
  <testcase classname="testCasesSAT.ButtonCheckLoggedInAsUser" name="ClickOrganisationsKonto" time="13.767"/>
  <testcase classname="testCasesSAT.ButtonCheckLoggedInAsUser" name="Logout" time="0.464"/>
  <testcase classname="testCasesSAT.LoginAsInvalidUser" name="InputUserWithInvalidInfo" time="3.729"/>
  <testcase classname="testCasesSAT.LoginAsInvalidUser" name="CheckThatLogginInWithFalseInfoNotPossible" time="0.034"/>
  <testcase classname="testCasesSAT.LoginAsValidUser" name="LoginAsUser" time="3.023"/>
  <testcase classname="testCasesSAT.LoginAsValidUser" name="CheckIfLogOutButtonIsPresentVerifyLoginSuccess" time="0.013"/>
</testsuite> <!-- all-tests-SAT-AllBrowserChrome -->
