<?xml version="1.0" encoding="UTF-8"?>
<!-- Generated by org.testng.reporters.JUnitXMLReporter -->
<testsuite ignored="0" hostname="77DWHM2" failures="1" tests="100" name="all-tests-SAT-AllBrowserChrome" time="0.395" errors="0" timestamp="18 juli 2018 11:07:00 GMT">
  <testcase classname="driverAndCommands.BeforeAfterTestBrowsers" name="@AfterClass tearDown" time="0.001">
    <failure type="java.lang.NullPointerException">
      <![CDATA[java.lang.NullPointerException
at driverAndCommands.EndDriver.DriverQuit(EndDriver.java:10)
at driverAndCommands.BeforeAfterTestBrowsers.tearDown(BeforeAfterTestBrowsers.java:51)
... Removed 26 stack frames]]>
    </failure>
  </testcase> <!-- @AfterClass tearDown -->
  <testcase classname="driverAndCommands.BeforeAfterTestBrowsers" name="@BeforeClass f" time="0.0">
    <skipped/>
  </testcase> <!-- @BeforeClass f -->
  <testcase classname="driverAndCommands.BeforeAfterTestBrowsers" name="@AfterClass tearDown" time="0.0">
    <skipped/>
  </testcase> <!-- @AfterClass tearDown -->
  <testcase classname="driverAndCommands.BeforeAfterTestBrowsers" name="@BeforeClass f" time="0.0">
    <skipped/>
  </testcase> <!-- @BeforeClass f -->
  <testcase classname="driverAndCommands.BeforeAfterTestBrowsers" name="@AfterClass tearDown" time="0.0">
    <skipped/>
  </testcase> <!-- @AfterClass tearDown -->
  <testcase classname="driverAndCommands.BeforeAfterTestBrowsers" name="@BeforeClass f" time="0.0">
    <skipped/>
  </testcase> <!-- @BeforeClass f -->
  <testcase classname="driverAndCommands.BeforeAfterTestBrowsers" name="@AfterClass tearDown" time="0.0">
    <skipped/>
  </testcase> <!-- @AfterClass tearDown -->
  <testcase classname="driverAndCommands.BeforeAfterTestBrowsers" name="@BeforeClass f" time="0.0">
    <skipped/>
  </testcase> <!-- @BeforeClass f -->
  <testcase classname="driverAndCommands.BeforeAfterTestBrowsers" name="@AfterClass tearDown" time="0.0">
    <skipped/>
  </testcase> <!-- @AfterClass tearDown -->
  <testcase classname="driverAndCommands.BeforeAfterTestBrowsers" name="@BeforeClass f" time="0.0">
    <skipped/>
  </testcase> <!-- @BeforeClass f -->
  <testcase classname="driverAndCommands.BeforeAfterTestBrowsers" name="@AfterClass tearDown" time="0.0">
    <skipped/>
  </testcase> <!-- @AfterClass tearDown -->
  <testcase classname="driverAndCommands.BeforeAfterTestBrowsers" name="@BeforeClass f" time="0.0">
    <skipped/>
  </testcase> <!-- @BeforeClass f -->
  <testcase classname="driverAndCommands.BeforeAfterTestBrowsers" name="@AfterClass tearDown" time="0.0">
    <skipped/>
  </testcase> <!-- @AfterClass tearDown -->
  <testcase classname="driverAndCommands.BeforeAfterTestBrowsers" name="@BeforeClass f" time="0.0">
    <skipped/>
  </testcase> <!-- @BeforeClass f -->
  <testcase classname="driverAndCommands.BeforeAfterTestBrowsers" name="@AfterClass tearDown" time="0.0">
    <skipped/>
  </testcase> <!-- @AfterClass tearDown -->
  <testcase classname="driverAndCommands.BeforeAfterTestBrowsers" name="@BeforeClass f" time="0.0">
    <skipped/>
  </testcase> <!-- @BeforeClass f -->
  <testcase classname="driverAndCommands.BeforeAfterTestBrowsers" name="@AfterClass tearDown" time="0.0">
    <skipped/>
  </testcase> <!-- @AfterClass tearDown -->
  <testcase classname="testCasesSAT.AddUtbildningPåGrundOchAvanceradNivå" name="LoginAsUser" time="0.006">
    <failure type="java.lang.NullPointerException">
      <![CDATA[java.lang.NullPointerException
at driverAndCommands.DriverGetWebsite.OpenSatPortal(DriverGetWebsite.java:11)
at testCasesSAT.AddUtbildningPåGrundOchAvanceradNivå.LoginAsUser(AddUtbildningPåGrundOchAvanceradNivå.java:27)
... Removed 25 stack frames]]>
    </failure>
  </testcase> <!-- LoginAsUser -->
  <testcase classname="testCasesSAT.AddUtbildningPåGrundOchAvanceradNivå" name="ClickUtbildning" time="0.0">
    <skipped/>
  </testcase> <!-- ClickUtbildning -->
  <testcase classname="testCasesSAT.AddUtbildningPåGrundOchAvanceradNivå" name="ClickUtbildningPåGrundOchAvanceradNivå" time="0.0">
    <skipped/>
  </testcase> <!-- ClickUtbildningPåGrundOchAvanceradNivå -->
  <testcase classname="testCasesSAT.AddUtbildningPåGrundOchAvanceradNivå" name="UtbildningPåGrundOchAvanceradNivåAdd" time="0.0">
    <skipped/>
  </testcase> <!-- UtbildningPåGrundOchAvanceradNivåAdd -->
  <testcase classname="testCasesSAT.AddUtbildningPåGrundOchAvanceradNivå" name="SelectOrganization" time="0.0">
    <skipped/>
  </testcase> <!-- SelectOrganization -->
  <testcase classname="testCasesSAT.AddUtbildningPåGrundOchAvanceradNivå" name="ÅrFörExamen" time="0.0">
    <skipped/>
  </testcase> <!-- ÅrFörExamen -->
  <testcase classname="testCasesSAT.AddUtbildningPåGrundOchAvanceradNivå" name="ExamensinriktningSelectSubjects" time="0.0">
    <skipped/>
  </testcase> <!-- ExamensinriktningSelectSubjects -->
  <testcase classname="testCasesSAT.AddUtbildningPåGrundOchAvanceradNivå" name="Examen" time="0.0">
    <skipped/>
  </testcase> <!-- Examen -->
  <testcase classname="testCasesSAT.AddUtbildningPåGrundOchAvanceradNivå" name="Specialistkompetens" time="0.0">
    <skipped/>
  </testcase> <!-- Specialistkompetens -->
  <testcase classname="testCasesSAT.AddUtbildningPåGrundOchAvanceradNivå" name="SpecialistkompetensÅr" time="0.0">
    <skipped/>
  </testcase> <!-- SpecialistkompetensÅr -->
  <testcase classname="testCasesSAT.AddUtbildningPåGrundOchAvanceradNivå" name="OmrådeBeskrivning" time="0.0">
    <skipped/>
  </testcase> <!-- OmrådeBeskrivning -->
  <testcase classname="testCasesSAT.AddUtbildningPåGrundOchAvanceradNivå" name="Spara" time="0.0">
    <skipped/>
  </testcase> <!-- Spara -->
  <testcase classname="testCasesSAT.ArbetslivAddNewAnställningar" name="LoginAsUser" time="0.0">
    <skipped/>
  </testcase> <!-- LoginAsUser -->
  <testcase classname="testCasesSAT.ArbetslivAddNewAnställningar" name="ClickArbetsliv" time="0.0">
    <skipped/>
  </testcase> <!-- ClickArbetsliv -->
  <testcase classname="testCasesSAT.ArbetslivAddNewAnställningar" name="AddAnställning" time="0.0">
    <skipped/>
  </testcase> <!-- AddAnställning -->
  <testcase classname="testCasesSAT.ArbetslivAddNewAnställningar" name="AnställningDropDown" time="0.0">
    <skipped/>
  </testcase> <!-- AnställningDropDown -->
  <testcase classname="testCasesSAT.ArbetslivAddNewAnställningar" name="SelectOrganization" time="0.0">
    <skipped/>
  </testcase> <!-- SelectOrganization -->
  <testcase classname="testCasesSAT.ArbetslivAddNewAnställningar" name="AnställningensBörjanOchSlutYear" time="0.0">
    <skipped/>
  </testcase> <!-- AnställningensBörjanOchSlutYear -->
  <testcase classname="testCasesSAT.ArbetslivAddNewAnställningar" name="AnställningsFormDropDown" time="0.0">
    <skipped/>
  </testcase> <!-- AnställningsFormDropDown -->
  <testcase classname="testCasesSAT.ArbetslivAddNewAnställningar" name="DelAvForskningIAnställningenBaseradPåHeltid" time="0.0">
    <skipped/>
  </testcase> <!-- DelAvForskningIAnställningenBaseradPåHeltid -->
  <testcase classname="testCasesSAT.ArbetslivAddNewAnställningar" name="AnställningensBörjanMonth" time="0.0">
    <skipped/>
  </testcase> <!-- AnställningensBörjanMonth -->
  <testcase classname="testCasesSAT.ArbetslivAddNewAnställningar" name="AnställningensSlutMonth" time="0.0">
    <skipped/>
  </testcase> <!-- AnställningensSlutMonth -->
  <testcase classname="testCasesSAT.ArbetslivAddNewAnställningar" name="ÖvrigInformation" time="0.0">
    <skipped/>
  </testcase> <!-- ÖvrigInformation -->
  <testcase classname="testCasesSAT.ArbetslivAddNewAnställningar" name="SparaAnställning" time="0.0">
    <skipped/>
  </testcase> <!-- SparaAnställning -->
  <testcase classname="testCasesSAT.ButtonCheckLoggedInAsAdmin" name="LoginAsAdminUser" time="0.0">
    <skipped/>
  </testcase> <!-- LoginAsAdminUser -->
  <testcase classname="testCasesSAT.ButtonCheckLoggedInAsAdmin" name="ClickMyProfileButton" time="0.0">
    <skipped/>
  </testcase> <!-- ClickMyProfileButton -->
  <testcase classname="testCasesSAT.ButtonCheckLoggedInAsAdmin" name="ClickIntressentregisterButton" time="0.0">
    <skipped/>
  </testcase> <!-- ClickIntressentregisterButton -->
  <testcase classname="testCasesSAT.ButtonCheckLoggedInAsAdmin" name="ClickBeredningsgrupperButton" time="0.0">
    <skipped/>
  </testcase> <!-- ClickBeredningsgrupperButton -->
  <testcase classname="testCasesSAT.ButtonCheckLoggedInAsAdmin" name="ClickFormulärButton" time="0.0">
    <skipped/>
  </testcase> <!-- ClickFormulärButton -->
  <testcase classname="testCasesSAT.ButtonCheckLoggedInAsAdmin" name="FormulärKarolinskaInstitutet" time="0.0">
    <skipped/>
  </testcase> <!-- FormulärKarolinskaInstitutet -->
  <testcase classname="testCasesSAT.ButtonCheckLoggedInAsAdmin" name="FormulärFormas" time="0.0">
    <skipped/>
  </testcase> <!-- FormulärFormas -->
  <testcase classname="testCasesSAT.ButtonCheckLoggedInAsAdmin" name="FormulärVetenskapsrådet" time="0.0">
    <skipped/>
  </testcase> <!-- FormulärVetenskapsrådet -->
  <testcase classname="testCasesSAT.ButtonCheckLoggedInAsAdmin" name="FormulärForte" time="0.0">
    <skipped/>
  </testcase> <!-- FormulärForte -->
  <testcase classname="testCasesSAT.ButtonCheckLoggedInAsAdmin" name="FormulärSkolfi" time="0.0">
    <skipped/>
  </testcase> <!-- FormulärSkolfi -->
  <testcase classname="testCasesSAT.ButtonCheckLoggedInAsAdmin" name="FormulärEPN" time="0.0">
    <skipped/>
  </testcase> <!-- FormulärEPN -->
  <testcase classname="testCasesSAT.ButtonCheckLoggedInAsAdmin" name="ClickFinansiärButton" time="0.0">
    <skipped/>
  </testcase> <!-- ClickFinansiärButton -->
  <testcase classname="testCasesSAT.ButtonCheckLoggedInAsAdmin" name="FinansiärKarolinskaInstitutet" time="0.0">
    <skipped/>
  </testcase> <!-- FinansiärKarolinskaInstitutet -->
  <testcase classname="testCasesSAT.ButtonCheckLoggedInAsAdmin" name="FinansiärFormas" time="0.0">
    <skipped/>
  </testcase> <!-- FinansiärFormas -->
  <testcase classname="testCasesSAT.ButtonCheckLoggedInAsAdmin" name="FinansiärVetenskapsrådet" time="0.0">
    <skipped/>
  </testcase> <!-- FinansiärVetenskapsrådet -->
  <testcase classname="testCasesSAT.ButtonCheckLoggedInAsAdmin" name="FinansiärForte" time="0.0">
    <skipped/>
  </testcase> <!-- FinansiärForte -->
  <testcase classname="testCasesSAT.ButtonCheckLoggedInAsAdmin" name="FinansiärSkolfi" time="0.0">
    <skipped/>
  </testcase> <!-- FinansiärSkolfi -->
  <testcase classname="testCasesSAT.ButtonCheckLoggedInAsAdmin" name="FinansiärEPN" time="0.0">
    <skipped/>
  </testcase> <!-- FinansiärEPN -->
  <testcase classname="testCasesSAT.ButtonCheckLoggedInAsAdmin" name="ClickPortaladministrationButton" time="0.0">
    <skipped/>
  </testcase> <!-- ClickPortaladministrationButton -->
  <testcase classname="testCasesSAT.ButtonCheckLoggedInAsAdmin" name="Logout" time="0.0">
    <skipped/>
  </testcase> <!-- Logout -->
  <testcase classname="testCasesSAT.ButtonCheckLoggedInAsUser" name="LoginAsNormalUser" time="0.0">
    <skipped/>
  </testcase> <!-- LoginAsNormalUser -->
  <testcase classname="testCasesSAT.ButtonCheckLoggedInAsUser" name="ClickStartButton" time="0.0">
    <skipped/>
  </testcase> <!-- ClickStartButton -->
  <testcase classname="testCasesSAT.ButtonCheckLoggedInAsUser" name="ClickPersonuppgifterButton" time="0.0">
    <skipped/>
  </testcase> <!-- ClickPersonuppgifterButton -->
  <testcase classname="testCasesSAT.ButtonCheckLoggedInAsUser" name="ClickUtbildningButton" time="0.0">
    <skipped/>
  </testcase> <!-- ClickUtbildningButton -->
  <testcase classname="testCasesSAT.ButtonCheckLoggedInAsUser" name="ClickArbetslivButton" time="0.0">
    <skipped/>
  </testcase> <!-- ClickArbetslivButton -->
  <testcase classname="testCasesSAT.ButtonCheckLoggedInAsUser" name="ClickPublikationerButton" time="0.001">
    <skipped/>
  </testcase> <!-- ClickPublikationerButton -->
  <testcase classname="testCasesSAT.ButtonCheckLoggedInAsUser" name="ClickMeriterOchUtmärkelserButton" time="0.0">
    <skipped/>
  </testcase> <!-- ClickMeriterOchUtmärkelserButton -->
  <testcase classname="testCasesSAT.ButtonCheckLoggedInAsUser" name="ClickImmaterialrättButton" time="0.0">
    <skipped/>
  </testcase> <!-- ClickImmaterialrättButton -->
  <testcase classname="testCasesSAT.ButtonCheckLoggedInAsUser" name="ClickGranskarkompetensIfVisible" time="0.0">
    <skipped/>
  </testcase> <!-- ClickGranskarkompetensIfVisible -->
  <testcase classname="testCasesSAT.ButtonCheckLoggedInAsUser" name="ClickAnsökningarOchBidrag" time="0.0">
    <skipped/>
  </testcase> <!-- ClickAnsökningarOchBidrag -->
  <testcase classname="testCasesSAT.ButtonCheckLoggedInAsUser" name="ClickGranskning" time="0.0">
    <skipped/>
  </testcase> <!-- ClickGranskning -->
  <testcase classname="testCasesSAT.ButtonCheckLoggedInAsUser" name="ClickOrganisationsUppgifter" time="0.0">
    <skipped/>
  </testcase> <!-- ClickOrganisationsUppgifter -->
  <testcase classname="testCasesSAT.ButtonCheckLoggedInAsUser" name="ClickOrganisationsKonto" time="0.0">
    <skipped/>
  </testcase> <!-- ClickOrganisationsKonto -->
  <testcase classname="testCasesSAT.ButtonCheckLoggedInAsUser" name="Logout" time="0.0">
    <skipped/>
  </testcase> <!-- Logout -->
  <testcase classname="testCasesSAT.ForskarUtbildningAddDoktorsExamen" name="LoginAsUser" time="0.0">
    <skipped/>
  </testcase> <!-- LoginAsUser -->
  <testcase classname="testCasesSAT.ForskarUtbildningAddDoktorsExamen" name="ClickUtbildning" time="0.0">
    <skipped/>
  </testcase> <!-- ClickUtbildning -->
  <testcase classname="testCasesSAT.ForskarUtbildningAddDoktorsExamen" name="ClickForskarUtbildning" time="0.0">
    <skipped/>
  </testcase> <!-- ClickForskarUtbildning -->
  <testcase classname="testCasesSAT.ForskarUtbildningAddDoktorsExamen" name="AddForskarUtbildning" time="0.0">
    <skipped/>
  </testcase> <!-- AddForskarUtbildning -->
  <testcase classname="testCasesSAT.ForskarUtbildningAddDoktorsExamen" name="SelectOrganization" time="0.001">
    <skipped/>
  </testcase> <!-- SelectOrganization -->
  <testcase classname="testCasesSAT.ForskarUtbildningAddDoktorsExamen" name="TypAvForskarUtbildningAddDoktorsexamen" time="0.0">
    <skipped/>
  </testcase> <!-- TypAvForskarUtbildningAddDoktorsexamen -->
  <testcase classname="testCasesSAT.ForskarUtbildningAddDoktorsExamen" name="Examensdatum" time="0.0">
    <skipped/>
  </testcase> <!-- Examensdatum -->
  <testcase classname="testCasesSAT.ForskarUtbildningAddDoktorsExamen" name="TypAvForskarUtbildningSelectSubjects" time="0.0">
    <skipped/>
  </testcase> <!-- TypAvForskarUtbildningSelectSubjects -->
  <testcase classname="testCasesSAT.ForskarUtbildningAddDoktorsExamen" name="WriteAvhandlingensTitelOrginalSpråk" time="0.0">
    <skipped/>
  </testcase> <!-- WriteAvhandlingensTitelOrginalSpråk -->
  <testcase classname="testCasesSAT.ForskarUtbildningAddDoktorsExamen" name="WriteAvhandlingensTitelEngelska" time="0.0">
    <skipped/>
  </testcase> <!-- WriteAvhandlingensTitelEngelska -->
  <testcase classname="testCasesSAT.ForskarUtbildningAddDoktorsExamen" name="ISSNISBNNummer" time="0.0">
    <skipped/>
  </testcase> <!-- ISSNISBNNummer -->
  <testcase classname="testCasesSAT.ForskarUtbildningAddDoktorsExamen" name="FörnamnHandledare" time="0.0">
    <skipped/>
  </testcase> <!-- FörnamnHandledare -->
  <testcase classname="testCasesSAT.ForskarUtbildningAddDoktorsExamen" name="EfternamnHandledare" time="0.0">
    <skipped/>
  </testcase> <!-- EfternamnHandledare -->
  <testcase classname="testCasesSAT.ForskarUtbildningAddDoktorsExamen" name="SparaForskarutbildningKnapp" time="0.0">
    <skipped/>
  </testcase> <!-- SparaForskarutbildningKnapp -->
  <testcase classname="testCasesSAT.ForskarUtbildningAddForskningskompetensMotsvarandeDoktorsexamen" name="LoginAsUser" time="0.0">
    <skipped/>
  </testcase> <!-- LoginAsUser -->
  <testcase classname="testCasesSAT.ForskarUtbildningAddForskningskompetensMotsvarandeDoktorsexamen" name="ClickUtbildning" time="0.0">
    <skipped/>
  </testcase> <!-- ClickUtbildning -->
  <testcase classname="testCasesSAT.ForskarUtbildningAddForskningskompetensMotsvarandeDoktorsexamen" name="ClickForskarUtbildning" time="0.0">
    <skipped/>
  </testcase> <!-- ClickForskarUtbildning -->
  <testcase classname="testCasesSAT.ForskarUtbildningAddForskningskompetensMotsvarandeDoktorsexamen" name="AddForskarUtbildning" time="0.0">
    <skipped/>
  </testcase> <!-- AddForskarUtbildning -->
  <testcase classname="testCasesSAT.ForskarUtbildningAddForskningskompetensMotsvarandeDoktorsexamen" name="SelectOrganization" time="0.0">
    <skipped/>
  </testcase> <!-- SelectOrganization -->
  <testcase classname="testCasesSAT.ForskarUtbildningAddForskningskompetensMotsvarandeDoktorsexamen" name="TypAvForskarUtbildningAddForskningskompetensMotsvarandeDoktorsexamen" time="0.0">
    <skipped/>
  </testcase> <!-- TypAvForskarUtbildningAddForskningskompetensMotsvarandeDoktorsexamen -->
  <testcase classname="testCasesSAT.ForskarUtbildningAddForskningskompetensMotsvarandeDoktorsexamen" name="Examensdatum" time="0.0">
    <skipped/>
  </testcase> <!-- Examensdatum -->
  <testcase classname="testCasesSAT.ForskarUtbildningAddForskningskompetensMotsvarandeDoktorsexamen" name="TypAvForskarUtbildningSelectSubjects" time="0.0">
    <skipped/>
  </testcase> <!-- TypAvForskarUtbildningSelectSubjects -->
  <testcase classname="testCasesSAT.ForskarUtbildningAddForskningskompetensMotsvarandeDoktorsexamen" name="BeskrivningAvKompetensSvenska" time="0.0">
    <skipped/>
  </testcase> <!-- BeskrivningAvKompetensSvenska -->
  <testcase classname="testCasesSAT.ForskarUtbildningAddForskningskompetensMotsvarandeDoktorsexamen" name="BeskrivningAvKompetensEngelska" time="0.0">
    <skipped/>
  </testcase> <!-- BeskrivningAvKompetensEngelska -->
  <testcase classname="testCasesSAT.ForskarUtbildningAddLicentiatexamen" name="LoginAsUser" time="0.0">
    <skipped/>
  </testcase> <!-- LoginAsUser -->
  <testcase classname="testCasesSAT.ForskarUtbildningAddLicentiatexamen" name="ClickUtbildning" time="0.0">
    <skipped/>
  </testcase> <!-- ClickUtbildning -->
  <testcase classname="testCasesSAT.ForskarUtbildningAddLicentiatexamen" name="ClickForskarUtbildning" time="0.0">
    <skipped/>
  </testcase> <!-- ClickForskarUtbildning -->
  <testcase classname="testCasesSAT.ForskarUtbildningAddLicentiatexamen" name="AddForskarUtbildning" time="0.0">
    <skipped/>
  </testcase> <!-- AddForskarUtbildning -->
  <testcase classname="testCasesSAT.ForskarUtbildningAddLicentiatexamen" name="SelectOrganization" time="0.0">
    <skipped/>
  </testcase> <!-- SelectOrganization -->
  <testcase classname="testCasesSAT.ForskarUtbildningAddLicentiatexamen" name="TypAvForskarUtbildningAddLicentiatexamen" time="0.0">
    <skipped/>
  </testcase> <!-- TypAvForskarUtbildningAddLicentiatexamen -->
  <testcase classname="testCasesSAT.ForskarUtbildningAddLicentiatexamen" name="Examensdatum" time="0.0">
    <skipped/>
  </testcase> <!-- Examensdatum -->
  <testcase classname="testCasesSAT.ForskarUtbildningAddLicentiatexamen" name="TypAvForskarUtbildningSelectSubjects" time="0.0">
    <skipped/>
  </testcase> <!-- TypAvForskarUtbildningSelectSubjects -->
  <testcase classname="testCasesSAT.ForskarUtbildningAddLicentiatexamen" name="WriteAvhandlingensTitelOrginalSpråk" time="0.0">
    <skipped/>
  </testcase> <!-- WriteAvhandlingensTitelOrginalSpråk -->
  <testcase classname="testCasesSAT.ForskarUtbildningAddLicentiatexamen" name="WriteAvhandlingensTitelEngelska" time="0.0">
    <skipped/>
  </testcase> <!-- WriteAvhandlingensTitelEngelska -->
  <testcase classname="testCasesSAT.ForskarUtbildningAddLicentiatexamen" name="ISSNISBNNummer" time="0.0">
    <skipped/>
  </testcase> <!-- ISSNISBNNummer -->
  <testcase classname="testCasesSAT.ForskarUtbildningAddLicentiatexamen" name="FörnamnHandledare" time="0.0">
    <skipped/>
  </testcase> <!-- FörnamnHandledare -->
  <testcase classname="testCasesSAT.ForskarUtbildningAddLicentiatexamen" name="EfternamnHandledare" time="0.0">
    <skipped/>
  </testcase> <!-- EfternamnHandledare -->
  <testcase classname="testCasesSAT.ForskarUtbildningAddLicentiatexamen" name="SparaForskarutbildningKnapp" time="0.001">
    <skipped/>
  </testcase> <!-- SparaForskarutbildningKnapp -->
  <testcase classname="testCasesSAT.LoginAsInvalidUser" name="InputUserWithInvalidInfo" time="0.0">
    <skipped/>
  </testcase> <!-- InputUserWithInvalidInfo -->
  <testcase classname="testCasesSAT.LoginAsInvalidUser" name="CheckThatLogginInWithFalseInfoNotPossible" time="0.0">
    <skipped/>
  </testcase> <!-- CheckThatLogginInWithFalseInfoNotPossible -->
  <testcase classname="testCasesSAT.LoginAsValidUser" name="LoginAsUser" time="0.0">
    <skipped/>
  </testcase> <!-- LoginAsUser -->
  <testcase classname="testCasesSAT.LoginAsValidUser" name="CheckIfLogOutButtonIsPresentVerifyLoginSuccess" time="0.0">
    <skipped/>
  </testcase> <!-- CheckIfLogOutButtonIsPresentVerifyLoginSuccess -->
</testsuite> <!-- all-tests-SAT-AllBrowserChrome -->
