<?xml version="1.0" encoding="UTF-8"?>
<!-- Generated by org.testng.reporters.JUnitXMLReporter -->
<testsuite ignored="0" hostname="77DWHM2" failures="2" tests="26" name="all-tests-SAT-IExplorer" time="26.439" errors="0" timestamp="05 juli 2018 13:48:07 GMT">
  <testcase classname="testCasesSAT.ButtonCheckLoggedInAsAdmin" name="LoginAsAdminUser" time="3.984">
    <failure type="org.openqa.selenium.ElementClickInterceptedException" message="Element not clickable at point (1178,246). Other element would receive the click: &amp;lt;div class=&amp;quot;modal-backdrop fade in&amp;quot; style=&amp;quot;z-index: 1040;&amp;quot;&amp;gt;&amp;lt;/div&amp;gt;
Build info: version: &amp;apos;3.12.0&amp;apos;, revision: &amp;apos;7c6e0b3&amp;apos;, time: &amp;apos;2018-05-08T15:15:03.216Z&amp;apos;
System info: host: &amp;apos;77DWHM2&amp;apos;, ip: &amp;apos;10.251.12.117&amp;apos;, os.name: &amp;apos;Windows 10&amp;apos;, os.arch: &amp;apos;amd64&amp;apos;, os.version: &amp;apos;10.0&amp;apos;, java.version: &amp;apos;10.0.1&amp;apos;
Driver info: org.openqa.selenium.ie.InternetExplorerDriver
Capabilities {acceptInsecureCerts: false, browserName: internet explorer, browserVersion: 11, javascriptEnabled: true, pageLoadStrategy: normal, platform: WINDOWS, platformName: WINDOWS, proxy: Proxy(), se:ieOptions: {browserAttachTimeout: 0, elementScrollBehavior: 0, enablePersistentHover: true, ie.browserCommandLineSwitches: , ie.ensureCleanSession: false, ie.fileUploadDialogTimeout: 3000, ie.forceCreateProcessApi: false, ignoreProtectedModeSettings: false, ignoreZoomSetting: false, initialBrowserUrl: http://localhost:45827/, nativeEvents: true, requireWindowFocus: false}, setWindowRect: true, timeouts: {implicit: 0, pageLoad: 300000, script: 30000}}
Session ID: 01501d91-664c-41de-adf4-4cddea811f9a">
      <![CDATA[org.openqa.selenium.ElementClickInterceptedException: Element not clickable at point (1178,246). Other element would receive the click: <div class="modal-backdrop fade in" style="z-index: 1040;"></div>
Build info: version: '3.12.0', revision: '7c6e0b3', time: '2018-05-08T15:15:03.216Z'
System info: host: '77DWHM2', ip: '10.251.12.117', os.name: 'Windows 10', os.arch: 'amd64', os.version: '10.0', java.version: '10.0.1'
Driver info: org.openqa.selenium.ie.InternetExplorerDriver
Capabilities {acceptInsecureCerts: false, browserName: internet explorer, browserVersion: 11, javascriptEnabled: true, pageLoadStrategy: normal, platform: WINDOWS, platformName: WINDOWS, proxy: Proxy(), se:ieOptions: {browserAttachTimeout: 0, elementScrollBehavior: 0, enablePersistentHover: true, ie.browserCommandLineSwitches: , ie.ensureCleanSession: false, ie.fileUploadDialogTimeout: 3000, ie.forceCreateProcessApi: false, ignoreProtectedModeSettings: false, ignoreZoomSetting: false, initialBrowserUrl: http://localhost:45827/, nativeEvents: true, requireWindowFocus: false}, setWindowRect: true, timeouts: {implicit: 0, pageLoad: 300000, script: 30000}}
Session ID: 01501d91-664c-41de-adf4-4cddea811f9a
at org.openqa.selenium.remote.http.W3CHttpResponseCodec.createException(W3CHttpResponseCodec.java:187)
at org.openqa.selenium.remote.http.W3CHttpResponseCodec.decode(W3CHttpResponseCodec.java:122)
at org.openqa.selenium.remote.http.W3CHttpResponseCodec.decode(W3CHttpResponseCodec.java:49)
at org.openqa.selenium.remote.HttpCommandExecutor.execute(HttpCommandExecutor.java:158)
at org.openqa.selenium.remote.service.DriverCommandExecutor.execute(DriverCommandExecutor.java:83)
at org.openqa.selenium.remote.RemoteWebDriver.execute(RemoteWebDriver.java:543)
at org.openqa.selenium.remote.RemoteWebElement.execute(RemoteWebElement.java:276)
at org.openqa.selenium.remote.RemoteWebElement.click(RemoteWebElement.java:83)
at driverAndCommands.LoginLogic.InputUntilUsernameAndPasswordIsFilled(LoginLogic.java:25)
at testCasesSAT.ButtonCheckLoggedInAsAdmin.LoginAsAdminUser(ButtonCheckLoggedInAsAdmin.java:26)
... Removed 29 stack frames]]>
    </failure>
  </testcase> <!-- LoginAsAdminUser -->
  <testcase classname="testCasesSAT.ButtonCheckLoggedInAsAdmin" name="ClickMyProfileButton" time="0.0">
    <skipped/>
  </testcase> <!-- ClickMyProfileButton -->
  <testcase classname="testCasesSAT.ButtonCheckLoggedInAsAdmin" name="ClickIntressentregisterButton" time="0.0">
    <skipped/>
  </testcase> <!-- ClickIntressentregisterButton -->
  <testcase classname="testCasesSAT.ButtonCheckLoggedInAsAdmin" name="ClickBeredningsgrupperButton" time="0.0">
    <skipped/>
  </testcase> <!-- ClickBeredningsgrupperButton -->
  <testcase classname="testCasesSAT.ButtonCheckLoggedInAsAdmin" name="ClickFormulärButton" time="0.0">
    <skipped/>
  </testcase> <!-- ClickFormulärButton -->
  <testcase classname="testCasesSAT.ButtonCheckLoggedInAsAdmin" name="ClickFinansiärButton" time="0.0">
    <skipped/>
  </testcase> <!-- ClickFinansiärButton -->
  <testcase classname="testCasesSAT.ButtonCheckLoggedInAsAdmin" name="ClickPortaladministrationButton" time="0.0">
    <skipped/>
  </testcase> <!-- ClickPortaladministrationButton -->
  <testcase classname="testCasesSAT.ButtonCheckLoggedInAsAdmin" name="Logout" time="0.0">
    <skipped/>
  </testcase> <!-- Logout -->
  <testcase classname="testCasesSAT.ButtonCheckLoggedInAsUser" name="LoginAsNormalUser" time="3.274">
    <failure type="org.openqa.selenium.ElementClickInterceptedException" message="Element not clickable at point (1178,247). Other element would receive the click: &amp;lt;div class=&amp;quot;modal-backdrop fade in&amp;quot; style=&amp;quot;z-index: 1040;&amp;quot;&amp;gt;&amp;lt;/div&amp;gt;
Build info: version: &amp;apos;3.12.0&amp;apos;, revision: &amp;apos;7c6e0b3&amp;apos;, time: &amp;apos;2018-05-08T15:15:03.216Z&amp;apos;
System info: host: &amp;apos;77DWHM2&amp;apos;, ip: &amp;apos;10.251.12.117&amp;apos;, os.name: &amp;apos;Windows 10&amp;apos;, os.arch: &amp;apos;amd64&amp;apos;, os.version: &amp;apos;10.0&amp;apos;, java.version: &amp;apos;10.0.1&amp;apos;
Driver info: org.openqa.selenium.ie.InternetExplorerDriver
Capabilities {acceptInsecureCerts: false, browserName: internet explorer, browserVersion: 11, javascriptEnabled: true, pageLoadStrategy: normal, platform: WINDOWS, platformName: WINDOWS, proxy: Proxy(), se:ieOptions: {browserAttachTimeout: 0, elementScrollBehavior: 0, enablePersistentHover: true, ie.browserCommandLineSwitches: , ie.ensureCleanSession: false, ie.fileUploadDialogTimeout: 3000, ie.forceCreateProcessApi: false, ignoreProtectedModeSettings: false, ignoreZoomSetting: false, initialBrowserUrl: http://localhost:2885/, nativeEvents: true, requireWindowFocus: false}, setWindowRect: true, timeouts: {implicit: 0, pageLoad: 300000, script: 30000}}
Session ID: b74960a1-a814-48a0-b6e1-1cb7480b04c8">
      <![CDATA[org.openqa.selenium.ElementClickInterceptedException: Element not clickable at point (1178,247). Other element would receive the click: <div class="modal-backdrop fade in" style="z-index: 1040;"></div>
Build info: version: '3.12.0', revision: '7c6e0b3', time: '2018-05-08T15:15:03.216Z'
System info: host: '77DWHM2', ip: '10.251.12.117', os.name: 'Windows 10', os.arch: 'amd64', os.version: '10.0', java.version: '10.0.1'
Driver info: org.openqa.selenium.ie.InternetExplorerDriver
Capabilities {acceptInsecureCerts: false, browserName: internet explorer, browserVersion: 11, javascriptEnabled: true, pageLoadStrategy: normal, platform: WINDOWS, platformName: WINDOWS, proxy: Proxy(), se:ieOptions: {browserAttachTimeout: 0, elementScrollBehavior: 0, enablePersistentHover: true, ie.browserCommandLineSwitches: , ie.ensureCleanSession: false, ie.fileUploadDialogTimeout: 3000, ie.forceCreateProcessApi: false, ignoreProtectedModeSettings: false, ignoreZoomSetting: false, initialBrowserUrl: http://localhost:2885/, nativeEvents: true, requireWindowFocus: false}, setWindowRect: true, timeouts: {implicit: 0, pageLoad: 300000, script: 30000}}
Session ID: b74960a1-a814-48a0-b6e1-1cb7480b04c8
at org.openqa.selenium.remote.http.W3CHttpResponseCodec.createException(W3CHttpResponseCodec.java:187)
at org.openqa.selenium.remote.http.W3CHttpResponseCodec.decode(W3CHttpResponseCodec.java:122)
at org.openqa.selenium.remote.http.W3CHttpResponseCodec.decode(W3CHttpResponseCodec.java:49)
at org.openqa.selenium.remote.HttpCommandExecutor.execute(HttpCommandExecutor.java:158)
at org.openqa.selenium.remote.service.DriverCommandExecutor.execute(DriverCommandExecutor.java:83)
at org.openqa.selenium.remote.RemoteWebDriver.execute(RemoteWebDriver.java:543)
at org.openqa.selenium.remote.RemoteWebElement.execute(RemoteWebElement.java:276)
at org.openqa.selenium.remote.RemoteWebElement.click(RemoteWebElement.java:83)
at driverAndCommands.LoginLogic.InputUntilUsernameAndPasswordIsFilled(LoginLogic.java:25)
at testCasesSAT.ButtonCheckLoggedInAsUser.LoginAsNormalUser(ButtonCheckLoggedInAsUser.java:27)
... Removed 29 stack frames]]>
    </failure>
  </testcase> <!-- LoginAsNormalUser -->
  <testcase classname="testCasesSAT.ButtonCheckLoggedInAsUser" name="ClickStartButton" time="0.0">
    <skipped/>
  </testcase> <!-- ClickStartButton -->
  <testcase classname="testCasesSAT.ButtonCheckLoggedInAsUser" name="ClickPersonuppgifterButton" time="0.0">
    <skipped/>
  </testcase> <!-- ClickPersonuppgifterButton -->
  <testcase classname="testCasesSAT.ButtonCheckLoggedInAsUser" name="ClickUtbildningButton" time="0.0">
    <skipped/>
  </testcase> <!-- ClickUtbildningButton -->
  <testcase classname="testCasesSAT.ButtonCheckLoggedInAsUser" name="ClickArbetslivButton" time="0.0">
    <skipped/>
  </testcase> <!-- ClickArbetslivButton -->
  <testcase classname="testCasesSAT.ButtonCheckLoggedInAsUser" name="ClickPublikationerButton" time="0.0">
    <skipped/>
  </testcase> <!-- ClickPublikationerButton -->
  <testcase classname="testCasesSAT.ButtonCheckLoggedInAsUser" name="ClickMeriterOchUtmärkelserButton" time="0.0">
    <skipped/>
  </testcase> <!-- ClickMeriterOchUtmärkelserButton -->
  <testcase classname="testCasesSAT.ButtonCheckLoggedInAsUser" name="ClickImmaterialrättButton" time="0.0">
    <skipped/>
  </testcase> <!-- ClickImmaterialrättButton -->
  <testcase classname="testCasesSAT.ButtonCheckLoggedInAsUser" name="ClickGranskarkompetens" time="0.0">
    <skipped/>
  </testcase> <!-- ClickGranskarkompetens -->
  <testcase classname="testCasesSAT.ButtonCheckLoggedInAsUser" name="ClickAnsökningarOchBidrag" time="0.0">
    <skipped/>
  </testcase> <!-- ClickAnsökningarOchBidrag -->
  <testcase classname="testCasesSAT.ButtonCheckLoggedInAsUser" name="ClickGranskning" time="0.001">
    <skipped/>
  </testcase> <!-- ClickGranskning -->
  <testcase classname="testCasesSAT.ButtonCheckLoggedInAsUser" name="ClickOrganisationsUppgifter" time="0.0">
    <skipped/>
  </testcase> <!-- ClickOrganisationsUppgifter -->
  <testcase classname="testCasesSAT.ButtonCheckLoggedInAsUser" name="ClickOrganisationsKonto" time="0.0">
    <skipped/>
  </testcase> <!-- ClickOrganisationsKonto -->
  <testcase classname="testCasesSAT.ButtonCheckLoggedInAsUser" name="Logout" time="0.0">
    <skipped/>
  </testcase> <!-- Logout -->
  <testcase classname="testCasesSAT.LoginAsInvalidUser" name="InputUserWithInvalidInfo" time="3.612"/>
  <testcase classname="testCasesSAT.LoginAsInvalidUser" name="CheckThatLogginInWithFalseInfoNotPossible" time="0.061"/>
  <testcase classname="testCasesSAT.LoginAsValidUser" name="LoginAsUser" time="5.282"/>
  <testcase classname="testCasesSAT.LoginAsValidUser" name="CheckIfLogOutButtonIsPresentVerifyLoginSuccess" time="0.06"/>
</testsuite> <!-- all-tests-SAT-IExplorer -->
