<?xml version="1.0" encoding="UTF-8"?>
<!-- Generated by org.testng.reporters.JUnitXMLReporter -->
<testsuite ignored="1" hostname="77DWHM2" failures="1" tests="34" name="all-tests-SAT-Chrome2" time="6.778" errors="0" timestamp="25 juli 2018 12:59:35 GMT">
  <testcase classname="driverAndCommands.BeforeAfterTestBrowsers" name="@AfterClass tearDown" time="0.001">
    <failure type="java.lang.NullPointerException">
      <![CDATA[java.lang.NullPointerException
at driverAndCommands.EndDriver.DriverQuit(EndDriver.java:10)
at driverAndCommands.BeforeAfterTestBrowsers.tearDown(BeforeAfterTestBrowsers.java:65)
at java.base/java.util.concurrent.ThreadPoolExecutor.runWorker(Unknown Source)
at java.base/java.util.concurrent.ThreadPoolExecutor$Worker.run(Unknown Source)
at java.base/java.lang.Thread.run(Unknown Source)
... Removed 11 stack frames]]>
    </failure>
  </testcase> <!-- @AfterClass tearDown -->
  <testcase classname="driverAndCommands.BeforeAfterTestBrowsers" name="@AfterClass tearDown" time="0.0">
    <skipped/>
  </testcase> <!-- @AfterClass tearDown -->
  <testcase classname="testCasesSATButtonCheck.ButtonCheckLoggedInAsUser" name="LoginAsNormalUser" time="0.001">
    <failure type="java.lang.NullPointerException">
      <![CDATA[java.lang.NullPointerException
at driverAndCommands.DriverGetWebsite.OpenSatPortal(DriverGetWebsite.java:11)
at testCasesSATButtonCheck.ButtonCheckLoggedInAsUser.LoginAsNormalUser(ButtonCheckLoggedInAsUser.java:29)
at java.base/java.util.concurrent.ThreadPoolExecutor.runWorker(Unknown Source)
at java.base/java.util.concurrent.ThreadPoolExecutor$Worker.run(Unknown Source)
at java.base/java.lang.Thread.run(Unknown Source)
... Removed 10 stack frames]]>
    </failure>
  </testcase> <!-- LoginAsNormalUser -->
  <testcase classname="testCasesSATButtonCheck.ButtonCheckLoggedInAsUser" name="ClickStartButton" time="0.0">
    <skipped/>
  </testcase> <!-- ClickStartButton -->
  <testcase classname="testCasesSATButtonCheck.ButtonCheckLoggedInAsUser" name="ClickPersonuppgifterButton" time="0.0">
    <skipped/>
  </testcase> <!-- ClickPersonuppgifterButton -->
  <testcase classname="testCasesSATButtonCheck.ButtonCheckLoggedInAsUser" name="ClickUtbildningButton" time="0.0">
    <skipped/>
  </testcase> <!-- ClickUtbildningButton -->
  <testcase classname="testCasesSATButtonCheck.ButtonCheckLoggedInAsUser" name="ClickArbetslivButton" time="0.0">
    <skipped/>
  </testcase> <!-- ClickArbetslivButton -->
  <testcase classname="testCasesSATButtonCheck.ButtonCheckLoggedInAsUser" name="ClickPublikationerButton" time="0.0">
    <skipped/>
  </testcase> <!-- ClickPublikationerButton -->
  <testcase classname="testCasesSATButtonCheck.ButtonCheckLoggedInAsUser" name="ClickMeriterOchUtmärkelserButton" time="0.0">
    <skipped/>
  </testcase> <!-- ClickMeriterOchUtmärkelserButton -->
  <testcase classname="testCasesSATButtonCheck.ButtonCheckLoggedInAsUser" name="ClickImmaterialrättButton" time="0.0">
    <skipped/>
  </testcase> <!-- ClickImmaterialrättButton -->
  <testcase classname="testCasesSATButtonCheck.ButtonCheckLoggedInAsUser" name="ClickGranskarkompetensIfVisible" time="0.0">
    <skipped/>
  </testcase> <!-- ClickGranskarkompetensIfVisible -->
  <testcase classname="testCasesSATButtonCheck.ButtonCheckLoggedInAsUser" name="ClickAnsökningarOchBidrag" time="0.0">
    <skipped/>
  </testcase> <!-- ClickAnsökningarOchBidrag -->
  <testcase classname="testCasesSATButtonCheck.ButtonCheckLoggedInAsUser" name="ClickGranskning" time="0.0">
    <skipped/>
  </testcase> <!-- ClickGranskning -->
  <testcase classname="testCasesSATButtonCheck.ButtonCheckLoggedInAsUser" name="ClickOrganisationsUppgifter" time="0.0">
    <skipped/>
  </testcase> <!-- ClickOrganisationsUppgifter -->
  <testcase classname="testCasesSATButtonCheck.ButtonCheckLoggedInAsUser" name="ClickOrganisationsKonto" time="0.0">
    <skipped/>
  </testcase> <!-- ClickOrganisationsKonto -->
  <testcase classname="testCasesSATButtonCheck.ButtonCheckLoggedInAsUser" name="Logout" time="0.0">
    <skipped/>
  </testcase> <!-- Logout -->
  <testcase classname="testCasesSATButtonCheck.ButtonCheckLoggedInAsAdmin" name="LoginAsAdminUser" time="3.38"/>
  <testcase classname="testCasesSATButtonCheck.ButtonCheckLoggedInAsAdmin" name="ClickMyProfileButton" time="0.0">
    <skipped/>
  </testcase> <!-- ClickMyProfileButton -->
  <testcase classname="testCasesSATButtonCheck.ButtonCheckLoggedInAsAdmin" name="ClickIntressentregisterButton" time="0.0">
    <skipped/>
  </testcase> <!-- ClickIntressentregisterButton -->
  <testcase classname="testCasesSATButtonCheck.ButtonCheckLoggedInAsAdmin" name="ClickBeredningsgrupperButton" time="0.0">
    <skipped/>
  </testcase> <!-- ClickBeredningsgrupperButton -->
  <testcase classname="testCasesSATButtonCheck.ButtonCheckLoggedInAsAdmin" name="ClickFormulärButton" time="0.0">
    <skipped/>
  </testcase> <!-- ClickFormulärButton -->
  <testcase classname="testCasesSATButtonCheck.ButtonCheckLoggedInAsAdmin" name="FormulärKarolinskaInstitutet" time="0.0">
    <skipped/>
  </testcase> <!-- FormulärKarolinskaInstitutet -->
  <testcase classname="testCasesSATButtonCheck.ButtonCheckLoggedInAsAdmin" name="FormulärFormas" time="0.0">
    <skipped/>
  </testcase> <!-- FormulärFormas -->
  <testcase classname="testCasesSATButtonCheck.ButtonCheckLoggedInAsAdmin" name="FormulärVetenskapsrådet" time="0.0">
    <skipped/>
  </testcase> <!-- FormulärVetenskapsrådet -->
  <testcase classname="testCasesSATButtonCheck.ButtonCheckLoggedInAsAdmin" name="FormulärForte" time="0.0">
    <skipped/>
  </testcase> <!-- FormulärForte -->
  <testcase classname="testCasesSATButtonCheck.ButtonCheckLoggedInAsAdmin" name="FormulärSkolfi" time="0.0">
    <skipped/>
  </testcase> <!-- FormulärSkolfi -->
  <testcase classname="testCasesSATButtonCheck.ButtonCheckLoggedInAsAdmin" name="FormulärEPN" time="0.0">
    <skipped/>
  </testcase> <!-- FormulärEPN -->
  <testcase classname="testCasesSATButtonCheck.ButtonCheckLoggedInAsAdmin" name="ClickFinansiärButton" time="0.0">
    <skipped/>
  </testcase> <!-- ClickFinansiärButton -->
  <testcase classname="testCasesSATButtonCheck.ButtonCheckLoggedInAsAdmin" name="FinansiärKarolinskaInstitutet" time="0.0">
    <skipped/>
  </testcase> <!-- FinansiärKarolinskaInstitutet -->
  <testcase classname="testCasesSATButtonCheck.ButtonCheckLoggedInAsAdmin" name="FinansiärFormas" time="0.0">
    <skipped/>
  </testcase> <!-- FinansiärFormas -->
  <testcase classname="testCasesSATButtonCheck.ButtonCheckLoggedInAsAdmin" name="FinansiärVetenskapsrådet" time="0.0">
    <skipped/>
  </testcase> <!-- FinansiärVetenskapsrådet -->
  <testcase classname="testCasesSATButtonCheck.ButtonCheckLoggedInAsAdmin" name="FinansiärForte" time="0.0">
    <skipped/>
  </testcase> <!-- FinansiärForte -->
  <testcase classname="testCasesSATButtonCheck.ButtonCheckLoggedInAsAdmin" name="FinansiärSkolfi" time="0.0">
    <skipped/>
  </testcase> <!-- FinansiärSkolfi -->
  <testcase classname="testCasesSATButtonCheck.ButtonCheckLoggedInAsAdmin" name="FinansiärEPN" time="0.0">
    <skipped/>
  </testcase> <!-- FinansiärEPN -->
  <testcase classname="testCasesSATButtonCheck.ButtonCheckLoggedInAsAdmin" name="ClickPortaladministrationButton" time="0.0">
    <skipped/>
  </testcase> <!-- ClickPortaladministrationButton -->
  <testcase classname="testCasesSATButtonCheck.ButtonCheckLoggedInAsAdmin" name="Logout" time="0.0">
    <skipped/>
  </testcase> <!-- Logout -->
  <testcase classname="driverAndCommands.BeforeAfterTestBrowsers" name="@BeforeTest Setup" time="0.0">
    <ignored/>
  </testcase> <!-- @BeforeTest Setup -->
</testsuite> <!-- all-tests-SAT-Chrome2 -->
