<?xml version="1.0" encoding="UTF-8"?>
<!-- Generated by org.testng.reporters.JUnitXMLReporter -->
<testsuite ignored="0" hostname="77DWHM2" failures="1" tests="463" name="all-tests-SAT-Chrome" time="576.09" errors="0" timestamp="19 juli 2018 15:38:47 GMT">
  <testcase classname="testCasesSAT.ArbetslivAddNewAnställningar" name="LoginAsUser" time="7.714"/>
  <testcase classname="testCasesSAT.ArbetslivAddNewAnställningar" name="ClickArbetsliv" time="0.744"/>
  <testcase classname="testCasesSAT.ArbetslivAddNewAnställningar" name="AddAnställning" time="0.089"/>
  <testcase classname="testCasesSAT.ArbetslivAddNewAnställningar" name="AnställningDropDown" time="0.288"/>
  <testcase classname="testCasesSAT.ArbetslivAddNewAnställningar" name="SelectOrganization" time="2.059"/>
  <testcase classname="testCasesSAT.ArbetslivAddNewAnställningar" name="AnställningensBörjanOchSlutYear" time="0.988"/>
  <testcase classname="testCasesSAT.ArbetslivAddNewAnställningar" name="AnställningsFormDropDown" time="0.144"/>
  <testcase classname="testCasesSAT.ArbetslivAddNewAnställningar" name="DelAvForskningIAnställningenBaseradPåHeltid" time="0.098"/>
  <testcase classname="testCasesSAT.ArbetslivAddNewAnställningar" name="AnställningensBörjanMonth" time="0.174"/>
  <testcase classname="testCasesSAT.ArbetslivAddNewAnställningar" name="AnställningensSlutMonth" time="0.184"/>
  <testcase classname="testCasesSAT.ArbetslivAddNewAnställningar" name="ÖvrigInformation" time="0.25"/>
  <testcase classname="testCasesSAT.ArbetslivAddNewAnställningar" name="SparaAnställning" time="0.106"/>
  <testcase classname="testCasesSAT.ArbetslivAddNewFackGranskadBidragTillBok" name="LoginAsUser" time="7.866"/>
  <testcase classname="testCasesSAT.ArbetslivAddNewFackGranskadBidragTillBok" name="ClickPublikationer" time="0.978"/>
  <testcase classname="testCasesSAT.ArbetslivAddNewFackGranskadBidragTillBok" name="LäggTillPublikationer" time="0.084"/>
  <testcase classname="testCasesSAT.ArbetslivAddNewFackGranskadBidragTillBok" name="VäljPublikationsTyp" time="0.812"/>
  <testcase classname="testCasesSAT.ArbetslivAddNewFackGranskadBidragTillBok" name="DropDownBidragTillEnBok" time="0.209"/>
  <testcase classname="testCasesSAT.ArbetslivAddNewFackGranskadBidragTillBok" name="BidragTillEnBokTitel" time="0.77"/>
  <testcase classname="testCasesSAT.ArbetslivAddNewFackGranskadBidragTillBok" name="BidragTillEnBokFörfattareKnapp" time="0.083"/>
  <testcase classname="testCasesSAT.ArbetslivAddNewFackGranskadBidragTillBok" name="BidragTillEnBokFörfattareFörnamn" time="0.125"/>
  <testcase classname="testCasesSAT.ArbetslivAddNewFackGranskadBidragTillBok" name="BidragTillEnBokFörfattareEfternamn" time="0.19"/>
  <testcase classname="testCasesSAT.ArbetslivAddNewFackGranskadBidragTillBok" name="BidragTillEnBokRedaktörKnapp" time="0.159"/>
  <testcase classname="testCasesSAT.ArbetslivAddNewFackGranskadBidragTillBok" name="BidragTillEnBokRedaktörNamn" time="0.164"/>
  <testcase classname="testCasesSAT.ArbetslivAddNewFackGranskadBidragTillBok" name="BidragTillEnBokUtgivareFörlag" time="0.123"/>
  <testcase classname="testCasesSAT.ArbetslivAddNewFackGranskadBidragTillBok" name="BidragTillEnBokUtgivareFörlagsplats" time="0.186"/>
  <testcase classname="testCasesSAT.ArbetslivAddNewFackGranskadBidragTillBok" name="BidragTillEnBokUtgivareFörstaSidnummer" time="0.068"/>
  <testcase classname="testCasesSAT.ArbetslivAddNewFackGranskadBidragTillBok" name="BidragTillEnBokUtgivareSistaSidnummer" time="0.07"/>
  <testcase classname="testCasesSAT.ArbetslivAddNewFackGranskadBidragTillBok" name="BidragTillEnBokUtgivareISBN" time="0.097"/>
  <testcase classname="testCasesSAT.ArbetslivAddNewFackGranskadBidragTillBok" name="BidragTillEnBokUtgivareDOI" time="0.088"/>
  <testcase classname="testCasesSAT.ArbetslivAddNewFackGranskadBidragTillBok" name="BidragTillEnBokUtgivareStatus" time="0.061"/>
  <testcase classname="testCasesSAT.ArbetslivAddNewFackGranskadBidragTillBok" name="BidragTillEnBokUtgivareKällaFörPublikation" time="0.171"/>
  <testcase classname="testCasesSAT.ArbetslivAddNewFackGranskadBidragTillBok" name="BidragTillEnBokUtgivareKällaID" time="0.093"/>
  <testcase classname="testCasesSAT.ArbetslivAddNewFackGranskadBidragTillBok" name="BidragTillEnBokVarTextenPubliceradIOpenAcessJa" time="0.122"/>
  <testcase classname="testCasesSAT.ArbetslivAddNewFackGranskadBidragTillBok" name="BidragTillEnBokOpenAccessLänkExternLänkFörPublicering" time="0.743"/>
  <testcase classname="testCasesSAT.ArbetslivAddNewFackGranskadBidragTillBok" name="BidragTillEnBokOpenAccessFormAvOA" time="0.137"/>
  <testcase classname="testCasesSAT.ArbetslivAddNewFackGranskadBidragTillBok" name="BidragTillEnBokOpenAccessDokumentVersion" time="0.171"/>
  <testcase classname="testCasesSAT.ArbetslivAddNewFackGranskadBidragTillBok" name="BidragTillEnBokOpenAcessSammanfattning" time="0.268"/>
  <testcase classname="testCasesSAT.ArbetslivAddNewFackGranskadBidragTillBok" name="BidragTillEnBokSpara" time="0.87"/>
  <testcase classname="testCasesSAT.ArbetslivAddNewFackGranskadBok" name="LoginAsUser" time="8.701"/>
  <testcase classname="testCasesSAT.ArbetslivAddNewFackGranskadBok" name="ClickPublikationer" time="0.926"/>
  <testcase classname="testCasesSAT.ArbetslivAddNewFackGranskadBok" name="LäggTillPublikationer" time="0.079"/>
  <testcase classname="testCasesSAT.ArbetslivAddNewFackGranskadBok" name="VäljPublikationsTyp" time="0.889"/>
  <testcase classname="testCasesSAT.ArbetslivAddNewFackGranskadBok" name="DropDownBok" time="0.209"/>
  <testcase classname="testCasesSAT.ArbetslivAddNewFackGranskadBok" name="BokFörfattareKnapp" time="0.126"/>
  <testcase classname="testCasesSAT.ArbetslivAddNewFackGranskadBok" name="BokTitel" time="0.206"/>
  <testcase classname="testCasesSAT.ArbetslivAddNewFackGranskadBok" name="BokFörfattareFörnamn" time="0.101"/>
  <testcase classname="testCasesSAT.ArbetslivAddNewFackGranskadBok" name="BokFörfattareEfternamn" time="0.139"/>
  <testcase classname="testCasesSAT.ArbetslivAddNewFackGranskadBok" name="BokUtgivareFörlag" time="0.14"/>
  <testcase classname="testCasesSAT.ArbetslivAddNewFackGranskadBok" name="BokUtgivareFörlagsplats" time="0.166"/>
  <testcase classname="testCasesSAT.ArbetslivAddNewFackGranskadBok" name="BokUtgivareISBN" time="0.117"/>
  <testcase classname="testCasesSAT.ArbetslivAddNewFackGranskadBok" name="BokUtgivareDOI" time="0.142"/>
  <testcase classname="testCasesSAT.ArbetslivAddNewFackGranskadBok" name="BokUtgivareKällaFörPublikation" time="0.181"/>
  <testcase classname="testCasesSAT.ArbetslivAddNewFackGranskadBok" name="BokUtgivareKällaID" time="0.086"/>
  <testcase classname="testCasesSAT.ArbetslivAddNewFackGranskadBok" name="BokVarTextenPubliceradIOpenAcessJa" time="0.099"/>
  <testcase classname="testCasesSAT.ArbetslivAddNewFackGranskadBok" name="BokOpenAccessLänkExternLänkFörPublicering" time="0.696"/>
  <testcase classname="testCasesSAT.ArbetslivAddNewFackGranskadBok" name="BokOpenAccessFormAvOA" time="0.13"/>
  <testcase classname="testCasesSAT.ArbetslivAddNewFackGranskadBok" name="BokOpenAccessDokumentVersion" time="0.113"/>
  <testcase classname="testCasesSAT.ArbetslivAddNewFackGranskadBok" name="BokOpenAcessSammanfattning" time="0.376"/>
  <testcase classname="testCasesSAT.ArbetslivAddNewFackGranskadBok" name="BokSpara" time="0.822"/>
  <testcase classname="testCasesSAT.ArbetslivAddNewFackGranskadKonferensbidrag" name="LoginAsUser" time="45.043">
    <failure type="org.openqa.selenium.TimeoutException" message="Expected condition failed: waiting for element to be clickable: By.xpath: /html/body/div[5]/div[2]/div[2]/header/ul/li[1] (tried for 40 second(s) with 500 milliseconds interval)">
      <![CDATA[org.openqa.selenium.TimeoutException: Expected condition failed: waiting for element to be clickable: By.xpath: /html/body/div[5]/div[2]/div[2]/header/ul/li[1] (tried for 40 second(s) with 500 milliseconds interval)
at org.openqa.selenium.support.ui.WebDriverWait.timeoutException(WebDriverWait.java:81)
at org.openqa.selenium.support.ui.FluentWait.until(FluentWait.java:271)
at driverAndCommands.DriverWaitExpectedConditions.WebDriverWaitForExpectedXpathLocator(DriverWaitExpectedConditions.java:14)
at testCasesSAT.ArbetslivAddNewFackGranskadKonferensbidrag.LoginAsUser(ArbetslivAddNewFackGranskadKonferensbidrag.java:29)
Caused by: org.openqa.selenium.NoSuchElementException: Cannot locate an element using By.xpath: /html/body/div[5]/div[2]/div[2]/header/ul/li[1]
For documentation on this error, please visit: http://seleniumhq.org/exceptions/no_such_element.html
Build info: version: '3.12.0', revision: '7c6e0b3', time: '2018-05-08T15:15:03.216Z'
System info: host: '77DWHM2', ip: '10.251.12.117', os.name: 'Windows 10', os.arch: 'amd64', os.version: '10.0', java.version: '10.0.1'
Driver info: driver.version: unknown
at org.openqa.selenium.support.ui.ExpectedConditions.lambda$findElement$0(ExpectedConditions.java:896)
at java.base/java.util.Optional.orElseThrow(Unknown Source)
at org.openqa.selenium.support.ui.ExpectedConditions.findElement(ExpectedConditions.java:895)
at org.openqa.selenium.support.ui.ExpectedConditions.access$000(ExpectedConditions.java:44)
at org.openqa.selenium.support.ui.ExpectedConditions$7.apply(ExpectedConditions.java:206)
at org.openqa.selenium.support.ui.ExpectedConditions$7.apply(ExpectedConditions.java:202)
at org.openqa.selenium.support.ui.ExpectedConditions$22.apply(ExpectedConditions.java:657)
at org.openqa.selenium.support.ui.ExpectedConditions$22.apply(ExpectedConditions.java:654)
at org.openqa.selenium.support.ui.FluentWait.until(FluentWait.java:248)
... 27 more
... Removed 25 stack frames]]>
    </failure>
  </testcase> <!-- LoginAsUser -->
  <testcase classname="testCasesSAT.ArbetslivAddNewFackGranskadKonferensbidrag" name="ClickPublikationer" time="0.0">
    <skipped/>
  </testcase> <!-- ClickPublikationer -->
  <testcase classname="testCasesSAT.ArbetslivAddNewFackGranskadKonferensbidrag" name="LäggTillPublikationer" time="0.0">
    <skipped/>
  </testcase> <!-- LäggTillPublikationer -->
  <testcase classname="testCasesSAT.ArbetslivAddNewFackGranskadKonferensbidrag" name="VäljPublikationsTyp" time="0.0">
    <skipped/>
  </testcase> <!-- VäljPublikationsTyp -->
  <testcase classname="testCasesSAT.ArbetslivAddNewFackGranskadKonferensbidrag" name="DropDownKonferensbidrag" time="0.0">
    <skipped/>
  </testcase> <!-- DropDownKonferensbidrag -->
  <testcase classname="testCasesSAT.ArbetslivAddNewFackGranskadKonferensbidrag" name="KonferensbidragFörfattareKnapp" time="0.0">
    <skipped/>
  </testcase> <!-- KonferensbidragFörfattareKnapp -->
  <testcase classname="testCasesSAT.ArbetslivAddNewFackGranskadKonferensbidrag" name="KonferensbidragTitel" time="0.0">
    <skipped/>
  </testcase> <!-- KonferensbidragTitel -->
  <testcase classname="testCasesSAT.ArbetslivAddNewFackGranskadKonferensbidrag" name="KonferensbidragFörfattareFörnamn" time="0.0">
    <skipped/>
  </testcase> <!-- KonferensbidragFörfattareFörnamn -->
  <testcase classname="testCasesSAT.ArbetslivAddNewFackGranskadKonferensbidrag" name="KonferensbidragFörfattareEfternamn" time="0.0">
    <skipped/>
  </testcase> <!-- KonferensbidragFörfattareEfternamn -->
  <testcase classname="testCasesSAT.ArbetslivAddNewFackGranskadKonferensbidrag" name="KonferensbidragNamnPåTidskrift" time="0.0">
    <skipped/>
  </testcase> <!-- KonferensbidragNamnPåTidskrift -->
  <testcase classname="testCasesSAT.ArbetslivAddNewFackGranskadKonferensbidrag" name="KonferensbidragVolym" time="0.0">
    <skipped/>
  </testcase> <!-- KonferensbidragVolym -->
  <testcase classname="testCasesSAT.ArbetslivAddNewFackGranskadKonferensbidrag" name="KonferensbidragUtfärdandenummer" time="0.0">
    <skipped/>
  </testcase> <!-- KonferensbidragUtfärdandenummer -->
  <testcase classname="testCasesSAT.ArbetslivAddNewFackGranskadKonferensbidrag" name="KonferensbidragFörstaSidnummer" time="0.0">
    <skipped/>
  </testcase> <!-- KonferensbidragFörstaSidnummer -->
  <testcase classname="testCasesSAT.ArbetslivAddNewFackGranskadKonferensbidrag" name="KonferensbidragSistaSidnummer" time="0.0">
    <skipped/>
  </testcase> <!-- KonferensbidragSistaSidnummer -->
  <testcase classname="testCasesSAT.ArbetslivAddNewFackGranskadKonferensbidrag" name="KonferensbidragDOI" time="0.0">
    <skipped/>
  </testcase> <!-- KonferensbidragDOI -->
  <testcase classname="testCasesSAT.ArbetslivAddNewFackGranskadKonferensbidrag" name="KonferensbidragKällaFörPublikation" time="0.0">
    <skipped/>
  </testcase> <!-- KonferensbidragKällaFörPublikation -->
  <testcase classname="testCasesSAT.ArbetslivAddNewFackGranskadKonferensbidrag" name="KonferensbidragStatus" time="0.0">
    <skipped/>
  </testcase> <!-- KonferensbidragStatus -->
  <testcase classname="testCasesSAT.ArbetslivAddNewFackGranskadKonferensbidrag" name="KonferensbidragKällaID" time="0.0">
    <skipped/>
  </testcase> <!-- KonferensbidragKällaID -->
  <testcase classname="testCasesSAT.ArbetslivAddNewFackGranskadKonferensbidrag" name="KonferensbidragVarTextenPubliceradIOpenAcessJa" time="0.0">
    <skipped/>
  </testcase> <!-- KonferensbidragVarTextenPubliceradIOpenAcessJa -->
  <testcase classname="testCasesSAT.ArbetslivAddNewFackGranskadKonferensbidrag" name="KonferensbidragOpenAccessLänkExternLänkFörPublicering" time="0.0">
    <skipped/>
  </testcase> <!-- KonferensbidragOpenAccessLänkExternLänkFörPublicering -->
  <testcase classname="testCasesSAT.ArbetslivAddNewFackGranskadKonferensbidrag" name="KonferensbidragOpenAccessFormAvOA" time="0.0">
    <skipped/>
  </testcase> <!-- KonferensbidragOpenAccessFormAvOA -->
  <testcase classname="testCasesSAT.ArbetslivAddNewFackGranskadKonferensbidrag" name="KonferensbidragOpenAccessDokumentVersion" time="0.0">
    <skipped/>
  </testcase> <!-- KonferensbidragOpenAccessDokumentVersion -->
  <testcase classname="testCasesSAT.ArbetslivAddNewFackGranskadKonferensbidrag" name="KonferensbidragOpenAcessSammanfattning" time="0.0">
    <skipped/>
  </testcase> <!-- KonferensbidragOpenAcessSammanfattning -->
  <testcase classname="testCasesSAT.ArbetslivAddNewFackGranskadKonferensbidrag" name="KonferensbidragSpara" time="0.0">
    <skipped/>
  </testcase> <!-- KonferensbidragSpara -->
  <testcase classname="testCasesSAT.ArbetslivAddNewFackGranskadOriginellaBidragTillVetenskapligaTidskriften" name="LoginAsUser" time="7.708"/>
  <testcase classname="testCasesSAT.ArbetslivAddNewFackGranskadOriginellaBidragTillVetenskapligaTidskriften" name="ClickPublikationer" time="0.887"/>
  <testcase classname="testCasesSAT.ArbetslivAddNewFackGranskadOriginellaBidragTillVetenskapligaTidskriften" name="LäggTillPublikationer" time="0.093"/>
  <testcase classname="testCasesSAT.ArbetslivAddNewFackGranskadOriginellaBidragTillVetenskapligaTidskriften" name="VäljPublikationsTyp" time="0.84"/>
  <testcase classname="testCasesSAT.ArbetslivAddNewFackGranskadOriginellaBidragTillVetenskapligaTidskriften" name="DropDownOriginellaBidragTillVetenskapligaTidskriften" time="0.237"/>
  <testcase classname="testCasesSAT.ArbetslivAddNewFackGranskadOriginellaBidragTillVetenskapligaTidskriften" name="OriginellaBidragTillVetenskapligaTidskriftenFörfattareKnapp" time="0.137"/>
  <testcase classname="testCasesSAT.ArbetslivAddNewFackGranskadOriginellaBidragTillVetenskapligaTidskriften" name="OriginellaBidragTillVetenskapligaTidskriftenTitel" time="0.235"/>
  <testcase classname="testCasesSAT.ArbetslivAddNewFackGranskadOriginellaBidragTillVetenskapligaTidskriften" name="OriginellaBidragTillVetenskapligaTidskriftenFörfattareFörnamn" time="0.152"/>
  <testcase classname="testCasesSAT.ArbetslivAddNewFackGranskadOriginellaBidragTillVetenskapligaTidskriften" name="OriginellaBidragTillVetenskapligaTidskriftenFörfattareEfternamn" time="0.118"/>
  <testcase classname="testCasesSAT.ArbetslivAddNewFackGranskadOriginellaBidragTillVetenskapligaTidskriften" name="OriginellaBidragTillVetenskapligaTidskriftenNamnPåTidskrift" time="0.166"/>
  <testcase classname="testCasesSAT.ArbetslivAddNewFackGranskadOriginellaBidragTillVetenskapligaTidskriften" name="OriginellaBidragTillVetenskapligaTidskriftenVolym" time="0.082"/>
  <testcase classname="testCasesSAT.ArbetslivAddNewFackGranskadOriginellaBidragTillVetenskapligaTidskriften" name="OriginellaBidragTillVetenskapligaTidskriftenUtfärdandenummer" time="0.094"/>
  <testcase classname="testCasesSAT.ArbetslivAddNewFackGranskadOriginellaBidragTillVetenskapligaTidskriften" name="OriginellaBidragTillVetenskapligaTidskriftenFörstaSidnummer" time="0.077"/>
  <testcase classname="testCasesSAT.ArbetslivAddNewFackGranskadOriginellaBidragTillVetenskapligaTidskriften" name="OriginellaBidragTillVetenskapligaTidskriftenSistaSidnummer" time="0.087"/>
  <testcase classname="testCasesSAT.ArbetslivAddNewFackGranskadOriginellaBidragTillVetenskapligaTidskriften" name="OriginellaBidragTillVetenskapligaTidskriftenDOI" time="0.152"/>
  <testcase classname="testCasesSAT.ArbetslivAddNewFackGranskadOriginellaBidragTillVetenskapligaTidskriften" name="OriginellaBidragTillVetenskapligaTidskriftenKällaFörPublikation" time="0.156"/>
  <testcase classname="testCasesSAT.ArbetslivAddNewFackGranskadOriginellaBidragTillVetenskapligaTidskriften" name="OriginellaBidragTillVetenskapligaTidskriftenStatus" time="0.067"/>
  <testcase classname="testCasesSAT.ArbetslivAddNewFackGranskadOriginellaBidragTillVetenskapligaTidskriften" name="OriginellaBidragTillVetenskapligaTidskriftenKällaID" time="0.073"/>
  <testcase classname="testCasesSAT.ArbetslivAddNewFackGranskadOriginellaBidragTillVetenskapligaTidskriften" name="OriginellaBidragTillVetenskapligaTidskriftenVarTextenPubliceradIOpenAcessJa" time="0.102"/>
  <testcase classname="testCasesSAT.ArbetslivAddNewFackGranskadOriginellaBidragTillVetenskapligaTidskriften" name="OriginellaBidragTillVetenskapligaTidskriftenOpenAccessLänkExternLänkFörPublicering" time="0.727"/>
  <testcase classname="testCasesSAT.ArbetslivAddNewFackGranskadOriginellaBidragTillVetenskapligaTidskriften" name="OriginellaBidragTillVetenskapligaTidskriftenOpenAccessFormAvOA" time="0.119"/>
  <testcase classname="testCasesSAT.ArbetslivAddNewFackGranskadOriginellaBidragTillVetenskapligaTidskriften" name="OriginellaBidragTillVetenskapligaTidskriftenOpenAccessDokumentVersion" time="0.119"/>
  <testcase classname="testCasesSAT.ArbetslivAddNewFackGranskadOriginellaBidragTillVetenskapligaTidskriften" name="OriginellaBidragTillVetenskapligaTidskriftenOpenAcessSammanfattning" time="0.301"/>
  <testcase classname="testCasesSAT.ArbetslivAddNewFackGranskadOriginellaBidragTillVetenskapligaTidskriften" name="OriginellaBidragTillVetenskapligaTidskriftenSpara" time="0.845"/>
  <testcase classname="testCasesSAT.ArbetslivAddNewFackGranskadProceedings" name="LoginAsUser" time="8.444"/>
  <testcase classname="testCasesSAT.ArbetslivAddNewFackGranskadProceedings" name="ClickPublikationer" time="1.4"/>
  <testcase classname="testCasesSAT.ArbetslivAddNewFackGranskadProceedings" name="LäggTillPublikationer" time="0.083"/>
  <testcase classname="testCasesSAT.ArbetslivAddNewFackGranskadProceedings" name="VäljPublikationsTyp" time="0.845"/>
  <testcase classname="testCasesSAT.ArbetslivAddNewFackGranskadProceedings" name="DropDownProceedings" time="0.226"/>
  <testcase classname="testCasesSAT.ArbetslivAddNewFackGranskadProceedings" name="ProceedingsFörfattareKnapp" time="0.131"/>
  <testcase classname="testCasesSAT.ArbetslivAddNewFackGranskadProceedings" name="ProceedingsTitel" time="0.219"/>
  <testcase classname="testCasesSAT.ArbetslivAddNewFackGranskadProceedings" name="ProceedingsFörfattareFörnamn" time="0.107"/>
  <testcase classname="testCasesSAT.ArbetslivAddNewFackGranskadProceedings" name="ProceedingsFörfattareEfternamn" time="0.116"/>
  <testcase classname="testCasesSAT.ArbetslivAddNewFackGranskadProceedings" name="ProceedingsFörlag" time="0.154"/>
  <testcase classname="testCasesSAT.ArbetslivAddNewFackGranskadProceedings" name="ProceedingsFörlagsplats" time="0.138"/>
  <testcase classname="testCasesSAT.ArbetslivAddNewFackGranskadProceedings" name="ProceedingsDOI" time="0.109"/>
  <testcase classname="testCasesSAT.ArbetslivAddNewFackGranskadProceedings" name="ProceedingsKällaFörPublikation" time="0.147"/>
  <testcase classname="testCasesSAT.ArbetslivAddNewFackGranskadProceedings" name="ProceedingsStatus" time="0.104"/>
  <testcase classname="testCasesSAT.ArbetslivAddNewFackGranskadProceedings" name="ProceedingsKällaID" time="0.098"/>
  <testcase classname="testCasesSAT.ArbetslivAddNewFackGranskadProceedings" name="ProceedingsVarTextenPubliceradIOpenAcessJa" time="0.095"/>
  <testcase classname="testCasesSAT.ArbetslivAddNewFackGranskadProceedings" name="ProceedingsOpenAccessLänkExternLänkFörPublicering" time="0.746"/>
  <testcase classname="testCasesSAT.ArbetslivAddNewFackGranskadProceedings" name="ProceedingsOpenAccessFormAvOA" time="0.113"/>
  <testcase classname="testCasesSAT.ArbetslivAddNewFackGranskadProceedings" name="ProceedingsOpenAccessDokumentVersion" time="0.117"/>
  <testcase classname="testCasesSAT.ArbetslivAddNewFackGranskadProceedings" name="ProceedingsOpenAcessSammanfattning" time="0.382"/>
  <testcase classname="testCasesSAT.ArbetslivAddNewFackGranskadProceedings" name="ProceedingsSpara" time="0.808"/>
  <testcase classname="testCasesSAT.ArbetslivAddNewFackGranskadRecensionArtikel" name="LoginAsUser" time="8.228"/>
  <testcase classname="testCasesSAT.ArbetslivAddNewFackGranskadRecensionArtikel" name="ClickPublikationer" time="0.957"/>
  <testcase classname="testCasesSAT.ArbetslivAddNewFackGranskadRecensionArtikel" name="LäggTillPublikationer" time="0.085"/>
  <testcase classname="testCasesSAT.ArbetslivAddNewFackGranskadRecensionArtikel" name="VäljPublikationsTyp" time="0.842"/>
  <testcase classname="testCasesSAT.ArbetslivAddNewFackGranskadRecensionArtikel" name="DropDownRecensionArtikel" time="0.233"/>
  <testcase classname="testCasesSAT.ArbetslivAddNewFackGranskadRecensionArtikel" name="RecensionArtikelFörfattareKnapp" time="0.128"/>
  <testcase classname="testCasesSAT.ArbetslivAddNewFackGranskadRecensionArtikel" name="RecensionArtikelTitel" time="0.205"/>
  <testcase classname="testCasesSAT.ArbetslivAddNewFackGranskadRecensionArtikel" name="RecensionArtikelFörfattareFörnamn" time="0.112"/>
  <testcase classname="testCasesSAT.ArbetslivAddNewFackGranskadRecensionArtikel" name="RecensionArtikelFörfattareEfternamn" time="0.136"/>
  <testcase classname="testCasesSAT.ArbetslivAddNewFackGranskadRecensionArtikel" name="RecensionArtikelNamnPåTidskrift" time="0.12"/>
  <testcase classname="testCasesSAT.ArbetslivAddNewFackGranskadRecensionArtikel" name="RecensionArtikelVolym" time="0.075"/>
  <testcase classname="testCasesSAT.ArbetslivAddNewFackGranskadRecensionArtikel" name="RecensionArtikelUtfärdandenummer" time="0.07"/>
  <testcase classname="testCasesSAT.ArbetslivAddNewFackGranskadRecensionArtikel" name="RecensionArtikelFörstaSidnummer" time="0.056"/>
  <testcase classname="testCasesSAT.ArbetslivAddNewFackGranskadRecensionArtikel" name="RecensionArtikelSistaSidnummer" time="0.079"/>
  <testcase classname="testCasesSAT.ArbetslivAddNewFackGranskadRecensionArtikel" name="RecensionArtikelDOI" time="0.117"/>
  <testcase classname="testCasesSAT.ArbetslivAddNewFackGranskadRecensionArtikel" name="RecensionArtikelKällaFörPublikation" time="0.116"/>
  <testcase classname="testCasesSAT.ArbetslivAddNewFackGranskadRecensionArtikel" name="RecensionArtikelStatus" time="0.089"/>
  <testcase classname="testCasesSAT.ArbetslivAddNewFackGranskadRecensionArtikel" name="RecensionArtikelKällaID" time="0.092"/>
  <testcase classname="testCasesSAT.ArbetslivAddNewFackGranskadRecensionArtikel" name="RecensionArtikelVarTextenPubliceradIOpenAcessJa" time="0.109"/>
  <testcase classname="testCasesSAT.ArbetslivAddNewFackGranskadRecensionArtikel" name="RecensionArtikelLänkExternLänkFörPublicering" time="0.687"/>
  <testcase classname="testCasesSAT.ArbetslivAddNewFackGranskadRecensionArtikel" name="RecensionArtikelOpenAccessFormAvOA" time="0.145"/>
  <testcase classname="testCasesSAT.ArbetslivAddNewFackGranskadRecensionArtikel" name="RecensionArtikelOpenAccessDokumentVersion" time="0.112"/>
  <testcase classname="testCasesSAT.ArbetslivAddNewFackGranskadRecensionArtikel" name="RecensionArtikelOpenAcessSammanfattning" time="0.308"/>
  <testcase classname="testCasesSAT.ArbetslivAddNewFackGranskadRecensionArtikel" name="RecensionArtikelSpara" time="0.819"/>
  <testcase classname="testCasesSAT.ArbetslivAddNewFackGranskadRedaktörerAntologi" name="LoginAsUser" time="8.17"/>
  <testcase classname="testCasesSAT.ArbetslivAddNewFackGranskadRedaktörerAntologi" name="ClickPublikationer" time="0.872"/>
  <testcase classname="testCasesSAT.ArbetslivAddNewFackGranskadRedaktörerAntologi" name="LäggTillPublikationer" time="0.092"/>
  <testcase classname="testCasesSAT.ArbetslivAddNewFackGranskadRedaktörerAntologi" name="VäljPublikationsTyp" time="0.814"/>
  <testcase classname="testCasesSAT.ArbetslivAddNewFackGranskadRedaktörerAntologi" name="DropDownRedaktörerAntologi" time="0.239"/>
  <testcase classname="testCasesSAT.ArbetslivAddNewFackGranskadRedaktörerAntologi" name="RedaktörerAntologiTitel" time="0.758"/>
  <testcase classname="testCasesSAT.ArbetslivAddNewFackGranskadRedaktörerAntologi" name="RedaktörerAntologiRedaktörKnapp" time="0.092"/>
  <testcase classname="testCasesSAT.ArbetslivAddNewFackGranskadRedaktörerAntologi" name="RedaktörerAntologiRedaktörNamn" time="0.184"/>
  <testcase classname="testCasesSAT.ArbetslivAddNewFackGranskadRedaktörerAntologi" name="RedaktörerAntologiFörlag" time="0.172"/>
  <testcase classname="testCasesSAT.ArbetslivAddNewFackGranskadRedaktörerAntologi" name="RedaktörerAntologiFörlagsplats" time="0.186"/>
  <testcase classname="testCasesSAT.ArbetslivAddNewFackGranskadRedaktörerAntologi" name="RedaktörerAntologiISBN" time="0.086"/>
  <testcase classname="testCasesSAT.ArbetslivAddNewFackGranskadRedaktörerAntologi" name="RedaktörerAntologiDOI" time="0.086"/>
  <testcase classname="testCasesSAT.ArbetslivAddNewFackGranskadRedaktörerAntologi" name="RedaktörerAntologiKällaFörPublikation" time="0.127"/>
  <testcase classname="testCasesSAT.ArbetslivAddNewFackGranskadRedaktörerAntologi" name="RedaktörerAntologiStatus" time="0.087"/>
  <testcase classname="testCasesSAT.ArbetslivAddNewFackGranskadRedaktörerAntologi" name="RedaktörerAntologiKällaID" time="0.071"/>
  <testcase classname="testCasesSAT.ArbetslivAddNewFackGranskadRedaktörerAntologi" name="RedaktörerAntologiVarTextenPubliceradIOpenAcessJa" time="0.108"/>
  <testcase classname="testCasesSAT.ArbetslivAddNewFackGranskadRedaktörerAntologi" name="RedaktörerAntologiOpenAccessLänkExternLänkFörPublicering" time="0.73"/>
  <testcase classname="testCasesSAT.ArbetslivAddNewFackGranskadRedaktörerAntologi" name="RedaktörerAntologiOpenAccessFormAvOA" time="0.113"/>
  <testcase classname="testCasesSAT.ArbetslivAddNewFackGranskadRedaktörerAntologi" name="RedaktörerAntologiOpenAccessDokumentVersion" time="0.129"/>
  <testcase classname="testCasesSAT.ArbetslivAddNewFackGranskadRedaktörerAntologi" name="RedaktörerAntologiOpenAcessSammanfattning" time="0.285"/>
  <testcase classname="testCasesSAT.ArbetslivAddNewFackGranskadRedaktörerAntologi" name="RedaktörerAntologiSpara" time="1.007"/>
  <testcase classname="testCasesSAT.ArbetslivAddNewFackGranskadÖvrigLitteratur" name="LoginAsUser" time="9.482"/>
  <testcase classname="testCasesSAT.ArbetslivAddNewFackGranskadÖvrigLitteratur" name="ClickPublikationer" time="0.817"/>
  <testcase classname="testCasesSAT.ArbetslivAddNewFackGranskadÖvrigLitteratur" name="LäggTillPublikationer" time="0.102"/>
  <testcase classname="testCasesSAT.ArbetslivAddNewFackGranskadÖvrigLitteratur" name="VäljPublikationsTyp" time="0.843"/>
  <testcase classname="testCasesSAT.ArbetslivAddNewFackGranskadÖvrigLitteratur" name="DropDownÖvrigLitteratur" time="0.225"/>
  <testcase classname="testCasesSAT.ArbetslivAddNewFackGranskadÖvrigLitteratur" name="ÖvrigLitteraturTitel" time="0.757"/>
  <testcase classname="testCasesSAT.ArbetslivAddNewFackGranskadÖvrigLitteratur" name="ÖvrigLitteraturFörfattareKnapp" time="0.086"/>
  <testcase classname="testCasesSAT.ArbetslivAddNewFackGranskadÖvrigLitteratur" name="ÖvrigLitteraturFörfattareFörnamn" time="0.181"/>
  <testcase classname="testCasesSAT.ArbetslivAddNewFackGranskadÖvrigLitteratur" name="ÖvrigLitteraturFörfattareEfternamn" time="0.168"/>
  <testcase classname="testCasesSAT.ArbetslivAddNewFackGranskadÖvrigLitteratur" name="ÖvrigLitteraturFörlag" time="0.151"/>
  <testcase classname="testCasesSAT.ArbetslivAddNewFackGranskadÖvrigLitteratur" name="ÖvrigLitteraturFörlagsplats" time="0.127"/>
  <testcase classname="testCasesSAT.ArbetslivAddNewFackGranskadÖvrigLitteratur" name="ÖvrigLitteraturISBN" time="0.084"/>
  <testcase classname="testCasesSAT.ArbetslivAddNewFackGranskadÖvrigLitteratur" name="ÖvrigLitteraturDOI" time="0.082"/>
  <testcase classname="testCasesSAT.ArbetslivAddNewFackGranskadÖvrigLitteratur" name="ÖvrigLitteraturKällaFörPublikation" time="0.099"/>
  <testcase classname="testCasesSAT.ArbetslivAddNewFackGranskadÖvrigLitteratur" name="ÖvrigLitteraturStatus" time="0.07"/>
  <testcase classname="testCasesSAT.ArbetslivAddNewFackGranskadÖvrigLitteratur" name="ÖvrigLitteraturKällaID" time="0.092"/>
  <testcase classname="testCasesSAT.ArbetslivAddNewFackGranskadÖvrigLitteratur" name="ÖvrigLitteraturVarTextenPubliceradIOpenAcessJa" time="0.14"/>
  <testcase classname="testCasesSAT.ArbetslivAddNewFackGranskadÖvrigLitteratur" name="ÖvrigLitteraturOpenAccessLänkExternLänkFörPublicering" time="0.758"/>
  <testcase classname="testCasesSAT.ArbetslivAddNewFackGranskadÖvrigLitteratur" name="ÖvrigLitteraturOpenAccessFormAvOA" time="0.114"/>
  <testcase classname="testCasesSAT.ArbetslivAddNewFackGranskadÖvrigLitteratur" name="ÖvrigLitteraturOpenAccessDokumentVersion" time="0.12"/>
  <testcase classname="testCasesSAT.ArbetslivAddNewFackGranskadÖvrigLitteratur" name="ÖvrigLitteraturOpenAcessSammanfattning" time="0.266"/>
  <testcase classname="testCasesSAT.ArbetslivAddNewFackGranskadÖvrigLitteratur" name="ÖvrigLitteraturSpara" time="0.86"/>
  <testcase classname="testCasesSAT.ArbetslivAddNewForskarutbyten" name="LoginAsUser" time="8.176"/>
  <testcase classname="testCasesSAT.ArbetslivAddNewForskarutbyten" name="ClickArbetsliv" time="0.727"/>
  <testcase classname="testCasesSAT.ArbetslivAddNewForskarutbyten" name="AddForskarUbyten" time="0.112"/>
  <testcase classname="testCasesSAT.ArbetslivAddNewForskarutbyten" name="SelectOrganization" time="2.086"/>
  <testcase classname="testCasesSAT.ArbetslivAddNewForskarutbyten" name="Ämne" time="0.57"/>
  <testcase classname="testCasesSAT.ArbetslivAddNewForskarutbyten" name="Typ" time="0.136"/>
  <testcase classname="testCasesSAT.ArbetslivAddNewForskarutbyten" name="PeriodStartOchSlutYear" time="0.305"/>
  <testcase classname="testCasesSAT.ArbetslivAddNewForskarutbyten" name="PeriodStartMonth" time="0.183"/>
  <testcase classname="testCasesSAT.ArbetslivAddNewForskarutbyten" name="PeriodEndMonth" time="0.181"/>
  <testcase classname="testCasesSAT.ArbetslivAddNewForskarutbyten" name="SparaForskarUbyte" time="0.101"/>
  <testcase classname="testCasesSAT.ArbetslivAddNewINTEFackGranskadBidragTillBok" name="LoginAsUser" time="7.186"/>
  <testcase classname="testCasesSAT.ArbetslivAddNewINTEFackGranskadBidragTillBok" name="ClickPublikationer" time="1.278"/>
  <testcase classname="testCasesSAT.ArbetslivAddNewINTEFackGranskadBidragTillBok" name="LäggTillPublikationer" time="0.101"/>
  <testcase classname="testCasesSAT.ArbetslivAddNewINTEFackGranskadBidragTillBok" name="VäljPublikationsTyp" time="0.811"/>
  <testcase classname="testCasesSAT.ArbetslivAddNewINTEFackGranskadBidragTillBok" name="DropDownBidragTillEnBok" time="0.238"/>
  <testcase classname="testCasesSAT.ArbetslivAddNewINTEFackGranskadBidragTillBok" name="BidragTillEnBokTitel" time="0.782"/>
  <testcase classname="testCasesSAT.ArbetslivAddNewINTEFackGranskadBidragTillBok" name="BidragTillEnBokFörfattareKnapp" time="0.087"/>
  <testcase classname="testCasesSAT.ArbetslivAddNewINTEFackGranskadBidragTillBok" name="BidragTillEnBokFörfattareFörnamn" time="0.131"/>
  <testcase classname="testCasesSAT.ArbetslivAddNewINTEFackGranskadBidragTillBok" name="BidragTillEnBokFörfattareEfternamn" time="0.137"/>
  <testcase classname="testCasesSAT.ArbetslivAddNewINTEFackGranskadBidragTillBok" name="BidragTillEnBokRedaktörKnapp" time="0.193"/>
  <testcase classname="testCasesSAT.ArbetslivAddNewINTEFackGranskadBidragTillBok" name="BidragTillEnBokRedaktörNamn" time="0.202"/>
  <testcase classname="testCasesSAT.ArbetslivAddNewINTEFackGranskadBidragTillBok" name="BidragTillEnBokUtgivareFörlag" time="0.11"/>
  <testcase classname="testCasesSAT.ArbetslivAddNewINTEFackGranskadBidragTillBok" name="BidragTillEnBokUtgivareFörlagsplats" time="0.175"/>
  <testcase classname="testCasesSAT.ArbetslivAddNewINTEFackGranskadBidragTillBok" name="BidragTillEnBokUtgivareFörstaSidnummer" time="0.055"/>
  <testcase classname="testCasesSAT.ArbetslivAddNewINTEFackGranskadBidragTillBok" name="BidragTillEnBokUtgivareSistaSidnummer" time="0.072"/>
  <testcase classname="testCasesSAT.ArbetslivAddNewINTEFackGranskadBidragTillBok" name="BidragTillEnBokUtgivareISBN" time="0.095"/>
  <testcase classname="testCasesSAT.ArbetslivAddNewINTEFackGranskadBidragTillBok" name="BidragTillEnBokUtgivareDOI" time="0.081"/>
  <testcase classname="testCasesSAT.ArbetslivAddNewINTEFackGranskadBidragTillBok" name="BidragTillEnBokUtgivareStatus" time="0.078"/>
  <testcase classname="testCasesSAT.ArbetslivAddNewINTEFackGranskadBidragTillBok" name="BidragTillEnBokUtgivareKällaFörPublikation" time="0.068"/>
  <testcase classname="testCasesSAT.ArbetslivAddNewINTEFackGranskadBidragTillBok" name="BidragTillEnBokUtgivareKällaID" time="0.073"/>
  <testcase classname="testCasesSAT.ArbetslivAddNewINTEFackGranskadBidragTillBok" name="BidragTillEnBokVarTextenPubliceradIOpenAcessJa" time="0.121"/>
  <testcase classname="testCasesSAT.ArbetslivAddNewINTEFackGranskadBidragTillBok" name="BidragTillEnBokOpenAccessLänkExternLänkFörPublicering" time="0.718"/>
  <testcase classname="testCasesSAT.ArbetslivAddNewINTEFackGranskadBidragTillBok" name="BidragTillEnBokOpenAccessFormAvOA" time="0.109"/>
  <testcase classname="testCasesSAT.ArbetslivAddNewINTEFackGranskadBidragTillBok" name="BidragTillEnBokOpenAccessDokumentVersion" time="0.123"/>
  <testcase classname="testCasesSAT.ArbetslivAddNewINTEFackGranskadBidragTillBok" name="BidragTillEnBokOpenAcessSammanfattning" time="0.292"/>
  <testcase classname="testCasesSAT.ArbetslivAddNewINTEFackGranskadBidragTillBok" name="BidragTillEnBokSpara" time="0.799"/>
  <testcase classname="testCasesSAT.ArbetslivAddNewINTEFackGranskadBok" name="LoginAsUser" time="8.068"/>
  <testcase classname="testCasesSAT.ArbetslivAddNewINTEFackGranskadBok" name="ClickPublikationer" time="1.035"/>
  <testcase classname="testCasesSAT.ArbetslivAddNewINTEFackGranskadBok" name="LäggTillPublikationer" time="0.091"/>
  <testcase classname="testCasesSAT.ArbetslivAddNewINTEFackGranskadBok" name="VäljPublikationsTyp" time="0.852"/>
  <testcase classname="testCasesSAT.ArbetslivAddNewINTEFackGranskadBok" name="DropDownBok" time="0.232"/>
  <testcase classname="testCasesSAT.ArbetslivAddNewINTEFackGranskadBok" name="BokFörfattareKnapp" time="0.136"/>
  <testcase classname="testCasesSAT.ArbetslivAddNewINTEFackGranskadBok" name="BokTitel" time="0.216"/>
  <testcase classname="testCasesSAT.ArbetslivAddNewINTEFackGranskadBok" name="BokFörfattareFörnamn" time="0.115"/>
  <testcase classname="testCasesSAT.ArbetslivAddNewINTEFackGranskadBok" name="BokFörfattareEfternamn" time="0.12"/>
  <testcase classname="testCasesSAT.ArbetslivAddNewINTEFackGranskadBok" name="BokUtgivareFörlag" time="0.167"/>
  <testcase classname="testCasesSAT.ArbetslivAddNewINTEFackGranskadBok" name="BokUtgivareFörlagsplats" time="0.163"/>
  <testcase classname="testCasesSAT.ArbetslivAddNewINTEFackGranskadBok" name="BokUtgivareISBN" time="0.131"/>
  <testcase classname="testCasesSAT.ArbetslivAddNewINTEFackGranskadBok" name="BokUtgivareDOI" time="0.133"/>
  <testcase classname="testCasesSAT.ArbetslivAddNewINTEFackGranskadBok" name="BokUtgivareKällaFörPublikation" time="0.2"/>
  <testcase classname="testCasesSAT.ArbetslivAddNewINTEFackGranskadBok" name="BokUtgivareKällaID" time="0.092"/>
  <testcase classname="testCasesSAT.ArbetslivAddNewINTEFackGranskadBok" name="BokVarTextenPubliceradIOpenAcessJa" time="0.113"/>
  <testcase classname="testCasesSAT.ArbetslivAddNewINTEFackGranskadBok" name="BokOpenAccessLänkExternLänkFörPublicering" time="0.772"/>
  <testcase classname="testCasesSAT.ArbetslivAddNewINTEFackGranskadBok" name="BokOpenAccessFormAvOA" time="0.122"/>
  <testcase classname="testCasesSAT.ArbetslivAddNewINTEFackGranskadBok" name="BokOpenAccessDokumentVersion" time="0.119"/>
  <testcase classname="testCasesSAT.ArbetslivAddNewINTEFackGranskadBok" name="BokOpenAcessSammanfattning" time="0.276"/>
  <testcase classname="testCasesSAT.ArbetslivAddNewINTEFackGranskadBok" name="BokSpara" time="0.9"/>
  <testcase classname="testCasesSAT.ArbetslivAddNewINTEFackGranskadOriginellaBidragTillVetenskapligaTidskriften" name="LoginAsUser" time="8.316"/>
  <testcase classname="testCasesSAT.ArbetslivAddNewINTEFackGranskadOriginellaBidragTillVetenskapligaTidskriften" name="ClickPublikationer" time="1.067"/>
  <testcase classname="testCasesSAT.ArbetslivAddNewINTEFackGranskadOriginellaBidragTillVetenskapligaTidskriften" name="LäggTillPublikationer" time="0.098"/>
  <testcase classname="testCasesSAT.ArbetslivAddNewINTEFackGranskadOriginellaBidragTillVetenskapligaTidskriften" name="VäljPublikationsTyp" time="0.82"/>
  <testcase classname="testCasesSAT.ArbetslivAddNewINTEFackGranskadOriginellaBidragTillVetenskapligaTidskriften" name="DropDownOriginellaBidragTillVetenskapligaTidskriften" time="0.212"/>
  <testcase classname="testCasesSAT.ArbetslivAddNewINTEFackGranskadOriginellaBidragTillVetenskapligaTidskriften" name="OriginellaBidragTillVetenskapligaTidskriftenFörfattareKnapp" time="0.126"/>
  <testcase classname="testCasesSAT.ArbetslivAddNewINTEFackGranskadOriginellaBidragTillVetenskapligaTidskriften" name="OriginellaBidragTillVetenskapligaTidskriftenTitel" time="0.21"/>
  <testcase classname="testCasesSAT.ArbetslivAddNewINTEFackGranskadOriginellaBidragTillVetenskapligaTidskriften" name="OriginellaBidragTillVetenskapligaTidskriftenFörfattareFörnamn" time="0.115"/>
  <testcase classname="testCasesSAT.ArbetslivAddNewINTEFackGranskadOriginellaBidragTillVetenskapligaTidskriften" name="OriginellaBidragTillVetenskapligaTidskriftenFörfattareEfternamn" time="0.133"/>
  <testcase classname="testCasesSAT.ArbetslivAddNewINTEFackGranskadOriginellaBidragTillVetenskapligaTidskriften" name="OriginellaBidragTillVetenskapligaTidskriftenNamnPåTidskrift" time="0.133"/>
  <testcase classname="testCasesSAT.ArbetslivAddNewINTEFackGranskadOriginellaBidragTillVetenskapligaTidskriften" name="OriginellaBidragTillVetenskapligaTidskriftenVolym" time="0.086"/>
  <testcase classname="testCasesSAT.ArbetslivAddNewINTEFackGranskadOriginellaBidragTillVetenskapligaTidskriften" name="OriginellaBidragTillVetenskapligaTidskriftenUtfärdandenummer" time="0.069"/>
  <testcase classname="testCasesSAT.ArbetslivAddNewINTEFackGranskadOriginellaBidragTillVetenskapligaTidskriften" name="OriginellaBidragTillVetenskapligaTidskriftenFörstaSidnummer" time="0.056"/>
  <testcase classname="testCasesSAT.ArbetslivAddNewINTEFackGranskadOriginellaBidragTillVetenskapligaTidskriften" name="OriginellaBidragTillVetenskapligaTidskriftenSistaSidnummer" time="0.06"/>
  <testcase classname="testCasesSAT.ArbetslivAddNewINTEFackGranskadOriginellaBidragTillVetenskapligaTidskriften" name="OriginellaBidragTillVetenskapligaTidskriftenDOI" time="0.131"/>
  <testcase classname="testCasesSAT.ArbetslivAddNewINTEFackGranskadOriginellaBidragTillVetenskapligaTidskriften" name="OriginellaBidragTillVetenskapligaTidskriftenKällaFörPublikation" time="0.198"/>
  <testcase classname="testCasesSAT.ArbetslivAddNewINTEFackGranskadOriginellaBidragTillVetenskapligaTidskriften" name="OriginellaBidragTillVetenskapligaTidskriftenStatus" time="0.07"/>
  <testcase classname="testCasesSAT.ArbetslivAddNewINTEFackGranskadOriginellaBidragTillVetenskapligaTidskriften" name="OriginellaBidragTillVetenskapligaTidskriftenKällaID" time="0.078"/>
  <testcase classname="testCasesSAT.ArbetslivAddNewINTEFackGranskadOriginellaBidragTillVetenskapligaTidskriften" name="OriginellaBidragTillVetenskapligaTidskriftenVarTextenPubliceradIOpenAcessJa" time="0.101"/>
  <testcase classname="testCasesSAT.ArbetslivAddNewINTEFackGranskadOriginellaBidragTillVetenskapligaTidskriften" name="OriginellaBidragTillVetenskapligaTidskriftenOpenAccessLänkExternLänkFörPublicering" time="0.742"/>
  <testcase classname="testCasesSAT.ArbetslivAddNewINTEFackGranskadOriginellaBidragTillVetenskapligaTidskriften" name="OriginellaBidragTillVetenskapligaTidskriftenOpenAccessFormAvOA" time="0.138"/>
  <testcase classname="testCasesSAT.ArbetslivAddNewINTEFackGranskadOriginellaBidragTillVetenskapligaTidskriften" name="OriginellaBidragTillVetenskapligaTidskriftenOpenAccessDokumentVersion" time="0.129"/>
  <testcase classname="testCasesSAT.ArbetslivAddNewINTEFackGranskadOriginellaBidragTillVetenskapligaTidskriften" name="OriginellaBidragTillVetenskapligaTidskriftenOpenAcessSammanfattning" time="0.286"/>
  <testcase classname="testCasesSAT.ArbetslivAddNewINTEFackGranskadOriginellaBidragTillVetenskapligaTidskriften" name="OriginellaBidragTillVetenskapligaTidskriftenSpara" time="0.865"/>
  <testcase classname="testCasesSAT.ArbetslivAddNewINTEFackGranskadRecensionArtikel" name="LoginAsUser" time="9.014"/>
  <testcase classname="testCasesSAT.ArbetslivAddNewINTEFackGranskadRecensionArtikel" name="ClickPublikationer" time="0.896"/>
  <testcase classname="testCasesSAT.ArbetslivAddNewINTEFackGranskadRecensionArtikel" name="LäggTillPublikationer" time="0.117"/>
  <testcase classname="testCasesSAT.ArbetslivAddNewINTEFackGranskadRecensionArtikel" name="VäljPublikationsTyp" time="0.869"/>
  <testcase classname="testCasesSAT.ArbetslivAddNewINTEFackGranskadRecensionArtikel" name="DropDownRecensionArtikel" time="0.23"/>
  <testcase classname="testCasesSAT.ArbetslivAddNewINTEFackGranskadRecensionArtikel" name="RecensionArtikelFörfattareKnapp" time="0.133"/>
  <testcase classname="testCasesSAT.ArbetslivAddNewINTEFackGranskadRecensionArtikel" name="RecensionArtikelTitel" time="0.209"/>
  <testcase classname="testCasesSAT.ArbetslivAddNewINTEFackGranskadRecensionArtikel" name="RecensionArtikelFörfattareFörnamn" time="0.102"/>
  <testcase classname="testCasesSAT.ArbetslivAddNewINTEFackGranskadRecensionArtikel" name="RecensionArtikelFörfattareEfternamn" time="0.122"/>
  <testcase classname="testCasesSAT.ArbetslivAddNewINTEFackGranskadRecensionArtikel" name="RecensionArtikelNamnPåTidskrift" time="0.157"/>
  <testcase classname="testCasesSAT.ArbetslivAddNewINTEFackGranskadRecensionArtikel" name="RecensionArtikelVolym" time="0.077"/>
  <testcase classname="testCasesSAT.ArbetslivAddNewINTEFackGranskadRecensionArtikel" name="RecensionArtikelUtfärdandenummer" time="0.082"/>
  <testcase classname="testCasesSAT.ArbetslivAddNewINTEFackGranskadRecensionArtikel" name="RecensionArtikelFörstaSidnummer" time="0.065"/>
  <testcase classname="testCasesSAT.ArbetslivAddNewINTEFackGranskadRecensionArtikel" name="RecensionArtikelSistaSidnummer" time="0.098"/>
  <testcase classname="testCasesSAT.ArbetslivAddNewINTEFackGranskadRecensionArtikel" name="RecensionArtikelDOI" time="0.131"/>
  <testcase classname="testCasesSAT.ArbetslivAddNewINTEFackGranskadRecensionArtikel" name="RecensionArtikelKällaFörPublikation" time="0.188"/>
  <testcase classname="testCasesSAT.ArbetslivAddNewINTEFackGranskadRecensionArtikel" name="RecensionArtikelStatus" time="0.069"/>
  <testcase classname="testCasesSAT.ArbetslivAddNewINTEFackGranskadRecensionArtikel" name="RecensionArtikelKällaID" time="0.077"/>
  <testcase classname="testCasesSAT.ArbetslivAddNewINTEFackGranskadRecensionArtikel" name="RecensionArtikelVarTextenPubliceradIOpenAcessJa" time="0.108"/>
  <testcase classname="testCasesSAT.ArbetslivAddNewINTEFackGranskadRecensionArtikel" name="RecensionArtikelLänkExternLänkFörPublicering" time="0.743"/>
  <testcase classname="testCasesSAT.ArbetslivAddNewINTEFackGranskadRecensionArtikel" name="RecensionArtikelOpenAccessFormAvOA" time="0.15"/>
  <testcase classname="testCasesSAT.ArbetslivAddNewINTEFackGranskadRecensionArtikel" name="RecensionArtikelOpenAccessDokumentVersion" time="0.165"/>
  <testcase classname="testCasesSAT.ArbetslivAddNewINTEFackGranskadRecensionArtikel" name="RecensionArtikelOpenAcessSammanfattning" time="0.273"/>
  <testcase classname="testCasesSAT.ArbetslivAddNewINTEFackGranskadRecensionArtikel" name="RecensionArtikelSpara" time="0.789"/>
  <testcase classname="testCasesSAT.ArbetslivAddNewINTEFackGranskadRedaktörerAntologi" name="LoginAsUser" time="7.895"/>
  <testcase classname="testCasesSAT.ArbetslivAddNewINTEFackGranskadRedaktörerAntologi" name="ClickPublikationer" time="1.012"/>
  <testcase classname="testCasesSAT.ArbetslivAddNewINTEFackGranskadRedaktörerAntologi" name="LäggTillPublikationer" time="0.079"/>
  <testcase classname="testCasesSAT.ArbetslivAddNewINTEFackGranskadRedaktörerAntologi" name="VäljPublikationsTyp" time="0.905"/>
  <testcase classname="testCasesSAT.ArbetslivAddNewINTEFackGranskadRedaktörerAntologi" name="DropDownRedaktörerAntologi" time="0.255"/>
  <testcase classname="testCasesSAT.ArbetslivAddNewINTEFackGranskadRedaktörerAntologi" name="RedaktörerAntologiTitel" time="0.795"/>
  <testcase classname="testCasesSAT.ArbetslivAddNewINTEFackGranskadRedaktörerAntologi" name="RedaktörerAntologiRedaktörKnapp" time="0.08"/>
  <testcase classname="testCasesSAT.ArbetslivAddNewINTEFackGranskadRedaktörerAntologi" name="RedaktörerAntologiRedaktörNamn" time="0.169"/>
  <testcase classname="testCasesSAT.ArbetslivAddNewINTEFackGranskadRedaktörerAntologi" name="RedaktörerAntologiFörlag" time="0.19"/>
  <testcase classname="testCasesSAT.ArbetslivAddNewINTEFackGranskadRedaktörerAntologi" name="RedaktörerAntologiFörlagsplats" time="0.175"/>
  <testcase classname="testCasesSAT.ArbetslivAddNewINTEFackGranskadRedaktörerAntologi" name="RedaktörerAntologiISBN" time="0.085"/>
  <testcase classname="testCasesSAT.ArbetslivAddNewINTEFackGranskadRedaktörerAntologi" name="RedaktörerAntologiDOI" time="0.082"/>
  <testcase classname="testCasesSAT.ArbetslivAddNewINTEFackGranskadRedaktörerAntologi" name="RedaktörerAntologiKällaFörPublikation" time="0.122"/>
  <testcase classname="testCasesSAT.ArbetslivAddNewINTEFackGranskadRedaktörerAntologi" name="RedaktörerAntologiStatus" time="0.099"/>
  <testcase classname="testCasesSAT.ArbetslivAddNewINTEFackGranskadRedaktörerAntologi" name="RedaktörerAntologiKällaID" time="0.077"/>
  <testcase classname="testCasesSAT.ArbetslivAddNewINTEFackGranskadRedaktörerAntologi" name="RedaktörerAntologiVarTextenPubliceradIOpenAcessJa" time="0.094"/>
  <testcase classname="testCasesSAT.ArbetslivAddNewINTEFackGranskadRedaktörerAntologi" name="RedaktörerAntologiOpenAccessLänkExternLänkFörPublicering" time="0.724"/>
  <testcase classname="testCasesSAT.ArbetslivAddNewINTEFackGranskadRedaktörerAntologi" name="RedaktörerAntologiOpenAccessFormAvOA" time="0.122"/>
  <testcase classname="testCasesSAT.ArbetslivAddNewINTEFackGranskadRedaktörerAntologi" name="RedaktörerAntologiOpenAccessDokumentVersion" time="0.133"/>
  <testcase classname="testCasesSAT.ArbetslivAddNewINTEFackGranskadRedaktörerAntologi" name="RedaktörerAntologiOpenAcessSammanfattning" time="0.27"/>
  <testcase classname="testCasesSAT.ArbetslivAddNewINTEFackGranskadRedaktörerAntologi" name="RedaktörerAntologiSpara" time="0.868"/>
  <testcase classname="testCasesSAT.ArbetslivAddNewINTEFackGranskadÖvrigLitteratur" name="LoginAsUser" time="9.252"/>
  <testcase classname="testCasesSAT.ArbetslivAddNewINTEFackGranskadÖvrigLitteratur" name="ClickPublikationer" time="0.883"/>
  <testcase classname="testCasesSAT.ArbetslivAddNewINTEFackGranskadÖvrigLitteratur" name="LäggTillPublikationer" time="0.098"/>
  <testcase classname="testCasesSAT.ArbetslivAddNewINTEFackGranskadÖvrigLitteratur" name="VäljPublikationsTyp" time="0.855"/>
  <testcase classname="testCasesSAT.ArbetslivAddNewINTEFackGranskadÖvrigLitteratur" name="DropDownÖvrigLitteratur" time="0.228"/>
  <testcase classname="testCasesSAT.ArbetslivAddNewINTEFackGranskadÖvrigLitteratur" name="ÖvrigLitteraturTitel" time="0.777"/>
  <testcase classname="testCasesSAT.ArbetslivAddNewINTEFackGranskadÖvrigLitteratur" name="ÖvrigLitteraturFörfattareKnapp" time="0.083"/>
  <testcase classname="testCasesSAT.ArbetslivAddNewINTEFackGranskadÖvrigLitteratur" name="ÖvrigLitteraturFörfattareFörnamn" time="0.121"/>
  <testcase classname="testCasesSAT.ArbetslivAddNewINTEFackGranskadÖvrigLitteratur" name="ÖvrigLitteraturFörfattareEfternamn" time="0.189"/>
  <testcase classname="testCasesSAT.ArbetslivAddNewINTEFackGranskadÖvrigLitteratur" name="ÖvrigLitteraturFörlag" time="0.167"/>
  <testcase classname="testCasesSAT.ArbetslivAddNewINTEFackGranskadÖvrigLitteratur" name="ÖvrigLitteraturFörlagsplats" time="0.123"/>
  <testcase classname="testCasesSAT.ArbetslivAddNewINTEFackGranskadÖvrigLitteratur" name="ÖvrigLitteraturISBN" time="0.093"/>
  <testcase classname="testCasesSAT.ArbetslivAddNewINTEFackGranskadÖvrigLitteratur" name="ÖvrigLitteraturDOI" time="0.082"/>
  <testcase classname="testCasesSAT.ArbetslivAddNewINTEFackGranskadÖvrigLitteratur" name="ÖvrigLitteraturKällaFörPublikation" time="0.065"/>
  <testcase classname="testCasesSAT.ArbetslivAddNewINTEFackGranskadÖvrigLitteratur" name="ÖvrigLitteraturStatus" time="0.089"/>
  <testcase classname="testCasesSAT.ArbetslivAddNewINTEFackGranskadÖvrigLitteratur" name="ÖvrigLitteraturKällaID" time="0.081"/>
  <testcase classname="testCasesSAT.ArbetslivAddNewINTEFackGranskadÖvrigLitteratur" name="ÖvrigLitteraturVarTextenPubliceradIOpenAcessJa" time="0.105"/>
  <testcase classname="testCasesSAT.ArbetslivAddNewINTEFackGranskadÖvrigLitteratur" name="ÖvrigLitteraturOpenAccessLänkExternLänkFörPublicering" time="0.716"/>
  <testcase classname="testCasesSAT.ArbetslivAddNewINTEFackGranskadÖvrigLitteratur" name="ÖvrigLitteraturOpenAccessFormAvOA" time="0.106"/>
  <testcase classname="testCasesSAT.ArbetslivAddNewINTEFackGranskadÖvrigLitteratur" name="ÖvrigLitteraturOpenAccessDokumentVersion" time="0.133"/>
  <testcase classname="testCasesSAT.ArbetslivAddNewINTEFackGranskadÖvrigLitteratur" name="ÖvrigLitteraturOpenAcessSammanfattning" time="0.268"/>
  <testcase classname="testCasesSAT.ArbetslivAddNewINTEFackGranskadÖvrigLitteratur" name="ÖvrigLitteraturSpara" time="0.87"/>
  <testcase classname="testCasesSAT.ArbetslivAddNewPostdoktorvistelser" name="LoginAsUser" time="6.74"/>
  <testcase classname="testCasesSAT.ArbetslivAddNewPostdoktorvistelser" name="ClickArbetsliv" time="0.705"/>
  <testcase classname="testCasesSAT.ArbetslivAddNewPostdoktorvistelser" name="AddPostdoktorvistelser" time="0.094"/>
  <testcase classname="testCasesSAT.ArbetslivAddNewPostdoktorvistelser" name="SelectOrganization" time="2.099"/>
  <testcase classname="testCasesSAT.ArbetslivAddNewPostdoktorvistelser" name="ÄmneDropDown" time="0.543"/>
  <testcase classname="testCasesSAT.ArbetslivAddNewPostdoktorvistelser" name="PeriodStartOchSlutYear" time="0.575"/>
  <testcase classname="testCasesSAT.ArbetslivAddNewPostdoktorvistelser" name="PeriodStartMonth" time="0.163"/>
  <testcase classname="testCasesSAT.ArbetslivAddNewPostdoktorvistelser" name="PeriodEndMonth" time="0.179"/>
  <testcase classname="testCasesSAT.ArbetslivAddNewPostdoktorvistelser" name="SparaPostdoktorvistelser" time="0.106"/>
  <testcase classname="testCasesSAT.ArbetslivAddNewUppeHålliForskningen" name="LoginAsUser" time="6.769"/>
  <testcase classname="testCasesSAT.ArbetslivAddNewUppeHålliForskningen" name="ClickArbetsliv" time="0.765"/>
  <testcase classname="testCasesSAT.ArbetslivAddNewUppeHålliForskningen" name="UppehållIForskningenLäggTill" time="0.104"/>
  <testcase classname="testCasesSAT.ArbetslivAddNewUppeHålliForskningen" name="StartDatum" time="0.294"/>
  <testcase classname="testCasesSAT.ArbetslivAddNewUppeHålliForskningen" name="SlutDatum" time="0.161"/>
  <testcase classname="testCasesSAT.ArbetslivAddNewUppeHålliForskningen" name="Beskrivning" time="0.081"/>
  <testcase classname="testCasesSAT.ArbetslivAddNewUppeHålliForskningen" name="SparaVal" time="0.102"/>
  <testcase classname="testCasesSAT.ButtonCheckLoggedInAsAdmin" name="LoginAsAdminUser" time="2.821"/>
  <testcase classname="testCasesSAT.ButtonCheckLoggedInAsAdmin" name="ClickMyProfileButton" time="1.463"/>
  <testcase classname="testCasesSAT.ButtonCheckLoggedInAsAdmin" name="ClickIntressentregisterButton" time="5.573"/>
  <testcase classname="testCasesSAT.ButtonCheckLoggedInAsAdmin" name="ClickBeredningsgrupperButton" time="1.901"/>
  <testcase classname="testCasesSAT.ButtonCheckLoggedInAsAdmin" name="ClickFormulärButton" time="0.55"/>
  <testcase classname="testCasesSAT.ButtonCheckLoggedInAsAdmin" name="FormulärKarolinskaInstitutet" time="6.053"/>
  <testcase classname="testCasesSAT.ButtonCheckLoggedInAsAdmin" name="FormulärFormas" time="6.443"/>
  <testcase classname="testCasesSAT.ButtonCheckLoggedInAsAdmin" name="FormulärVetenskapsrådet" time="6.19"/>
  <testcase classname="testCasesSAT.ButtonCheckLoggedInAsAdmin" name="FormulärForte" time="5.377"/>
  <testcase classname="testCasesSAT.ButtonCheckLoggedInAsAdmin" name="FormulärSkolfi" time="5.403"/>
  <testcase classname="testCasesSAT.ButtonCheckLoggedInAsAdmin" name="FormulärEPN" time="6.19"/>
  <testcase classname="testCasesSAT.ButtonCheckLoggedInAsAdmin" name="ClickFinansiärButton" time="0.525"/>
  <testcase classname="testCasesSAT.ButtonCheckLoggedInAsAdmin" name="FinansiärKarolinskaInstitutet" time="7.896"/>
  <testcase classname="testCasesSAT.ButtonCheckLoggedInAsAdmin" name="FinansiärFormas" time="7.131"/>
  <testcase classname="testCasesSAT.ButtonCheckLoggedInAsAdmin" name="FinansiärVetenskapsrådet" time="7.363"/>
  <testcase classname="testCasesSAT.ButtonCheckLoggedInAsAdmin" name="FinansiärForte" time="7.317"/>
  <testcase classname="testCasesSAT.ButtonCheckLoggedInAsAdmin" name="FinansiärSkolfi" time="6.868"/>
  <testcase classname="testCasesSAT.ButtonCheckLoggedInAsAdmin" name="FinansiärEPN" time="7.694"/>
  <testcase classname="testCasesSAT.ButtonCheckLoggedInAsAdmin" name="ClickPortaladministrationButton" time="8.184"/>
  <testcase classname="testCasesSAT.ButtonCheckLoggedInAsAdmin" name="Logout" time="0.43"/>
  <testcase classname="testCasesSAT.ButtonCheckLoggedInAsUser" name="LoginAsNormalUser" time="5.387"/>
  <testcase classname="testCasesSAT.ButtonCheckLoggedInAsUser" name="ClickStartButton" time="1.94"/>
  <testcase classname="testCasesSAT.ButtonCheckLoggedInAsUser" name="ClickPersonuppgifterButton" time="0.574"/>
  <testcase classname="testCasesSAT.ButtonCheckLoggedInAsUser" name="ClickUtbildningButton" time="0.707"/>
  <testcase classname="testCasesSAT.ButtonCheckLoggedInAsUser" name="ClickArbetslivButton" time="1.081"/>
  <testcase classname="testCasesSAT.ButtonCheckLoggedInAsUser" name="ClickPublikationerButton" time="0.638"/>
  <testcase classname="testCasesSAT.ButtonCheckLoggedInAsUser" name="ClickMeriterOchUtmärkelserButton" time="1.073"/>
  <testcase classname="testCasesSAT.ButtonCheckLoggedInAsUser" name="ClickImmaterialrättButton" time="0.594"/>
  <testcase classname="testCasesSAT.ButtonCheckLoggedInAsUser" name="ClickGranskarkompetensIfVisible" time="0.014"/>
  <testcase classname="testCasesSAT.ButtonCheckLoggedInAsUser" name="ClickAnsökningarOchBidrag" time="4.311"/>
  <testcase classname="testCasesSAT.ButtonCheckLoggedInAsUser" name="ClickGranskning" time="2.288"/>
  <testcase classname="testCasesSAT.ButtonCheckLoggedInAsUser" name="ClickOrganisationsUppgifter" time="2.532"/>
  <testcase classname="testCasesSAT.ButtonCheckLoggedInAsUser" name="ClickOrganisationsKonto" time="14.069"/>
  <testcase classname="testCasesSAT.ButtonCheckLoggedInAsUser" name="Logout" time="0.417"/>
  <testcase classname="testCasesSAT.LoginAsInvalidUser" name="InputUserWithInvalidInfo" time="2.174"/>
  <testcase classname="testCasesSAT.LoginAsInvalidUser" name="CheckThatLogginInWithFalseInfoNotPossible" time="0.031"/>
  <testcase classname="testCasesSAT.LoginAsValidUser" name="LoginAsUser" time="3.176"/>
  <testcase classname="testCasesSAT.LoginAsValidUser" name="CheckIfLogOutButtonIsPresentVerifyLoginSuccess" time="0.016"/>
  <testcase classname="testCasesSAT.MeriterOchUtmärkelserAddNewDocentur" name="LoginAsUser" time="8.097"/>
  <testcase classname="testCasesSAT.MeriterOchUtmärkelserAddNewDocentur" name="ClickMeriterOchUtmärkelser" time="1.533"/>
  <testcase classname="testCasesSAT.MeriterOchUtmärkelserAddNewDocentur" name="LäggTillDocentur" time="0.099"/>
  <testcase classname="testCasesSAT.MeriterOchUtmärkelserAddNewDocentur" name="SelectOrganization" time="2.046"/>
  <testcase classname="testCasesSAT.MeriterOchUtmärkelserAddNewDocentur" name="Ämne" time="0.411"/>
  <testcase classname="testCasesSAT.MeriterOchUtmärkelserAddNewDocentur" name="År" time="0.676"/>
  <testcase classname="testCasesSAT.MeriterOchUtmärkelserAddNewDocentur" name="SparaDocentur" time="0.09"/>
  <testcase classname="testCasesSAT.MeriterOchUtmärkelserAddNewHandleddaPersonerEnskildPerson" name="LoginAsUser" time="8.351"/>
  <testcase classname="testCasesSAT.MeriterOchUtmärkelserAddNewHandleddaPersonerEnskildPerson" name="ClickMeriterOchUtmärkelser" time="1.63"/>
  <testcase classname="testCasesSAT.MeriterOchUtmärkelserAddNewHandleddaPersonerEnskildPerson" name="LäggTillHandleddaPersonerEnskildPerson" time="0.085"/>
  <testcase classname="testCasesSAT.MeriterOchUtmärkelserAddNewHandleddaPersonerEnskildPerson" name="LäggTillHandleddaPersonerEnskildPersonFörnamn" time="0.264"/>
  <testcase classname="testCasesSAT.MeriterOchUtmärkelserAddNewHandleddaPersonerEnskildPerson" name="LäggTillHandleddaPersonerEnskildPersonEfternamn" time="0.106"/>
  <testcase classname="testCasesSAT.MeriterOchUtmärkelserAddNewHandleddaPersonerEnskildPerson" name="LäggTillHandleddaPersonerEnskildPersonSlutår" time="0.537"/>
  <testcase classname="testCasesSAT.MeriterOchUtmärkelserAddNewHandleddaPersonerEnskildPerson" name="LäggTillHandleddaPersonerEnskildPersonTypAvHandleddaPersoner" time="0.123"/>
  <testcase classname="testCasesSAT.MeriterOchUtmärkelserAddNewHandleddaPersonerEnskildPerson" name="LäggTillHandleddaPersonerEnskildPersonRoll" time="0.123"/>
  <testcase classname="testCasesSAT.MeriterOchUtmärkelserAddNewHandleddaPersonerEnskildPerson" name="LäggTillHandleddaPersonerEnskildPersonRollSpara" time="0.078"/>
  <testcase classname="testCasesSAT.UtbildningAddUtbildningPåGrundOchAvanceradNivå" name="LoginAsUser" time="6.833"/>
  <testcase classname="testCasesSAT.UtbildningAddUtbildningPåGrundOchAvanceradNivå" name="ClickUtbildning" time="0.628"/>
  <testcase classname="testCasesSAT.UtbildningAddUtbildningPåGrundOchAvanceradNivå" name="ClickUtbildningPåGrundOchAvanceradNivå" time="0.07"/>
  <testcase classname="testCasesSAT.UtbildningAddUtbildningPåGrundOchAvanceradNivå" name="UtbildningPåGrundOchAvanceradNivåAdd" time="0.078"/>
  <testcase classname="testCasesSAT.UtbildningAddUtbildningPåGrundOchAvanceradNivå" name="SelectOrganization" time="2.219"/>
  <testcase classname="testCasesSAT.UtbildningAddUtbildningPåGrundOchAvanceradNivå" name="ÅrFörExamen" time="0.814"/>
  <testcase classname="testCasesSAT.UtbildningAddUtbildningPåGrundOchAvanceradNivå" name="ExamensinriktningSelectSubjects" time="0.596"/>
  <testcase classname="testCasesSAT.UtbildningAddUtbildningPåGrundOchAvanceradNivå" name="Examen" time="0.123"/>
  <testcase classname="testCasesSAT.UtbildningAddUtbildningPåGrundOchAvanceradNivå" name="Specialistkompetens" time="0.133"/>
  <testcase classname="testCasesSAT.UtbildningAddUtbildningPåGrundOchAvanceradNivå" name="SpecialistkompetensÅr" time="0.703"/>
  <testcase classname="testCasesSAT.UtbildningAddUtbildningPåGrundOchAvanceradNivå" name="OmrådeBeskrivning" time="0.096"/>
  <testcase classname="testCasesSAT.UtbildningAddUtbildningPåGrundOchAvanceradNivå" name="Spara" time="0.14"/>
  <testcase classname="testCasesSAT.UtbildningForskarUtbildningAddDoktorsExamen" name="LoginAsUser" time="6.927"/>
  <testcase classname="testCasesSAT.UtbildningForskarUtbildningAddDoktorsExamen" name="ClickUtbildning" time="0.696"/>
  <testcase classname="testCasesSAT.UtbildningForskarUtbildningAddDoktorsExamen" name="ClickForskarUtbildning" time="0.079"/>
  <testcase classname="testCasesSAT.UtbildningForskarUtbildningAddDoktorsExamen" name="AddForskarUtbildning" time="0.075"/>
  <testcase classname="testCasesSAT.UtbildningForskarUtbildningAddDoktorsExamen" name="SelectOrganization" time="2.037"/>
  <testcase classname="testCasesSAT.UtbildningForskarUtbildningAddDoktorsExamen" name="TypAvForskarUtbildningAddDoktorsexamen" time="0.253"/>
  <testcase classname="testCasesSAT.UtbildningForskarUtbildningAddDoktorsExamen" name="Examensdatum" time="0.453"/>
  <testcase classname="testCasesSAT.UtbildningForskarUtbildningAddDoktorsExamen" name="TypAvForskarUtbildningSelectSubjects" time="0.542"/>
  <testcase classname="testCasesSAT.UtbildningForskarUtbildningAddDoktorsExamen" name="WriteAvhandlingensTitelOrginalSpråk" time="0.155"/>
  <testcase classname="testCasesSAT.UtbildningForskarUtbildningAddDoktorsExamen" name="WriteAvhandlingensTitelEngelska" time="0.156"/>
  <testcase classname="testCasesSAT.UtbildningForskarUtbildningAddDoktorsExamen" name="ISSNISBNNummer" time="0.11"/>
  <testcase classname="testCasesSAT.UtbildningForskarUtbildningAddDoktorsExamen" name="FörnamnHandledare" time="0.075"/>
  <testcase classname="testCasesSAT.UtbildningForskarUtbildningAddDoktorsExamen" name="EfternamnHandledare" time="0.104"/>
  <testcase classname="testCasesSAT.UtbildningForskarUtbildningAddDoktorsExamen" name="SparaForskarutbildningKnapp" time="0.143"/>
  <testcase classname="testCasesSAT.UtbildningForskarUtbildningAddForskningskompetensMotsvarandeDoktorsexamen" name="LoginAsUser" time="6.773"/>
  <testcase classname="testCasesSAT.UtbildningForskarUtbildningAddForskningskompetensMotsvarandeDoktorsexamen" name="ClickUtbildning" time="0.607"/>
  <testcase classname="testCasesSAT.UtbildningForskarUtbildningAddForskningskompetensMotsvarandeDoktorsexamen" name="ClickForskarUtbildning" time="0.076"/>
  <testcase classname="testCasesSAT.UtbildningForskarUtbildningAddForskningskompetensMotsvarandeDoktorsexamen" name="AddForskarUtbildning" time="0.074"/>
  <testcase classname="testCasesSAT.UtbildningForskarUtbildningAddForskningskompetensMotsvarandeDoktorsexamen" name="SelectOrganization" time="2.06"/>
  <testcase classname="testCasesSAT.UtbildningForskarUtbildningAddForskningskompetensMotsvarandeDoktorsexamen" name="TypAvForskarUtbildningAddForskningskompetensMotsvarandeDoktorsexamen" time="0.251"/>
  <testcase classname="testCasesSAT.UtbildningForskarUtbildningAddForskningskompetensMotsvarandeDoktorsexamen" name="Examensdatum" time="0.335"/>
  <testcase classname="testCasesSAT.UtbildningForskarUtbildningAddForskningskompetensMotsvarandeDoktorsexamen" name="TypAvForskarUtbildningSelectSubjects" time="0.57"/>
  <testcase classname="testCasesSAT.UtbildningForskarUtbildningAddForskningskompetensMotsvarandeDoktorsexamen" name="BeskrivningAvKompetensSvenska" time="0.135"/>
  <testcase classname="testCasesSAT.UtbildningForskarUtbildningAddForskningskompetensMotsvarandeDoktorsexamen" name="BeskrivningAvKompetensEngelska" time="0.107"/>
  <testcase classname="testCasesSAT.UtbildningForskarUtbildningAddLicentiatexamen" name="LoginAsUser" time="7.201"/>
  <testcase classname="testCasesSAT.UtbildningForskarUtbildningAddLicentiatexamen" name="ClickUtbildning" time="0.631"/>
  <testcase classname="testCasesSAT.UtbildningForskarUtbildningAddLicentiatexamen" name="ClickForskarUtbildning" time="0.097"/>
  <testcase classname="testCasesSAT.UtbildningForskarUtbildningAddLicentiatexamen" name="AddForskarUtbildning" time="0.07"/>
  <testcase classname="testCasesSAT.UtbildningForskarUtbildningAddLicentiatexamen" name="SelectOrganization" time="2.044"/>
  <testcase classname="testCasesSAT.UtbildningForskarUtbildningAddLicentiatexamen" name="TypAvForskarUtbildningAddLicentiatexamen" time="0.273"/>
  <testcase classname="testCasesSAT.UtbildningForskarUtbildningAddLicentiatexamen" name="Examensdatum" time="0.448"/>
  <testcase classname="testCasesSAT.UtbildningForskarUtbildningAddLicentiatexamen" name="TypAvForskarUtbildningSelectSubjects" time="0.55"/>
  <testcase classname="testCasesSAT.UtbildningForskarUtbildningAddLicentiatexamen" name="WriteAvhandlingensTitelOrginalSpråk" time="0.166"/>
  <testcase classname="testCasesSAT.UtbildningForskarUtbildningAddLicentiatexamen" name="WriteAvhandlingensTitelEngelska" time="0.189"/>
  <testcase classname="testCasesSAT.UtbildningForskarUtbildningAddLicentiatexamen" name="ISSNISBNNummer" time="0.111"/>
  <testcase classname="testCasesSAT.UtbildningForskarUtbildningAddLicentiatexamen" name="FörnamnHandledare" time="0.077"/>
  <testcase classname="testCasesSAT.UtbildningForskarUtbildningAddLicentiatexamen" name="EfternamnHandledare" time="0.099"/>
  <testcase classname="testCasesSAT.UtbildningForskarUtbildningAddLicentiatexamen" name="SparaForskarutbildningKnapp" time="0.13"/>
</testsuite> <!-- all-tests-SAT-Chrome -->
