<?xml version="1.0" encoding="UTF-8"?>
<!-- Generated by org.testng.reporters.JUnitXMLReporter -->
<testsuite ignored="0" hostname="77DWHM2" failures="1" tests="26" name="all-tests-SAT-IExplorer" time="37.792" errors="0" timestamp="29 juni 2018 09:27:40 GMT">
  <testcase classname="driverAndCommands.BeforeAfterTestBrowsers" name="@AfterClass tearDown" time="1.529">
    <failure type="org.openqa.selenium.WebDriverException" message="java.net.ConnectException: Failed to connect to localhost/0:0:0:0:0:0:0:1:45117
Build info: version: &amp;apos;3.12.0&amp;apos;, revision: &amp;apos;7c6e0b3&amp;apos;, time: &amp;apos;2018-05-08T15:15:03.216Z&amp;apos;
System info: host: &amp;apos;77DWHM2&amp;apos;, ip: &amp;apos;172.17.159.241&amp;apos;, os.name: &amp;apos;Windows 10&amp;apos;, os.arch: &amp;apos;amd64&amp;apos;, os.version: &amp;apos;10.0&amp;apos;, java.version: &amp;apos;10.0.1&amp;apos;
Driver info: driver.version: EndDriver">
      <![CDATA[org.openqa.selenium.WebDriverException: java.net.ConnectException: Failed to connect to localhost/0:0:0:0:0:0:0:1:45117
Build info: version: '3.12.0', revision: '7c6e0b3', time: '2018-05-08T15:15:03.216Z'
System info: host: '77DWHM2', ip: '172.17.159.241', os.name: 'Windows 10', os.arch: 'amd64', os.version: '10.0', java.version: '10.0.1'
Driver info: driver.version: EndDriver
at org.openqa.selenium.remote.service.DriverCommandExecutor.execute(DriverCommandExecutor.java:92)
at org.openqa.selenium.remote.RemoteWebDriver.execute(RemoteWebDriver.java:543)
at org.openqa.selenium.remote.RemoteWebDriver.execute(RemoteWebDriver.java:600)
at org.openqa.selenium.remote.RemoteWebDriver.quit(RemoteWebDriver.java:443)
at driverAndCommands.EndDriver.DriverQuit(EndDriver.java:10)
at driverAndCommands.BeforeAfterTestBrowsers.tearDown(BeforeAfterTestBrowsers.java:46)
Caused by: java.net.ConnectException: Failed to connect to localhost/0:0:0:0:0:0:0:1:45117
at okhttp3.internal.connection.RealConnection.connectSocket(RealConnection.java:240)
at okhttp3.internal.connection.RealConnection.connect(RealConnection.java:158)
at okhttp3.internal.connection.StreamAllocation.findConnection(StreamAllocation.java:256)
at okhttp3.internal.connection.StreamAllocation.findHealthyConnection(StreamAllocation.java:134)
at okhttp3.internal.connection.StreamAllocation.newStream(StreamAllocation.java:113)
at okhttp3.internal.connection.ConnectInterceptor.intercept(ConnectInterceptor.java:42)
at okhttp3.internal.http.RealInterceptorChain.proceed(RealInterceptorChain.java:147)
at okhttp3.internal.http.RealInterceptorChain.proceed(RealInterceptorChain.java:121)
at okhttp3.internal.cache.CacheInterceptor.intercept(CacheInterceptor.java:93)
at okhttp3.internal.http.RealInterceptorChain.proceed(RealInterceptorChain.java:147)
at okhttp3.internal.http.RealInterceptorChain.proceed(RealInterceptorChain.java:121)
at okhttp3.internal.http.BridgeInterceptor.intercept(BridgeInterceptor.java:93)
at okhttp3.internal.http.RealInterceptorChain.proceed(RealInterceptorChain.java:147)
at okhttp3.internal.http.RetryAndFollowUpInterceptor.intercept(RetryAndFollowUpInterceptor.java:125)
at okhttp3.internal.http.RealInterceptorChain.proceed(RealInterceptorChain.java:147)
at okhttp3.internal.http.RealInterceptorChain.proceed(RealInterceptorChain.java:121)
at okhttp3.RealCall.getResponseWithInterceptorChain(RealCall.java:200)
at okhttp3.RealCall.execute(RealCall.java:77)
at org.openqa.selenium.remote.internal.OkHttpClient.execute(OkHttpClient.java:105)
at org.openqa.selenium.remote.HttpCommandExecutor.execute(HttpCommandExecutor.java:155)
at org.openqa.selenium.remote.service.DriverCommandExecutor.execute(DriverCommandExecutor.java:83)
... 31 more
Caused by: java.net.ConnectException: Connection refused: connect
at java.base/java.net.DualStackPlainSocketImpl.waitForConnect(Native Method)
at java.base/java.net.DualStackPlainSocketImpl.socketConnect(Unknown Source)
at java.base/java.net.AbstractPlainSocketImpl.doConnect(Unknown Source)
at java.base/java.net.AbstractPlainSocketImpl.connectToAddress(Unknown Source)
at java.base/java.net.AbstractPlainSocketImpl.connect(Unknown Source)
at java.base/java.net.PlainSocketImpl.connect(Unknown Source)
at java.base/java.net.SocksSocketImpl.connect(Unknown Source)
at java.base/java.net.Socket.connect(Unknown Source)
at okhttp3.internal.platform.Platform.connectSocket(Platform.java:125)
at okhttp3.internal.connection.RealConnection.connectSocket(RealConnection.java:238)
... 51 more
... Removed 26 stack frames]]>
    </failure>
  </testcase> <!-- @AfterClass tearDown -->
  <testcase classname="driverAndCommands.BeforeAfterTestBrowsers" name="@BeforeClass f" time="0.0">
    <skipped/>
  </testcase> <!-- @BeforeClass f -->
  <testcase classname="driverAndCommands.BeforeAfterTestBrowsers" name="@AfterClass tearDown" time="0.0">
    <skipped/>
  </testcase> <!-- @AfterClass tearDown -->
  <testcase classname="driverAndCommands.BeforeAfterTestBrowsers" name="@BeforeClass f" time="0.0">
    <skipped/>
  </testcase> <!-- @BeforeClass f -->
  <testcase classname="driverAndCommands.BeforeAfterTestBrowsers" name="@AfterClass tearDown" time="0.0">
    <skipped/>
  </testcase> <!-- @AfterClass tearDown -->
  <testcase classname="driverAndCommands.BeforeAfterTestBrowsers" name="@BeforeClass f" time="0.0">
    <skipped/>
  </testcase> <!-- @BeforeClass f -->
  <testcase classname="driverAndCommands.BeforeAfterTestBrowsers" name="@AfterClass tearDown" time="0.0">
    <skipped/>
  </testcase> <!-- @AfterClass tearDown -->
  <testcase classname="testCasesSAT.ButtonCheckLoggedInAsAdmin" name="LoginAsAdminUser" time="33.676">
    <failure type="org.openqa.selenium.WebDriverException" message="java.net.SocketException: Connection reset
Build info: version: &amp;apos;3.12.0&amp;apos;, revision: &amp;apos;7c6e0b3&amp;apos;, time: &amp;apos;2018-05-08T15:15:03.216Z&amp;apos;
System info: host: &amp;apos;77DWHM2&amp;apos;, ip: &amp;apos;172.17.159.241&amp;apos;, os.name: &amp;apos;Windows 10&amp;apos;, os.arch: &amp;apos;amd64&amp;apos;, os.version: &amp;apos;10.0&amp;apos;, java.version: &amp;apos;10.0.1&amp;apos;
Driver info: driver.version: RemoteWebDriver">
      <![CDATA[org.openqa.selenium.WebDriverException: java.net.SocketException: Connection reset
Build info: version: '3.12.0', revision: '7c6e0b3', time: '2018-05-08T15:15:03.216Z'
System info: host: '77DWHM2', ip: '172.17.159.241', os.name: 'Windows 10', os.arch: 'amd64', os.version: '10.0', java.version: '10.0.1'
Driver info: driver.version: RemoteWebDriver
at org.openqa.selenium.remote.service.DriverCommandExecutor.execute(DriverCommandExecutor.java:92)
at org.openqa.selenium.remote.RemoteWebDriver.execute(RemoteWebDriver.java:543)
at org.openqa.selenium.remote.RemoteWebElement.execute(RemoteWebElement.java:276)
at org.openqa.selenium.remote.RemoteWebElement.click(RemoteWebElement.java:83)
at testCasesSAT.ButtonCheckLoggedInAsAdmin.LoginAsAdminUser(ButtonCheckLoggedInAsAdmin.java:20)
Caused by: java.net.SocketException: Connection reset
at java.base/java.net.SocketInputStream.read(Unknown Source)
at java.base/java.net.SocketInputStream.read(Unknown Source)
at okio.Okio$2.read(Okio.java:139)
at okio.AsyncTimeout$2.read(AsyncTimeout.java:237)
at okio.RealBufferedSource.indexOf(RealBufferedSource.java:345)
at okio.RealBufferedSource.readUtf8LineStrict(RealBufferedSource.java:217)
at okhttp3.internal.http1.Http1Codec.readHeaderLine(Http1Codec.java:212)
at okhttp3.internal.http1.Http1Codec.readResponseHeaders(Http1Codec.java:189)
at okhttp3.internal.http.CallServerInterceptor.intercept(CallServerInterceptor.java:88)
at okhttp3.internal.http.RealInterceptorChain.proceed(RealInterceptorChain.java:147)
at okhttp3.internal.connection.ConnectInterceptor.intercept(ConnectInterceptor.java:45)
at okhttp3.internal.http.RealInterceptorChain.proceed(RealInterceptorChain.java:147)
at okhttp3.internal.http.RealInterceptorChain.proceed(RealInterceptorChain.java:121)
at okhttp3.internal.cache.CacheInterceptor.intercept(CacheInterceptor.java:93)
at okhttp3.internal.http.RealInterceptorChain.proceed(RealInterceptorChain.java:147)
at okhttp3.internal.http.RealInterceptorChain.proceed(RealInterceptorChain.java:121)
at okhttp3.internal.http.BridgeInterceptor.intercept(BridgeInterceptor.java:93)
at okhttp3.internal.http.RealInterceptorChain.proceed(RealInterceptorChain.java:147)
at okhttp3.internal.http.RetryAndFollowUpInterceptor.intercept(RetryAndFollowUpInterceptor.java:125)
at okhttp3.internal.http.RealInterceptorChain.proceed(RealInterceptorChain.java:147)
at okhttp3.internal.http.RealInterceptorChain.proceed(RealInterceptorChain.java:121)
at okhttp3.RealCall.getResponseWithInterceptorChain(RealCall.java:200)
at okhttp3.RealCall.execute(RealCall.java:77)
at org.openqa.selenium.remote.internal.OkHttpClient.execute(OkHttpClient.java:105)
at org.openqa.selenium.remote.HttpCommandExecutor.execute(HttpCommandExecutor.java:155)
at org.openqa.selenium.remote.service.DriverCommandExecutor.execute(DriverCommandExecutor.java:83)
... 29 more
... Removed 25 stack frames]]>
    </failure>
  </testcase> <!-- LoginAsAdminUser -->
  <testcase classname="testCasesSAT.ButtonCheckLoggedInAsAdmin" name="ClickMyProfileButton" time="0.0">
    <skipped/>
  </testcase> <!-- ClickMyProfileButton -->
  <testcase classname="testCasesSAT.ButtonCheckLoggedInAsAdmin" name="ClickIntressentregisterButton" time="0.0">
    <skipped/>
  </testcase> <!-- ClickIntressentregisterButton -->
  <testcase classname="testCasesSAT.ButtonCheckLoggedInAsAdmin" name="ClickBeredningsgrupperButton" time="0.0">
    <skipped/>
  </testcase> <!-- ClickBeredningsgrupperButton -->
  <testcase classname="testCasesSAT.ButtonCheckLoggedInAsAdmin" name="ClickFormulärButton" time="0.0">
    <skipped/>
  </testcase> <!-- ClickFormulärButton -->
  <testcase classname="testCasesSAT.ButtonCheckLoggedInAsAdmin" name="ClickFinansiärButton" time="0.0">
    <skipped/>
  </testcase> <!-- ClickFinansiärButton -->
  <testcase classname="testCasesSAT.ButtonCheckLoggedInAsAdmin" name="ClickPortaladministrationButton" time="0.0">
    <skipped/>
  </testcase> <!-- ClickPortaladministrationButton -->
  <testcase classname="testCasesSAT.ButtonCheckLoggedInAsAdmin" name="Logout" time="0.0">
    <skipped/>
  </testcase> <!-- Logout -->
  <testcase classname="testCasesSAT.ButtonCheckLoggedInAsUser" name="LoginAsNormalUser" time="0.0">
    <skipped/>
  </testcase> <!-- LoginAsNormalUser -->
  <testcase classname="testCasesSAT.ButtonCheckLoggedInAsUser" name="ClickStartButton" time="0.0">
    <skipped/>
  </testcase> <!-- ClickStartButton -->
  <testcase classname="testCasesSAT.ButtonCheckLoggedInAsUser" name="ClickPersonuppgifterButton" time="0.0">
    <skipped/>
  </testcase> <!-- ClickPersonuppgifterButton -->
  <testcase classname="testCasesSAT.ButtonCheckLoggedInAsUser" name="ClickUtbildningButton" time="0.0">
    <skipped/>
  </testcase> <!-- ClickUtbildningButton -->
  <testcase classname="testCasesSAT.ButtonCheckLoggedInAsUser" name="ClickArbetslivButton" time="0.0">
    <skipped/>
  </testcase> <!-- ClickArbetslivButton -->
  <testcase classname="testCasesSAT.ButtonCheckLoggedInAsUser" name="ClickPublikationerButton" time="0.0">
    <skipped/>
  </testcase> <!-- ClickPublikationerButton -->
  <testcase classname="testCasesSAT.ButtonCheckLoggedInAsUser" name="ClickMeriterOchUtmärkelserButton" time="0.0">
    <skipped/>
  </testcase> <!-- ClickMeriterOchUtmärkelserButton -->
  <testcase classname="testCasesSAT.ButtonCheckLoggedInAsUser" name="ClickImmaterialrättButton" time="0.0">
    <skipped/>
  </testcase> <!-- ClickImmaterialrättButton -->
  <testcase classname="testCasesSAT.ButtonCheckLoggedInAsUser" name="ClickGranskarkompetens" time="0.0">
    <skipped/>
  </testcase> <!-- ClickGranskarkompetens -->
  <testcase classname="testCasesSAT.ButtonCheckLoggedInAsUser" name="ClickAnsökningarOchBidrag" time="0.0">
    <skipped/>
  </testcase> <!-- ClickAnsökningarOchBidrag -->
  <testcase classname="testCasesSAT.ButtonCheckLoggedInAsUser" name="ClickGranskning" time="0.0">
    <skipped/>
  </testcase> <!-- ClickGranskning -->
  <testcase classname="testCasesSAT.ButtonCheckLoggedInAsUser" name="ClickOrganisationsUppgifter" time="0.0">
    <skipped/>
  </testcase> <!-- ClickOrganisationsUppgifter -->
  <testcase classname="testCasesSAT.ButtonCheckLoggedInAsUser" name="ClickOrganisationsKonto" time="0.0">
    <skipped/>
  </testcase> <!-- ClickOrganisationsKonto -->
  <testcase classname="testCasesSAT.ButtonCheckLoggedInAsUser" name="Logout" time="0.0">
    <skipped/>
  </testcase> <!-- Logout -->
  <testcase classname="testCasesSAT.LoginAsInvalidUser" name="InputUserWithInvalidInfo" time="0.0">
    <skipped/>
  </testcase> <!-- InputUserWithInvalidInfo -->
  <testcase classname="testCasesSAT.LoginAsInvalidUser" name="CheckThatLogginInWithFalseInfoNotPossible" time="0.0">
    <skipped/>
  </testcase> <!-- CheckThatLogginInWithFalseInfoNotPossible -->
  <testcase classname="testCasesSAT.LoginAsValidUser" name="LoginAsUser" time="0.0">
    <skipped/>
  </testcase> <!-- LoginAsUser -->
  <testcase classname="testCasesSAT.LoginAsValidUser" name="CheckIfLogOutButtonIsPresentVerifyLoginSuccess" time="0.0">
    <skipped/>
  </testcase> <!-- CheckIfLogOutButtonIsPresentVerifyLoginSuccess -->
</testsuite> <!-- all-tests-SAT-IExplorer -->
