<?xml version="1.0" encoding="UTF-8"?>
<!-- Generated by org.testng.reporters.JUnitXMLReporter -->
<testsuite ignored="6" hostname="77DWHM2" failures="0" tests="38" name="Arbetsliv" time="81.225" errors="0" timestamp="31 juli 2018 14:08:12 GMT">
  <testcase classname="testCasesMinProfilArbetsliv.ArbetslivAddNewAnställningar" name="LoginAsUser" time="9.263"/>
  <testcase classname="testCasesMinProfilArbetsliv.ArbetslivAddNewAnställningar" name="ClickArbetsliv" time="0.62"/>
  <testcase classname="testCasesMinProfilArbetsliv.ArbetslivAddNewAnställningar" name="AddAnställning" time="0.103"/>
  <testcase classname="testCasesMinProfilArbetsliv.ArbetslivAddNewAnställningar" name="SelectOrganization" time="2.216"/>
  <testcase classname="testCasesMinProfilArbetsliv.ArbetslivAddNewAnställningar" name="AnställningDropDown" time="0.314"/>
  <testcase classname="testCasesMinProfilArbetsliv.ArbetslivAddNewAnställningar" name="AnställningsFormDropDown" time="0.312"/>
  <testcase classname="testCasesMinProfilArbetsliv.ArbetslivAddNewAnställningar" name="DelAvForskningIAnställningenBaseradPåHeltid" time="0.26"/>
  <testcase classname="testCasesMinProfilArbetsliv.ArbetslivAddNewAnställningar" name="AnställningensBörjanOchSlutYear" time="0.624"/>
  <testcase classname="testCasesMinProfilArbetsliv.ArbetslivAddNewAnställningar" name="AnställningensBörjanMonth" time="0.26"/>
  <testcase classname="testCasesMinProfilArbetsliv.ArbetslivAddNewAnställningar" name="AnställningensSlutMonth" time="0.181"/>
  <testcase classname="testCasesMinProfilArbetsliv.ArbetslivAddNewAnställningar" name="ÖvrigInformation" time="0.62"/>
  <testcase classname="testCasesMinProfilArbetsliv.ArbetslivAddNewAnställningar" name="SparaAnställning" time="0.14"/>
  <testcase classname="testCasesMinProfilArbetsliv.ArbetslivAddNewForskarutbyten" name="LoginAsUser4" time="10.107"/>
  <testcase classname="testCasesMinProfilArbetsliv.ArbetslivAddNewForskarutbyten" name="ClickArbetsliv" time="0.627"/>
  <testcase classname="testCasesMinProfilArbetsliv.ArbetslivAddNewForskarutbyten" name="AddForskarUbyten" time="0.087"/>
  <testcase classname="testCasesMinProfilArbetsliv.ArbetslivAddNewForskarutbyten" name="SelectOrganization" time="2.225"/>
  <testcase classname="testCasesMinProfilArbetsliv.ArbetslivAddNewForskarutbyten" name="Ämne" time="0.897"/>
  <testcase classname="testCasesMinProfilArbetsliv.ArbetslivAddNewForskarutbyten" name="Typ" time="0.204"/>
  <testcase classname="testCasesMinProfilArbetsliv.ArbetslivAddNewForskarutbyten" name="PeriodStartOchSlutYear" time="2.291"/>
  <testcase classname="testCasesMinProfilArbetsliv.ArbetslivAddNewForskarutbyten" name="PeriodStartMonth" time="0.287"/>
  <testcase classname="testCasesMinProfilArbetsliv.ArbetslivAddNewForskarutbyten" name="PeriodEndMonth" time="0.432"/>
  <testcase classname="testCasesMinProfilArbetsliv.ArbetslivAddNewForskarutbyten" name="SparaForskarUbyte" time="0.15"/>
  <testcase classname="testCasesMinProfilArbetsliv.ArbetslivAddNewPostdoktorvistelser" name="LoginAsUser3" time="9.544"/>
  <testcase classname="testCasesMinProfilArbetsliv.ArbetslivAddNewPostdoktorvistelser" name="ClickArbetsliv" time="0.639"/>
  <testcase classname="testCasesMinProfilArbetsliv.ArbetslivAddNewPostdoktorvistelser" name="AddPostdoktorvistelser" time="0.098"/>
  <testcase classname="testCasesMinProfilArbetsliv.ArbetslivAddNewPostdoktorvistelser" name="SelectOrganization" time="2.112"/>
  <testcase classname="testCasesMinProfilArbetsliv.ArbetslivAddNewPostdoktorvistelser" name="ÄmneDropDown" time="0.651"/>
  <testcase classname="testCasesMinProfilArbetsliv.ArbetslivAddNewPostdoktorvistelser" name="PeriodStartOchSlutYear" time="1.246"/>
  <testcase classname="testCasesMinProfilArbetsliv.ArbetslivAddNewPostdoktorvistelser" name="PeriodStartMonth" time="0.179"/>
  <testcase classname="testCasesMinProfilArbetsliv.ArbetslivAddNewPostdoktorvistelser" name="PeriodEndMonth" time="0.209"/>
  <testcase classname="testCasesMinProfilArbetsliv.ArbetslivAddNewPostdoktorvistelser" name="SparaPostdoktorvistelser" time="0.13"/>
  <testcase classname="testCasesMinProfilArbetsliv.ArbetslivAddNewUppeHålliForskningen" name="LoginAsUser2" time="9.522"/>
  <testcase classname="testCasesMinProfilArbetsliv.ArbetslivAddNewUppeHålliForskningen" name="ClickArbetsliv" time="0.648"/>
  <testcase classname="testCasesMinProfilArbetsliv.ArbetslivAddNewUppeHålliForskningen" name="UppehållIForskningenLäggTill" time="0.116"/>
  <testcase classname="testCasesMinProfilArbetsliv.ArbetslivAddNewUppeHålliForskningen" name="StartDatum" time="0.322"/>
  <testcase classname="testCasesMinProfilArbetsliv.ArbetslivAddNewUppeHålliForskningen" name="SlutDatum" time="0.172"/>
  <testcase classname="testCasesMinProfilArbetsliv.ArbetslivAddNewUppeHålliForskningen" name="Beskrivning" time="0.131"/>
  <testcase classname="testCasesMinProfilArbetsliv.ArbetslivAddNewUppeHålliForskningen" name="SparaVal" time="0.137"/>
  <testcase classname="driverAndCommands.BeforeAfterTestBrowsers" name="@BeforeSuite CheckTimeBeforeSuite" time="0.0">
    <ignored/>
  </testcase> <!-- @BeforeSuite CheckTimeBeforeSuite -->
  <testcase classname="driverAndCommands.BeforeAfterTestBrowsers" name="@BeforeSuite CheckTimeBeforeSuite" time="0.0">
    <ignored/>
  </testcase> <!-- @BeforeSuite CheckTimeBeforeSuite -->
  <testcase classname="driverAndCommands.BeforeAfterTestBrowsers" name="@BeforeSuite CheckTimeBeforeSuite" time="0.0">
    <ignored/>
  </testcase> <!-- @BeforeSuite CheckTimeBeforeSuite -->
  <testcase classname="driverAndCommands.BeforeAfterTestBrowsers" name="@AfterSuite CheckTimeAfterSuite" time="0.0">
    <ignored/>
  </testcase> <!-- @AfterSuite CheckTimeAfterSuite -->
  <testcase classname="driverAndCommands.BeforeAfterTestBrowsers" name="@AfterSuite CheckTimeAfterSuite" time="0.0">
    <ignored/>
  </testcase> <!-- @AfterSuite CheckTimeAfterSuite -->
  <testcase classname="driverAndCommands.BeforeAfterTestBrowsers" name="@AfterSuite CheckTimeAfterSuite" time="0.0">
    <ignored/>
  </testcase> <!-- @AfterSuite CheckTimeAfterSuite -->
</testsuite> <!-- Arbetsliv -->
