<?xml version="1.0" encoding="UTF-8"?>
<!-- Generated by org.testng.reporters.JUnitXMLReporter -->
<testsuite ignored="0" hostname="77DWHM2" failures="0" tests="19" name="Granskarkompetens" time="19.727" errors="0" timestamp="26 juli 2018 09:47:45 GMT">
  <testcase classname="testCasesSATMinProfilGranskarkompetens.GranskarkompetensKID" name="LoginAsUser" time="9.381"/>
  <testcase classname="testCasesSATMinProfilGranskarkompetens.GranskarkompetensKID" name="ClickGranskarkompetens" time="0.859"/>
  <testcase classname="testCasesSATMinProfilGranskarkompetens.GranskarkompetensKID" name="Forskningsområde1" time="0.16"/>
  <testcase classname="testCasesSATMinProfilGranskarkompetens.GranskarkompetensKID" name="Forskningsområde2" time="0.166"/>
  <testcase classname="testCasesSATMinProfilGranskarkompetens.GranskarkompetensKID" name="Forskningsområde3" time="0.135"/>
  <testcase classname="testCasesSATMinProfilGranskarkompetens.GranskarkompetensKID" name="Forskningsområde4" time="0.12"/>
  <testcase classname="testCasesSATMinProfilGranskarkompetens.GranskarkompetensKID" name="Forskningsområde5" time="0.12"/>
  <testcase classname="testCasesSATMinProfilGranskarkompetens.GranskarkompetensKID" name="Metod1" time="0.155"/>
  <testcase classname="testCasesSATMinProfilGranskarkompetens.GranskarkompetensKID" name="Metod2" time="0.177"/>
  <testcase classname="testCasesSATMinProfilGranskarkompetens.GranskarkompetensKID" name="Metod3" time="0.117"/>
  <testcase classname="testCasesSATMinProfilGranskarkompetens.GranskarkompetensKID" name="Metod4" time="0.164"/>
  <testcase classname="testCasesSATMinProfilGranskarkompetens.GranskarkompetensKID" name="Metod5" time="0.15"/>
  <testcase classname="testCasesSATMinProfilGranskarkompetens.GranskarkompetensKID" name="Nyckelord1" time="0.226"/>
  <testcase classname="testCasesSATMinProfilGranskarkompetens.GranskarkompetensKID" name="Nyckelord2" time="0.505"/>
  <testcase classname="testCasesSATMinProfilGranskarkompetens.GranskarkompetensKID" name="Nyckelord3" time="0.24"/>
  <testcase classname="testCasesSATMinProfilGranskarkompetens.GranskarkompetensKID" name="Nyckelord4" time="0.164"/>
  <testcase classname="testCasesSATMinProfilGranskarkompetens.GranskarkompetensKID" name="Nyckelord5" time="0.426"/>
  <testcase classname="testCasesSATMinProfilGranskarkompetens.GranskarkompetensKID" name="Spara" time="0.086"/>
  <testcase classname="testCasesSATMinProfilGranskarkompetens.GranskarkompetensKID" name="ConfirmSave" time="0.01"/>
</testsuite> <!-- Granskarkompetens -->
