<?xml version="1.0" encoding="UTF-8"?>
<!-- Generated by org.testng.reporters.JUnitXMLReporter -->
<testsuite ignored="8" hostname="77DWHM2" failures="0" tests="59" name="GranskningBetalningsinformation" time="69.635" errors="0" timestamp="31 juli 2018 14:09:21 GMT">
  <testcase classname="testCasesSATGranskningBetalningsinformation.GranskningAddNewPaymentInformationBankLocatedInEurope" name="LoginAsUser" time="4.822"/>
  <testcase classname="testCasesSATGranskningBetalningsinformation.GranskningAddNewPaymentInformationBankLocatedInEurope" name="ClickGranskningsfliken" time="0.49"/>
  <testcase classname="testCasesSATGranskningBetalningsinformation.GranskningAddNewPaymentInformationBankLocatedInEurope" name="Betalningsinformation" time="0.626"/>
  <testcase classname="testCasesSATGranskningBetalningsinformation.GranskningAddNewPaymentInformationBankLocatedInEurope" name="BankensLand" time="0.842"/>
  <testcase classname="testCasesSATGranskningBetalningsinformation.GranskningAddNewPaymentInformationBankLocatedInEurope" name="BankensNamn" time="0.321"/>
  <testcase classname="testCasesSATGranskningBetalningsinformation.GranskningAddNewPaymentInformationBankLocatedInEurope" name="Kontoinnehavare" time="0.207"/>
  <testcase classname="testCasesSATGranskningBetalningsinformation.GranskningAddNewPaymentInformationBankLocatedInEurope" name="IBAN" time="0.149"/>
  <testcase classname="testCasesSATGranskningBetalningsinformation.GranskningAddNewPaymentInformationBankLocatedInEurope" name="SWIFTBIC" time="0.163"/>
  <testcase classname="testCasesSATGranskningBetalningsinformation.GranskningAddNewPaymentInformationBankLocatedInEurope" name="TIN" time="0.152"/>
  <testcase classname="testCasesSATGranskningBetalningsinformation.GranskningAddNewPaymentInformationBankLocatedInEurope" name="Spara" time="0.114"/>
  <testcase classname="testCasesSATGranskningBetalningsinformation.GranskningAddNewPaymentInformationBankLocatedInEurope" name="AccepteraAlert" time="0.699"/>
  <testcase classname="testCasesSATGranskningBetalningsinformation.GranskningAddNewPaymentInformationBankLocatedInSwedenBankgiro" name="LoginAsUser" time="4.573"/>
  <testcase classname="testCasesSATGranskningBetalningsinformation.GranskningAddNewPaymentInformationBankLocatedInSwedenBankgiro" name="ClickGranskningsfliken" time="0.491"/>
  <testcase classname="testCasesSATGranskningBetalningsinformation.GranskningAddNewPaymentInformationBankLocatedInSwedenBankgiro" name="Betalningsinformation" time="0.598"/>
  <testcase classname="testCasesSATGranskningBetalningsinformation.GranskningAddNewPaymentInformationBankLocatedInSwedenBankgiro" name="BankensLand" time="0.151"/>
  <testcase classname="testCasesSATGranskningBetalningsinformation.GranskningAddNewPaymentInformationBankLocatedInSwedenBankgiro" name="Betalningstyp" time="0.174"/>
  <testcase classname="testCasesSATGranskningBetalningsinformation.GranskningAddNewPaymentInformationBankLocatedInSwedenBankgiro" name="Bankgiro" time="0.163"/>
  <testcase classname="testCasesSATGranskningBetalningsinformation.GranskningAddNewPaymentInformationBankLocatedInSwedenBankgiro" name="Skatteprocent" time="0.143"/>
  <testcase classname="testCasesSATGranskningBetalningsinformation.GranskningAddNewPaymentInformationBankLocatedInSwedenBankgiro" name="TIN" time="0.18"/>
  <testcase classname="testCasesSATGranskningBetalningsinformation.GranskningAddNewPaymentInformationBankLocatedInSwedenBankgiro" name="Spara" time="0.135"/>
  <testcase classname="testCasesSATGranskningBetalningsinformation.GranskningAddNewPaymentInformationBankLocatedInSwedenBankgiro" name="AcceptAlert" time="0.702"/>
  <testcase classname="testCasesSATGranskningBetalningsinformation.GranskningAddNewPaymentInformationBankLocatedInSwedenBankkonto" name="LoginAsUser" time="5.079"/>
  <testcase classname="testCasesSATGranskningBetalningsinformation.GranskningAddNewPaymentInformationBankLocatedInSwedenBankkonto" name="ClickGranskningsfliken" time="0.454"/>
  <testcase classname="testCasesSATGranskningBetalningsinformation.GranskningAddNewPaymentInformationBankLocatedInSwedenBankkonto" name="Betalningsinformation" time="0.553"/>
  <testcase classname="testCasesSATGranskningBetalningsinformation.GranskningAddNewPaymentInformationBankLocatedInSwedenBankkonto" name="BankensLand" time="0.129"/>
  <testcase classname="testCasesSATGranskningBetalningsinformation.GranskningAddNewPaymentInformationBankLocatedInSwedenBankkonto" name="Betalningstyp" time="0.183"/>
  <testcase classname="testCasesSATGranskningBetalningsinformation.GranskningAddNewPaymentInformationBankLocatedInSwedenBankkonto" name="BankensNamn" time="0.255"/>
  <testcase classname="testCasesSATGranskningBetalningsinformation.GranskningAddNewPaymentInformationBankLocatedInSwedenBankkonto" name="Kontoinnehavare" time="0.269"/>
  <testcase classname="testCasesSATGranskningBetalningsinformation.GranskningAddNewPaymentInformationBankLocatedInSwedenBankkonto" name="Clearingnummer" time="0.192"/>
  <testcase classname="testCasesSATGranskningBetalningsinformation.GranskningAddNewPaymentInformationBankLocatedInSwedenBankkonto" name="Bankkontonummer" time="0.155"/>
  <testcase classname="testCasesSATGranskningBetalningsinformation.GranskningAddNewPaymentInformationBankLocatedInSwedenBankkonto" name="Skatteprocent" time="0.123"/>
  <testcase classname="testCasesSATGranskningBetalningsinformation.GranskningAddNewPaymentInformationBankLocatedInSwedenBankkonto" name="TIN" time="0.16"/>
  <testcase classname="testCasesSATGranskningBetalningsinformation.GranskningAddNewPaymentInformationBankLocatedInSwedenBankkonto" name="Spara" time="0.105"/>
  <testcase classname="testCasesSATGranskningBetalningsinformation.GranskningAddNewPaymentInformationBankLocatedInSwedenBankkonto" name="AcceptAlert" time="0.671"/>
  <testcase classname="testCasesSATGranskningBetalningsinformation.GranskningAddNewPaymentInformationBankLocatedInSwedenPlusgiro" name="LoginAsUser" time="4.639"/>
  <testcase classname="testCasesSATGranskningBetalningsinformation.GranskningAddNewPaymentInformationBankLocatedInSwedenPlusgiro" name="ClickGranskningsfliken" time="0.489"/>
  <testcase classname="testCasesSATGranskningBetalningsinformation.GranskningAddNewPaymentInformationBankLocatedInSwedenPlusgiro" name="Betalningsinformation" time="0.606"/>
  <testcase classname="testCasesSATGranskningBetalningsinformation.GranskningAddNewPaymentInformationBankLocatedInSwedenPlusgiro" name="BankensLand" time="0.107"/>
  <testcase classname="testCasesSATGranskningBetalningsinformation.GranskningAddNewPaymentInformationBankLocatedInSwedenPlusgiro" name="Betalningstyp" time="0.175"/>
  <testcase classname="testCasesSATGranskningBetalningsinformation.GranskningAddNewPaymentInformationBankLocatedInSwedenPlusgiro" name="Plusgiro" time="0.221"/>
  <testcase classname="testCasesSATGranskningBetalningsinformation.GranskningAddNewPaymentInformationBankLocatedInSwedenPlusgiro" name="Skatteprocent" time="0.128"/>
  <testcase classname="testCasesSATGranskningBetalningsinformation.GranskningAddNewPaymentInformationBankLocatedInSwedenPlusgiro" name="TIN" time="0.179"/>
  <testcase classname="testCasesSATGranskningBetalningsinformation.GranskningAddNewPaymentInformationBankLocatedInSwedenPlusgiro" name="Spara" time="0.11"/>
  <testcase classname="testCasesSATGranskningBetalningsinformation.GranskningAddNewPaymentInformationBankLocatedInSwedenPlusgiro" name="AcceptAlert" time="0.664"/>
  <testcase classname="testCasesSATGranskningBetalningsinformation.GranskningAddNewPaymentInformationBankLocatedOutsideOfEurope" name="LoginAsUser" time="4.556"/>
  <testcase classname="testCasesSATGranskningBetalningsinformation.GranskningAddNewPaymentInformationBankLocatedOutsideOfEurope" name="ClickGranskningsfliken" time="0.495"/>
  <testcase classname="testCasesSATGranskningBetalningsinformation.GranskningAddNewPaymentInformationBankLocatedOutsideOfEurope" name="Betalningsinformation" time="0.538"/>
  <testcase classname="testCasesSATGranskningBetalningsinformation.GranskningAddNewPaymentInformationBankLocatedOutsideOfEurope" name="BankensLand" time="0.495"/>
  <testcase classname="testCasesSATGranskningBetalningsinformation.GranskningAddNewPaymentInformationBankLocatedOutsideOfEurope" name="BankensNamn" time="0.292"/>
  <testcase classname="testCasesSATGranskningBetalningsinformation.GranskningAddNewPaymentInformationBankLocatedOutsideOfEurope" name="Bankadress" time="0.188"/>
  <testcase classname="testCasesSATGranskningBetalningsinformation.GranskningAddNewPaymentInformationBankLocatedOutsideOfEurope" name="BankensPostnummer" time="0.142"/>
  <testcase classname="testCasesSATGranskningBetalningsinformation.GranskningAddNewPaymentInformationBankLocatedOutsideOfEurope" name="BankensPostadress" time="0.183"/>
  <testcase classname="testCasesSATGranskningBetalningsinformation.GranskningAddNewPaymentInformationBankLocatedOutsideOfEurope" name="Kontoinnehavare" time="0.209"/>
  <testcase classname="testCasesSATGranskningBetalningsinformation.GranskningAddNewPaymentInformationBankLocatedOutsideOfEurope" name="Bankkontonummer" time="0.165"/>
  <testcase classname="testCasesSATGranskningBetalningsinformation.GranskningAddNewPaymentInformationBankLocatedOutsideOfEurope" name="Bankkod" time="0.149"/>
  <testcase classname="testCasesSATGranskningBetalningsinformation.GranskningAddNewPaymentInformationBankLocatedOutsideOfEurope" name="SWIFTBIC" time="0.17"/>
  <testcase classname="testCasesSATGranskningBetalningsinformation.GranskningAddNewPaymentInformationBankLocatedOutsideOfEurope" name="TIN" time="0.158"/>
  <testcase classname="testCasesSATGranskningBetalningsinformation.GranskningAddNewPaymentInformationBankLocatedOutsideOfEurope" name="Spara" time="0.118"/>
  <testcase classname="testCasesSATGranskningBetalningsinformation.GranskningAddNewPaymentInformationBankLocatedOutsideOfEurope" name="AcceptAlert" time="0.701"/>
  <testcase classname="driverAndCommands.BeforeAfterTestBrowsers" name="@BeforeSuite CheckTimeBeforeSuite" time="0.0">
    <ignored/>
  </testcase> <!-- @BeforeSuite CheckTimeBeforeSuite -->
  <testcase classname="driverAndCommands.BeforeAfterTestBrowsers" name="@BeforeSuite CheckTimeBeforeSuite" time="0.0">
    <ignored/>
  </testcase> <!-- @BeforeSuite CheckTimeBeforeSuite -->
  <testcase classname="driverAndCommands.BeforeAfterTestBrowsers" name="@BeforeSuite CheckTimeBeforeSuite" time="0.0">
    <ignored/>
  </testcase> <!-- @BeforeSuite CheckTimeBeforeSuite -->
  <testcase classname="driverAndCommands.BeforeAfterTestBrowsers" name="@BeforeSuite CheckTimeBeforeSuite" time="0.0">
    <ignored/>
  </testcase> <!-- @BeforeSuite CheckTimeBeforeSuite -->
  <testcase classname="driverAndCommands.BeforeAfterTestBrowsers" name="@AfterSuite CheckTimeAfterSuite" time="0.0">
    <ignored/>
  </testcase> <!-- @AfterSuite CheckTimeAfterSuite -->
  <testcase classname="driverAndCommands.BeforeAfterTestBrowsers" name="@AfterSuite CheckTimeAfterSuite" time="0.0">
    <ignored/>
  </testcase> <!-- @AfterSuite CheckTimeAfterSuite -->
  <testcase classname="driverAndCommands.BeforeAfterTestBrowsers" name="@AfterSuite CheckTimeAfterSuite" time="0.0">
    <ignored/>
  </testcase> <!-- @AfterSuite CheckTimeAfterSuite -->
  <testcase classname="driverAndCommands.BeforeAfterTestBrowsers" name="@AfterSuite CheckTimeAfterSuite" time="0.0">
    <ignored/>
  </testcase> <!-- @AfterSuite CheckTimeAfterSuite -->
</testsuite> <!-- GranskningBetalningsinformation -->
