<?xml version="1.0" encoding="UTF-8"?>
<!-- Generated by org.testng.reporters.JUnitXMLReporter -->
<testsuite ignored="0" hostname="77DWHM2" failures="0" tests="59" name="GranskningBetalningsinformation" time="11.654" errors="0" timestamp="25 juli 2018 15:37:28 GMT">
  <testcase classname="driverAndCommands.BeforeAfterTestBrowsers" name="@BeforeClass Setup" time="11.226">
    <failure type="org.openqa.selenium.WebDriverException" message="unknown error: Element &amp;lt;a class=&amp;quot;btn btn-discreet btn-login-left show-modal&amp;quot; data-ajax=&amp;quot;true&amp;quot; data-ajax-complete=&amp;quot;prisma.validateLoginStatus(); prisma.showModal();&amp;quot; data-ajax-method=&amp;quot;GET&amp;quot; data-ajax-mode=&amp;quot;replace&amp;quot; data-ajax-success=&amp;quot;prisma.addValidationForResult();prisma.wrapGridInDiv();&amp;quot; data-ajax-update=&amp;quot;#editDialogBody&amp;quot; href=&amp;quot;/Account/LogOn&amp;quot; title=&amp;quot;...&amp;quot;&amp;gt;Logga in&amp;lt;/a&amp;gt; is not clickable at point (964, 152). Other element would receive the click: &amp;lt;div class=&amp;quot;modal-scrollable&amp;quot; style=&amp;quot;z-index: 1050;&amp;quot;&amp;gt;...&amp;lt;/div&amp;gt;
  (Session info: chrome=67.0.3396.99)
  (Driver info: chromedriver=2.40.565498 (ea082db3280dd6843ebfb08a625e3eb905c4f5ab),platform=Windows NT 10.0.16299 x86_64) (WARNING: The server did not provide any stacktrace information)
Command duration or timeout: 0 milliseconds
Build info: version: &amp;apos;3.12.0&amp;apos;, revision: &amp;apos;7c6e0b3&amp;apos;, time: &amp;apos;2018-05-08T15:15:03.216Z&amp;apos;
System info: host: &amp;apos;77DWHM2&amp;apos;, ip: &amp;apos;10.251.12.117&amp;apos;, os.name: &amp;apos;Windows 10&amp;apos;, os.arch: &amp;apos;amd64&amp;apos;, os.version: &amp;apos;10.0&amp;apos;, java.version: &amp;apos;10.0.1&amp;apos;
Driver info: org.openqa.selenium.chrome.ChromeDriver
Capabilities {acceptInsecureCerts: false, acceptSslCerts: false, applicationCacheEnabled: false, browserConnectionEnabled: false, browserName: chrome, chrome: {chromedriverVersion: 2.40.565498 (ea082db3280dd6..., userDataDir: C:\Users\krkl\AppData\Local...}, cssSelectorsEnabled: true, databaseEnabled: false, handlesAlerts: true, hasTouchScreen: false, javascriptEnabled: true, locationContextEnabled: true, mobileEmulationEnabled: false, nativeEvents: true, networkConnectionEnabled: false, pageLoadStrategy: normal, platform: XP, platformName: XP, rotatable: false, setWindowRect: true, takesHeapSnapshot: true, takesScreenshot: true, unexpectedAlertBehaviour: , unhandledPromptBehavior: , version: 67.0.3396.99, webStorageEnabled: true}
Session ID: 7d10efc42965d8bf636f378ae4fc4554">
      <![CDATA[org.openqa.selenium.WebDriverException: unknown error: Element <a class="btn btn-discreet btn-login-left show-modal" data-ajax="true" data-ajax-complete="prisma.validateLoginStatus(); prisma.showModal();" data-ajax-method="GET" data-ajax-mode="replace" data-ajax-success="prisma.addValidationForResult();prisma.wrapGridInDiv();" data-ajax-update="#editDialogBody" href="/Account/LogOn" title="...">Logga in</a> is not clickable at point (964, 152). Other element would receive the click: <div class="modal-scrollable" style="z-index: 1050;">...</div>
  (Session info: chrome=67.0.3396.99)
  (Driver info: chromedriver=2.40.565498 (ea082db3280dd6843ebfb08a625e3eb905c4f5ab),platform=Windows NT 10.0.16299 x86_64) (WARNING: The server did not provide any stacktrace information)
Command duration or timeout: 0 milliseconds
Build info: version: '3.12.0', revision: '7c6e0b3', time: '2018-05-08T15:15:03.216Z'
System info: host: '77DWHM2', ip: '10.251.12.117', os.name: 'Windows 10', os.arch: 'amd64', os.version: '10.0', java.version: '10.0.1'
Driver info: org.openqa.selenium.chrome.ChromeDriver
Capabilities {acceptInsecureCerts: false, acceptSslCerts: false, applicationCacheEnabled: false, browserConnectionEnabled: false, browserName: chrome, chrome: {chromedriverVersion: 2.40.565498 (ea082db3280dd6..., userDataDir: C:\Users\krkl\AppData\Local...}, cssSelectorsEnabled: true, databaseEnabled: false, handlesAlerts: true, hasTouchScreen: false, javascriptEnabled: true, locationContextEnabled: true, mobileEmulationEnabled: false, nativeEvents: true, networkConnectionEnabled: false, pageLoadStrategy: normal, platform: XP, platformName: XP, rotatable: false, setWindowRect: true, takesHeapSnapshot: true, takesScreenshot: true, unexpectedAlertBehaviour: , unhandledPromptBehavior: , version: 67.0.3396.99, webStorageEnabled: true}
Session ID: 7d10efc42965d8bf636f378ae4fc4554
at org.openqa.selenium.remote.ErrorHandler.createThrowable(ErrorHandler.java:214)
at org.openqa.selenium.remote.ErrorHandler.throwIfResponseFailed(ErrorHandler.java:166)
at org.openqa.selenium.remote.http.JsonHttpResponseCodec.reconstructValue(JsonHttpResponseCodec.java:40)
at org.openqa.selenium.remote.http.AbstractHttpResponseCodec.decode(AbstractHttpResponseCodec.java:80)
at org.openqa.selenium.remote.http.AbstractHttpResponseCodec.decode(AbstractHttpResponseCodec.java:44)
at org.openqa.selenium.remote.HttpCommandExecutor.execute(HttpCommandExecutor.java:158)
at org.openqa.selenium.remote.service.DriverCommandExecutor.execute(DriverCommandExecutor.java:83)
at org.openqa.selenium.remote.RemoteWebDriver.execute(RemoteWebDriver.java:543)
at org.openqa.selenium.remote.RemoteWebElement.execute(RemoteWebElement.java:276)
at org.openqa.selenium.remote.RemoteWebElement.click(RemoteWebElement.java:83)
at driverAndCommands.BeforeAfterTestBrowsers.Setup(BeforeAfterTestBrowsers.java:29)
at java.base/java.util.concurrent.FutureTask.run(Unknown Source)
at java.base/java.util.concurrent.ThreadPoolExecutor.runWorker(Unknown Source)
at java.base/java.util.concurrent.ThreadPoolExecutor$Worker.run(Unknown Source)
at java.base/java.lang.Thread.run(Unknown Source)
... Removed 21 stack frames]]>
    </failure>
  </testcase> <!-- @BeforeClass Setup -->
  <testcase classname="driverAndCommands.BeforeAfterTestBrowsers" name="@BeforeClass Setup" time="0.0">
    <skipped/>
  </testcase> <!-- @BeforeClass Setup -->
  <testcase classname="driverAndCommands.BeforeAfterTestBrowsers" name="@BeforeClass Setup" time="0.0">
    <skipped/>
  </testcase> <!-- @BeforeClass Setup -->
  <testcase classname="driverAndCommands.BeforeAfterTestBrowsers" name="@BeforeClass Setup" time="0.0">
    <skipped/>
  </testcase> <!-- @BeforeClass Setup -->
  <testcase classname="driverAndCommands.BeforeAfterTestBrowsers" name="@BeforeClass Setup" time="0.0">
    <skipped/>
  </testcase> <!-- @BeforeClass Setup -->
  <testcase classname="driverAndCommands.BeforeAfterTestBrowsers" name="@AfterClass tearDown" time="0.0">
    <skipped/>
  </testcase> <!-- @AfterClass tearDown -->
  <testcase classname="driverAndCommands.BeforeAfterTestBrowsers" name="@AfterClass tearDown" time="0.0">
    <skipped/>
  </testcase> <!-- @AfterClass tearDown -->
  <testcase classname="driverAndCommands.BeforeAfterTestBrowsers" name="@AfterClass tearDown" time="0.0">
    <skipped/>
  </testcase> <!-- @AfterClass tearDown -->
  <testcase classname="driverAndCommands.BeforeAfterTestBrowsers" name="@AfterClass tearDown" time="0.0">
    <skipped/>
  </testcase> <!-- @AfterClass tearDown -->
  <testcase classname="driverAndCommands.BeforeAfterTestBrowsers" name="@AfterClass tearDown" time="0.0">
    <skipped/>
  </testcase> <!-- @AfterClass tearDown -->
  <testcase classname="testCasesSATGranskningBetalningsinformation.GranskningAddNewPaymentInformationBankLocatedInEurope" name="LoginAsUser" time="0.0">
    <skipped/>
  </testcase> <!-- LoginAsUser -->
  <testcase classname="testCasesSATGranskningBetalningsinformation.GranskningAddNewPaymentInformationBankLocatedInSwedenBankgiro" name="LoginAsUser" time="0.0">
    <skipped/>
  </testcase> <!-- LoginAsUser -->
  <testcase classname="testCasesSATGranskningBetalningsinformation.GranskningAddNewPaymentInformationBankLocatedInSwedenBankkonto" name="LoginAsUser" time="0.0">
    <skipped/>
  </testcase> <!-- LoginAsUser -->
  <testcase classname="testCasesSATGranskningBetalningsinformation.GranskningAddNewPaymentInformationBankLocatedInSwedenPlusgiro" name="LoginAsUser" time="0.0">
    <skipped/>
  </testcase> <!-- LoginAsUser -->
  <testcase classname="testCasesSATGranskningBetalningsinformation.GranskningAddNewPaymentInformationBankLocatedOutsideOfEurope" name="LoginAsUser" time="0.0">
    <skipped/>
  </testcase> <!-- LoginAsUser -->
  <testcase classname="testCasesSATGranskningBetalningsinformation.GranskningAddNewPaymentInformationBankLocatedInEurope" name="ClickGranskningsfliken" time="0.0">
    <skipped/>
  </testcase> <!-- ClickGranskningsfliken -->
  <testcase classname="testCasesSATGranskningBetalningsinformation.GranskningAddNewPaymentInformationBankLocatedInSwedenBankgiro" name="ClickGranskningsfliken" time="0.0">
    <skipped/>
  </testcase> <!-- ClickGranskningsfliken -->
  <testcase classname="testCasesSATGranskningBetalningsinformation.GranskningAddNewPaymentInformationBankLocatedInSwedenBankkonto" name="ClickGranskningsfliken" time="0.0">
    <skipped/>
  </testcase> <!-- ClickGranskningsfliken -->
  <testcase classname="testCasesSATGranskningBetalningsinformation.GranskningAddNewPaymentInformationBankLocatedInSwedenPlusgiro" name="ClickGranskningsfliken" time="0.0">
    <skipped/>
  </testcase> <!-- ClickGranskningsfliken -->
  <testcase classname="testCasesSATGranskningBetalningsinformation.GranskningAddNewPaymentInformationBankLocatedOutsideOfEurope" name="ClickGranskningsfliken" time="0.0">
    <skipped/>
  </testcase> <!-- ClickGranskningsfliken -->
  <testcase classname="testCasesSATGranskningBetalningsinformation.GranskningAddNewPaymentInformationBankLocatedInEurope" name="Betalningsinformation" time="0.0">
    <skipped/>
  </testcase> <!-- Betalningsinformation -->
  <testcase classname="testCasesSATGranskningBetalningsinformation.GranskningAddNewPaymentInformationBankLocatedInSwedenBankgiro" name="Betalningsinformation" time="0.0">
    <skipped/>
  </testcase> <!-- Betalningsinformation -->
  <testcase classname="testCasesSATGranskningBetalningsinformation.GranskningAddNewPaymentInformationBankLocatedInSwedenBankkonto" name="Betalningsinformation" time="0.0">
    <skipped/>
  </testcase> <!-- Betalningsinformation -->
  <testcase classname="testCasesSATGranskningBetalningsinformation.GranskningAddNewPaymentInformationBankLocatedInSwedenPlusgiro" name="Betalningsinformation" time="0.0">
    <skipped/>
  </testcase> <!-- Betalningsinformation -->
  <testcase classname="testCasesSATGranskningBetalningsinformation.GranskningAddNewPaymentInformationBankLocatedOutsideOfEurope" name="Betalningsinformation" time="0.0">
    <skipped/>
  </testcase> <!-- Betalningsinformation -->
  <testcase classname="testCasesSATGranskningBetalningsinformation.GranskningAddNewPaymentInformationBankLocatedInEurope" name="BankensLand" time="0.0">
    <skipped/>
  </testcase> <!-- BankensLand -->
  <testcase classname="testCasesSATGranskningBetalningsinformation.GranskningAddNewPaymentInformationBankLocatedInSwedenBankgiro" name="BankensLand" time="0.0">
    <skipped/>
  </testcase> <!-- BankensLand -->
  <testcase classname="testCasesSATGranskningBetalningsinformation.GranskningAddNewPaymentInformationBankLocatedInSwedenBankkonto" name="BankensLand" time="0.0">
    <skipped/>
  </testcase> <!-- BankensLand -->
  <testcase classname="testCasesSATGranskningBetalningsinformation.GranskningAddNewPaymentInformationBankLocatedInSwedenPlusgiro" name="BankensLand" time="0.0">
    <skipped/>
  </testcase> <!-- BankensLand -->
  <testcase classname="testCasesSATGranskningBetalningsinformation.GranskningAddNewPaymentInformationBankLocatedOutsideOfEurope" name="BankensLand" time="0.0">
    <skipped/>
  </testcase> <!-- BankensLand -->
  <testcase classname="testCasesSATGranskningBetalningsinformation.GranskningAddNewPaymentInformationBankLocatedInEurope" name="BankensNamn" time="0.001">
    <skipped/>
  </testcase> <!-- BankensNamn -->
  <testcase classname="testCasesSATGranskningBetalningsinformation.GranskningAddNewPaymentInformationBankLocatedInSwedenBankgiro" name="Betalningstyp" time="0.0">
    <skipped/>
  </testcase> <!-- Betalningstyp -->
  <testcase classname="testCasesSATGranskningBetalningsinformation.GranskningAddNewPaymentInformationBankLocatedInSwedenBankkonto" name="Betalningstyp" time="0.0">
    <skipped/>
  </testcase> <!-- Betalningstyp -->
  <testcase classname="testCasesSATGranskningBetalningsinformation.GranskningAddNewPaymentInformationBankLocatedInSwedenPlusgiro" name="Betalningstyp" time="0.0">
    <skipped/>
  </testcase> <!-- Betalningstyp -->
  <testcase classname="testCasesSATGranskningBetalningsinformation.GranskningAddNewPaymentInformationBankLocatedOutsideOfEurope" name="BankensNamn" time="0.0">
    <skipped/>
  </testcase> <!-- BankensNamn -->
  <testcase classname="testCasesSATGranskningBetalningsinformation.GranskningAddNewPaymentInformationBankLocatedInEurope" name="Kontoinnehavare" time="0.0">
    <skipped/>
  </testcase> <!-- Kontoinnehavare -->
  <testcase classname="testCasesSATGranskningBetalningsinformation.GranskningAddNewPaymentInformationBankLocatedInSwedenBankgiro" name="Bankgiro" time="0.0">
    <skipped/>
  </testcase> <!-- Bankgiro -->
  <testcase classname="testCasesSATGranskningBetalningsinformation.GranskningAddNewPaymentInformationBankLocatedInSwedenBankkonto" name="BankensNamn" time="0.0">
    <skipped/>
  </testcase> <!-- BankensNamn -->
  <testcase classname="testCasesSATGranskningBetalningsinformation.GranskningAddNewPaymentInformationBankLocatedInSwedenPlusgiro" name="Plusgiro" time="0.0">
    <skipped/>
  </testcase> <!-- Plusgiro -->
  <testcase classname="testCasesSATGranskningBetalningsinformation.GranskningAddNewPaymentInformationBankLocatedOutsideOfEurope" name="Bankadress" time="0.0">
    <skipped/>
  </testcase> <!-- Bankadress -->
  <testcase classname="testCasesSATGranskningBetalningsinformation.GranskningAddNewPaymentInformationBankLocatedInEurope" name="IBAN" time="0.0">
    <skipped/>
  </testcase> <!-- IBAN -->
  <testcase classname="testCasesSATGranskningBetalningsinformation.GranskningAddNewPaymentInformationBankLocatedInSwedenBankgiro" name="Skatteprocent" time="0.0">
    <skipped/>
  </testcase> <!-- Skatteprocent -->
  <testcase classname="testCasesSATGranskningBetalningsinformation.GranskningAddNewPaymentInformationBankLocatedInSwedenBankkonto" name="Kontoinnehavare" time="0.0">
    <skipped/>
  </testcase> <!-- Kontoinnehavare -->
  <testcase classname="testCasesSATGranskningBetalningsinformation.GranskningAddNewPaymentInformationBankLocatedInSwedenPlusgiro" name="Skatteprocent" time="0.0">
    <skipped/>
  </testcase> <!-- Skatteprocent -->
  <testcase classname="testCasesSATGranskningBetalningsinformation.GranskningAddNewPaymentInformationBankLocatedOutsideOfEurope" name="BankensPostnummer" time="0.0">
    <skipped/>
  </testcase> <!-- BankensPostnummer -->
  <testcase classname="testCasesSATGranskningBetalningsinformation.GranskningAddNewPaymentInformationBankLocatedInEurope" name="SWIFTBIC" time="0.0">
    <skipped/>
  </testcase> <!-- SWIFTBIC -->
  <testcase classname="testCasesSATGranskningBetalningsinformation.GranskningAddNewPaymentInformationBankLocatedInSwedenBankgiro" name="TIN" time="0.0">
    <skipped/>
  </testcase> <!-- TIN -->
  <testcase classname="testCasesSATGranskningBetalningsinformation.GranskningAddNewPaymentInformationBankLocatedInSwedenBankkonto" name="Clearingnummer" time="0.0">
    <skipped/>
  </testcase> <!-- Clearingnummer -->
  <testcase classname="testCasesSATGranskningBetalningsinformation.GranskningAddNewPaymentInformationBankLocatedInSwedenPlusgiro" name="TIN" time="0.0">
    <skipped/>
  </testcase> <!-- TIN -->
  <testcase classname="testCasesSATGranskningBetalningsinformation.GranskningAddNewPaymentInformationBankLocatedOutsideOfEurope" name="BankensPostadress" time="0.0">
    <skipped/>
  </testcase> <!-- BankensPostadress -->
  <testcase classname="testCasesSATGranskningBetalningsinformation.GranskningAddNewPaymentInformationBankLocatedInEurope" name="TIN" time="0.0">
    <skipped/>
  </testcase> <!-- TIN -->
  <testcase classname="testCasesSATGranskningBetalningsinformation.GranskningAddNewPaymentInformationBankLocatedInSwedenBankgiro" name="Spara" time="0.0">
    <skipped/>
  </testcase> <!-- Spara -->
  <testcase classname="testCasesSATGranskningBetalningsinformation.GranskningAddNewPaymentInformationBankLocatedInSwedenBankkonto" name="Bankkontonummer" time="0.0">
    <skipped/>
  </testcase> <!-- Bankkontonummer -->
  <testcase classname="testCasesSATGranskningBetalningsinformation.GranskningAddNewPaymentInformationBankLocatedInSwedenPlusgiro" name="Spara" time="0.0">
    <skipped/>
  </testcase> <!-- Spara -->
  <testcase classname="testCasesSATGranskningBetalningsinformation.GranskningAddNewPaymentInformationBankLocatedOutsideOfEurope" name="Kontoinnehavare" time="0.0">
    <skipped/>
  </testcase> <!-- Kontoinnehavare -->
  <testcase classname="testCasesSATGranskningBetalningsinformation.GranskningAddNewPaymentInformationBankLocatedInEurope" name="Spara" time="0.0">
    <skipped/>
  </testcase> <!-- Spara -->
  <testcase classname="testCasesSATGranskningBetalningsinformation.GranskningAddNewPaymentInformationBankLocatedInSwedenBankgiro" name="AcceptAlert" time="0.0">
    <skipped/>
  </testcase> <!-- AcceptAlert -->
  <testcase classname="testCasesSATGranskningBetalningsinformation.GranskningAddNewPaymentInformationBankLocatedInSwedenBankkonto" name="Skatteprocent" time="0.0">
    <skipped/>
  </testcase> <!-- Skatteprocent -->
  <testcase classname="testCasesSATGranskningBetalningsinformation.GranskningAddNewPaymentInformationBankLocatedInSwedenPlusgiro" name="AcceptAlert" time="0.0">
    <skipped/>
  </testcase> <!-- AcceptAlert -->
  <testcase classname="testCasesSATGranskningBetalningsinformation.GranskningAddNewPaymentInformationBankLocatedOutsideOfEurope" name="Bankkontonummer" time="0.0">
    <skipped/>
  </testcase> <!-- Bankkontonummer -->
  <testcase classname="testCasesSATGranskningBetalningsinformation.GranskningAddNewPaymentInformationBankLocatedInEurope" name="AccepteraAlert" time="0.0">
    <skipped/>
  </testcase> <!-- AccepteraAlert -->
  <testcase classname="testCasesSATGranskningBetalningsinformation.GranskningAddNewPaymentInformationBankLocatedInSwedenBankkonto" name="TIN" time="0.0">
    <skipped/>
  </testcase> <!-- TIN -->
  <testcase classname="testCasesSATGranskningBetalningsinformation.GranskningAddNewPaymentInformationBankLocatedOutsideOfEurope" name="Bankkod" time="0.0">
    <skipped/>
  </testcase> <!-- Bankkod -->
  <testcase classname="testCasesSATGranskningBetalningsinformation.GranskningAddNewPaymentInformationBankLocatedInSwedenBankkonto" name="Spara" time="0.0">
    <skipped/>
  </testcase> <!-- Spara -->
  <testcase classname="testCasesSATGranskningBetalningsinformation.GranskningAddNewPaymentInformationBankLocatedOutsideOfEurope" name="SWIFTBIC" time="0.0">
    <skipped/>
  </testcase> <!-- SWIFTBIC -->
  <testcase classname="testCasesSATGranskningBetalningsinformation.GranskningAddNewPaymentInformationBankLocatedInSwedenBankkonto" name="AcceptAlert" time="0.0">
    <skipped/>
  </testcase> <!-- AcceptAlert -->
  <testcase classname="testCasesSATGranskningBetalningsinformation.GranskningAddNewPaymentInformationBankLocatedOutsideOfEurope" name="TIN" time="0.0">
    <skipped/>
  </testcase> <!-- TIN -->
  <testcase classname="testCasesSATGranskningBetalningsinformation.GranskningAddNewPaymentInformationBankLocatedOutsideOfEurope" name="Spara" time="0.0">
    <skipped/>
  </testcase> <!-- Spara -->
  <testcase classname="testCasesSATGranskningBetalningsinformation.GranskningAddNewPaymentInformationBankLocatedOutsideOfEurope" name="AcceptAlert" time="0.0">
    <skipped/>
  </testcase> <!-- AcceptAlert -->
</testsuite> <!-- GranskningBetalningsinformation -->
