<?xml version="1.0" encoding="UTF-8"?>
<!-- Generated by org.testng.reporters.JUnitXMLReporter -->
<testsuite ignored="0" hostname="77DWHM2" failures="0" tests="10" name="Immaterialrätt" time="17.213" errors="0" timestamp="31 juli 2018 14:10:03 GMT">
  <testcase classname="testCasesSATMinProfilImmaterialrätt.ImmaterialrättAddNewImmaterialRätt" name="LoginAsUser" time="8.873"/>
  <testcase classname="testCasesSATMinProfilImmaterialrätt.ImmaterialrättAddNewImmaterialRätt" name="ClickImmaterialrätt" time="1.014"/>
  <testcase classname="testCasesSATMinProfilImmaterialrätt.ImmaterialrättAddNewImmaterialRätt" name="LäggTill" time="0.113"/>
  <testcase classname="testCasesSATMinProfilImmaterialrätt.ImmaterialrättAddNewImmaterialRätt" name="Typ" time="0.294"/>
  <testcase classname="testCasesSATMinProfilImmaterialrätt.ImmaterialrättAddNewImmaterialRätt" name="Id" time="0.11"/>
  <testcase classname="testCasesSATMinProfilImmaterialrätt.ImmaterialrättAddNewImmaterialRätt" name="DatumFörBeviljande" time="0.195"/>
  <testcase classname="testCasesSATMinProfilImmaterialrätt.ImmaterialrättAddNewImmaterialRätt" name="ProduktKlassificering" time="0.511"/>
  <testcase classname="testCasesSATMinProfilImmaterialrätt.ImmaterialrättAddNewImmaterialRätt" name="LicensieradTillAnnan" time="0.13"/>
  <testcase classname="testCasesSATMinProfilImmaterialrätt.ImmaterialrättAddNewImmaterialRätt" name="LicensieradTillAnnanDropDown" time="0.213"/>
  <testcase classname="testCasesSATMinProfilImmaterialrätt.ImmaterialrättAddNewImmaterialRätt" name="Spara" time="0.156"/>
</testsuite> <!-- Immaterialrätt -->
