<?xml version="1.0" encoding="UTF-8"?>
<!-- Generated by org.testng.reporters.JUnitXMLReporter -->
<testsuite ignored="0" hostname="77DWHM2" failures="0" tests="10" name="Immaterialrätt" time="13.207" errors="0" timestamp="26 juli 2018 09:47:58 GMT">
  <testcase classname="testCasesSATMinProfilImmaterialrätt.ImmaterialrättAddNewImmaterialRätt" name="LoginAsUser" time="4.774"/>
  <testcase classname="testCasesSATMinProfilImmaterialrätt.ImmaterialrättAddNewImmaterialRätt" name="ClickImmaterialrätt" time="0.649"/>
  <testcase classname="testCasesSATMinProfilImmaterialrätt.ImmaterialrättAddNewImmaterialRätt" name="LäggTill" time="0.078"/>
  <testcase classname="testCasesSATMinProfilImmaterialrätt.ImmaterialrättAddNewImmaterialRätt" name="Typ" time="0.288"/>
  <testcase classname="testCasesSATMinProfilImmaterialrätt.ImmaterialrättAddNewImmaterialRätt" name="Id" time="0.101"/>
  <testcase classname="testCasesSATMinProfilImmaterialrätt.ImmaterialrättAddNewImmaterialRätt" name="DatumFörBeviljande" time="0.186"/>
  <testcase classname="testCasesSATMinProfilImmaterialrätt.ImmaterialrättAddNewImmaterialRätt" name="ProduktKlassificering" time="0.333"/>
  <testcase classname="testCasesSATMinProfilImmaterialrätt.ImmaterialrättAddNewImmaterialRätt" name="LicensieradTillAnnan" time="0.099"/>
  <testcase classname="testCasesSATMinProfilImmaterialrätt.ImmaterialrättAddNewImmaterialRätt" name="LicensieradTillAnnanDropDown" time="0.19"/>
  <testcase classname="testCasesSATMinProfilImmaterialrätt.ImmaterialrättAddNewImmaterialRätt" name="Spara" time="0.138"/>
</testsuite> <!-- Immaterialrätt -->
