<?xml version="1.0" encoding="UTF-8"?>
<!-- Generated by org.testng.reporters.JUnitXMLReporter -->
<testsuite ignored="0" hostname="77DWHM2" failures="0" tests="10" name="Immaterialrätt" time="20.85" errors="0" timestamp="26 juli 2018 14:06:30 GMT">
  <testcase classname="testCasesSATMinProfilImmaterialrätt.ImmaterialrättAddNewImmaterialRätt" name="LoginAsUser" time="9.559"/>
  <testcase classname="testCasesSATMinProfilImmaterialrätt.ImmaterialrättAddNewImmaterialRätt" name="ClickImmaterialrätt" time="0.686"/>
  <testcase classname="testCasesSATMinProfilImmaterialrätt.ImmaterialrättAddNewImmaterialRätt" name="LäggTill" time="0.081"/>
  <testcase classname="testCasesSATMinProfilImmaterialrätt.ImmaterialrättAddNewImmaterialRätt" name="Typ" time="0.203"/>
  <testcase classname="testCasesSATMinProfilImmaterialrätt.ImmaterialrättAddNewImmaterialRätt" name="Id" time="0.099"/>
  <testcase classname="testCasesSATMinProfilImmaterialrätt.ImmaterialrättAddNewImmaterialRätt" name="DatumFörBeviljande" time="0.173"/>
  <testcase classname="testCasesSATMinProfilImmaterialrätt.ImmaterialrättAddNewImmaterialRätt" name="ProduktKlassificering" time="0.411"/>
  <testcase classname="testCasesSATMinProfilImmaterialrätt.ImmaterialrättAddNewImmaterialRätt" name="LicensieradTillAnnan" time="0.094"/>
  <testcase classname="testCasesSATMinProfilImmaterialrätt.ImmaterialrättAddNewImmaterialRätt" name="LicensieradTillAnnanDropDown" time="0.17"/>
  <testcase classname="testCasesSATMinProfilImmaterialrätt.ImmaterialrättAddNewImmaterialRätt" name="Spara" time="0.133"/>
</testsuite> <!-- Immaterialrätt -->
