<?xml version="1.0" encoding="UTF-8"?>
<!-- Generated by org.testng.reporters.JUnitXMLReporter -->
<testsuite ignored="0" hostname="77DWHM2" failures="0" tests="2" name="LoginAsValidUser" time="10.432" errors="0" timestamp="31 juli 2018 14:20:21 GMT">
  <testcase classname="testCasesSATÖvrigt.LoginAsValidUser" name="LoginAsUser" time="4.715"/>
  <testcase classname="testCasesSATÖvrigt.LoginAsValidUser" name="CheckIfLogOutButtonIsPresentVerifyLoginSuccess" time="0.013"/>
</testsuite> <!-- LoginAsValidUser -->
