<?xml version="1.0" encoding="UTF-8"?>
<!-- Generated by org.testng.reporters.JUnitXMLReporter -->
<testsuite ignored="0" hostname="77DWHM2" failures="0" tests="2" name="LoginAsValidUser" time="12.301" errors="0" timestamp="26 juli 2018 14:18:39 GMT">
  <testcase classname="testCasesSATÖvrigt.LoginAsValidUser" name="LoginAsUser" time="4.898"/>
  <testcase classname="testCasesSATÖvrigt.LoginAsValidUser" name="CheckIfLogOutButtonIsPresentVerifyLoginSuccess" time="0.013"/>
</testsuite> <!-- LoginAsValidUser -->
