<?xml version="1.0" encoding="UTF-8"?>
<!-- Generated by org.testng.reporters.JUnitXMLReporter -->
<testsuite ignored="0" hostname="77DWHM2" failures="1" tests="32" name="MeriterOchUtmärkelser" time="95.242" errors="0" timestamp="26 juli 2018 09:49:34 GMT">
  <testcase classname="testCasesSATMinProfilMeriterOchUtmärkelser.MeriterOchUtmärkelserAddNewDocentur" name="LoginAsUser" time="4.773"/>
  <testcase classname="testCasesSATMinProfilMeriterOchUtmärkelser.MeriterOchUtmärkelserAddNewDocentur" name="ClickMeriterOchUtmärkelser" time="2.044"/>
  <testcase classname="testCasesSATMinProfilMeriterOchUtmärkelser.MeriterOchUtmärkelserAddNewDocentur" name="LäggTillDocentur" time="0.088"/>
  <testcase classname="testCasesSATMinProfilMeriterOchUtmärkelser.MeriterOchUtmärkelserAddNewDocentur" name="SelectOrganization" time="2.012"/>
  <testcase classname="testCasesSATMinProfilMeriterOchUtmärkelser.MeriterOchUtmärkelserAddNewDocentur" name="Ämne" time="0.399"/>
  <testcase classname="testCasesSATMinProfilMeriterOchUtmärkelser.MeriterOchUtmärkelserAddNewDocentur" name="År" time="0.529"/>
  <testcase classname="testCasesSATMinProfilMeriterOchUtmärkelser.MeriterOchUtmärkelserAddNewDocentur" name="SparaDocentur" time="0.207"/>
  <testcase classname="testCasesSATMinProfilMeriterOchUtmärkelser.MeriterOchUtmärkelserAddNewHandleddaPersonerEnskildPerson" name="LoginAsUser" time="4.718"/>
  <testcase classname="testCasesSATMinProfilMeriterOchUtmärkelser.MeriterOchUtmärkelserAddNewHandleddaPersonerEnskildPerson" name="ClickMeriterOchUtmärkelser" time="1.797"/>
  <testcase classname="testCasesSATMinProfilMeriterOchUtmärkelser.MeriterOchUtmärkelserAddNewHandleddaPersonerEnskildPerson" name="LäggTillHandleddaPersonerEnskildPerson" time="0.147"/>
  <testcase classname="testCasesSATMinProfilMeriterOchUtmärkelser.MeriterOchUtmärkelserAddNewHandleddaPersonerEnskildPerson" name="LäggTillHandleddaPersonerEnskildPersonFörnamn" time="0.285"/>
  <testcase classname="testCasesSATMinProfilMeriterOchUtmärkelser.MeriterOchUtmärkelserAddNewHandleddaPersonerEnskildPerson" name="LäggTillHandleddaPersonerEnskildPersonEfternamn" time="0.13"/>
  <testcase classname="testCasesSATMinProfilMeriterOchUtmärkelser.MeriterOchUtmärkelserAddNewHandleddaPersonerEnskildPerson" name="LäggTillHandleddaPersonerEnskildPersonSlutår" time="1.089"/>
  <testcase classname="testCasesSATMinProfilMeriterOchUtmärkelser.MeriterOchUtmärkelserAddNewHandleddaPersonerEnskildPerson" name="LäggTillHandleddaPersonerEnskildPersonTypAvHandleddaPersoner" time="0.144"/>
  <testcase classname="testCasesSATMinProfilMeriterOchUtmärkelser.MeriterOchUtmärkelserAddNewHandleddaPersonerEnskildPerson" name="LäggTillHandleddaPersonerEnskildPersonRoll" time="0.12"/>
  <testcase classname="testCasesSATMinProfilMeriterOchUtmärkelser.MeriterOchUtmärkelserAddNewHandleddaPersonerEnskildPerson" name="LäggTillHandleddaPersonerEnskildPersonRollSpara" time="0.113"/>
  <testcase classname="testCasesSATMinProfilMeriterOchUtmärkelser.MeriterOchUtmärkelserAddNewPriserOchUtmärkelser" name="LoginAsUser" time="41.605">
    <failure type="org.openqa.selenium.TimeoutException" message="Expected condition failed: waiting for element to be clickable: By.cssSelector: body &amp;gt; div.page-container &amp;gt; div.container &amp;gt; div.row.header-row &amp;gt; header &amp;gt; ul &amp;gt; li.mainMenuMyProfile.active &amp;gt; a (tried for 40 second(s) with 500 milliseconds interval)">
      <![CDATA[org.openqa.selenium.TimeoutException: Expected condition failed: waiting for element to be clickable: By.cssSelector: body > div.page-container > div.container > div.row.header-row > header > ul > li.mainMenuMyProfile.active > a (tried for 40 second(s) with 500 milliseconds interval)
at org.openqa.selenium.support.ui.WebDriverWait.timeoutException(WebDriverWait.java:81)
at org.openqa.selenium.support.ui.FluentWait.until(FluentWait.java:271)
at driverAndCommands.DriverWaitExpectedConditions.WaitForElementToBeClickable(DriverWaitExpectedConditions.java:14)
at testCasesSATMinProfilMeriterOchUtmärkelser.MeriterOchUtmärkelserAddNewPriserOchUtmärkelser.LoginAsUser(MeriterOchUtmärkelserAddNewPriserOchUtmärkelser.java:20)
Caused by: org.openqa.selenium.NoSuchElementException: Cannot locate an element using By.cssSelector: body > div.page-container > div.container > div.row.header-row > header > ul > li.mainMenuMyProfile.active > a
For documentation on this error, please visit: http://seleniumhq.org/exceptions/no_such_element.html
Build info: version: '3.12.0', revision: '7c6e0b3', time: '2018-05-08T15:15:03.216Z'
System info: host: '77DWHM2', ip: '10.251.12.117', os.name: 'Windows 10', os.arch: 'amd64', os.version: '10.0', java.version: '10.0.1'
Driver info: driver.version: unknown
at org.openqa.selenium.support.ui.ExpectedConditions.lambda$findElement$0(ExpectedConditions.java:896)
at java.base/java.util.Optional.orElseThrow(Unknown Source)
at org.openqa.selenium.support.ui.ExpectedConditions.findElement(ExpectedConditions.java:895)
at org.openqa.selenium.support.ui.ExpectedConditions.access$000(ExpectedConditions.java:44)
at org.openqa.selenium.support.ui.ExpectedConditions$7.apply(ExpectedConditions.java:206)
at org.openqa.selenium.support.ui.ExpectedConditions$7.apply(ExpectedConditions.java:202)
at org.openqa.selenium.support.ui.ExpectedConditions$22.apply(ExpectedConditions.java:657)
at org.openqa.selenium.support.ui.ExpectedConditions$22.apply(ExpectedConditions.java:654)
at org.openqa.selenium.support.ui.FluentWait.until(FluentWait.java:248)
... 27 more
... Removed 25 stack frames]]>
    </failure>
  </testcase> <!-- LoginAsUser -->
  <testcase classname="testCasesSATMinProfilMeriterOchUtmärkelser.MeriterOchUtmärkelserAddNewPriserOchUtmärkelser" name="ClickMeriterOchUtmärkelser" time="0.0">
    <skipped/>
  </testcase> <!-- ClickMeriterOchUtmärkelser -->
  <testcase classname="testCasesSATMinProfilMeriterOchUtmärkelser.MeriterOchUtmärkelserAddNewPriserOchUtmärkelser" name="LäggTill" time="0.0">
    <skipped/>
  </testcase> <!-- LäggTill -->
  <testcase classname="testCasesSATMinProfilMeriterOchUtmärkelser.MeriterOchUtmärkelserAddNewPriserOchUtmärkelser" name="År" time="0.0">
    <skipped/>
  </testcase> <!-- År -->
  <testcase classname="testCasesSATMinProfilMeriterOchUtmärkelser.MeriterOchUtmärkelserAddNewPriserOchUtmärkelser" name="Land" time="0.0">
    <skipped/>
  </testcase> <!-- Land -->
  <testcase classname="testCasesSATMinProfilMeriterOchUtmärkelser.MeriterOchUtmärkelserAddNewPriserOchUtmärkelser" name="NamnPåPriset" time="0.0">
    <skipped/>
  </testcase> <!-- NamnPåPriset -->
  <testcase classname="testCasesSATMinProfilMeriterOchUtmärkelser.MeriterOchUtmärkelserAddNewPriserOchUtmärkelser" name="Utfärdare" time="0.0">
    <skipped/>
  </testcase> <!-- Utfärdare -->
  <testcase classname="testCasesSATMinProfilMeriterOchUtmärkelser.MeriterOchUtmärkelserAddNewPriserOchUtmärkelser" name="Beskrivning" time="0.0">
    <skipped/>
  </testcase> <!-- Beskrivning -->
  <testcase classname="testCasesSATMinProfilMeriterOchUtmärkelser.MeriterOchUtmärkelserAddNewPriserOchUtmärkelser" name="Spara" time="0.0">
    <skipped/>
  </testcase> <!-- Spara -->
  <testcase classname="testCasesSATMinProfilMeriterOchUtmärkelser.MeriterOchUtmärkelserAddNewÖvrigaMeriter" name="LoginAsUser" time="4.785"/>
  <testcase classname="testCasesSATMinProfilMeriterOchUtmärkelser.MeriterOchUtmärkelserAddNewÖvrigaMeriter" name="ClickMeriterOchUtmärkelser" time="1.893"/>
  <testcase classname="testCasesSATMinProfilMeriterOchUtmärkelser.MeriterOchUtmärkelserAddNewÖvrigaMeriter" name="LäggTill" time="0.118"/>
  <testcase classname="testCasesSATMinProfilMeriterOchUtmärkelser.MeriterOchUtmärkelserAddNewÖvrigaMeriter" name="StartårAndSlutÅr" time="1.663"/>
  <testcase classname="testCasesSATMinProfilMeriterOchUtmärkelser.MeriterOchUtmärkelserAddNewÖvrigaMeriter" name="TypAvMerit" time="0.13"/>
  <testcase classname="testCasesSATMinProfilMeriterOchUtmärkelser.MeriterOchUtmärkelserAddNewÖvrigaMeriter" name="Beskrivning" time="0.181"/>
  <testcase classname="testCasesSATMinProfilMeriterOchUtmärkelser.MeriterOchUtmärkelserAddNewÖvrigaMeriter" name="Spara" time="0.147"/>
</testsuite> <!-- MeriterOchUtmärkelser -->
