<?xml version="1.0" encoding="UTF-8"?>
<!-- Generated by org.testng.reporters.JUnitXMLReporter -->
<testsuite ignored="6" hostname="77DWHM2" failures="0" tests="32" name="MeriterOchUtmärkelser" time="78.311" errors="0" timestamp="31 juli 2018 14:11:22 GMT">
  <testcase classname="testCasesSATMinProfilMeriterOchUtmärkelser.MeriterOchUtmärkelserAddNewDocentur" name="LoginAsUser" time="8.827"/>
  <testcase classname="testCasesSATMinProfilMeriterOchUtmärkelser.MeriterOchUtmärkelserAddNewDocentur" name="ClickMeriterOchUtmärkelser" time="2.002"/>
  <testcase classname="testCasesSATMinProfilMeriterOchUtmärkelser.MeriterOchUtmärkelserAddNewDocentur" name="LäggTillDocentur" time="0.12"/>
  <testcase classname="testCasesSATMinProfilMeriterOchUtmärkelser.MeriterOchUtmärkelserAddNewDocentur" name="SelectOrganization" time="2.209"/>
  <testcase classname="testCasesSATMinProfilMeriterOchUtmärkelser.MeriterOchUtmärkelserAddNewDocentur" name="Ämne" time="0.478"/>
  <testcase classname="testCasesSATMinProfilMeriterOchUtmärkelser.MeriterOchUtmärkelserAddNewDocentur" name="År" time="2.051"/>
  <testcase classname="testCasesSATMinProfilMeriterOchUtmärkelser.MeriterOchUtmärkelserAddNewDocentur" name="SparaDocentur" time="0.186"/>
  <testcase classname="testCasesSATMinProfilMeriterOchUtmärkelser.MeriterOchUtmärkelserAddNewHandleddaPersonerEnskildPerson" name="LoginAsUser" time="9.647"/>
  <testcase classname="testCasesSATMinProfilMeriterOchUtmärkelser.MeriterOchUtmärkelserAddNewHandleddaPersonerEnskildPerson" name="ClickMeriterOchUtmärkelser" time="2.222"/>
  <testcase classname="testCasesSATMinProfilMeriterOchUtmärkelser.MeriterOchUtmärkelserAddNewHandleddaPersonerEnskildPerson" name="LäggTillHandleddaPersonerEnskildPerson" time="0.131"/>
  <testcase classname="testCasesSATMinProfilMeriterOchUtmärkelser.MeriterOchUtmärkelserAddNewHandleddaPersonerEnskildPerson" name="LäggTillHandleddaPersonerEnskildPersonFörnamn" time="0.302"/>
  <testcase classname="testCasesSATMinProfilMeriterOchUtmärkelser.MeriterOchUtmärkelserAddNewHandleddaPersonerEnskildPerson" name="LäggTillHandleddaPersonerEnskildPersonEfternamn" time="0.151"/>
  <testcase classname="testCasesSATMinProfilMeriterOchUtmärkelser.MeriterOchUtmärkelserAddNewHandleddaPersonerEnskildPerson" name="LäggTillHandleddaPersonerEnskildPersonSlutår" time="0.231"/>
  <testcase classname="testCasesSATMinProfilMeriterOchUtmärkelser.MeriterOchUtmärkelserAddNewHandleddaPersonerEnskildPerson" name="LäggTillHandleddaPersonerEnskildPersonTypAvHandleddaPersoner" time="0.145"/>
  <testcase classname="testCasesSATMinProfilMeriterOchUtmärkelser.MeriterOchUtmärkelserAddNewHandleddaPersonerEnskildPerson" name="LäggTillHandleddaPersonerEnskildPersonRoll" time="0.153"/>
  <testcase classname="testCasesSATMinProfilMeriterOchUtmärkelser.MeriterOchUtmärkelserAddNewHandleddaPersonerEnskildPerson" name="LäggTillHandleddaPersonerEnskildPersonRollSpara" time="0.147"/>
  <testcase classname="testCasesSATMinProfilMeriterOchUtmärkelser.MeriterOchUtmärkelserAddNewPriserOchUtmärkelser" name="LoginAsUser" time="9.262"/>
  <testcase classname="testCasesSATMinProfilMeriterOchUtmärkelser.MeriterOchUtmärkelserAddNewPriserOchUtmärkelser" name="ClickMeriterOchUtmärkelser" time="2.222"/>
  <testcase classname="testCasesSATMinProfilMeriterOchUtmärkelser.MeriterOchUtmärkelserAddNewPriserOchUtmärkelser" name="LäggTill" time="0.168"/>
  <testcase classname="testCasesSATMinProfilMeriterOchUtmärkelser.MeriterOchUtmärkelserAddNewPriserOchUtmärkelser" name="År" time="1.305"/>
  <testcase classname="testCasesSATMinProfilMeriterOchUtmärkelser.MeriterOchUtmärkelserAddNewPriserOchUtmärkelser" name="Land" time="1.139"/>
  <testcase classname="testCasesSATMinProfilMeriterOchUtmärkelser.MeriterOchUtmärkelserAddNewPriserOchUtmärkelser" name="NamnPåPriset" time="0.239"/>
  <testcase classname="testCasesSATMinProfilMeriterOchUtmärkelser.MeriterOchUtmärkelserAddNewPriserOchUtmärkelser" name="Utfärdare" time="0.183"/>
  <testcase classname="testCasesSATMinProfilMeriterOchUtmärkelser.MeriterOchUtmärkelserAddNewPriserOchUtmärkelser" name="Beskrivning" time="0.246"/>
  <testcase classname="testCasesSATMinProfilMeriterOchUtmärkelser.MeriterOchUtmärkelserAddNewPriserOchUtmärkelser" name="Spara" time="0.153"/>
  <testcase classname="testCasesSATMinProfilMeriterOchUtmärkelser.MeriterOchUtmärkelserAddNewÖvrigaMeriter" name="LoginAsUser" time="8.639"/>
  <testcase classname="testCasesSATMinProfilMeriterOchUtmärkelser.MeriterOchUtmärkelserAddNewÖvrigaMeriter" name="ClickMeriterOchUtmärkelser" time="2.267"/>
  <testcase classname="testCasesSATMinProfilMeriterOchUtmärkelser.MeriterOchUtmärkelserAddNewÖvrigaMeriter" name="LäggTill" time="0.157"/>
  <testcase classname="testCasesSATMinProfilMeriterOchUtmärkelser.MeriterOchUtmärkelserAddNewÖvrigaMeriter" name="StartårAndSlutÅr" time="0.684"/>
  <testcase classname="testCasesSATMinProfilMeriterOchUtmärkelser.MeriterOchUtmärkelserAddNewÖvrigaMeriter" name="TypAvMerit" time="0.13"/>
  <testcase classname="testCasesSATMinProfilMeriterOchUtmärkelser.MeriterOchUtmärkelserAddNewÖvrigaMeriter" name="Beskrivning" time="0.261"/>
  <testcase classname="testCasesSATMinProfilMeriterOchUtmärkelser.MeriterOchUtmärkelserAddNewÖvrigaMeriter" name="Spara" time="0.131"/>
  <testcase classname="driverAndCommands.BeforeAfterTestBrowsers" name="@BeforeSuite CheckTimeBeforeSuite" time="0.0">
    <ignored/>
  </testcase> <!-- @BeforeSuite CheckTimeBeforeSuite -->
  <testcase classname="driverAndCommands.BeforeAfterTestBrowsers" name="@BeforeSuite CheckTimeBeforeSuite" time="0.0">
    <ignored/>
  </testcase> <!-- @BeforeSuite CheckTimeBeforeSuite -->
  <testcase classname="driverAndCommands.BeforeAfterTestBrowsers" name="@BeforeSuite CheckTimeBeforeSuite" time="0.0">
    <ignored/>
  </testcase> <!-- @BeforeSuite CheckTimeBeforeSuite -->
  <testcase classname="driverAndCommands.BeforeAfterTestBrowsers" name="@AfterSuite CheckTimeAfterSuite" time="0.0">
    <ignored/>
  </testcase> <!-- @AfterSuite CheckTimeAfterSuite -->
  <testcase classname="driverAndCommands.BeforeAfterTestBrowsers" name="@AfterSuite CheckTimeAfterSuite" time="0.0">
    <ignored/>
  </testcase> <!-- @AfterSuite CheckTimeAfterSuite -->
  <testcase classname="driverAndCommands.BeforeAfterTestBrowsers" name="@AfterSuite CheckTimeAfterSuite" time="0.0">
    <ignored/>
  </testcase> <!-- @AfterSuite CheckTimeAfterSuite -->
</testsuite> <!-- MeriterOchUtmärkelser -->
