<html>
<head>
<title>TestNG:  MeriterOchUtm‰rkelser</title>
<link href="../testng.css" rel="stylesheet" type="text/css" />
<link href="../my-testng.css" rel="stylesheet" type="text/css" />

<style type="text/css">
.log { display: none;} 
.stack-trace { display: none;} 
</style>
<script type="text/javascript">
<!--
function flip(e) {
  current = e.style.display;
  if (current == 'block') {
    e.style.display = 'none';
    return 0;
  }
  else {
    e.style.display = 'block';
    return 1;
  }
}

function toggleBox(szDivId, elem, msg1, msg2)
{
  var res = -1;  if (document.getElementById) {
    res = flip(document.getElementById(szDivId));
  }
  else if (document.all) {
    // this is the way old msie versions work
    res = flip(document.all[szDivId]);
  }
  if(elem) {
    if(res == 0) elem.innerHTML = msg1; else elem.innerHTML = msg2;
  }

}

function toggleAllBoxes() {
  if (document.getElementsByTagName) {
    d = document.getElementsByTagName('div');
    for (i = 0; i < d.length; i++) {
      if (d[i].className == 'log') {
        flip(d[i]);
      }
    }
  }
}

// -->
</script>

</head>
<body>
<h2 align='center'>MeriterOchUtm‰rkelser</h2><table border='1' align="center">
<tr>
<td>Tests passed/Failed/Skipped:</td><td>0/0/32</td>
</tr><tr>
<td>Started on:</td><td>Wed Jul 25 17:37:16 CEST 2018</td>
</tr>
<tr><td>Total time:</td><td>11 seconds (11546 ms)</td>
</tr><tr>
<td>Included groups:</td><td></td>
</tr><tr>
<td>Excluded groups:</td><td></td>
</tr>
</table><p/>
<small><i>(Hover the method name to see the test class name)</i></small><p/>
<table width='100%' border='1' class='invocation-failed'>
<tr><td colspan='4' align='center'><b>FAILED CONFIGURATIONS</b></td></tr>
<tr><td><b>Test method</b></td>
<td width="30%"><b>Exception</b></td>
<td width="10%"><b>Time (seconds)</b></td>
<td><b>Instance</b></td>
</tr>
<tr>
<td title='testCasesSATMinProfilMeriterOchUtm‰rkelser.MeriterOchUtm‰rkelserAddNewDocentur.Setup()'><b>Setup</b><br>Test class: testCasesSATMinProfilMeriterOchUtm‰rkelser.MeriterOchUtm‰rkelserAddNewDocentur<br>Parameters: Chrome, jagtestarprisma@gmail.com, Vr1234</td>
<td><div><pre>org.openqa.selenium.WebDriverException: unknown error: Element &lt;a class=&quot;btn btn-discreet btn-login-left show-modal&quot; data-ajax=&quot;true&quot; data-ajax-complete=&quot;prisma.validateLoginStatus(); prisma.showModal();&quot; data-ajax-method=&quot;GET&quot; data-ajax-mode=&quot;replace&quot; data-ajax-success=&quot;prisma.addValidationForResult();prisma.wrapGridInDiv();&quot; data-ajax-update=&quot;#editDialogBody&quot; href=&quot;/Account/LogOn&quot; title=&quot;...&quot;&gt;Logga in&lt;/a&gt; is not clickable at point (964, 152). Other element would receive the click: &lt;div class=&quot;modal-scrollable&quot; style=&quot;z-index: 1050;&quot;&gt;...&lt;/div&gt;
  (Session info: chrome=67.0.3396.99)
  (Driver info: chromedriver=2.40.565498 (ea082db3280dd6843ebfb08a625e3eb905c4f5ab),platform=Windows NT 10.0.16299 x86_64) (WARNING: The server did not provide any stacktrace information)
Command duration or timeout: 0 milliseconds
Build info: version: &apos;3.12.0&apos;, revision: &apos;7c6e0b3&apos;, time: &apos;2018-05-08T15:15:03.216Z&apos;
System info: host: &apos;77DWHM2&apos;, ip: &apos;10.251.12.117&apos;, os.name: &apos;Windows 10&apos;, os.arch: &apos;amd64&apos;, os.version: &apos;10.0&apos;, java.version: &apos;10.0.1&apos;
Driver info: org.openqa.selenium.chrome.ChromeDriver
Capabilities {acceptInsecureCerts: false, acceptSslCerts: false, applicationCacheEnabled: false, browserConnectionEnabled: false, browserName: chrome, chrome: {chromedriverVersion: 2.40.565498 (ea082db3280dd6..., userDataDir: C:\Users\krkl\AppData\Local...}, cssSelectorsEnabled: true, databaseEnabled: false, handlesAlerts: true, hasTouchScreen: false, javascriptEnabled: true, locationContextEnabled: true, mobileEmulationEnabled: false, nativeEvents: true, networkConnectionEnabled: false, pageLoadStrategy: normal, platform: XP, platformName: XP, rotatable: false, setWindowRect: true, takesHeapSnapshot: true, takesScreenshot: true, unexpectedAlertBehaviour: , unhandledPromptBehavior: , version: 67.0.3396.99, webStorageEnabled: true}
Session ID: 7d10efc42965d8bf636f378ae4fc4554
	at org.openqa.selenium.remote.ErrorHandler.createThrowable(ErrorHandler.java:214)
	at org.openqa.selenium.remote.ErrorHandler.throwIfResponseFailed(ErrorHandler.java:166)
	at org.openqa.selenium.remote.http.JsonHttpResponseCodec.reconstructValue(JsonHttpResponseCodec.java:40)
	at org.openqa.selenium.remote.http.AbstractHttpResponseCodec.decode(AbstractHttpResponseCodec.java:80)
	at org.openqa.selenium.remote.http.AbstractHttpResponseCodec.decode(AbstractHttpResponseCodec.java:44)
	at org.openqa.selenium.remote.HttpCommandExecutor.execute(HttpCommandExecutor.java:158)
	at org.openqa.selenium.remote.service.DriverCommandExecutor.execute(DriverCommandExecutor.java:83)
	at org.openqa.selenium.remote.RemoteWebDriver.execute(RemoteWebDriver.java:543)
	at org.openqa.selenium.remote.RemoteWebElement.execute(RemoteWebElement.java:276)
	at org.openqa.selenium.remote.RemoteWebElement.click(RemoteWebElement.java:83)
	at driverAndCommands.BeforeAfterTestBrowsers.Setup(BeforeAfterTestBrowsers.java:29)
	at java.base/java.util.concurrent.FutureTask.run(Unknown Source)
	at java.base/java.util.concurrent.ThreadPoolExecutor.runWorker(Unknown Source)
	at java.base/java.util.concurrent.ThreadPoolExecutor$Worker.run(Unknown Source)
	at java.base/java.lang.Thread.run(Unknown Source)
... Removed 21 stack frames</pre></div><a href='#' onClick='toggleBox("stack-trace1980117676", this, "Click to show all stack frames", "Click to hide stack frames")'>Click to show all stack frames</a>
<div class='stack-trace' id='stack-trace1980117676'><pre>org.openqa.selenium.WebDriverException: unknown error: Element &lt;a class=&quot;btn btn-discreet btn-login-left show-modal&quot; data-ajax=&quot;true&quot; data-ajax-complete=&quot;prisma.validateLoginStatus(); prisma.showModal();&quot; data-ajax-method=&quot;GET&quot; data-ajax-mode=&quot;replace&quot; data-ajax-success=&quot;prisma.addValidationForResult();prisma.wrapGridInDiv();&quot; data-ajax-update=&quot;#editDialogBody&quot; href=&quot;/Account/LogOn&quot; title=&quot;...&quot;&gt;Logga in&lt;/a&gt; is not clickable at point (964, 152). Other element would receive the click: &lt;div class=&quot;modal-scrollable&quot; style=&quot;z-index: 1050;&quot;&gt;...&lt;/div&gt;
  (Session info: chrome=67.0.3396.99)
  (Driver info: chromedriver=2.40.565498 (ea082db3280dd6843ebfb08a625e3eb905c4f5ab),platform=Windows NT 10.0.16299 x86_64) (WARNING: The server did not provide any stacktrace information)
Command duration or timeout: 0 milliseconds
Build info: version: &apos;3.12.0&apos;, revision: &apos;7c6e0b3&apos;, time: &apos;2018-05-08T15:15:03.216Z&apos;
System info: host: &apos;77DWHM2&apos;, ip: &apos;10.251.12.117&apos;, os.name: &apos;Windows 10&apos;, os.arch: &apos;amd64&apos;, os.version: &apos;10.0&apos;, java.version: &apos;10.0.1&apos;
Driver info: org.openqa.selenium.chrome.ChromeDriver
Capabilities {acceptInsecureCerts: false, acceptSslCerts: false, applicationCacheEnabled: false, browserConnectionEnabled: false, browserName: chrome, chrome: {chromedriverVersion: 2.40.565498 (ea082db3280dd6..., userDataDir: C:\Users\krkl\AppData\Local...}, cssSelectorsEnabled: true, databaseEnabled: false, handlesAlerts: true, hasTouchScreen: false, javascriptEnabled: true, locationContextEnabled: true, mobileEmulationEnabled: false, nativeEvents: true, networkConnectionEnabled: false, pageLoadStrategy: normal, platform: XP, platformName: XP, rotatable: false, setWindowRect: true, takesHeapSnapshot: true, takesScreenshot: true, unexpectedAlertBehaviour: , unhandledPromptBehavior: , version: 67.0.3396.99, webStorageEnabled: true}
Session ID: 7d10efc42965d8bf636f378ae4fc4554
	at java.base/jdk.internal.reflect.NativeConstructorAccessorImpl.newInstance0(Native Method)
	at java.base/jdk.internal.reflect.NativeConstructorAccessorImpl.newInstance(Unknown Source)
	at java.base/jdk.internal.reflect.DelegatingConstructorAccessorImpl.newInstance(Unknown Source)
	at java.base/java.lang.reflect.Constructor.newInstance(Unknown Source)
	at org.openqa.selenium.remote.ErrorHandler.createThrowable(ErrorHandler.java:214)
	at org.openqa.selenium.remote.ErrorHandler.throwIfResponseFailed(ErrorHandler.java:166)
	at org.openqa.selenium.remote.http.JsonHttpResponseCodec.reconstructValue(JsonHttpResponseCodec.java:40)
	at org.openqa.selenium.remote.http.AbstractHttpResponseCodec.decode(AbstractHttpResponseCodec.java:80)
	at org.openqa.selenium.remote.http.AbstractHttpResponseCodec.decode(AbstractHttpResponseCodec.java:44)
	at org.openqa.selenium.remote.HttpCommandExecutor.execute(HttpCommandExecutor.java:158)
	at org.openqa.selenium.remote.service.DriverCommandExecutor.execute(DriverCommandExecutor.java:83)
	at org.openqa.selenium.remote.RemoteWebDriver.execute(RemoteWebDriver.java:543)
	at org.openqa.selenium.remote.RemoteWebElement.execute(RemoteWebElement.java:276)
	at org.openqa.selenium.remote.RemoteWebElement.click(RemoteWebElement.java:83)
	at driverAndCommands.BeforeAfterTestBrowsers.Setup(BeforeAfterTestBrowsers.java:29)
	at java.base/jdk.internal.reflect.NativeMethodAccessorImpl.invoke0(Native Method)
	at java.base/jdk.internal.reflect.NativeMethodAccessorImpl.invoke(Unknown Source)
	at java.base/jdk.internal.reflect.DelegatingMethodAccessorImpl.invoke(Unknown Source)
	at java.base/java.lang.reflect.Method.invoke(Unknown Source)
	at org.testng.internal.MethodInvocationHelper.invokeMethod(MethodInvocationHelper.java:124)
	at org.testng.internal.MethodInvocationHelper.invokeMethodConsideringTimeout(MethodInvocationHelper.java:59)
	at org.testng.internal.Invoker.invokeConfigurationMethod(Invoker.java:455)
	at org.testng.internal.Invoker.invokeConfigurations(Invoker.java:222)
	at org.testng.internal.Invoker.invokeConfigurations(Invoker.java:142)
	at org.testng.internal.TestMethodWorker.invokeBeforeClassMethods(TestMethodWorker.java:168)
	at org.testng.internal.TestMethodWorker.run(TestMethodWorker.java:105)
	at org.testng.TestRunner.privateRun(TestRunner.java:648)
	at org.testng.TestRunner.run(TestRunner.java:505)
	at org.testng.SuiteRunner.runTest(SuiteRunner.java:455)
	at org.testng.SuiteRunner.access$000(SuiteRunner.java:40)
	at org.testng.SuiteRunner$SuiteWorker.run(SuiteRunner.java:489)
	at org.testng.internal.thread.ThreadUtil$1.call(ThreadUtil.java:52)
	at java.base/java.util.concurrent.FutureTask.run(Unknown Source)
	at java.base/java.util.concurrent.ThreadPoolExecutor.runWorker(Unknown Source)
	at java.base/java.util.concurrent.ThreadPoolExecutor$Worker.run(Unknown Source)
	at java.base/java.lang.Thread.run(Unknown Source)
</pre></div></td>
<td>11</td>
<td>testCasesSATMinProfilMeriterOchUtm‰rkelser.MeriterOchUtm‰rkelserAddNewDocentur@7ea9e1e2</td></tr>
</table><p>
<table width='100%' border='1' class='invocation-skipped'>
<tr><td colspan='4' align='center'><b>SKIPPED CONFIGURATIONS</b></td></tr>
<tr><td><b>Test method</b></td>
<td width="30%"><b>Exception</b></td>
<td width="10%"><b>Time (seconds)</b></td>
<td><b>Instance</b></td>
</tr>
<tr>
<td title='testCasesSATMinProfilMeriterOchUtm‰rkelser.MeriterOchUtm‰rkelserAddNewHandleddaPersonerEnskildPerson.Setup()'><b>Setup</b><br>Test class: testCasesSATMinProfilMeriterOchUtm‰rkelser.MeriterOchUtm‰rkelserAddNewHandleddaPersonerEnskildPerson</td>
<td></td>
<td>0</td>
<td>testCasesSATMinProfilMeriterOchUtm‰rkelser.MeriterOchUtm‰rkelserAddNewHandleddaPersonerEnskildPerson@4d02f94e</td></tr>
<tr>
<td title='testCasesSATMinProfilMeriterOchUtm‰rkelser.MeriterOchUtm‰rkelserAddNewPriserOchUtm‰rkelser.Setup()'><b>Setup</b><br>Test class: testCasesSATMinProfilMeriterOchUtm‰rkelser.MeriterOchUtm‰rkelserAddNewPriserOchUtm‰rkelser</td>
<td></td>
<td>0</td>
<td>testCasesSATMinProfilMeriterOchUtm‰rkelser.MeriterOchUtm‰rkelserAddNewPriserOchUtm‰rkelser@759d26fb</td></tr>
<tr>
<td title='testCasesSATMinProfilMeriterOchUtm‰rkelser.MeriterOchUtm‰rkelserAddNew÷vrigaMeriter.Setup()'><b>Setup</b><br>Test class: testCasesSATMinProfilMeriterOchUtm‰rkelser.MeriterOchUtm‰rkelserAddNew÷vrigaMeriter</td>
<td></td>
<td>0</td>
<td>testCasesSATMinProfilMeriterOchUtm‰rkelser.MeriterOchUtm‰rkelserAddNew÷vrigaMeriter@4d5b6aac</td></tr>
<tr>
<td title='testCasesSATMinProfilMeriterOchUtm‰rkelser.MeriterOchUtm‰rkelserAddNewDocentur.tearDown()'><b>tearDown</b><br>Test class: testCasesSATMinProfilMeriterOchUtm‰rkelser.MeriterOchUtm‰rkelserAddNewDocentur</td>
<td></td>
<td>0</td>
<td>testCasesSATMinProfilMeriterOchUtm‰rkelser.MeriterOchUtm‰rkelserAddNewDocentur@7ea9e1e2</td></tr>
<tr>
<td title='testCasesSATMinProfilMeriterOchUtm‰rkelser.MeriterOchUtm‰rkelserAddNew÷vrigaMeriter.tearDown()'><b>tearDown</b><br>Test class: testCasesSATMinProfilMeriterOchUtm‰rkelser.MeriterOchUtm‰rkelserAddNew÷vrigaMeriter</td>
<td></td>
<td>0</td>
<td>testCasesSATMinProfilMeriterOchUtm‰rkelser.MeriterOchUtm‰rkelserAddNew÷vrigaMeriter@4d5b6aac</td></tr>
<tr>
<td title='testCasesSATMinProfilMeriterOchUtm‰rkelser.MeriterOchUtm‰rkelserAddNewHandleddaPersonerEnskildPerson.tearDown()'><b>tearDown</b><br>Test class: testCasesSATMinProfilMeriterOchUtm‰rkelser.MeriterOchUtm‰rkelserAddNewHandleddaPersonerEnskildPerson</td>
<td></td>
<td>0</td>
<td>testCasesSATMinProfilMeriterOchUtm‰rkelser.MeriterOchUtm‰rkelserAddNewHandleddaPersonerEnskildPerson@4d02f94e</td></tr>
<tr>
<td title='testCasesSATMinProfilMeriterOchUtm‰rkelser.MeriterOchUtm‰rkelserAddNewPriserOchUtm‰rkelser.tearDown()'><b>tearDown</b><br>Test class: testCasesSATMinProfilMeriterOchUtm‰rkelser.MeriterOchUtm‰rkelserAddNewPriserOchUtm‰rkelser</td>
<td></td>
<td>0</td>
<td>testCasesSATMinProfilMeriterOchUtm‰rkelser.MeriterOchUtm‰rkelserAddNewPriserOchUtm‰rkelser@759d26fb</td></tr>
</table><p>
<table width='100%' border='1' class='invocation-skipped'>
<tr><td colspan='4' align='center'><b>SKIPPED TESTS</b></td></tr>
<tr><td><b>Test method</b></td>
<td width="30%"><b>Exception</b></td>
<td width="10%"><b>Time (seconds)</b></td>
<td><b>Instance</b></td>
</tr>
<tr>
<td title='testCasesSATMinProfilMeriterOchUtm‰rkelser.MeriterOchUtm‰rkelserAddNew÷vrigaMeriter.Beskrivning()'><b>Beskrivning</b><br>Test class: testCasesSATMinProfilMeriterOchUtm‰rkelser.MeriterOchUtm‰rkelserAddNew÷vrigaMeriter</td>
<td><div><pre>java.lang.Throwable: Method MeriterOchUtm‰rkelserAddNew÷vrigaMeriter.Beskrivning()[pri:0, instance:testCasesSATMinProfilMeriterOchUtm‰rkelser.MeriterOchUtm‰rkelserAddNew÷vrigaMeriter@4d5b6aac] depends on not successfully finished methods
	at java.base/java.util.concurrent.FutureTask.run(Unknown Source)
	at java.base/java.util.concurrent.ThreadPoolExecutor.runWorker(Unknown Source)
	at java.base/java.util.concurrent.ThreadPoolExecutor$Worker.run(Unknown Source)
	at java.base/java.lang.Thread.run(Unknown Source)
... Removed 9 stack frames</pre></div><a href='#' onClick='toggleBox("stack-trace783676917", this, "Click to show all stack frames", "Click to hide stack frames")'>Click to show all stack frames</a>
<div class='stack-trace' id='stack-trace783676917'><pre>java.lang.Throwable: Method MeriterOchUtm‰rkelserAddNew÷vrigaMeriter.Beskrivning()[pri:0, instance:testCasesSATMinProfilMeriterOchUtm‰rkelser.MeriterOchUtm‰rkelserAddNew÷vrigaMeriter@4d5b6aac] depends on not successfully finished methods
	at org.testng.internal.Invoker.invokeTestMethods(Invoker.java:887)
	at org.testng.internal.TestMethodWorker.invokeTestMethods(TestMethodWorker.java:125)
	at org.testng.internal.TestMethodWorker.run(TestMethodWorker.java:109)
	at org.testng.TestRunner.privateRun(TestRunner.java:648)
	at org.testng.TestRunner.run(TestRunner.java:505)
	at org.testng.SuiteRunner.runTest(SuiteRunner.java:455)
	at org.testng.SuiteRunner.access$000(SuiteRunner.java:40)
	at org.testng.SuiteRunner$SuiteWorker.run(SuiteRunner.java:489)
	at org.testng.internal.thread.ThreadUtil$1.call(ThreadUtil.java:52)
	at java.base/java.util.concurrent.FutureTask.run(Unknown Source)
	at java.base/java.util.concurrent.ThreadPoolExecutor.runWorker(Unknown Source)
	at java.base/java.util.concurrent.ThreadPoolExecutor$Worker.run(Unknown Source)
	at java.base/java.lang.Thread.run(Unknown Source)
</pre></div></td>
<td>0</td>
<td>null</td></tr>
<tr>
<td title='testCasesSATMinProfilMeriterOchUtm‰rkelser.MeriterOchUtm‰rkelserAddNewPriserOchUtm‰rkelser.Beskrivning()'><b>Beskrivning</b><br>Test class: testCasesSATMinProfilMeriterOchUtm‰rkelser.MeriterOchUtm‰rkelserAddNewPriserOchUtm‰rkelser</td>
<td><div><pre>java.lang.Throwable: Method MeriterOchUtm‰rkelserAddNewPriserOchUtm‰rkelser.Beskrivning()[pri:0, instance:testCasesSATMinProfilMeriterOchUtm‰rkelser.MeriterOchUtm‰rkelserAddNewPriserOchUtm‰rkelser@759d26fb] depends on not successfully finished methods
	at java.base/java.util.concurrent.FutureTask.run(Unknown Source)
	at java.base/java.util.concurrent.ThreadPoolExecutor.runWorker(Unknown Source)
	at java.base/java.util.concurrent.ThreadPoolExecutor$Worker.run(Unknown Source)
	at java.base/java.lang.Thread.run(Unknown Source)
... Removed 9 stack frames</pre></div><a href='#' onClick='toggleBox("stack-trace2081469251", this, "Click to show all stack frames", "Click to hide stack frames")'>Click to show all stack frames</a>
<div class='stack-trace' id='stack-trace2081469251'><pre>java.lang.Throwable: Method MeriterOchUtm‰rkelserAddNewPriserOchUtm‰rkelser.Beskrivning()[pri:0, instance:testCasesSATMinProfilMeriterOchUtm‰rkelser.MeriterOchUtm‰rkelserAddNewPriserOchUtm‰rkelser@759d26fb] depends on not successfully finished methods
	at org.testng.internal.Invoker.invokeTestMethods(Invoker.java:887)
	at org.testng.internal.TestMethodWorker.invokeTestMethods(TestMethodWorker.java:125)
	at org.testng.internal.TestMethodWorker.run(TestMethodWorker.java:109)
	at org.testng.TestRunner.privateRun(TestRunner.java:648)
	at org.testng.TestRunner.run(TestRunner.java:505)
	at org.testng.SuiteRunner.runTest(SuiteRunner.java:455)
	at org.testng.SuiteRunner.access$000(SuiteRunner.java:40)
	at org.testng.SuiteRunner$SuiteWorker.run(SuiteRunner.java:489)
	at org.testng.internal.thread.ThreadUtil$1.call(ThreadUtil.java:52)
	at java.base/java.util.concurrent.FutureTask.run(Unknown Source)
	at java.base/java.util.concurrent.ThreadPoolExecutor.runWorker(Unknown Source)
	at java.base/java.util.concurrent.ThreadPoolExecutor$Worker.run(Unknown Source)
	at java.base/java.lang.Thread.run(Unknown Source)
</pre></div></td>
<td>0</td>
<td>null</td></tr>
<tr>
<td title='testCasesSATMinProfilMeriterOchUtm‰rkelser.MeriterOchUtm‰rkelserAddNewDocentur.ClickMeriterOchUtm‰rkelser()'><b>ClickMeriterOchUtm‰rkelser</b><br>Test class: testCasesSATMinProfilMeriterOchUtm‰rkelser.MeriterOchUtm‰rkelserAddNewDocentur</td>
<td><div><pre>java.lang.Throwable: Method MeriterOchUtm‰rkelserAddNewDocentur.ClickMeriterOchUtm‰rkelser()[pri:0, instance:testCasesSATMinProfilMeriterOchUtm‰rkelser.MeriterOchUtm‰rkelserAddNewDocentur@7ea9e1e2] depends on not successfully finished methods
	at java.base/java.util.concurrent.FutureTask.run(Unknown Source)
	at java.base/java.util.concurrent.ThreadPoolExecutor.runWorker(Unknown Source)
	at java.base/java.util.concurrent.ThreadPoolExecutor$Worker.run(Unknown Source)
	at java.base/java.lang.Thread.run(Unknown Source)
... Removed 9 stack frames</pre></div><a href='#' onClick='toggleBox("stack-trace716066376", this, "Click to show all stack frames", "Click to hide stack frames")'>Click to show all stack frames</a>
<div class='stack-trace' id='stack-trace716066376'><pre>java.lang.Throwable: Method MeriterOchUtm‰rkelserAddNewDocentur.ClickMeriterOchUtm‰rkelser()[pri:0, instance:testCasesSATMinProfilMeriterOchUtm‰rkelser.MeriterOchUtm‰rkelserAddNewDocentur@7ea9e1e2] depends on not successfully finished methods
	at org.testng.internal.Invoker.invokeTestMethods(Invoker.java:887)
	at org.testng.internal.TestMethodWorker.invokeTestMethods(TestMethodWorker.java:125)
	at org.testng.internal.TestMethodWorker.run(TestMethodWorker.java:109)
	at org.testng.TestRunner.privateRun(TestRunner.java:648)
	at org.testng.TestRunner.run(TestRunner.java:505)
	at org.testng.SuiteRunner.runTest(SuiteRunner.java:455)
	at org.testng.SuiteRunner.access$000(SuiteRunner.java:40)
	at org.testng.SuiteRunner$SuiteWorker.run(SuiteRunner.java:489)
	at org.testng.internal.thread.ThreadUtil$1.call(ThreadUtil.java:52)
	at java.base/java.util.concurrent.FutureTask.run(Unknown Source)
	at java.base/java.util.concurrent.ThreadPoolExecutor.runWorker(Unknown Source)
	at java.base/java.util.concurrent.ThreadPoolExecutor$Worker.run(Unknown Source)
	at java.base/java.lang.Thread.run(Unknown Source)
</pre></div></td>
<td>0</td>
<td>null</td></tr>
<tr>
<td title='testCasesSATMinProfilMeriterOchUtm‰rkelser.MeriterOchUtm‰rkelserAddNewHandleddaPersonerEnskildPerson.ClickMeriterOchUtm‰rkelser()'><b>ClickMeriterOchUtm‰rkelser</b><br>Test class: testCasesSATMinProfilMeriterOchUtm‰rkelser.MeriterOchUtm‰rkelserAddNewHandleddaPersonerEnskildPerson</td>
<td><div><pre>java.lang.Throwable: Method MeriterOchUtm‰rkelserAddNewHandleddaPersonerEnskildPerson.ClickMeriterOchUtm‰rkelser()[pri:0, instance:testCasesSATMinProfilMeriterOchUtm‰rkelser.MeriterOchUtm‰rkelserAddNewHandleddaPersonerEnskildPerson@4d02f94e] depends on not successfully finished methods
	at java.base/java.util.concurrent.FutureTask.run(Unknown Source)
	at java.base/java.util.concurrent.ThreadPoolExecutor.runWorker(Unknown Source)
	at java.base/java.util.concurrent.ThreadPoolExecutor$Worker.run(Unknown Source)
	at java.base/java.lang.Thread.run(Unknown Source)
... Removed 9 stack frames</pre></div><a href='#' onClick='toggleBox("stack-trace1304202762", this, "Click to show all stack frames", "Click to hide stack frames")'>Click to show all stack frames</a>
<div class='stack-trace' id='stack-trace1304202762'><pre>java.lang.Throwable: Method MeriterOchUtm‰rkelserAddNewHandleddaPersonerEnskildPerson.ClickMeriterOchUtm‰rkelser()[pri:0, instance:testCasesSATMinProfilMeriterOchUtm‰rkelser.MeriterOchUtm‰rkelserAddNewHandleddaPersonerEnskildPerson@4d02f94e] depends on not successfully finished methods
	at org.testng.internal.Invoker.invokeTestMethods(Invoker.java:887)
	at org.testng.internal.TestMethodWorker.invokeTestMethods(TestMethodWorker.java:125)
	at org.testng.internal.TestMethodWorker.run(TestMethodWorker.java:109)
	at org.testng.TestRunner.privateRun(TestRunner.java:648)
	at org.testng.TestRunner.run(TestRunner.java:505)
	at org.testng.SuiteRunner.runTest(SuiteRunner.java:455)
	at org.testng.SuiteRunner.access$000(SuiteRunner.java:40)
	at org.testng.SuiteRunner$SuiteWorker.run(SuiteRunner.java:489)
	at org.testng.internal.thread.ThreadUtil$1.call(ThreadUtil.java:52)
	at java.base/java.util.concurrent.FutureTask.run(Unknown Source)
	at java.base/java.util.concurrent.ThreadPoolExecutor.runWorker(Unknown Source)
	at java.base/java.util.concurrent.ThreadPoolExecutor$Worker.run(Unknown Source)
	at java.base/java.lang.Thread.run(Unknown Source)
</pre></div></td>
<td>0</td>
<td>null</td></tr>
<tr>
<td title='testCasesSATMinProfilMeriterOchUtm‰rkelser.MeriterOchUtm‰rkelserAddNewPriserOchUtm‰rkelser.ClickMeriterOchUtm‰rkelser()'><b>ClickMeriterOchUtm‰rkelser</b><br>Test class: testCasesSATMinProfilMeriterOchUtm‰rkelser.MeriterOchUtm‰rkelserAddNewPriserOchUtm‰rkelser</td>
<td><div><pre>java.lang.Throwable: Method MeriterOchUtm‰rkelserAddNewPriserOchUtm‰rkelser.ClickMeriterOchUtm‰rkelser()[pri:0, instance:testCasesSATMinProfilMeriterOchUtm‰rkelser.MeriterOchUtm‰rkelserAddNewPriserOchUtm‰rkelser@759d26fb] depends on not successfully finished methods
	at java.base/java.util.concurrent.FutureTask.run(Unknown Source)
	at java.base/java.util.concurrent.ThreadPoolExecutor.runWorker(Unknown Source)
	at java.base/java.util.concurrent.ThreadPoolExecutor$Worker.run(Unknown Source)
	at java.base/java.lang.Thread.run(Unknown Source)
... Removed 9 stack frames</pre></div><a href='#' onClick='toggleBox("stack-trace860061216", this, "Click to show all stack frames", "Click to hide stack frames")'>Click to show all stack frames</a>
<div class='stack-trace' id='stack-trace860061216'><pre>java.lang.Throwable: Method MeriterOchUtm‰rkelserAddNewPriserOchUtm‰rkelser.ClickMeriterOchUtm‰rkelser()[pri:0, instance:testCasesSATMinProfilMeriterOchUtm‰rkelser.MeriterOchUtm‰rkelserAddNewPriserOchUtm‰rkelser@759d26fb] depends on not successfully finished methods
	at org.testng.internal.Invoker.invokeTestMethods(Invoker.java:887)
	at org.testng.internal.TestMethodWorker.invokeTestMethods(TestMethodWorker.java:125)
	at org.testng.internal.TestMethodWorker.run(TestMethodWorker.java:109)
	at org.testng.TestRunner.privateRun(TestRunner.java:648)
	at org.testng.TestRunner.run(TestRunner.java:505)
	at org.testng.SuiteRunner.runTest(SuiteRunner.java:455)
	at org.testng.SuiteRunner.access$000(SuiteRunner.java:40)
	at org.testng.SuiteRunner$SuiteWorker.run(SuiteRunner.java:489)
	at org.testng.internal.thread.ThreadUtil$1.call(ThreadUtil.java:52)
	at java.base/java.util.concurrent.FutureTask.run(Unknown Source)
	at java.base/java.util.concurrent.ThreadPoolExecutor.runWorker(Unknown Source)
	at java.base/java.util.concurrent.ThreadPoolExecutor$Worker.run(Unknown Source)
	at java.base/java.lang.Thread.run(Unknown Source)
</pre></div></td>
<td>0</td>
<td>null</td></tr>
<tr>
<td title='testCasesSATMinProfilMeriterOchUtm‰rkelser.MeriterOchUtm‰rkelserAddNew÷vrigaMeriter.ClickMeriterOchUtm‰rkelser()'><b>ClickMeriterOchUtm‰rkelser</b><br>Test class: testCasesSATMinProfilMeriterOchUtm‰rkelser.MeriterOchUtm‰rkelserAddNew÷vrigaMeriter</td>
<td><div><pre>java.lang.Throwable: Method MeriterOchUtm‰rkelserAddNew÷vrigaMeriter.ClickMeriterOchUtm‰rkelser()[pri:0, instance:testCasesSATMinProfilMeriterOchUtm‰rkelser.MeriterOchUtm‰rkelserAddNew÷vrigaMeriter@4d5b6aac] depends on not successfully finished methods
	at java.base/java.util.concurrent.FutureTask.run(Unknown Source)
	at java.base/java.util.concurrent.ThreadPoolExecutor.runWorker(Unknown Source)
	at java.base/java.util.concurrent.ThreadPoolExecutor$Worker.run(Unknown Source)
	at java.base/java.lang.Thread.run(Unknown Source)
... Removed 9 stack frames</pre></div><a href='#' onClick='toggleBox("stack-trace697959060", this, "Click to show all stack frames", "Click to hide stack frames")'>Click to show all stack frames</a>
<div class='stack-trace' id='stack-trace697959060'><pre>java.lang.Throwable: Method MeriterOchUtm‰rkelserAddNew÷vrigaMeriter.ClickMeriterOchUtm‰rkelser()[pri:0, instance:testCasesSATMinProfilMeriterOchUtm‰rkelser.MeriterOchUtm‰rkelserAddNew÷vrigaMeriter@4d5b6aac] depends on not successfully finished methods
	at org.testng.internal.Invoker.invokeTestMethods(Invoker.java:887)
	at org.testng.internal.TestMethodWorker.invokeTestMethods(TestMethodWorker.java:125)
	at org.testng.internal.TestMethodWorker.run(TestMethodWorker.java:109)
	at org.testng.TestRunner.privateRun(TestRunner.java:648)
	at org.testng.TestRunner.run(TestRunner.java:505)
	at org.testng.SuiteRunner.runTest(SuiteRunner.java:455)
	at org.testng.SuiteRunner.access$000(SuiteRunner.java:40)
	at org.testng.SuiteRunner$SuiteWorker.run(SuiteRunner.java:489)
	at org.testng.internal.thread.ThreadUtil$1.call(ThreadUtil.java:52)
	at java.base/java.util.concurrent.FutureTask.run(Unknown Source)
	at java.base/java.util.concurrent.ThreadPoolExecutor.runWorker(Unknown Source)
	at java.base/java.util.concurrent.ThreadPoolExecutor$Worker.run(Unknown Source)
	at java.base/java.lang.Thread.run(Unknown Source)
</pre></div></td>
<td>0</td>
<td>null</td></tr>
<tr>
<td title='testCasesSATMinProfilMeriterOchUtm‰rkelser.MeriterOchUtm‰rkelserAddNewPriserOchUtm‰rkelser.Land()'><b>Land</b><br>Test class: testCasesSATMinProfilMeriterOchUtm‰rkelser.MeriterOchUtm‰rkelserAddNewPriserOchUtm‰rkelser</td>
<td><div><pre>java.lang.Throwable: Method MeriterOchUtm‰rkelserAddNewPriserOchUtm‰rkelser.Land()[pri:0, instance:testCasesSATMinProfilMeriterOchUtm‰rkelser.MeriterOchUtm‰rkelserAddNewPriserOchUtm‰rkelser@759d26fb] depends on not successfully finished methods
	at java.base/java.util.concurrent.FutureTask.run(Unknown Source)
	at java.base/java.util.concurrent.ThreadPoolExecutor.runWorker(Unknown Source)
	at java.base/java.util.concurrent.ThreadPoolExecutor$Worker.run(Unknown Source)
	at java.base/java.lang.Thread.run(Unknown Source)
... Removed 9 stack frames</pre></div><a href='#' onClick='toggleBox("stack-trace312190960", this, "Click to show all stack frames", "Click to hide stack frames")'>Click to show all stack frames</a>
<div class='stack-trace' id='stack-trace312190960'><pre>java.lang.Throwable: Method MeriterOchUtm‰rkelserAddNewPriserOchUtm‰rkelser.Land()[pri:0, instance:testCasesSATMinProfilMeriterOchUtm‰rkelser.MeriterOchUtm‰rkelserAddNewPriserOchUtm‰rkelser@759d26fb] depends on not successfully finished methods
	at org.testng.internal.Invoker.invokeTestMethods(Invoker.java:887)
	at org.testng.internal.TestMethodWorker.invokeTestMethods(TestMethodWorker.java:125)
	at org.testng.internal.TestMethodWorker.run(TestMethodWorker.java:109)
	at org.testng.TestRunner.privateRun(TestRunner.java:648)
	at org.testng.TestRunner.run(TestRunner.java:505)
	at org.testng.SuiteRunner.runTest(SuiteRunner.java:455)
	at org.testng.SuiteRunner.access$000(SuiteRunner.java:40)
	at org.testng.SuiteRunner$SuiteWorker.run(SuiteRunner.java:489)
	at org.testng.internal.thread.ThreadUtil$1.call(ThreadUtil.java:52)
	at java.base/java.util.concurrent.FutureTask.run(Unknown Source)
	at java.base/java.util.concurrent.ThreadPoolExecutor.runWorker(Unknown Source)
	at java.base/java.util.concurrent.ThreadPoolExecutor$Worker.run(Unknown Source)
	at java.base/java.lang.Thread.run(Unknown Source)
</pre></div></td>
<td>0</td>
<td>null</td></tr>
<tr>
<td title='testCasesSATMinProfilMeriterOchUtm‰rkelser.MeriterOchUtm‰rkelserAddNewDocentur.LoginAsUser()'><b>LoginAsUser</b><br>Test class: testCasesSATMinProfilMeriterOchUtm‰rkelser.MeriterOchUtm‰rkelserAddNewDocentur</td>
<td><div><pre>org.openqa.selenium.WebDriverException: unknown error: Element &lt;a class=&quot;btn btn-discreet btn-login-left show-modal&quot; data-ajax=&quot;true&quot; data-ajax-complete=&quot;prisma.validateLoginStatus(); prisma.showModal();&quot; data-ajax-method=&quot;GET&quot; data-ajax-mode=&quot;replace&quot; data-ajax-success=&quot;prisma.addValidationForResult();prisma.wrapGridInDiv();&quot; data-ajax-update=&quot;#editDialogBody&quot; href=&quot;/Account/LogOn&quot; title=&quot;...&quot;&gt;Logga in&lt;/a&gt; is not clickable at point (964, 152). Other element would receive the click: &lt;div class=&quot;modal-scrollable&quot; style=&quot;z-index: 1050;&quot;&gt;...&lt;/div&gt;
  (Session info: chrome=67.0.3396.99)
  (Driver info: chromedriver=2.40.565498 (ea082db3280dd6843ebfb08a625e3eb905c4f5ab),platform=Windows NT 10.0.16299 x86_64) (WARNING: The server did not provide any stacktrace information)
Command duration or timeout: 0 milliseconds
Build info: version: &apos;3.12.0&apos;, revision: &apos;7c6e0b3&apos;, time: &apos;2018-05-08T15:15:03.216Z&apos;
System info: host: &apos;77DWHM2&apos;, ip: &apos;10.251.12.117&apos;, os.name: &apos;Windows 10&apos;, os.arch: &apos;amd64&apos;, os.version: &apos;10.0&apos;, java.version: &apos;10.0.1&apos;
Driver info: org.openqa.selenium.chrome.ChromeDriver
Capabilities {acceptInsecureCerts: false, acceptSslCerts: false, applicationCacheEnabled: false, browserConnectionEnabled: false, browserName: chrome, chrome: {chromedriverVersion: 2.40.565498 (ea082db3280dd6..., userDataDir: C:\Users\krkl\AppData\Local...}, cssSelectorsEnabled: true, databaseEnabled: false, handlesAlerts: true, hasTouchScreen: false, javascriptEnabled: true, locationContextEnabled: true, mobileEmulationEnabled: false, nativeEvents: true, networkConnectionEnabled: false, pageLoadStrategy: normal, platform: XP, platformName: XP, rotatable: false, setWindowRect: true, takesHeapSnapshot: true, takesScreenshot: true, unexpectedAlertBehaviour: , unhandledPromptBehavior: , version: 67.0.3396.99, webStorageEnabled: true}
Session ID: 7d10efc42965d8bf636f378ae4fc4554
	at org.openqa.selenium.remote.ErrorHandler.createThrowable(ErrorHandler.java:214)
	at org.openqa.selenium.remote.ErrorHandler.throwIfResponseFailed(ErrorHandler.java:166)
	at org.openqa.selenium.remote.http.JsonHttpResponseCodec.reconstructValue(JsonHttpResponseCodec.java:40)
	at org.openqa.selenium.remote.http.AbstractHttpResponseCodec.decode(AbstractHttpResponseCodec.java:80)
	at org.openqa.selenium.remote.http.AbstractHttpResponseCodec.decode(AbstractHttpResponseCodec.java:44)
	at org.openqa.selenium.remote.HttpCommandExecutor.execute(HttpCommandExecutor.java:158)
	at org.openqa.selenium.remote.service.DriverCommandExecutor.execute(DriverCommandExecutor.java:83)
	at org.openqa.selenium.remote.RemoteWebDriver.execute(RemoteWebDriver.java:543)
	at org.openqa.selenium.remote.RemoteWebElement.execute(RemoteWebElement.java:276)
	at org.openqa.selenium.remote.RemoteWebElement.click(RemoteWebElement.java:83)
	at driverAndCommands.BeforeAfterTestBrowsers.Setup(BeforeAfterTestBrowsers.java:29)
	at java.base/java.util.concurrent.FutureTask.run(Unknown Source)
	at java.base/java.util.concurrent.ThreadPoolExecutor.runWorker(Unknown Source)
	at java.base/java.util.concurrent.ThreadPoolExecutor$Worker.run(Unknown Source)
	at java.base/java.lang.Thread.run(Unknown Source)
... Removed 21 stack frames</pre></div><a href='#' onClick='toggleBox("stack-trace547155293", this, "Click to show all stack frames", "Click to hide stack frames")'>Click to show all stack frames</a>
<div class='stack-trace' id='stack-trace547155293'><pre>org.openqa.selenium.WebDriverException: unknown error: Element &lt;a class=&quot;btn btn-discreet btn-login-left show-modal&quot; data-ajax=&quot;true&quot; data-ajax-complete=&quot;prisma.validateLoginStatus(); prisma.showModal();&quot; data-ajax-method=&quot;GET&quot; data-ajax-mode=&quot;replace&quot; data-ajax-success=&quot;prisma.addValidationForResult();prisma.wrapGridInDiv();&quot; data-ajax-update=&quot;#editDialogBody&quot; href=&quot;/Account/LogOn&quot; title=&quot;...&quot;&gt;Logga in&lt;/a&gt; is not clickable at point (964, 152). Other element would receive the click: &lt;div class=&quot;modal-scrollable&quot; style=&quot;z-index: 1050;&quot;&gt;...&lt;/div&gt;
  (Session info: chrome=67.0.3396.99)
  (Driver info: chromedriver=2.40.565498 (ea082db3280dd6843ebfb08a625e3eb905c4f5ab),platform=Windows NT 10.0.16299 x86_64) (WARNING: The server did not provide any stacktrace information)
Command duration or timeout: 0 milliseconds
Build info: version: &apos;3.12.0&apos;, revision: &apos;7c6e0b3&apos;, time: &apos;2018-05-08T15:15:03.216Z&apos;
System info: host: &apos;77DWHM2&apos;, ip: &apos;10.251.12.117&apos;, os.name: &apos;Windows 10&apos;, os.arch: &apos;amd64&apos;, os.version: &apos;10.0&apos;, java.version: &apos;10.0.1&apos;
Driver info: org.openqa.selenium.chrome.ChromeDriver
Capabilities {acceptInsecureCerts: false, acceptSslCerts: false, applicationCacheEnabled: false, browserConnectionEnabled: false, browserName: chrome, chrome: {chromedriverVersion: 2.40.565498 (ea082db3280dd6..., userDataDir: C:\Users\krkl\AppData\Local...}, cssSelectorsEnabled: true, databaseEnabled: false, handlesAlerts: true, hasTouchScreen: false, javascriptEnabled: true, locationContextEnabled: true, mobileEmulationEnabled: false, nativeEvents: true, networkConnectionEnabled: false, pageLoadStrategy: normal, platform: XP, platformName: XP, rotatable: false, setWindowRect: true, takesHeapSnapshot: true, takesScreenshot: true, unexpectedAlertBehaviour: , unhandledPromptBehavior: , version: 67.0.3396.99, webStorageEnabled: true}
Session ID: 7d10efc42965d8bf636f378ae4fc4554
	at java.base/jdk.internal.reflect.NativeConstructorAccessorImpl.newInstance0(Native Method)
	at java.base/jdk.internal.reflect.NativeConstructorAccessorImpl.newInstance(Unknown Source)
	at java.base/jdk.internal.reflect.DelegatingConstructorAccessorImpl.newInstance(Unknown Source)
	at java.base/java.lang.reflect.Constructor.newInstance(Unknown Source)
	at org.openqa.selenium.remote.ErrorHandler.createThrowable(ErrorHandler.java:214)
	at org.openqa.selenium.remote.ErrorHandler.throwIfResponseFailed(ErrorHandler.java:166)
	at org.openqa.selenium.remote.http.JsonHttpResponseCodec.reconstructValue(JsonHttpResponseCodec.java:40)
	at org.openqa.selenium.remote.http.AbstractHttpResponseCodec.decode(AbstractHttpResponseCodec.java:80)
	at org.openqa.selenium.remote.http.AbstractHttpResponseCodec.decode(AbstractHttpResponseCodec.java:44)
	at org.openqa.selenium.remote.HttpCommandExecutor.execute(HttpCommandExecutor.java:158)
	at org.openqa.selenium.remote.service.DriverCommandExecutor.execute(DriverCommandExecutor.java:83)
	at org.openqa.selenium.remote.RemoteWebDriver.execute(RemoteWebDriver.java:543)
	at org.openqa.selenium.remote.RemoteWebElement.execute(RemoteWebElement.java:276)
	at org.openqa.selenium.remote.RemoteWebElement.click(RemoteWebElement.java:83)
	at driverAndCommands.BeforeAfterTestBrowsers.Setup(BeforeAfterTestBrowsers.java:29)
	at java.base/jdk.internal.reflect.NativeMethodAccessorImpl.invoke0(Native Method)
	at java.base/jdk.internal.reflect.NativeMethodAccessorImpl.invoke(Unknown Source)
	at java.base/jdk.internal.reflect.DelegatingMethodAccessorImpl.invoke(Unknown Source)
	at java.base/java.lang.reflect.Method.invoke(Unknown Source)
	at org.testng.internal.MethodInvocationHelper.invokeMethod(MethodInvocationHelper.java:124)
	at org.testng.internal.MethodInvocationHelper.invokeMethodConsideringTimeout(MethodInvocationHelper.java:59)
	at org.testng.internal.Invoker.invokeConfigurationMethod(Invoker.java:455)
	at org.testng.internal.Invoker.invokeConfigurations(Invoker.java:222)
	at org.testng.internal.Invoker.invokeConfigurations(Invoker.java:142)
	at org.testng.internal.TestMethodWorker.invokeBeforeClassMethods(TestMethodWorker.java:168)
	at org.testng.internal.TestMethodWorker.run(TestMethodWorker.java:105)
	at org.testng.TestRunner.privateRun(TestRunner.java:648)
	at org.testng.TestRunner.run(TestRunner.java:505)
	at org.testng.SuiteRunner.runTest(SuiteRunner.java:455)
	at org.testng.SuiteRunner.access$000(SuiteRunner.java:40)
	at org.testng.SuiteRunner$SuiteWorker.run(SuiteRunner.java:489)
	at org.testng.internal.thread.ThreadUtil$1.call(ThreadUtil.java:52)
	at java.base/java.util.concurrent.FutureTask.run(Unknown Source)
	at java.base/java.util.concurrent.ThreadPoolExecutor.runWorker(Unknown Source)
	at java.base/java.util.concurrent.ThreadPoolExecutor$Worker.run(Unknown Source)
	at java.base/java.lang.Thread.run(Unknown Source)
</pre></div></td>
<td>0</td>
<td>testCasesSATMinProfilMeriterOchUtm‰rkelser.MeriterOchUtm‰rkelserAddNewDocentur@7ea9e1e2</td></tr>
<tr>
<td title='testCasesSATMinProfilMeriterOchUtm‰rkelser.MeriterOchUtm‰rkelserAddNewHandleddaPersonerEnskildPerson.LoginAsUser()'><b>LoginAsUser</b><br>Test class: testCasesSATMinProfilMeriterOchUtm‰rkelser.MeriterOchUtm‰rkelserAddNewHandleddaPersonerEnskildPerson</td>
<td><div><pre>org.openqa.selenium.WebDriverException: unknown error: Element &lt;a class=&quot;btn btn-discreet btn-login-left show-modal&quot; data-ajax=&quot;true&quot; data-ajax-complete=&quot;prisma.validateLoginStatus(); prisma.showModal();&quot; data-ajax-method=&quot;GET&quot; data-ajax-mode=&quot;replace&quot; data-ajax-success=&quot;prisma.addValidationForResult();prisma.wrapGridInDiv();&quot; data-ajax-update=&quot;#editDialogBody&quot; href=&quot;/Account/LogOn&quot; title=&quot;...&quot;&gt;Logga in&lt;/a&gt; is not clickable at point (964, 152). Other element would receive the click: &lt;div class=&quot;modal-scrollable&quot; style=&quot;z-index: 1050;&quot;&gt;...&lt;/div&gt;
  (Session info: chrome=67.0.3396.99)
  (Driver info: chromedriver=2.40.565498 (ea082db3280dd6843ebfb08a625e3eb905c4f5ab),platform=Windows NT 10.0.16299 x86_64) (WARNING: The server did not provide any stacktrace information)
Command duration or timeout: 0 milliseconds
Build info: version: &apos;3.12.0&apos;, revision: &apos;7c6e0b3&apos;, time: &apos;2018-05-08T15:15:03.216Z&apos;
System info: host: &apos;77DWHM2&apos;, ip: &apos;10.251.12.117&apos;, os.name: &apos;Windows 10&apos;, os.arch: &apos;amd64&apos;, os.version: &apos;10.0&apos;, java.version: &apos;10.0.1&apos;
Driver info: org.openqa.selenium.chrome.ChromeDriver
Capabilities {acceptInsecureCerts: false, acceptSslCerts: false, applicationCacheEnabled: false, browserConnectionEnabled: false, browserName: chrome, chrome: {chromedriverVersion: 2.40.565498 (ea082db3280dd6..., userDataDir: C:\Users\krkl\AppData\Local...}, cssSelectorsEnabled: true, databaseEnabled: false, handlesAlerts: true, hasTouchScreen: false, javascriptEnabled: true, locationContextEnabled: true, mobileEmulationEnabled: false, nativeEvents: true, networkConnectionEnabled: false, pageLoadStrategy: normal, platform: XP, platformName: XP, rotatable: false, setWindowRect: true, takesHeapSnapshot: true, takesScreenshot: true, unexpectedAlertBehaviour: , unhandledPromptBehavior: , version: 67.0.3396.99, webStorageEnabled: true}
Session ID: 7d10efc42965d8bf636f378ae4fc4554
	at org.openqa.selenium.remote.ErrorHandler.createThrowable(ErrorHandler.java:214)
	at org.openqa.selenium.remote.ErrorHandler.throwIfResponseFailed(ErrorHandler.java:166)
	at org.openqa.selenium.remote.http.JsonHttpResponseCodec.reconstructValue(JsonHttpResponseCodec.java:40)
	at org.openqa.selenium.remote.http.AbstractHttpResponseCodec.decode(AbstractHttpResponseCodec.java:80)
	at org.openqa.selenium.remote.http.AbstractHttpResponseCodec.decode(AbstractHttpResponseCodec.java:44)
	at org.openqa.selenium.remote.HttpCommandExecutor.execute(HttpCommandExecutor.java:158)
	at org.openqa.selenium.remote.service.DriverCommandExecutor.execute(DriverCommandExecutor.java:83)
	at org.openqa.selenium.remote.RemoteWebDriver.execute(RemoteWebDriver.java:543)
	at org.openqa.selenium.remote.RemoteWebElement.execute(RemoteWebElement.java:276)
	at org.openqa.selenium.remote.RemoteWebElement.click(RemoteWebElement.java:83)
	at driverAndCommands.BeforeAfterTestBrowsers.Setup(BeforeAfterTestBrowsers.java:29)
	at java.base/java.util.concurrent.FutureTask.run(Unknown Source)
	at java.base/java.util.concurrent.ThreadPoolExecutor.runWorker(Unknown Source)
	at java.base/java.util.concurrent.ThreadPoolExecutor$Worker.run(Unknown Source)
	at java.base/java.lang.Thread.run(Unknown Source)
... Removed 21 stack frames</pre></div><a href='#' onClick='toggleBox("stack-trace1964349939", this, "Click to show all stack frames", "Click to hide stack frames")'>Click to show all stack frames</a>
<div class='stack-trace' id='stack-trace1964349939'><pre>org.openqa.selenium.WebDriverException: unknown error: Element &lt;a class=&quot;btn btn-discreet btn-login-left show-modal&quot; data-ajax=&quot;true&quot; data-ajax-complete=&quot;prisma.validateLoginStatus(); prisma.showModal();&quot; data-ajax-method=&quot;GET&quot; data-ajax-mode=&quot;replace&quot; data-ajax-success=&quot;prisma.addValidationForResult();prisma.wrapGridInDiv();&quot; data-ajax-update=&quot;#editDialogBody&quot; href=&quot;/Account/LogOn&quot; title=&quot;...&quot;&gt;Logga in&lt;/a&gt; is not clickable at point (964, 152). Other element would receive the click: &lt;div class=&quot;modal-scrollable&quot; style=&quot;z-index: 1050;&quot;&gt;...&lt;/div&gt;
  (Session info: chrome=67.0.3396.99)
  (Driver info: chromedriver=2.40.565498 (ea082db3280dd6843ebfb08a625e3eb905c4f5ab),platform=Windows NT 10.0.16299 x86_64) (WARNING: The server did not provide any stacktrace information)
Command duration or timeout: 0 milliseconds
Build info: version: &apos;3.12.0&apos;, revision: &apos;7c6e0b3&apos;, time: &apos;2018-05-08T15:15:03.216Z&apos;
System info: host: &apos;77DWHM2&apos;, ip: &apos;10.251.12.117&apos;, os.name: &apos;Windows 10&apos;, os.arch: &apos;amd64&apos;, os.version: &apos;10.0&apos;, java.version: &apos;10.0.1&apos;
Driver info: org.openqa.selenium.chrome.ChromeDriver
Capabilities {acceptInsecureCerts: false, acceptSslCerts: false, applicationCacheEnabled: false, browserConnectionEnabled: false, browserName: chrome, chrome: {chromedriverVersion: 2.40.565498 (ea082db3280dd6..., userDataDir: C:\Users\krkl\AppData\Local...}, cssSelectorsEnabled: true, databaseEnabled: false, handlesAlerts: true, hasTouchScreen: false, javascriptEnabled: true, locationContextEnabled: true, mobileEmulationEnabled: false, nativeEvents: true, networkConnectionEnabled: false, pageLoadStrategy: normal, platform: XP, platformName: XP, rotatable: false, setWindowRect: true, takesHeapSnapshot: true, takesScreenshot: true, unexpectedAlertBehaviour: , unhandledPromptBehavior: , version: 67.0.3396.99, webStorageEnabled: true}
Session ID: 7d10efc42965d8bf636f378ae4fc4554
	at java.base/jdk.internal.reflect.NativeConstructorAccessorImpl.newInstance0(Native Method)
	at java.base/jdk.internal.reflect.NativeConstructorAccessorImpl.newInstance(Unknown Source)
	at java.base/jdk.internal.reflect.DelegatingConstructorAccessorImpl.newInstance(Unknown Source)
	at java.base/java.lang.reflect.Constructor.newInstance(Unknown Source)
	at org.openqa.selenium.remote.ErrorHandler.createThrowable(ErrorHandler.java:214)
	at org.openqa.selenium.remote.ErrorHandler.throwIfResponseFailed(ErrorHandler.java:166)
	at org.openqa.selenium.remote.http.JsonHttpResponseCodec.reconstructValue(JsonHttpResponseCodec.java:40)
	at org.openqa.selenium.remote.http.AbstractHttpResponseCodec.decode(AbstractHttpResponseCodec.java:80)
	at org.openqa.selenium.remote.http.AbstractHttpResponseCodec.decode(AbstractHttpResponseCodec.java:44)
	at org.openqa.selenium.remote.HttpCommandExecutor.execute(HttpCommandExecutor.java:158)
	at org.openqa.selenium.remote.service.DriverCommandExecutor.execute(DriverCommandExecutor.java:83)
	at org.openqa.selenium.remote.RemoteWebDriver.execute(RemoteWebDriver.java:543)
	at org.openqa.selenium.remote.RemoteWebElement.execute(RemoteWebElement.java:276)
	at org.openqa.selenium.remote.RemoteWebElement.click(RemoteWebElement.java:83)
	at driverAndCommands.BeforeAfterTestBrowsers.Setup(BeforeAfterTestBrowsers.java:29)
	at java.base/jdk.internal.reflect.NativeMethodAccessorImpl.invoke0(Native Method)
	at java.base/jdk.internal.reflect.NativeMethodAccessorImpl.invoke(Unknown Source)
	at java.base/jdk.internal.reflect.DelegatingMethodAccessorImpl.invoke(Unknown Source)
	at java.base/java.lang.reflect.Method.invoke(Unknown Source)
	at org.testng.internal.MethodInvocationHelper.invokeMethod(MethodInvocationHelper.java:124)
	at org.testng.internal.MethodInvocationHelper.invokeMethodConsideringTimeout(MethodInvocationHelper.java:59)
	at org.testng.internal.Invoker.invokeConfigurationMethod(Invoker.java:455)
	at org.testng.internal.Invoker.invokeConfigurations(Invoker.java:222)
	at org.testng.internal.Invoker.invokeConfigurations(Invoker.java:142)
	at org.testng.internal.TestMethodWorker.invokeBeforeClassMethods(TestMethodWorker.java:168)
	at org.testng.internal.TestMethodWorker.run(TestMethodWorker.java:105)
	at org.testng.TestRunner.privateRun(TestRunner.java:648)
	at org.testng.TestRunner.run(TestRunner.java:505)
	at org.testng.SuiteRunner.runTest(SuiteRunner.java:455)
	at org.testng.SuiteRunner.access$000(SuiteRunner.java:40)
	at org.testng.SuiteRunner$SuiteWorker.run(SuiteRunner.java:489)
	at org.testng.internal.thread.ThreadUtil$1.call(ThreadUtil.java:52)
	at java.base/java.util.concurrent.FutureTask.run(Unknown Source)
	at java.base/java.util.concurrent.ThreadPoolExecutor.runWorker(Unknown Source)
	at java.base/java.util.concurrent.ThreadPoolExecutor$Worker.run(Unknown Source)
	at java.base/java.lang.Thread.run(Unknown Source)
</pre></div></td>
<td>0</td>
<td>testCasesSATMinProfilMeriterOchUtm‰rkelser.MeriterOchUtm‰rkelserAddNewHandleddaPersonerEnskildPerson@4d02f94e</td></tr>
<tr>
<td title='testCasesSATMinProfilMeriterOchUtm‰rkelser.MeriterOchUtm‰rkelserAddNewPriserOchUtm‰rkelser.LoginAsUser()'><b>LoginAsUser</b><br>Test class: testCasesSATMinProfilMeriterOchUtm‰rkelser.MeriterOchUtm‰rkelserAddNewPriserOchUtm‰rkelser</td>
<td><div><pre>org.openqa.selenium.WebDriverException: unknown error: Element &lt;a class=&quot;btn btn-discreet btn-login-left show-modal&quot; data-ajax=&quot;true&quot; data-ajax-complete=&quot;prisma.validateLoginStatus(); prisma.showModal();&quot; data-ajax-method=&quot;GET&quot; data-ajax-mode=&quot;replace&quot; data-ajax-success=&quot;prisma.addValidationForResult();prisma.wrapGridInDiv();&quot; data-ajax-update=&quot;#editDialogBody&quot; href=&quot;/Account/LogOn&quot; title=&quot;...&quot;&gt;Logga in&lt;/a&gt; is not clickable at point (964, 152). Other element would receive the click: &lt;div class=&quot;modal-scrollable&quot; style=&quot;z-index: 1050;&quot;&gt;...&lt;/div&gt;
  (Session info: chrome=67.0.3396.99)
  (Driver info: chromedriver=2.40.565498 (ea082db3280dd6843ebfb08a625e3eb905c4f5ab),platform=Windows NT 10.0.16299 x86_64) (WARNING: The server did not provide any stacktrace information)
Command duration or timeout: 0 milliseconds
Build info: version: &apos;3.12.0&apos;, revision: &apos;7c6e0b3&apos;, time: &apos;2018-05-08T15:15:03.216Z&apos;
System info: host: &apos;77DWHM2&apos;, ip: &apos;10.251.12.117&apos;, os.name: &apos;Windows 10&apos;, os.arch: &apos;amd64&apos;, os.version: &apos;10.0&apos;, java.version: &apos;10.0.1&apos;
Driver info: org.openqa.selenium.chrome.ChromeDriver
Capabilities {acceptInsecureCerts: false, acceptSslCerts: false, applicationCacheEnabled: false, browserConnectionEnabled: false, browserName: chrome, chrome: {chromedriverVersion: 2.40.565498 (ea082db3280dd6..., userDataDir: C:\Users\krkl\AppData\Local...}, cssSelectorsEnabled: true, databaseEnabled: false, handlesAlerts: true, hasTouchScreen: false, javascriptEnabled: true, locationContextEnabled: true, mobileEmulationEnabled: false, nativeEvents: true, networkConnectionEnabled: false, pageLoadStrategy: normal, platform: XP, platformName: XP, rotatable: false, setWindowRect: true, takesHeapSnapshot: true, takesScreenshot: true, unexpectedAlertBehaviour: , unhandledPromptBehavior: , version: 67.0.3396.99, webStorageEnabled: true}
Session ID: 7d10efc42965d8bf636f378ae4fc4554
	at org.openqa.selenium.remote.ErrorHandler.createThrowable(ErrorHandler.java:214)
	at org.openqa.selenium.remote.ErrorHandler.throwIfResponseFailed(ErrorHandler.java:166)
	at org.openqa.selenium.remote.http.JsonHttpResponseCodec.reconstructValue(JsonHttpResponseCodec.java:40)
	at org.openqa.selenium.remote.http.AbstractHttpResponseCodec.decode(AbstractHttpResponseCodec.java:80)
	at org.openqa.selenium.remote.http.AbstractHttpResponseCodec.decode(AbstractHttpResponseCodec.java:44)
	at org.openqa.selenium.remote.HttpCommandExecutor.execute(HttpCommandExecutor.java:158)
	at org.openqa.selenium.remote.service.DriverCommandExecutor.execute(DriverCommandExecutor.java:83)
	at org.openqa.selenium.remote.RemoteWebDriver.execute(RemoteWebDriver.java:543)
	at org.openqa.selenium.remote.RemoteWebElement.execute(RemoteWebElement.java:276)
	at org.openqa.selenium.remote.RemoteWebElement.click(RemoteWebElement.java:83)
	at driverAndCommands.BeforeAfterTestBrowsers.Setup(BeforeAfterTestBrowsers.java:29)
	at java.base/java.util.concurrent.FutureTask.run(Unknown Source)
	at java.base/java.util.concurrent.ThreadPoolExecutor.runWorker(Unknown Source)
	at java.base/java.util.concurrent.ThreadPoolExecutor$Worker.run(Unknown Source)
	at java.base/java.lang.Thread.run(Unknown Source)
... Removed 21 stack frames</pre></div><a href='#' onClick='toggleBox("stack-trace574059984", this, "Click to show all stack frames", "Click to hide stack frames")'>Click to show all stack frames</a>
<div class='stack-trace' id='stack-trace574059984'><pre>org.openqa.selenium.WebDriverException: unknown error: Element &lt;a class=&quot;btn btn-discreet btn-login-left show-modal&quot; data-ajax=&quot;true&quot; data-ajax-complete=&quot;prisma.validateLoginStatus(); prisma.showModal();&quot; data-ajax-method=&quot;GET&quot; data-ajax-mode=&quot;replace&quot; data-ajax-success=&quot;prisma.addValidationForResult();prisma.wrapGridInDiv();&quot; data-ajax-update=&quot;#editDialogBody&quot; href=&quot;/Account/LogOn&quot; title=&quot;...&quot;&gt;Logga in&lt;/a&gt; is not clickable at point (964, 152). Other element would receive the click: &lt;div class=&quot;modal-scrollable&quot; style=&quot;z-index: 1050;&quot;&gt;...&lt;/div&gt;
  (Session info: chrome=67.0.3396.99)
  (Driver info: chromedriver=2.40.565498 (ea082db3280dd6843ebfb08a625e3eb905c4f5ab),platform=Windows NT 10.0.16299 x86_64) (WARNING: The server did not provide any stacktrace information)
Command duration or timeout: 0 milliseconds
Build info: version: &apos;3.12.0&apos;, revision: &apos;7c6e0b3&apos;, time: &apos;2018-05-08T15:15:03.216Z&apos;
System info: host: &apos;77DWHM2&apos;, ip: &apos;10.251.12.117&apos;, os.name: &apos;Windows 10&apos;, os.arch: &apos;amd64&apos;, os.version: &apos;10.0&apos;, java.version: &apos;10.0.1&apos;
Driver info: org.openqa.selenium.chrome.ChromeDriver
Capabilities {acceptInsecureCerts: false, acceptSslCerts: false, applicationCacheEnabled: false, browserConnectionEnabled: false, browserName: chrome, chrome: {chromedriverVersion: 2.40.565498 (ea082db3280dd6..., userDataDir: C:\Users\krkl\AppData\Local...}, cssSelectorsEnabled: true, databaseEnabled: false, handlesAlerts: true, hasTouchScreen: false, javascriptEnabled: true, locationContextEnabled: true, mobileEmulationEnabled: false, nativeEvents: true, networkConnectionEnabled: false, pageLoadStrategy: normal, platform: XP, platformName: XP, rotatable: false, setWindowRect: true, takesHeapSnapshot: true, takesScreenshot: true, unexpectedAlertBehaviour: , unhandledPromptBehavior: , version: 67.0.3396.99, webStorageEnabled: true}
Session ID: 7d10efc42965d8bf636f378ae4fc4554
	at java.base/jdk.internal.reflect.NativeConstructorAccessorImpl.newInstance0(Native Method)
	at java.base/jdk.internal.reflect.NativeConstructorAccessorImpl.newInstance(Unknown Source)
	at java.base/jdk.internal.reflect.DelegatingConstructorAccessorImpl.newInstance(Unknown Source)
	at java.base/java.lang.reflect.Constructor.newInstance(Unknown Source)
	at org.openqa.selenium.remote.ErrorHandler.createThrowable(ErrorHandler.java:214)
	at org.openqa.selenium.remote.ErrorHandler.throwIfResponseFailed(ErrorHandler.java:166)
	at org.openqa.selenium.remote.http.JsonHttpResponseCodec.reconstructValue(JsonHttpResponseCodec.java:40)
	at org.openqa.selenium.remote.http.AbstractHttpResponseCodec.decode(AbstractHttpResponseCodec.java:80)
	at org.openqa.selenium.remote.http.AbstractHttpResponseCodec.decode(AbstractHttpResponseCodec.java:44)
	at org.openqa.selenium.remote.HttpCommandExecutor.execute(HttpCommandExecutor.java:158)
	at org.openqa.selenium.remote.service.DriverCommandExecutor.execute(DriverCommandExecutor.java:83)
	at org.openqa.selenium.remote.RemoteWebDriver.execute(RemoteWebDriver.java:543)
	at org.openqa.selenium.remote.RemoteWebElement.execute(RemoteWebElement.java:276)
	at org.openqa.selenium.remote.RemoteWebElement.click(RemoteWebElement.java:83)
	at driverAndCommands.BeforeAfterTestBrowsers.Setup(BeforeAfterTestBrowsers.java:29)
	at java.base/jdk.internal.reflect.NativeMethodAccessorImpl.invoke0(Native Method)
	at java.base/jdk.internal.reflect.NativeMethodAccessorImpl.invoke(Unknown Source)
	at java.base/jdk.internal.reflect.DelegatingMethodAccessorImpl.invoke(Unknown Source)
	at java.base/java.lang.reflect.Method.invoke(Unknown Source)
	at org.testng.internal.MethodInvocationHelper.invokeMethod(MethodInvocationHelper.java:124)
	at org.testng.internal.MethodInvocationHelper.invokeMethodConsideringTimeout(MethodInvocationHelper.java:59)
	at org.testng.internal.Invoker.invokeConfigurationMethod(Invoker.java:455)
	at org.testng.internal.Invoker.invokeConfigurations(Invoker.java:222)
	at org.testng.internal.Invoker.invokeConfigurations(Invoker.java:142)
	at org.testng.internal.TestMethodWorker.invokeBeforeClassMethods(TestMethodWorker.java:168)
	at org.testng.internal.TestMethodWorker.run(TestMethodWorker.java:105)
	at org.testng.TestRunner.privateRun(TestRunner.java:648)
	at org.testng.TestRunner.run(TestRunner.java:505)
	at org.testng.SuiteRunner.runTest(SuiteRunner.java:455)
	at org.testng.SuiteRunner.access$000(SuiteRunner.java:40)
	at org.testng.SuiteRunner$SuiteWorker.run(SuiteRunner.java:489)
	at org.testng.internal.thread.ThreadUtil$1.call(ThreadUtil.java:52)
	at java.base/java.util.concurrent.FutureTask.run(Unknown Source)
	at java.base/java.util.concurrent.ThreadPoolExecutor.runWorker(Unknown Source)
	at java.base/java.util.concurrent.ThreadPoolExecutor$Worker.run(Unknown Source)
	at java.base/java.lang.Thread.run(Unknown Source)
</pre></div></td>
<td>0</td>
<td>testCasesSATMinProfilMeriterOchUtm‰rkelser.MeriterOchUtm‰rkelserAddNewPriserOchUtm‰rkelser@759d26fb</td></tr>
<tr>
<td title='testCasesSATMinProfilMeriterOchUtm‰rkelser.MeriterOchUtm‰rkelserAddNew÷vrigaMeriter.LoginAsUser()'><b>LoginAsUser</b><br>Test class: testCasesSATMinProfilMeriterOchUtm‰rkelser.MeriterOchUtm‰rkelserAddNew÷vrigaMeriter</td>
<td><div><pre>org.openqa.selenium.WebDriverException: unknown error: Element &lt;a class=&quot;btn btn-discreet btn-login-left show-modal&quot; data-ajax=&quot;true&quot; data-ajax-complete=&quot;prisma.validateLoginStatus(); prisma.showModal();&quot; data-ajax-method=&quot;GET&quot; data-ajax-mode=&quot;replace&quot; data-ajax-success=&quot;prisma.addValidationForResult();prisma.wrapGridInDiv();&quot; data-ajax-update=&quot;#editDialogBody&quot; href=&quot;/Account/LogOn&quot; title=&quot;...&quot;&gt;Logga in&lt;/a&gt; is not clickable at point (964, 152). Other element would receive the click: &lt;div class=&quot;modal-scrollable&quot; style=&quot;z-index: 1050;&quot;&gt;...&lt;/div&gt;
  (Session info: chrome=67.0.3396.99)
  (Driver info: chromedriver=2.40.565498 (ea082db3280dd6843ebfb08a625e3eb905c4f5ab),platform=Windows NT 10.0.16299 x86_64) (WARNING: The server did not provide any stacktrace information)
Command duration or timeout: 0 milliseconds
Build info: version: &apos;3.12.0&apos;, revision: &apos;7c6e0b3&apos;, time: &apos;2018-05-08T15:15:03.216Z&apos;
System info: host: &apos;77DWHM2&apos;, ip: &apos;10.251.12.117&apos;, os.name: &apos;Windows 10&apos;, os.arch: &apos;amd64&apos;, os.version: &apos;10.0&apos;, java.version: &apos;10.0.1&apos;
Driver info: org.openqa.selenium.chrome.ChromeDriver
Capabilities {acceptInsecureCerts: false, acceptSslCerts: false, applicationCacheEnabled: false, browserConnectionEnabled: false, browserName: chrome, chrome: {chromedriverVersion: 2.40.565498 (ea082db3280dd6..., userDataDir: C:\Users\krkl\AppData\Local...}, cssSelectorsEnabled: true, databaseEnabled: false, handlesAlerts: true, hasTouchScreen: false, javascriptEnabled: true, locationContextEnabled: true, mobileEmulationEnabled: false, nativeEvents: true, networkConnectionEnabled: false, pageLoadStrategy: normal, platform: XP, platformName: XP, rotatable: false, setWindowRect: true, takesHeapSnapshot: true, takesScreenshot: true, unexpectedAlertBehaviour: , unhandledPromptBehavior: , version: 67.0.3396.99, webStorageEnabled: true}
Session ID: 7d10efc42965d8bf636f378ae4fc4554
	at org.openqa.selenium.remote.ErrorHandler.createThrowable(ErrorHandler.java:214)
	at org.openqa.selenium.remote.ErrorHandler.throwIfResponseFailed(ErrorHandler.java:166)
	at org.openqa.selenium.remote.http.JsonHttpResponseCodec.reconstructValue(JsonHttpResponseCodec.java:40)
	at org.openqa.selenium.remote.http.AbstractHttpResponseCodec.decode(AbstractHttpResponseCodec.java:80)
	at org.openqa.selenium.remote.http.AbstractHttpResponseCodec.decode(AbstractHttpResponseCodec.java:44)
	at org.openqa.selenium.remote.HttpCommandExecutor.execute(HttpCommandExecutor.java:158)
	at org.openqa.selenium.remote.service.DriverCommandExecutor.execute(DriverCommandExecutor.java:83)
	at org.openqa.selenium.remote.RemoteWebDriver.execute(RemoteWebDriver.java:543)
	at org.openqa.selenium.remote.RemoteWebElement.execute(RemoteWebElement.java:276)
	at org.openqa.selenium.remote.RemoteWebElement.click(RemoteWebElement.java:83)
	at driverAndCommands.BeforeAfterTestBrowsers.Setup(BeforeAfterTestBrowsers.java:29)
	at java.base/java.util.concurrent.FutureTask.run(Unknown Source)
	at java.base/java.util.concurrent.ThreadPoolExecutor.runWorker(Unknown Source)
	at java.base/java.util.concurrent.ThreadPoolExecutor$Worker.run(Unknown Source)
	at java.base/java.lang.Thread.run(Unknown Source)
... Removed 21 stack frames</pre></div><a href='#' onClick='toggleBox("stack-trace301703876", this, "Click to show all stack frames", "Click to hide stack frames")'>Click to show all stack frames</a>
<div class='stack-trace' id='stack-trace301703876'><pre>org.openqa.selenium.WebDriverException: unknown error: Element &lt;a class=&quot;btn btn-discreet btn-login-left show-modal&quot; data-ajax=&quot;true&quot; data-ajax-complete=&quot;prisma.validateLoginStatus(); prisma.showModal();&quot; data-ajax-method=&quot;GET&quot; data-ajax-mode=&quot;replace&quot; data-ajax-success=&quot;prisma.addValidationForResult();prisma.wrapGridInDiv();&quot; data-ajax-update=&quot;#editDialogBody&quot; href=&quot;/Account/LogOn&quot; title=&quot;...&quot;&gt;Logga in&lt;/a&gt; is not clickable at point (964, 152). Other element would receive the click: &lt;div class=&quot;modal-scrollable&quot; style=&quot;z-index: 1050;&quot;&gt;...&lt;/div&gt;
  (Session info: chrome=67.0.3396.99)
  (Driver info: chromedriver=2.40.565498 (ea082db3280dd6843ebfb08a625e3eb905c4f5ab),platform=Windows NT 10.0.16299 x86_64) (WARNING: The server did not provide any stacktrace information)
Command duration or timeout: 0 milliseconds
Build info: version: &apos;3.12.0&apos;, revision: &apos;7c6e0b3&apos;, time: &apos;2018-05-08T15:15:03.216Z&apos;
System info: host: &apos;77DWHM2&apos;, ip: &apos;10.251.12.117&apos;, os.name: &apos;Windows 10&apos;, os.arch: &apos;amd64&apos;, os.version: &apos;10.0&apos;, java.version: &apos;10.0.1&apos;
Driver info: org.openqa.selenium.chrome.ChromeDriver
Capabilities {acceptInsecureCerts: false, acceptSslCerts: false, applicationCacheEnabled: false, browserConnectionEnabled: false, browserName: chrome, chrome: {chromedriverVersion: 2.40.565498 (ea082db3280dd6..., userDataDir: C:\Users\krkl\AppData\Local...}, cssSelectorsEnabled: true, databaseEnabled: false, handlesAlerts: true, hasTouchScreen: false, javascriptEnabled: true, locationContextEnabled: true, mobileEmulationEnabled: false, nativeEvents: true, networkConnectionEnabled: false, pageLoadStrategy: normal, platform: XP, platformName: XP, rotatable: false, setWindowRect: true, takesHeapSnapshot: true, takesScreenshot: true, unexpectedAlertBehaviour: , unhandledPromptBehavior: , version: 67.0.3396.99, webStorageEnabled: true}
Session ID: 7d10efc42965d8bf636f378ae4fc4554
	at java.base/jdk.internal.reflect.NativeConstructorAccessorImpl.newInstance0(Native Method)
	at java.base/jdk.internal.reflect.NativeConstructorAccessorImpl.newInstance(Unknown Source)
	at java.base/jdk.internal.reflect.DelegatingConstructorAccessorImpl.newInstance(Unknown Source)
	at java.base/java.lang.reflect.Constructor.newInstance(Unknown Source)
	at org.openqa.selenium.remote.ErrorHandler.createThrowable(ErrorHandler.java:214)
	at org.openqa.selenium.remote.ErrorHandler.throwIfResponseFailed(ErrorHandler.java:166)
	at org.openqa.selenium.remote.http.JsonHttpResponseCodec.reconstructValue(JsonHttpResponseCodec.java:40)
	at org.openqa.selenium.remote.http.AbstractHttpResponseCodec.decode(AbstractHttpResponseCodec.java:80)
	at org.openqa.selenium.remote.http.AbstractHttpResponseCodec.decode(AbstractHttpResponseCodec.java:44)
	at org.openqa.selenium.remote.HttpCommandExecutor.execute(HttpCommandExecutor.java:158)
	at org.openqa.selenium.remote.service.DriverCommandExecutor.execute(DriverCommandExecutor.java:83)
	at org.openqa.selenium.remote.RemoteWebDriver.execute(RemoteWebDriver.java:543)
	at org.openqa.selenium.remote.RemoteWebElement.execute(RemoteWebElement.java:276)
	at org.openqa.selenium.remote.RemoteWebElement.click(RemoteWebElement.java:83)
	at driverAndCommands.BeforeAfterTestBrowsers.Setup(BeforeAfterTestBrowsers.java:29)
	at java.base/jdk.internal.reflect.NativeMethodAccessorImpl.invoke0(Native Method)
	at java.base/jdk.internal.reflect.NativeMethodAccessorImpl.invoke(Unknown Source)
	at java.base/jdk.internal.reflect.DelegatingMethodAccessorImpl.invoke(Unknown Source)
	at java.base/java.lang.reflect.Method.invoke(Unknown Source)
	at org.testng.internal.MethodInvocationHelper.invokeMethod(MethodInvocationHelper.java:124)
	at org.testng.internal.MethodInvocationHelper.invokeMethodConsideringTimeout(MethodInvocationHelper.java:59)
	at org.testng.internal.Invoker.invokeConfigurationMethod(Invoker.java:455)
	at org.testng.internal.Invoker.invokeConfigurations(Invoker.java:222)
	at org.testng.internal.Invoker.invokeConfigurations(Invoker.java:142)
	at org.testng.internal.TestMethodWorker.invokeBeforeClassMethods(TestMethodWorker.java:168)
	at org.testng.internal.TestMethodWorker.run(TestMethodWorker.java:105)
	at org.testng.TestRunner.privateRun(TestRunner.java:648)
	at org.testng.TestRunner.run(TestRunner.java:505)
	at org.testng.SuiteRunner.runTest(SuiteRunner.java:455)
	at org.testng.SuiteRunner.access$000(SuiteRunner.java:40)
	at org.testng.SuiteRunner$SuiteWorker.run(SuiteRunner.java:489)
	at org.testng.internal.thread.ThreadUtil$1.call(ThreadUtil.java:52)
	at java.base/java.util.concurrent.FutureTask.run(Unknown Source)
	at java.base/java.util.concurrent.ThreadPoolExecutor.runWorker(Unknown Source)
	at java.base/java.util.concurrent.ThreadPoolExecutor$Worker.run(Unknown Source)
	at java.base/java.lang.Thread.run(Unknown Source)
</pre></div></td>
<td>0</td>
<td>testCasesSATMinProfilMeriterOchUtm‰rkelser.MeriterOchUtm‰rkelserAddNew÷vrigaMeriter@4d5b6aac</td></tr>
<tr>
<td title='testCasesSATMinProfilMeriterOchUtm‰rkelser.MeriterOchUtm‰rkelserAddNewPriserOchUtm‰rkelser.L‰ggTill()'><b>L‰ggTill</b><br>Test class: testCasesSATMinProfilMeriterOchUtm‰rkelser.MeriterOchUtm‰rkelserAddNewPriserOchUtm‰rkelser</td>
<td><div><pre>java.lang.Throwable: Method MeriterOchUtm‰rkelserAddNewPriserOchUtm‰rkelser.L‰ggTill()[pri:0, instance:testCasesSATMinProfilMeriterOchUtm‰rkelser.MeriterOchUtm‰rkelserAddNewPriserOchUtm‰rkelser@759d26fb] depends on not successfully finished methods
	at java.base/java.util.concurrent.FutureTask.run(Unknown Source)
	at java.base/java.util.concurrent.ThreadPoolExecutor.runWorker(Unknown Source)
	at java.base/java.util.concurrent.ThreadPoolExecutor$Worker.run(Unknown Source)
	at java.base/java.lang.Thread.run(Unknown Source)
... Removed 9 stack frames</pre></div><a href='#' onClick='toggleBox("stack-trace680707135", this, "Click to show all stack frames", "Click to hide stack frames")'>Click to show all stack frames</a>
<div class='stack-trace' id='stack-trace680707135'><pre>java.lang.Throwable: Method MeriterOchUtm‰rkelserAddNewPriserOchUtm‰rkelser.L‰ggTill()[pri:0, instance:testCasesSATMinProfilMeriterOchUtm‰rkelser.MeriterOchUtm‰rkelserAddNewPriserOchUtm‰rkelser@759d26fb] depends on not successfully finished methods
	at org.testng.internal.Invoker.invokeTestMethods(Invoker.java:887)
	at org.testng.internal.TestMethodWorker.invokeTestMethods(TestMethodWorker.java:125)
	at org.testng.internal.TestMethodWorker.run(TestMethodWorker.java:109)
	at org.testng.TestRunner.privateRun(TestRunner.java:648)
	at org.testng.TestRunner.run(TestRunner.java:505)
	at org.testng.SuiteRunner.runTest(SuiteRunner.java:455)
	at org.testng.SuiteRunner.access$000(SuiteRunner.java:40)
	at org.testng.SuiteRunner$SuiteWorker.run(SuiteRunner.java:489)
	at org.testng.internal.thread.ThreadUtil$1.call(ThreadUtil.java:52)
	at java.base/java.util.concurrent.FutureTask.run(Unknown Source)
	at java.base/java.util.concurrent.ThreadPoolExecutor.runWorker(Unknown Source)
	at java.base/java.util.concurrent.ThreadPoolExecutor$Worker.run(Unknown Source)
	at java.base/java.lang.Thread.run(Unknown Source)
</pre></div></td>
<td>0</td>
<td>null</td></tr>
<tr>
<td title='testCasesSATMinProfilMeriterOchUtm‰rkelser.MeriterOchUtm‰rkelserAddNew÷vrigaMeriter.L‰ggTill()'><b>L‰ggTill</b><br>Test class: testCasesSATMinProfilMeriterOchUtm‰rkelser.MeriterOchUtm‰rkelserAddNew÷vrigaMeriter</td>
<td><div><pre>java.lang.Throwable: Method MeriterOchUtm‰rkelserAddNew÷vrigaMeriter.L‰ggTill()[pri:0, instance:testCasesSATMinProfilMeriterOchUtm‰rkelser.MeriterOchUtm‰rkelserAddNew÷vrigaMeriter@4d5b6aac] depends on not successfully finished methods
	at java.base/java.util.concurrent.FutureTask.run(Unknown Source)
	at java.base/java.util.concurrent.ThreadPoolExecutor.runWorker(Unknown Source)
	at java.base/java.util.concurrent.ThreadPoolExecutor$Worker.run(Unknown Source)
	at java.base/java.lang.Thread.run(Unknown Source)
... Removed 9 stack frames</pre></div><a href='#' onClick='toggleBox("stack-trace1751901652", this, "Click to show all stack frames", "Click to hide stack frames")'>Click to show all stack frames</a>
<div class='stack-trace' id='stack-trace1751901652'><pre>java.lang.Throwable: Method MeriterOchUtm‰rkelserAddNew÷vrigaMeriter.L‰ggTill()[pri:0, instance:testCasesSATMinProfilMeriterOchUtm‰rkelser.MeriterOchUtm‰rkelserAddNew÷vrigaMeriter@4d5b6aac] depends on not successfully finished methods
	at org.testng.internal.Invoker.invokeTestMethods(Invoker.java:887)
	at org.testng.internal.TestMethodWorker.invokeTestMethods(TestMethodWorker.java:125)
	at org.testng.internal.TestMethodWorker.run(TestMethodWorker.java:109)
	at org.testng.TestRunner.privateRun(TestRunner.java:648)
	at org.testng.TestRunner.run(TestRunner.java:505)
	at org.testng.SuiteRunner.runTest(SuiteRunner.java:455)
	at org.testng.SuiteRunner.access$000(SuiteRunner.java:40)
	at org.testng.SuiteRunner$SuiteWorker.run(SuiteRunner.java:489)
	at org.testng.internal.thread.ThreadUtil$1.call(ThreadUtil.java:52)
	at java.base/java.util.concurrent.FutureTask.run(Unknown Source)
	at java.base/java.util.concurrent.ThreadPoolExecutor.runWorker(Unknown Source)
	at java.base/java.util.concurrent.ThreadPoolExecutor$Worker.run(Unknown Source)
	at java.base/java.lang.Thread.run(Unknown Source)
</pre></div></td>
<td>0</td>
<td>null</td></tr>
<tr>
<td title='testCasesSATMinProfilMeriterOchUtm‰rkelser.MeriterOchUtm‰rkelserAddNewDocentur.L‰ggTillDocentur()'><b>L‰ggTillDocentur</b><br>Test class: testCasesSATMinProfilMeriterOchUtm‰rkelser.MeriterOchUtm‰rkelserAddNewDocentur</td>
<td><div><pre>java.lang.Throwable: Method MeriterOchUtm‰rkelserAddNewDocentur.L‰ggTillDocentur()[pri:0, instance:testCasesSATMinProfilMeriterOchUtm‰rkelser.MeriterOchUtm‰rkelserAddNewDocentur@7ea9e1e2] depends on not successfully finished methods
	at java.base/java.util.concurrent.FutureTask.run(Unknown Source)
	at java.base/java.util.concurrent.ThreadPoolExecutor.runWorker(Unknown Source)
	at java.base/java.util.concurrent.ThreadPoolExecutor$Worker.run(Unknown Source)
	at java.base/java.lang.Thread.run(Unknown Source)
... Removed 9 stack frames</pre></div><a href='#' onClick='toggleBox("stack-trace1461312070", this, "Click to show all stack frames", "Click to hide stack frames")'>Click to show all stack frames</a>
<div class='stack-trace' id='stack-trace1461312070'><pre>java.lang.Throwable: Method MeriterOchUtm‰rkelserAddNewDocentur.L‰ggTillDocentur()[pri:0, instance:testCasesSATMinProfilMeriterOchUtm‰rkelser.MeriterOchUtm‰rkelserAddNewDocentur@7ea9e1e2] depends on not successfully finished methods
	at org.testng.internal.Invoker.invokeTestMethods(Invoker.java:887)
	at org.testng.internal.TestMethodWorker.invokeTestMethods(TestMethodWorker.java:125)
	at org.testng.internal.TestMethodWorker.run(TestMethodWorker.java:109)
	at org.testng.TestRunner.privateRun(TestRunner.java:648)
	at org.testng.TestRunner.run(TestRunner.java:505)
	at org.testng.SuiteRunner.runTest(SuiteRunner.java:455)
	at org.testng.SuiteRunner.access$000(SuiteRunner.java:40)
	at org.testng.SuiteRunner$SuiteWorker.run(SuiteRunner.java:489)
	at org.testng.internal.thread.ThreadUtil$1.call(ThreadUtil.java:52)
	at java.base/java.util.concurrent.FutureTask.run(Unknown Source)
	at java.base/java.util.concurrent.ThreadPoolExecutor.runWorker(Unknown Source)
	at java.base/java.util.concurrent.ThreadPoolExecutor$Worker.run(Unknown Source)
	at java.base/java.lang.Thread.run(Unknown Source)
</pre></div></td>
<td>0</td>
<td>null</td></tr>
<tr>
<td title='testCasesSATMinProfilMeriterOchUtm‰rkelser.MeriterOchUtm‰rkelserAddNewHandleddaPersonerEnskildPerson.L‰ggTillHandleddaPersonerEnskildPerson()'><b>L‰ggTillHandleddaPersonerEnskildPerson</b><br>Test class: testCasesSATMinProfilMeriterOchUtm‰rkelser.MeriterOchUtm‰rkelserAddNewHandleddaPersonerEnskildPerson</td>
<td><div><pre>java.lang.Throwable: Method MeriterOchUtm‰rkelserAddNewHandleddaPersonerEnskildPerson.L‰ggTillHandleddaPersonerEnskildPerson()[pri:0, instance:testCasesSATMinProfilMeriterOchUtm‰rkelser.MeriterOchUtm‰rkelserAddNewHandleddaPersonerEnskildPerson@4d02f94e] depends on not successfully finished methods
	at java.base/java.util.concurrent.FutureTask.run(Unknown Source)
	at java.base/java.util.concurrent.ThreadPoolExecutor.runWorker(Unknown Source)
	at java.base/java.util.concurrent.ThreadPoolExecutor$Worker.run(Unknown Source)
	at java.base/java.lang.Thread.run(Unknown Source)
... Removed 9 stack frames</pre></div><a href='#' onClick='toggleBox("stack-trace1449884759", this, "Click to show all stack frames", "Click to hide stack frames")'>Click to show all stack frames</a>
<div class='stack-trace' id='stack-trace1449884759'><pre>java.lang.Throwable: Method MeriterOchUtm‰rkelserAddNewHandleddaPersonerEnskildPerson.L‰ggTillHandleddaPersonerEnskildPerson()[pri:0, instance:testCasesSATMinProfilMeriterOchUtm‰rkelser.MeriterOchUtm‰rkelserAddNewHandleddaPersonerEnskildPerson@4d02f94e] depends on not successfully finished methods
	at org.testng.internal.Invoker.invokeTestMethods(Invoker.java:887)
	at org.testng.internal.TestMethodWorker.invokeTestMethods(TestMethodWorker.java:125)
	at org.testng.internal.TestMethodWorker.run(TestMethodWorker.java:109)
	at org.testng.TestRunner.privateRun(TestRunner.java:648)
	at org.testng.TestRunner.run(TestRunner.java:505)
	at org.testng.SuiteRunner.runTest(SuiteRunner.java:455)
	at org.testng.SuiteRunner.access$000(SuiteRunner.java:40)
	at org.testng.SuiteRunner$SuiteWorker.run(SuiteRunner.java:489)
	at org.testng.internal.thread.ThreadUtil$1.call(ThreadUtil.java:52)
	at java.base/java.util.concurrent.FutureTask.run(Unknown Source)
	at java.base/java.util.concurrent.ThreadPoolExecutor.runWorker(Unknown Source)
	at java.base/java.util.concurrent.ThreadPoolExecutor$Worker.run(Unknown Source)
	at java.base/java.lang.Thread.run(Unknown Source)
</pre></div></td>
<td>0</td>
<td>null</td></tr>
<tr>
<td title='testCasesSATMinProfilMeriterOchUtm‰rkelser.MeriterOchUtm‰rkelserAddNewHandleddaPersonerEnskildPerson.L‰ggTillHandleddaPersonerEnskildPersonEfternamn()'><b>L‰ggTillHandleddaPersonerEnskildPersonEfternamn</b><br>Test class: testCasesSATMinProfilMeriterOchUtm‰rkelser.MeriterOchUtm‰rkelserAddNewHandleddaPersonerEnskildPerson</td>
<td><div><pre>java.lang.Throwable: Method MeriterOchUtm‰rkelserAddNewHandleddaPersonerEnskildPerson.L‰ggTillHandleddaPersonerEnskildPersonEfternamn()[pri:0, instance:testCasesSATMinProfilMeriterOchUtm‰rkelser.MeriterOchUtm‰rkelserAddNewHandleddaPersonerEnskildPerson@4d02f94e] depends on not successfully finished methods
	at java.base/java.util.concurrent.FutureTask.run(Unknown Source)
	at java.base/java.util.concurrent.ThreadPoolExecutor.runWorker(Unknown Source)
	at java.base/java.util.concurrent.ThreadPoolExecutor$Worker.run(Unknown Source)
	at java.base/java.lang.Thread.run(Unknown Source)
... Removed 9 stack frames</pre></div><a href='#' onClick='toggleBox("stack-trace106055536", this, "Click to show all stack frames", "Click to hide stack frames")'>Click to show all stack frames</a>
<div class='stack-trace' id='stack-trace106055536'><pre>java.lang.Throwable: Method MeriterOchUtm‰rkelserAddNewHandleddaPersonerEnskildPerson.L‰ggTillHandleddaPersonerEnskildPersonEfternamn()[pri:0, instance:testCasesSATMinProfilMeriterOchUtm‰rkelser.MeriterOchUtm‰rkelserAddNewHandleddaPersonerEnskildPerson@4d02f94e] depends on not successfully finished methods
	at org.testng.internal.Invoker.invokeTestMethods(Invoker.java:887)
	at org.testng.internal.TestMethodWorker.invokeTestMethods(TestMethodWorker.java:125)
	at org.testng.internal.TestMethodWorker.run(TestMethodWorker.java:109)
	at org.testng.TestRunner.privateRun(TestRunner.java:648)
	at org.testng.TestRunner.run(TestRunner.java:505)
	at org.testng.SuiteRunner.runTest(SuiteRunner.java:455)
	at org.testng.SuiteRunner.access$000(SuiteRunner.java:40)
	at org.testng.SuiteRunner$SuiteWorker.run(SuiteRunner.java:489)
	at org.testng.internal.thread.ThreadUtil$1.call(ThreadUtil.java:52)
	at java.base/java.util.concurrent.FutureTask.run(Unknown Source)
	at java.base/java.util.concurrent.ThreadPoolExecutor.runWorker(Unknown Source)
	at java.base/java.util.concurrent.ThreadPoolExecutor$Worker.run(Unknown Source)
	at java.base/java.lang.Thread.run(Unknown Source)
</pre></div></td>
<td>0</td>
<td>null</td></tr>
<tr>
<td title='testCasesSATMinProfilMeriterOchUtm‰rkelser.MeriterOchUtm‰rkelserAddNewHandleddaPersonerEnskildPerson.L‰ggTillHandleddaPersonerEnskildPersonFˆrnamn()'><b>L‰ggTillHandleddaPersonerEnskildPersonFˆrnamn</b><br>Test class: testCasesSATMinProfilMeriterOchUtm‰rkelser.MeriterOchUtm‰rkelserAddNewHandleddaPersonerEnskildPerson</td>
<td><div><pre>java.lang.Throwable: Method MeriterOchUtm‰rkelserAddNewHandleddaPersonerEnskildPerson.L‰ggTillHandleddaPersonerEnskildPersonFˆrnamn()[pri:0, instance:testCasesSATMinProfilMeriterOchUtm‰rkelser.MeriterOchUtm‰rkelserAddNewHandleddaPersonerEnskildPerson@4d02f94e] depends on not successfully finished methods
	at java.base/java.util.concurrent.FutureTask.run(Unknown Source)
	at java.base/java.util.concurrent.ThreadPoolExecutor.runWorker(Unknown Source)
	at java.base/java.util.concurrent.ThreadPoolExecutor$Worker.run(Unknown Source)
	at java.base/java.lang.Thread.run(Unknown Source)
... Removed 9 stack frames</pre></div><a href='#' onClick='toggleBox("stack-trace1328493839", this, "Click to show all stack frames", "Click to hide stack frames")'>Click to show all stack frames</a>
<div class='stack-trace' id='stack-trace1328493839'><pre>java.lang.Throwable: Method MeriterOchUtm‰rkelserAddNewHandleddaPersonerEnskildPerson.L‰ggTillHandleddaPersonerEnskildPersonFˆrnamn()[pri:0, instance:testCasesSATMinProfilMeriterOchUtm‰rkelser.MeriterOchUtm‰rkelserAddNewHandleddaPersonerEnskildPerson@4d02f94e] depends on not successfully finished methods
	at org.testng.internal.Invoker.invokeTestMethods(Invoker.java:887)
	at org.testng.internal.TestMethodWorker.invokeTestMethods(TestMethodWorker.java:125)
	at org.testng.internal.TestMethodWorker.run(TestMethodWorker.java:109)
	at org.testng.TestRunner.privateRun(TestRunner.java:648)
	at org.testng.TestRunner.run(TestRunner.java:505)
	at org.testng.SuiteRunner.runTest(SuiteRunner.java:455)
	at org.testng.SuiteRunner.access$000(SuiteRunner.java:40)
	at org.testng.SuiteRunner$SuiteWorker.run(SuiteRunner.java:489)
	at org.testng.internal.thread.ThreadUtil$1.call(ThreadUtil.java:52)
	at java.base/java.util.concurrent.FutureTask.run(Unknown Source)
	at java.base/java.util.concurrent.ThreadPoolExecutor.runWorker(Unknown Source)
	at java.base/java.util.concurrent.ThreadPoolExecutor$Worker.run(Unknown Source)
	at java.base/java.lang.Thread.run(Unknown Source)
</pre></div></td>
<td>0</td>
<td>null</td></tr>
<tr>
<td title='testCasesSATMinProfilMeriterOchUtm‰rkelser.MeriterOchUtm‰rkelserAddNewHandleddaPersonerEnskildPerson.L‰ggTillHandleddaPersonerEnskildPersonRoll()'><b>L‰ggTillHandleddaPersonerEnskildPersonRoll</b><br>Test class: testCasesSATMinProfilMeriterOchUtm‰rkelser.MeriterOchUtm‰rkelserAddNewHandleddaPersonerEnskildPerson</td>
<td><div><pre>java.lang.Throwable: Method MeriterOchUtm‰rkelserAddNewHandleddaPersonerEnskildPerson.L‰ggTillHandleddaPersonerEnskildPersonRoll()[pri:0, instance:testCasesSATMinProfilMeriterOchUtm‰rkelser.MeriterOchUtm‰rkelserAddNewHandleddaPersonerEnskildPerson@4d02f94e] depends on not successfully finished methods
	at java.base/java.util.concurrent.FutureTask.run(Unknown Source)
	at java.base/java.util.concurrent.ThreadPoolExecutor.runWorker(Unknown Source)
	at java.base/java.util.concurrent.ThreadPoolExecutor$Worker.run(Unknown Source)
	at java.base/java.lang.Thread.run(Unknown Source)
... Removed 9 stack frames</pre></div><a href='#' onClick='toggleBox("stack-trace276509164", this, "Click to show all stack frames", "Click to hide stack frames")'>Click to show all stack frames</a>
<div class='stack-trace' id='stack-trace276509164'><pre>java.lang.Throwable: Method MeriterOchUtm‰rkelserAddNewHandleddaPersonerEnskildPerson.L‰ggTillHandleddaPersonerEnskildPersonRoll()[pri:0, instance:testCasesSATMinProfilMeriterOchUtm‰rkelser.MeriterOchUtm‰rkelserAddNewHandleddaPersonerEnskildPerson@4d02f94e] depends on not successfully finished methods
	at org.testng.internal.Invoker.invokeTestMethods(Invoker.java:887)
	at org.testng.internal.TestMethodWorker.invokeTestMethods(TestMethodWorker.java:125)
	at org.testng.internal.TestMethodWorker.run(TestMethodWorker.java:109)
	at org.testng.TestRunner.privateRun(TestRunner.java:648)
	at org.testng.TestRunner.run(TestRunner.java:505)
	at org.testng.SuiteRunner.runTest(SuiteRunner.java:455)
	at org.testng.SuiteRunner.access$000(SuiteRunner.java:40)
	at org.testng.SuiteRunner$SuiteWorker.run(SuiteRunner.java:489)
	at org.testng.internal.thread.ThreadUtil$1.call(ThreadUtil.java:52)
	at java.base/java.util.concurrent.FutureTask.run(Unknown Source)
	at java.base/java.util.concurrent.ThreadPoolExecutor.runWorker(Unknown Source)
	at java.base/java.util.concurrent.ThreadPoolExecutor$Worker.run(Unknown Source)
	at java.base/java.lang.Thread.run(Unknown Source)
</pre></div></td>
<td>0</td>
<td>null</td></tr>
<tr>
<td title='testCasesSATMinProfilMeriterOchUtm‰rkelser.MeriterOchUtm‰rkelserAddNewHandleddaPersonerEnskildPerson.L‰ggTillHandleddaPersonerEnskildPersonRollSpara()'><b>L‰ggTillHandleddaPersonerEnskildPersonRollSpara</b><br>Test class: testCasesSATMinProfilMeriterOchUtm‰rkelser.MeriterOchUtm‰rkelserAddNewHandleddaPersonerEnskildPerson</td>
<td><div><pre>java.lang.Throwable: Method MeriterOchUtm‰rkelserAddNewHandleddaPersonerEnskildPerson.L‰ggTillHandleddaPersonerEnskildPersonRollSpara()[pri:0, instance:testCasesSATMinProfilMeriterOchUtm‰rkelser.MeriterOchUtm‰rkelserAddNewHandleddaPersonerEnskildPerson@4d02f94e] depends on not successfully finished methods
	at java.base/java.util.concurrent.FutureTask.run(Unknown Source)
	at java.base/java.util.concurrent.ThreadPoolExecutor.runWorker(Unknown Source)
	at java.base/java.util.concurrent.ThreadPoolExecutor$Worker.run(Unknown Source)
	at java.base/java.lang.Thread.run(Unknown Source)
... Removed 9 stack frames</pre></div><a href='#' onClick='toggleBox("stack-trace783073492", this, "Click to show all stack frames", "Click to hide stack frames")'>Click to show all stack frames</a>
<div class='stack-trace' id='stack-trace783073492'><pre>java.lang.Throwable: Method MeriterOchUtm‰rkelserAddNewHandleddaPersonerEnskildPerson.L‰ggTillHandleddaPersonerEnskildPersonRollSpara()[pri:0, instance:testCasesSATMinProfilMeriterOchUtm‰rkelser.MeriterOchUtm‰rkelserAddNewHandleddaPersonerEnskildPerson@4d02f94e] depends on not successfully finished methods
	at org.testng.internal.Invoker.invokeTestMethods(Invoker.java:887)
	at org.testng.internal.TestMethodWorker.invokeTestMethods(TestMethodWorker.java:125)
	at org.testng.internal.TestMethodWorker.run(TestMethodWorker.java:109)
	at org.testng.TestRunner.privateRun(TestRunner.java:648)
	at org.testng.TestRunner.run(TestRunner.java:505)
	at org.testng.SuiteRunner.runTest(SuiteRunner.java:455)
	at org.testng.SuiteRunner.access$000(SuiteRunner.java:40)
	at org.testng.SuiteRunner$SuiteWorker.run(SuiteRunner.java:489)
	at org.testng.internal.thread.ThreadUtil$1.call(ThreadUtil.java:52)
	at java.base/java.util.concurrent.FutureTask.run(Unknown Source)
	at java.base/java.util.concurrent.ThreadPoolExecutor.runWorker(Unknown Source)
	at java.base/java.util.concurrent.ThreadPoolExecutor$Worker.run(Unknown Source)
	at java.base/java.lang.Thread.run(Unknown Source)
</pre></div></td>
<td>0</td>
<td>null</td></tr>
<tr>
<td title='testCasesSATMinProfilMeriterOchUtm‰rkelser.MeriterOchUtm‰rkelserAddNewHandleddaPersonerEnskildPerson.L‰ggTillHandleddaPersonerEnskildPersonSlutÂr()'><b>L‰ggTillHandleddaPersonerEnskildPersonSlutÂr</b><br>Test class: testCasesSATMinProfilMeriterOchUtm‰rkelser.MeriterOchUtm‰rkelserAddNewHandleddaPersonerEnskildPerson</td>
<td><div><pre>java.lang.Throwable: Method MeriterOchUtm‰rkelserAddNewHandleddaPersonerEnskildPerson.L‰ggTillHandleddaPersonerEnskildPersonSlutÂr()[pri:0, instance:testCasesSATMinProfilMeriterOchUtm‰rkelser.MeriterOchUtm‰rkelserAddNewHandleddaPersonerEnskildPerson@4d02f94e] depends on not successfully finished methods
	at java.base/java.util.concurrent.FutureTask.run(Unknown Source)
	at java.base/java.util.concurrent.ThreadPoolExecutor.runWorker(Unknown Source)
	at java.base/java.util.concurrent.ThreadPoolExecutor$Worker.run(Unknown Source)
	at java.base/java.lang.Thread.run(Unknown Source)
... Removed 9 stack frames</pre></div><a href='#' onClick='toggleBox("stack-trace1145713785", this, "Click to show all stack frames", "Click to hide stack frames")'>Click to show all stack frames</a>
<div class='stack-trace' id='stack-trace1145713785'><pre>java.lang.Throwable: Method MeriterOchUtm‰rkelserAddNewHandleddaPersonerEnskildPerson.L‰ggTillHandleddaPersonerEnskildPersonSlutÂr()[pri:0, instance:testCasesSATMinProfilMeriterOchUtm‰rkelser.MeriterOchUtm‰rkelserAddNewHandleddaPersonerEnskildPerson@4d02f94e] depends on not successfully finished methods
	at org.testng.internal.Invoker.invokeTestMethods(Invoker.java:887)
	at org.testng.internal.TestMethodWorker.invokeTestMethods(TestMethodWorker.java:125)
	at org.testng.internal.TestMethodWorker.run(TestMethodWorker.java:109)
	at org.testng.TestRunner.privateRun(TestRunner.java:648)
	at org.testng.TestRunner.run(TestRunner.java:505)
	at org.testng.SuiteRunner.runTest(SuiteRunner.java:455)
	at org.testng.SuiteRunner.access$000(SuiteRunner.java:40)
	at org.testng.SuiteRunner$SuiteWorker.run(SuiteRunner.java:489)
	at org.testng.internal.thread.ThreadUtil$1.call(ThreadUtil.java:52)
	at java.base/java.util.concurrent.FutureTask.run(Unknown Source)
	at java.base/java.util.concurrent.ThreadPoolExecutor.runWorker(Unknown Source)
	at java.base/java.util.concurrent.ThreadPoolExecutor$Worker.run(Unknown Source)
	at java.base/java.lang.Thread.run(Unknown Source)
</pre></div></td>
<td>0</td>
<td>null</td></tr>
<tr>
<td title='testCasesSATMinProfilMeriterOchUtm‰rkelser.MeriterOchUtm‰rkelserAddNewHandleddaPersonerEnskildPerson.L‰ggTillHandleddaPersonerEnskildPersonTypAvHandleddaPersoner()'><b>L‰ggTillHandleddaPersonerEnskildPersonTypAvHandleddaPersoner</b><br>Test class: testCasesSATMinProfilMeriterOchUtm‰rkelser.MeriterOchUtm‰rkelserAddNewHandleddaPersonerEnskildPerson</td>
<td><div><pre>java.lang.Throwable: Method MeriterOchUtm‰rkelserAddNewHandleddaPersonerEnskildPerson.L‰ggTillHandleddaPersonerEnskildPersonTypAvHandleddaPersoner()[pri:0, instance:testCasesSATMinProfilMeriterOchUtm‰rkelser.MeriterOchUtm‰rkelserAddNewHandleddaPersonerEnskildPerson@4d02f94e] depends on not successfully finished methods
	at java.base/java.util.concurrent.FutureTask.run(Unknown Source)
	at java.base/java.util.concurrent.ThreadPoolExecutor.runWorker(Unknown Source)
	at java.base/java.util.concurrent.ThreadPoolExecutor$Worker.run(Unknown Source)
	at java.base/java.lang.Thread.run(Unknown Source)
... Removed 9 stack frames</pre></div><a href='#' onClick='toggleBox("stack-trace72721082", this, "Click to show all stack frames", "Click to hide stack frames")'>Click to show all stack frames</a>
<div class='stack-trace' id='stack-trace72721082'><pre>java.lang.Throwable: Method MeriterOchUtm‰rkelserAddNewHandleddaPersonerEnskildPerson.L‰ggTillHandleddaPersonerEnskildPersonTypAvHandleddaPersoner()[pri:0, instance:testCasesSATMinProfilMeriterOchUtm‰rkelser.MeriterOchUtm‰rkelserAddNewHandleddaPersonerEnskildPerson@4d02f94e] depends on not successfully finished methods
	at org.testng.internal.Invoker.invokeTestMethods(Invoker.java:887)
	at org.testng.internal.TestMethodWorker.invokeTestMethods(TestMethodWorker.java:125)
	at org.testng.internal.TestMethodWorker.run(TestMethodWorker.java:109)
	at org.testng.TestRunner.privateRun(TestRunner.java:648)
	at org.testng.TestRunner.run(TestRunner.java:505)
	at org.testng.SuiteRunner.runTest(SuiteRunner.java:455)
	at org.testng.SuiteRunner.access$000(SuiteRunner.java:40)
	at org.testng.SuiteRunner$SuiteWorker.run(SuiteRunner.java:489)
	at org.testng.internal.thread.ThreadUtil$1.call(ThreadUtil.java:52)
	at java.base/java.util.concurrent.FutureTask.run(Unknown Source)
	at java.base/java.util.concurrent.ThreadPoolExecutor.runWorker(Unknown Source)
	at java.base/java.util.concurrent.ThreadPoolExecutor$Worker.run(Unknown Source)
	at java.base/java.lang.Thread.run(Unknown Source)
</pre></div></td>
<td>0</td>
<td>null</td></tr>
<tr>
<td title='testCasesSATMinProfilMeriterOchUtm‰rkelser.MeriterOchUtm‰rkelserAddNewPriserOchUtm‰rkelser.NamnPÂPriset()'><b>NamnPÂPriset</b><br>Test class: testCasesSATMinProfilMeriterOchUtm‰rkelser.MeriterOchUtm‰rkelserAddNewPriserOchUtm‰rkelser</td>
<td><div><pre>java.lang.Throwable: Method MeriterOchUtm‰rkelserAddNewPriserOchUtm‰rkelser.NamnPÂPriset()[pri:0, instance:testCasesSATMinProfilMeriterOchUtm‰rkelser.MeriterOchUtm‰rkelserAddNewPriserOchUtm‰rkelser@759d26fb] depends on not successfully finished methods
	at java.base/java.util.concurrent.FutureTask.run(Unknown Source)
	at java.base/java.util.concurrent.ThreadPoolExecutor.runWorker(Unknown Source)
	at java.base/java.util.concurrent.ThreadPoolExecutor$Worker.run(Unknown Source)
	at java.base/java.lang.Thread.run(Unknown Source)
... Removed 9 stack frames</pre></div><a href='#' onClick='toggleBox("stack-trace1474193776", this, "Click to show all stack frames", "Click to hide stack frames")'>Click to show all stack frames</a>
<div class='stack-trace' id='stack-trace1474193776'><pre>java.lang.Throwable: Method MeriterOchUtm‰rkelserAddNewPriserOchUtm‰rkelser.NamnPÂPriset()[pri:0, instance:testCasesSATMinProfilMeriterOchUtm‰rkelser.MeriterOchUtm‰rkelserAddNewPriserOchUtm‰rkelser@759d26fb] depends on not successfully finished methods
	at org.testng.internal.Invoker.invokeTestMethods(Invoker.java:887)
	at org.testng.internal.TestMethodWorker.invokeTestMethods(TestMethodWorker.java:125)
	at org.testng.internal.TestMethodWorker.run(TestMethodWorker.java:109)
	at org.testng.TestRunner.privateRun(TestRunner.java:648)
	at org.testng.TestRunner.run(TestRunner.java:505)
	at org.testng.SuiteRunner.runTest(SuiteRunner.java:455)
	at org.testng.SuiteRunner.access$000(SuiteRunner.java:40)
	at org.testng.SuiteRunner$SuiteWorker.run(SuiteRunner.java:489)
	at org.testng.internal.thread.ThreadUtil$1.call(ThreadUtil.java:52)
	at java.base/java.util.concurrent.FutureTask.run(Unknown Source)
	at java.base/java.util.concurrent.ThreadPoolExecutor.runWorker(Unknown Source)
	at java.base/java.util.concurrent.ThreadPoolExecutor$Worker.run(Unknown Source)
	at java.base/java.lang.Thread.run(Unknown Source)
</pre></div></td>
<td>0</td>
<td>null</td></tr>
<tr>
<td title='testCasesSATMinProfilMeriterOchUtm‰rkelser.MeriterOchUtm‰rkelserAddNewDocentur.SelectOrganization()'><b>SelectOrganization</b><br>Test class: testCasesSATMinProfilMeriterOchUtm‰rkelser.MeriterOchUtm‰rkelserAddNewDocentur</td>
<td><div><pre>java.lang.Throwable: Method MeriterOchUtm‰rkelserAddNewDocentur.SelectOrganization()[pri:0, instance:testCasesSATMinProfilMeriterOchUtm‰rkelser.MeriterOchUtm‰rkelserAddNewDocentur@7ea9e1e2] depends on not successfully finished methods
	at java.base/java.util.concurrent.FutureTask.run(Unknown Source)
	at java.base/java.util.concurrent.ThreadPoolExecutor.runWorker(Unknown Source)
	at java.base/java.util.concurrent.ThreadPoolExecutor$Worker.run(Unknown Source)
	at java.base/java.lang.Thread.run(Unknown Source)
... Removed 9 stack frames</pre></div><a href='#' onClick='toggleBox("stack-trace1619888650", this, "Click to show all stack frames", "Click to hide stack frames")'>Click to show all stack frames</a>
<div class='stack-trace' id='stack-trace1619888650'><pre>java.lang.Throwable: Method MeriterOchUtm‰rkelserAddNewDocentur.SelectOrganization()[pri:0, instance:testCasesSATMinProfilMeriterOchUtm‰rkelser.MeriterOchUtm‰rkelserAddNewDocentur@7ea9e1e2] depends on not successfully finished methods
	at org.testng.internal.Invoker.invokeTestMethods(Invoker.java:887)
	at org.testng.internal.TestMethodWorker.invokeTestMethods(TestMethodWorker.java:125)
	at org.testng.internal.TestMethodWorker.run(TestMethodWorker.java:109)
	at org.testng.TestRunner.privateRun(TestRunner.java:648)
	at org.testng.TestRunner.run(TestRunner.java:505)
	at org.testng.SuiteRunner.runTest(SuiteRunner.java:455)
	at org.testng.SuiteRunner.access$000(SuiteRunner.java:40)
	at org.testng.SuiteRunner$SuiteWorker.run(SuiteRunner.java:489)
	at org.testng.internal.thread.ThreadUtil$1.call(ThreadUtil.java:52)
	at java.base/java.util.concurrent.FutureTask.run(Unknown Source)
	at java.base/java.util.concurrent.ThreadPoolExecutor.runWorker(Unknown Source)
	at java.base/java.util.concurrent.ThreadPoolExecutor$Worker.run(Unknown Source)
	at java.base/java.lang.Thread.run(Unknown Source)
</pre></div></td>
<td>0</td>
<td>null</td></tr>
<tr>
<td title='testCasesSATMinProfilMeriterOchUtm‰rkelser.MeriterOchUtm‰rkelserAddNew÷vrigaMeriter.Spara()'><b>Spara</b><br>Test class: testCasesSATMinProfilMeriterOchUtm‰rkelser.MeriterOchUtm‰rkelserAddNew÷vrigaMeriter</td>
<td><div><pre>java.lang.Throwable: Method MeriterOchUtm‰rkelserAddNew÷vrigaMeriter.Spara()[pri:0, instance:testCasesSATMinProfilMeriterOchUtm‰rkelser.MeriterOchUtm‰rkelserAddNew÷vrigaMeriter@4d5b6aac] depends on not successfully finished methods
	at java.base/java.util.concurrent.FutureTask.run(Unknown Source)
	at java.base/java.util.concurrent.ThreadPoolExecutor.runWorker(Unknown Source)
	at java.base/java.util.concurrent.ThreadPoolExecutor$Worker.run(Unknown Source)
	at java.base/java.lang.Thread.run(Unknown Source)
... Removed 9 stack frames</pre></div><a href='#' onClick='toggleBox("stack-trace586926405", this, "Click to show all stack frames", "Click to hide stack frames")'>Click to show all stack frames</a>
<div class='stack-trace' id='stack-trace586926405'><pre>java.lang.Throwable: Method MeriterOchUtm‰rkelserAddNew÷vrigaMeriter.Spara()[pri:0, instance:testCasesSATMinProfilMeriterOchUtm‰rkelser.MeriterOchUtm‰rkelserAddNew÷vrigaMeriter@4d5b6aac] depends on not successfully finished methods
	at org.testng.internal.Invoker.invokeTestMethods(Invoker.java:887)
	at org.testng.internal.TestMethodWorker.invokeTestMethods(TestMethodWorker.java:125)
	at org.testng.internal.TestMethodWorker.run(TestMethodWorker.java:109)
	at org.testng.TestRunner.privateRun(TestRunner.java:648)
	at org.testng.TestRunner.run(TestRunner.java:505)
	at org.testng.SuiteRunner.runTest(SuiteRunner.java:455)
	at org.testng.SuiteRunner.access$000(SuiteRunner.java:40)
	at org.testng.SuiteRunner$SuiteWorker.run(SuiteRunner.java:489)
	at org.testng.internal.thread.ThreadUtil$1.call(ThreadUtil.java:52)
	at java.base/java.util.concurrent.FutureTask.run(Unknown Source)
	at java.base/java.util.concurrent.ThreadPoolExecutor.runWorker(Unknown Source)
	at java.base/java.util.concurrent.ThreadPoolExecutor$Worker.run(Unknown Source)
	at java.base/java.lang.Thread.run(Unknown Source)
</pre></div></td>
<td>0</td>
<td>null</td></tr>
<tr>
<td title='testCasesSATMinProfilMeriterOchUtm‰rkelser.MeriterOchUtm‰rkelserAddNewPriserOchUtm‰rkelser.Spara()'><b>Spara</b><br>Test class: testCasesSATMinProfilMeriterOchUtm‰rkelser.MeriterOchUtm‰rkelserAddNewPriserOchUtm‰rkelser</td>
<td><div><pre>java.lang.Throwable: Method MeriterOchUtm‰rkelserAddNewPriserOchUtm‰rkelser.Spara()[pri:0, instance:testCasesSATMinProfilMeriterOchUtm‰rkelser.MeriterOchUtm‰rkelserAddNewPriserOchUtm‰rkelser@759d26fb] depends on not successfully finished methods
	at java.base/java.util.concurrent.FutureTask.run(Unknown Source)
	at java.base/java.util.concurrent.ThreadPoolExecutor.runWorker(Unknown Source)
	at java.base/java.util.concurrent.ThreadPoolExecutor$Worker.run(Unknown Source)
	at java.base/java.lang.Thread.run(Unknown Source)
... Removed 9 stack frames</pre></div><a href='#' onClick='toggleBox("stack-trace1679683681", this, "Click to show all stack frames", "Click to hide stack frames")'>Click to show all stack frames</a>
<div class='stack-trace' id='stack-trace1679683681'><pre>java.lang.Throwable: Method MeriterOchUtm‰rkelserAddNewPriserOchUtm‰rkelser.Spara()[pri:0, instance:testCasesSATMinProfilMeriterOchUtm‰rkelser.MeriterOchUtm‰rkelserAddNewPriserOchUtm‰rkelser@759d26fb] depends on not successfully finished methods
	at org.testng.internal.Invoker.invokeTestMethods(Invoker.java:887)
	at org.testng.internal.TestMethodWorker.invokeTestMethods(TestMethodWorker.java:125)
	at org.testng.internal.TestMethodWorker.run(TestMethodWorker.java:109)
	at org.testng.TestRunner.privateRun(TestRunner.java:648)
	at org.testng.TestRunner.run(TestRunner.java:505)
	at org.testng.SuiteRunner.runTest(SuiteRunner.java:455)
	at org.testng.SuiteRunner.access$000(SuiteRunner.java:40)
	at org.testng.SuiteRunner$SuiteWorker.run(SuiteRunner.java:489)
	at org.testng.internal.thread.ThreadUtil$1.call(ThreadUtil.java:52)
	at java.base/java.util.concurrent.FutureTask.run(Unknown Source)
	at java.base/java.util.concurrent.ThreadPoolExecutor.runWorker(Unknown Source)
	at java.base/java.util.concurrent.ThreadPoolExecutor$Worker.run(Unknown Source)
	at java.base/java.lang.Thread.run(Unknown Source)
</pre></div></td>
<td>0</td>
<td>null</td></tr>
<tr>
<td title='testCasesSATMinProfilMeriterOchUtm‰rkelser.MeriterOchUtm‰rkelserAddNewDocentur.SparaDocentur()'><b>SparaDocentur</b><br>Test class: testCasesSATMinProfilMeriterOchUtm‰rkelser.MeriterOchUtm‰rkelserAddNewDocentur</td>
<td><div><pre>java.lang.Throwable: Method MeriterOchUtm‰rkelserAddNewDocentur.SparaDocentur()[pri:0, instance:testCasesSATMinProfilMeriterOchUtm‰rkelser.MeriterOchUtm‰rkelserAddNewDocentur@7ea9e1e2] depends on not successfully finished methods
	at java.base/java.util.concurrent.FutureTask.run(Unknown Source)
	at java.base/java.util.concurrent.ThreadPoolExecutor.runWorker(Unknown Source)
	at java.base/java.util.concurrent.ThreadPoolExecutor$Worker.run(Unknown Source)
	at java.base/java.lang.Thread.run(Unknown Source)
... Removed 9 stack frames</pre></div><a href='#' onClick='toggleBox("stack-trace173787489", this, "Click to show all stack frames", "Click to hide stack frames")'>Click to show all stack frames</a>
<div class='stack-trace' id='stack-trace173787489'><pre>java.lang.Throwable: Method MeriterOchUtm‰rkelserAddNewDocentur.SparaDocentur()[pri:0, instance:testCasesSATMinProfilMeriterOchUtm‰rkelser.MeriterOchUtm‰rkelserAddNewDocentur@7ea9e1e2] depends on not successfully finished methods
	at org.testng.internal.Invoker.invokeTestMethods(Invoker.java:887)
	at org.testng.internal.TestMethodWorker.invokeTestMethods(TestMethodWorker.java:125)
	at org.testng.internal.TestMethodWorker.run(TestMethodWorker.java:109)
	at org.testng.TestRunner.privateRun(TestRunner.java:648)
	at org.testng.TestRunner.run(TestRunner.java:505)
	at org.testng.SuiteRunner.runTest(SuiteRunner.java:455)
	at org.testng.SuiteRunner.access$000(SuiteRunner.java:40)
	at org.testng.SuiteRunner$SuiteWorker.run(SuiteRunner.java:489)
	at org.testng.internal.thread.ThreadUtil$1.call(ThreadUtil.java:52)
	at java.base/java.util.concurrent.FutureTask.run(Unknown Source)
	at java.base/java.util.concurrent.ThreadPoolExecutor.runWorker(Unknown Source)
	at java.base/java.util.concurrent.ThreadPoolExecutor$Worker.run(Unknown Source)
	at java.base/java.lang.Thread.run(Unknown Source)
</pre></div></td>
<td>0</td>
<td>null</td></tr>
<tr>
<td title='testCasesSATMinProfilMeriterOchUtm‰rkelser.MeriterOchUtm‰rkelserAddNew÷vrigaMeriter.StartÂrAndSlut≈r()'><b>StartÂrAndSlut≈r</b><br>Test class: testCasesSATMinProfilMeriterOchUtm‰rkelser.MeriterOchUtm‰rkelserAddNew÷vrigaMeriter</td>
<td><div><pre>java.lang.Throwable: Method MeriterOchUtm‰rkelserAddNew÷vrigaMeriter.StartÂrAndSlut≈r()[pri:0, instance:testCasesSATMinProfilMeriterOchUtm‰rkelser.MeriterOchUtm‰rkelserAddNew÷vrigaMeriter@4d5b6aac] depends on not successfully finished methods
	at java.base/java.util.concurrent.FutureTask.run(Unknown Source)
	at java.base/java.util.concurrent.ThreadPoolExecutor.runWorker(Unknown Source)
	at java.base/java.util.concurrent.ThreadPoolExecutor$Worker.run(Unknown Source)
	at java.base/java.lang.Thread.run(Unknown Source)
... Removed 9 stack frames</pre></div><a href='#' onClick='toggleBox("stack-trace989809251", this, "Click to show all stack frames", "Click to hide stack frames")'>Click to show all stack frames</a>
<div class='stack-trace' id='stack-trace989809251'><pre>java.lang.Throwable: Method MeriterOchUtm‰rkelserAddNew÷vrigaMeriter.StartÂrAndSlut≈r()[pri:0, instance:testCasesSATMinProfilMeriterOchUtm‰rkelser.MeriterOchUtm‰rkelserAddNew÷vrigaMeriter@4d5b6aac] depends on not successfully finished methods
	at org.testng.internal.Invoker.invokeTestMethods(Invoker.java:887)
	at org.testng.internal.TestMethodWorker.invokeTestMethods(TestMethodWorker.java:125)
	at org.testng.internal.TestMethodWorker.run(TestMethodWorker.java:109)
	at org.testng.TestRunner.privateRun(TestRunner.java:648)
	at org.testng.TestRunner.run(TestRunner.java:505)
	at org.testng.SuiteRunner.runTest(SuiteRunner.java:455)
	at org.testng.SuiteRunner.access$000(SuiteRunner.java:40)
	at org.testng.SuiteRunner$SuiteWorker.run(SuiteRunner.java:489)
	at org.testng.internal.thread.ThreadUtil$1.call(ThreadUtil.java:52)
	at java.base/java.util.concurrent.FutureTask.run(Unknown Source)
	at java.base/java.util.concurrent.ThreadPoolExecutor.runWorker(Unknown Source)
	at java.base/java.util.concurrent.ThreadPoolExecutor$Worker.run(Unknown Source)
	at java.base/java.lang.Thread.run(Unknown Source)
</pre></div></td>
<td>0</td>
<td>null</td></tr>
<tr>
<td title='testCasesSATMinProfilMeriterOchUtm‰rkelser.MeriterOchUtm‰rkelserAddNew÷vrigaMeriter.TypAvMerit()'><b>TypAvMerit</b><br>Test class: testCasesSATMinProfilMeriterOchUtm‰rkelser.MeriterOchUtm‰rkelserAddNew÷vrigaMeriter</td>
<td><div><pre>java.lang.Throwable: Method MeriterOchUtm‰rkelserAddNew÷vrigaMeriter.TypAvMerit()[pri:0, instance:testCasesSATMinProfilMeriterOchUtm‰rkelser.MeriterOchUtm‰rkelserAddNew÷vrigaMeriter@4d5b6aac] depends on not successfully finished methods
	at java.base/java.util.concurrent.FutureTask.run(Unknown Source)
	at java.base/java.util.concurrent.ThreadPoolExecutor.runWorker(Unknown Source)
	at java.base/java.util.concurrent.ThreadPoolExecutor$Worker.run(Unknown Source)
	at java.base/java.lang.Thread.run(Unknown Source)
... Removed 9 stack frames</pre></div><a href='#' onClick='toggleBox("stack-trace895986736", this, "Click to show all stack frames", "Click to hide stack frames")'>Click to show all stack frames</a>
<div class='stack-trace' id='stack-trace895986736'><pre>java.lang.Throwable: Method MeriterOchUtm‰rkelserAddNew÷vrigaMeriter.TypAvMerit()[pri:0, instance:testCasesSATMinProfilMeriterOchUtm‰rkelser.MeriterOchUtm‰rkelserAddNew÷vrigaMeriter@4d5b6aac] depends on not successfully finished methods
	at org.testng.internal.Invoker.invokeTestMethods(Invoker.java:887)
	at org.testng.internal.TestMethodWorker.invokeTestMethods(TestMethodWorker.java:125)
	at org.testng.internal.TestMethodWorker.run(TestMethodWorker.java:109)
	at org.testng.TestRunner.privateRun(TestRunner.java:648)
	at org.testng.TestRunner.run(TestRunner.java:505)
	at org.testng.SuiteRunner.runTest(SuiteRunner.java:455)
	at org.testng.SuiteRunner.access$000(SuiteRunner.java:40)
	at org.testng.SuiteRunner$SuiteWorker.run(SuiteRunner.java:489)
	at org.testng.internal.thread.ThreadUtil$1.call(ThreadUtil.java:52)
	at java.base/java.util.concurrent.FutureTask.run(Unknown Source)
	at java.base/java.util.concurrent.ThreadPoolExecutor.runWorker(Unknown Source)
	at java.base/java.util.concurrent.ThreadPoolExecutor$Worker.run(Unknown Source)
	at java.base/java.lang.Thread.run(Unknown Source)
</pre></div></td>
<td>0</td>
<td>null</td></tr>
<tr>
<td title='testCasesSATMinProfilMeriterOchUtm‰rkelser.MeriterOchUtm‰rkelserAddNewPriserOchUtm‰rkelser.Utf‰rdare()'><b>Utf‰rdare</b><br>Test class: testCasesSATMinProfilMeriterOchUtm‰rkelser.MeriterOchUtm‰rkelserAddNewPriserOchUtm‰rkelser</td>
<td><div><pre>java.lang.Throwable: Method MeriterOchUtm‰rkelserAddNewPriserOchUtm‰rkelser.Utf‰rdare()[pri:0, instance:testCasesSATMinProfilMeriterOchUtm‰rkelser.MeriterOchUtm‰rkelserAddNewPriserOchUtm‰rkelser@759d26fb] depends on not successfully finished methods
	at java.base/java.util.concurrent.FutureTask.run(Unknown Source)
	at java.base/java.util.concurrent.ThreadPoolExecutor.runWorker(Unknown Source)
	at java.base/java.util.concurrent.ThreadPoolExecutor$Worker.run(Unknown Source)
	at java.base/java.lang.Thread.run(Unknown Source)
... Removed 9 stack frames</pre></div><a href='#' onClick='toggleBox("stack-trace1526067688", this, "Click to show all stack frames", "Click to hide stack frames")'>Click to show all stack frames</a>
<div class='stack-trace' id='stack-trace1526067688'><pre>java.lang.Throwable: Method MeriterOchUtm‰rkelserAddNewPriserOchUtm‰rkelser.Utf‰rdare()[pri:0, instance:testCasesSATMinProfilMeriterOchUtm‰rkelser.MeriterOchUtm‰rkelserAddNewPriserOchUtm‰rkelser@759d26fb] depends on not successfully finished methods
	at org.testng.internal.Invoker.invokeTestMethods(Invoker.java:887)
	at org.testng.internal.TestMethodWorker.invokeTestMethods(TestMethodWorker.java:125)
	at org.testng.internal.TestMethodWorker.run(TestMethodWorker.java:109)
	at org.testng.TestRunner.privateRun(TestRunner.java:648)
	at org.testng.TestRunner.run(TestRunner.java:505)
	at org.testng.SuiteRunner.runTest(SuiteRunner.java:455)
	at org.testng.SuiteRunner.access$000(SuiteRunner.java:40)
	at org.testng.SuiteRunner$SuiteWorker.run(SuiteRunner.java:489)
	at org.testng.internal.thread.ThreadUtil$1.call(ThreadUtil.java:52)
	at java.base/java.util.concurrent.FutureTask.run(Unknown Source)
	at java.base/java.util.concurrent.ThreadPoolExecutor.runWorker(Unknown Source)
	at java.base/java.util.concurrent.ThreadPoolExecutor$Worker.run(Unknown Source)
	at java.base/java.lang.Thread.run(Unknown Source)
</pre></div></td>
<td>0</td>
<td>null</td></tr>
<tr>
<td title='testCasesSATMinProfilMeriterOchUtm‰rkelser.MeriterOchUtm‰rkelserAddNewDocentur.ƒmne()'><b>ƒmne</b><br>Test class: testCasesSATMinProfilMeriterOchUtm‰rkelser.MeriterOchUtm‰rkelserAddNewDocentur</td>
<td><div><pre>java.lang.Throwable: Method MeriterOchUtm‰rkelserAddNewDocentur.ƒmne()[pri:0, instance:testCasesSATMinProfilMeriterOchUtm‰rkelser.MeriterOchUtm‰rkelserAddNewDocentur@7ea9e1e2] depends on not successfully finished methods
	at java.base/java.util.concurrent.FutureTask.run(Unknown Source)
	at java.base/java.util.concurrent.ThreadPoolExecutor.runWorker(Unknown Source)
	at java.base/java.util.concurrent.ThreadPoolExecutor$Worker.run(Unknown Source)
	at java.base/java.lang.Thread.run(Unknown Source)
... Removed 9 stack frames</pre></div><a href='#' onClick='toggleBox("stack-trace1040528431", this, "Click to show all stack frames", "Click to hide stack frames")'>Click to show all stack frames</a>
<div class='stack-trace' id='stack-trace1040528431'><pre>java.lang.Throwable: Method MeriterOchUtm‰rkelserAddNewDocentur.ƒmne()[pri:0, instance:testCasesSATMinProfilMeriterOchUtm‰rkelser.MeriterOchUtm‰rkelserAddNewDocentur@7ea9e1e2] depends on not successfully finished methods
	at org.testng.internal.Invoker.invokeTestMethods(Invoker.java:887)
	at org.testng.internal.TestMethodWorker.invokeTestMethods(TestMethodWorker.java:125)
	at org.testng.internal.TestMethodWorker.run(TestMethodWorker.java:109)
	at org.testng.TestRunner.privateRun(TestRunner.java:648)
	at org.testng.TestRunner.run(TestRunner.java:505)
	at org.testng.SuiteRunner.runTest(SuiteRunner.java:455)
	at org.testng.SuiteRunner.access$000(SuiteRunner.java:40)
	at org.testng.SuiteRunner$SuiteWorker.run(SuiteRunner.java:489)
	at org.testng.internal.thread.ThreadUtil$1.call(ThreadUtil.java:52)
	at java.base/java.util.concurrent.FutureTask.run(Unknown Source)
	at java.base/java.util.concurrent.ThreadPoolExecutor.runWorker(Unknown Source)
	at java.base/java.util.concurrent.ThreadPoolExecutor$Worker.run(Unknown Source)
	at java.base/java.lang.Thread.run(Unknown Source)
</pre></div></td>
<td>0</td>
<td>null</td></tr>
<tr>
<td title='testCasesSATMinProfilMeriterOchUtm‰rkelser.MeriterOchUtm‰rkelserAddNewPriserOchUtm‰rkelser.≈r()'><b>≈r</b><br>Test class: testCasesSATMinProfilMeriterOchUtm‰rkelser.MeriterOchUtm‰rkelserAddNewPriserOchUtm‰rkelser</td>
<td><div><pre>java.lang.Throwable: Method MeriterOchUtm‰rkelserAddNewPriserOchUtm‰rkelser.≈r()[pri:0, instance:testCasesSATMinProfilMeriterOchUtm‰rkelser.MeriterOchUtm‰rkelserAddNewPriserOchUtm‰rkelser@759d26fb] depends on not successfully finished methods
	at java.base/java.util.concurrent.FutureTask.run(Unknown Source)
	at java.base/java.util.concurrent.ThreadPoolExecutor.runWorker(Unknown Source)
	at java.base/java.util.concurrent.ThreadPoolExecutor$Worker.run(Unknown Source)
	at java.base/java.lang.Thread.run(Unknown Source)
... Removed 9 stack frames</pre></div><a href='#' onClick='toggleBox("stack-trace492210437", this, "Click to show all stack frames", "Click to hide stack frames")'>Click to show all stack frames</a>
<div class='stack-trace' id='stack-trace492210437'><pre>java.lang.Throwable: Method MeriterOchUtm‰rkelserAddNewPriserOchUtm‰rkelser.≈r()[pri:0, instance:testCasesSATMinProfilMeriterOchUtm‰rkelser.MeriterOchUtm‰rkelserAddNewPriserOchUtm‰rkelser@759d26fb] depends on not successfully finished methods
	at org.testng.internal.Invoker.invokeTestMethods(Invoker.java:887)
	at org.testng.internal.TestMethodWorker.invokeTestMethods(TestMethodWorker.java:125)
	at org.testng.internal.TestMethodWorker.run(TestMethodWorker.java:109)
	at org.testng.TestRunner.privateRun(TestRunner.java:648)
	at org.testng.TestRunner.run(TestRunner.java:505)
	at org.testng.SuiteRunner.runTest(SuiteRunner.java:455)
	at org.testng.SuiteRunner.access$000(SuiteRunner.java:40)
	at org.testng.SuiteRunner$SuiteWorker.run(SuiteRunner.java:489)
	at org.testng.internal.thread.ThreadUtil$1.call(ThreadUtil.java:52)
	at java.base/java.util.concurrent.FutureTask.run(Unknown Source)
	at java.base/java.util.concurrent.ThreadPoolExecutor.runWorker(Unknown Source)
	at java.base/java.util.concurrent.ThreadPoolExecutor$Worker.run(Unknown Source)
	at java.base/java.lang.Thread.run(Unknown Source)
</pre></div></td>
<td>0</td>
<td>null</td></tr>
<tr>
<td title='testCasesSATMinProfilMeriterOchUtm‰rkelser.MeriterOchUtm‰rkelserAddNewDocentur.≈r()'><b>≈r</b><br>Test class: testCasesSATMinProfilMeriterOchUtm‰rkelser.MeriterOchUtm‰rkelserAddNewDocentur</td>
<td><div><pre>java.lang.Throwable: Method MeriterOchUtm‰rkelserAddNewDocentur.≈r()[pri:0, instance:testCasesSATMinProfilMeriterOchUtm‰rkelser.MeriterOchUtm‰rkelserAddNewDocentur@7ea9e1e2] depends on not successfully finished methods
	at java.base/java.util.concurrent.FutureTask.run(Unknown Source)
	at java.base/java.util.concurrent.ThreadPoolExecutor.runWorker(Unknown Source)
	at java.base/java.util.concurrent.ThreadPoolExecutor$Worker.run(Unknown Source)
	at java.base/java.lang.Thread.run(Unknown Source)
... Removed 9 stack frames</pre></div><a href='#' onClick='toggleBox("stack-trace1025149260", this, "Click to show all stack frames", "Click to hide stack frames")'>Click to show all stack frames</a>
<div class='stack-trace' id='stack-trace1025149260'><pre>java.lang.Throwable: Method MeriterOchUtm‰rkelserAddNewDocentur.≈r()[pri:0, instance:testCasesSATMinProfilMeriterOchUtm‰rkelser.MeriterOchUtm‰rkelserAddNewDocentur@7ea9e1e2] depends on not successfully finished methods
	at org.testng.internal.Invoker.invokeTestMethods(Invoker.java:887)
	at org.testng.internal.TestMethodWorker.invokeTestMethods(TestMethodWorker.java:125)
	at org.testng.internal.TestMethodWorker.run(TestMethodWorker.java:109)
	at org.testng.TestRunner.privateRun(TestRunner.java:648)
	at org.testng.TestRunner.run(TestRunner.java:505)
	at org.testng.SuiteRunner.runTest(SuiteRunner.java:455)
	at org.testng.SuiteRunner.access$000(SuiteRunner.java:40)
	at org.testng.SuiteRunner$SuiteWorker.run(SuiteRunner.java:489)
	at org.testng.internal.thread.ThreadUtil$1.call(ThreadUtil.java:52)
	at java.base/java.util.concurrent.FutureTask.run(Unknown Source)
	at java.base/java.util.concurrent.ThreadPoolExecutor.runWorker(Unknown Source)
	at java.base/java.util.concurrent.ThreadPoolExecutor$Worker.run(Unknown Source)
	at java.base/java.lang.Thread.run(Unknown Source)
</pre></div></td>
<td>0</td>
<td>null</td></tr>
</table><p>
</body>
</html>