<?xml version="1.0" encoding="UTF-8"?>
<!-- Generated by org.testng.reporters.JUnitXMLReporter -->
<testsuite ignored="0" hostname="77DWHM2" failures="0" tests="32" name="MeriterOchUtmärkelser" time="86.002" errors="0" timestamp="26 juli 2018 14:07:56 GMT">
  <testcase classname="testCasesSATMinProfilMeriterOchUtmärkelser.MeriterOchUtmärkelserAddNewDocentur" name="LoginAsUser" time="10.667"/>
  <testcase classname="testCasesSATMinProfilMeriterOchUtmärkelser.MeriterOchUtmärkelserAddNewDocentur" name="ClickMeriterOchUtmärkelser" time="1.963"/>
  <testcase classname="testCasesSATMinProfilMeriterOchUtmärkelser.MeriterOchUtmärkelserAddNewDocentur" name="LäggTillDocentur" time="0.171"/>
  <testcase classname="testCasesSATMinProfilMeriterOchUtmärkelser.MeriterOchUtmärkelserAddNewDocentur" name="SelectOrganization" time="2.086"/>
  <testcase classname="testCasesSATMinProfilMeriterOchUtmärkelser.MeriterOchUtmärkelserAddNewDocentur" name="Ämne" time="0.442"/>
  <testcase classname="testCasesSATMinProfilMeriterOchUtmärkelser.MeriterOchUtmärkelserAddNewDocentur" name="År" time="0.301"/>
  <testcase classname="testCasesSATMinProfilMeriterOchUtmärkelser.MeriterOchUtmärkelserAddNewDocentur" name="SparaDocentur" time="0.162"/>
  <testcase classname="testCasesSATMinProfilMeriterOchUtmärkelser.MeriterOchUtmärkelserAddNewHandleddaPersonerEnskildPerson" name="LoginAsUser" time="10.173"/>
  <testcase classname="testCasesSATMinProfilMeriterOchUtmärkelser.MeriterOchUtmärkelserAddNewHandleddaPersonerEnskildPerson" name="ClickMeriterOchUtmärkelser" time="1.936"/>
  <testcase classname="testCasesSATMinProfilMeriterOchUtmärkelser.MeriterOchUtmärkelserAddNewHandleddaPersonerEnskildPerson" name="LäggTillHandleddaPersonerEnskildPerson" time="0.133"/>
  <testcase classname="testCasesSATMinProfilMeriterOchUtmärkelser.MeriterOchUtmärkelserAddNewHandleddaPersonerEnskildPerson" name="LäggTillHandleddaPersonerEnskildPersonFörnamn" time="0.352"/>
  <testcase classname="testCasesSATMinProfilMeriterOchUtmärkelser.MeriterOchUtmärkelserAddNewHandleddaPersonerEnskildPerson" name="LäggTillHandleddaPersonerEnskildPersonEfternamn" time="0.152"/>
  <testcase classname="testCasesSATMinProfilMeriterOchUtmärkelser.MeriterOchUtmärkelserAddNewHandleddaPersonerEnskildPerson" name="LäggTillHandleddaPersonerEnskildPersonSlutår" time="0.408"/>
  <testcase classname="testCasesSATMinProfilMeriterOchUtmärkelser.MeriterOchUtmärkelserAddNewHandleddaPersonerEnskildPerson" name="LäggTillHandleddaPersonerEnskildPersonTypAvHandleddaPersoner" time="0.203"/>
  <testcase classname="testCasesSATMinProfilMeriterOchUtmärkelser.MeriterOchUtmärkelserAddNewHandleddaPersonerEnskildPerson" name="LäggTillHandleddaPersonerEnskildPersonRoll" time="0.127"/>
  <testcase classname="testCasesSATMinProfilMeriterOchUtmärkelser.MeriterOchUtmärkelserAddNewHandleddaPersonerEnskildPerson" name="LäggTillHandleddaPersonerEnskildPersonRollSpara" time="0.128"/>
  <testcase classname="testCasesSATMinProfilMeriterOchUtmärkelser.MeriterOchUtmärkelserAddNewPriserOchUtmärkelser" name="LoginAsUser" time="9.607"/>
  <testcase classname="testCasesSATMinProfilMeriterOchUtmärkelser.MeriterOchUtmärkelserAddNewPriserOchUtmärkelser" name="ClickMeriterOchUtmärkelser" time="2.128"/>
  <testcase classname="testCasesSATMinProfilMeriterOchUtmärkelser.MeriterOchUtmärkelserAddNewPriserOchUtmärkelser" name="LäggTill" time="0.152"/>
  <testcase classname="testCasesSATMinProfilMeriterOchUtmärkelser.MeriterOchUtmärkelserAddNewPriserOchUtmärkelser" name="År" time="0.768"/>
  <testcase classname="testCasesSATMinProfilMeriterOchUtmärkelser.MeriterOchUtmärkelserAddNewPriserOchUtmärkelser" name="Land" time="1.002"/>
  <testcase classname="testCasesSATMinProfilMeriterOchUtmärkelser.MeriterOchUtmärkelserAddNewPriserOchUtmärkelser" name="NamnPåPriset" time="0.166"/>
  <testcase classname="testCasesSATMinProfilMeriterOchUtmärkelser.MeriterOchUtmärkelserAddNewPriserOchUtmärkelser" name="Utfärdare" time="0.198"/>
  <testcase classname="testCasesSATMinProfilMeriterOchUtmärkelser.MeriterOchUtmärkelserAddNewPriserOchUtmärkelser" name="Beskrivning" time="0.22"/>
  <testcase classname="testCasesSATMinProfilMeriterOchUtmärkelser.MeriterOchUtmärkelserAddNewPriserOchUtmärkelser" name="Spara" time="0.162"/>
  <testcase classname="testCasesSATMinProfilMeriterOchUtmärkelser.MeriterOchUtmärkelserAddNewÖvrigaMeriter" name="LoginAsUser" time="9.961"/>
  <testcase classname="testCasesSATMinProfilMeriterOchUtmärkelser.MeriterOchUtmärkelserAddNewÖvrigaMeriter" name="ClickMeriterOchUtmärkelser" time="2.017"/>
  <testcase classname="testCasesSATMinProfilMeriterOchUtmärkelser.MeriterOchUtmärkelserAddNewÖvrigaMeriter" name="LäggTill" time="0.15"/>
  <testcase classname="testCasesSATMinProfilMeriterOchUtmärkelser.MeriterOchUtmärkelserAddNewÖvrigaMeriter" name="StartårAndSlutÅr" time="0.434"/>
  <testcase classname="testCasesSATMinProfilMeriterOchUtmärkelser.MeriterOchUtmärkelserAddNewÖvrigaMeriter" name="TypAvMerit" time="0.126"/>
  <testcase classname="testCasesSATMinProfilMeriterOchUtmärkelser.MeriterOchUtmärkelserAddNewÖvrigaMeriter" name="Beskrivning" time="0.212"/>
  <testcase classname="testCasesSATMinProfilMeriterOchUtmärkelser.MeriterOchUtmärkelserAddNewÖvrigaMeriter" name="Spara" time="0.177"/>
</testsuite> <!-- MeriterOchUtmärkelser -->
