<?xml version="1.0" encoding="UTF-8"?>
<testng-results ignored="0" total="12" passed="12" failed="0" skipped="0">
  <reporter-output>
  </reporter-output>
  <suite started-at="2018-07-30T06:38:33Z" name="Ett testfall" finished-at="2018-07-30T06:39:12Z" duration-ms="38654">
    <groups>
    </groups>
    <test started-at="2018-07-30T06:38:33Z" name="Ett test" finished-at="2018-07-30T06:39:12Z" duration-ms="38654">
      <class name="testCasesMinProfilArbetsliv.ArbetslivAddNewAnställningar">
        <test-method is-config="true" signature="Setup(java.lang.String, java.lang.String, java.lang.String)[pri:0, instance:testCasesMinProfilArbetsliv.ArbetslivAddNewAnställningar@a1cdc6d]" started-at="2018-07-30T06:38:33Z" name="Setup" finished-at="2018-07-30T06:38:41Z" duration-ms="7295" status="PASS">
          <params>
            <param index="0">
              <value>
                <![CDATA[Chrome]]>
              </value>
            </param>
            <param index="1">
              <value>
                <![CDATA[jagtestarprisma@gmail.com]]>
              </value>
            </param>
            <param index="2">
              <value>
                <![CDATA[Vr1234]]>
              </value>
            </param>
          </params>
          <reporter-output>
          </reporter-output>
        </test-method> <!-- Setup -->
        <test-method signature="LoginAsUser()[pri:0, instance:testCasesMinProfilArbetsliv.ArbetslivAddNewAnställningar@a1cdc6d]" started-at="2018-07-30T06:38:41Z" name="LoginAsUser" finished-at="2018-07-30T06:39:01Z" duration-ms="20430" status="PASS">
          <reporter-output>
          </reporter-output>
        </test-method> <!-- LoginAsUser -->
        <test-method signature="ClickArbetsliv()[pri:0, instance:testCasesMinProfilArbetsliv.ArbetslivAddNewAnställningar@a1cdc6d]" started-at="2018-07-30T06:39:01Z" name="ClickArbetsliv" finished-at="2018-07-30T06:39:05Z" depends-on-methods="testCasesMinProfilArbetsliv.ArbetslivAddNewAnställningar.LoginAsUser" duration-ms="4116" status="PASS">
          <reporter-output>
          </reporter-output>
        </test-method> <!-- ClickArbetsliv -->
        <test-method signature="AddAnställning()[pri:0, instance:testCasesMinProfilArbetsliv.ArbetslivAddNewAnställningar@a1cdc6d]" started-at="2018-07-30T06:39:05Z" name="AddAnställning" finished-at="2018-07-30T06:39:05Z" depends-on-methods="testCasesMinProfilArbetsliv.ArbetslivAddNewAnställningar.ClickArbetsliv" duration-ms="141" status="PASS">
          <reporter-output>
          </reporter-output>
        </test-method> <!-- AddAnställning -->
        <test-method signature="SelectOrganization()[pri:0, instance:testCasesMinProfilArbetsliv.ArbetslivAddNewAnställningar@a1cdc6d]" started-at="2018-07-30T06:39:05Z" name="SelectOrganization" finished-at="2018-07-30T06:39:08Z" depends-on-methods="testCasesMinProfilArbetsliv.ArbetslivAddNewAnställningar.AddAnställning" duration-ms="2799" status="PASS">
          <reporter-output>
          </reporter-output>
        </test-method> <!-- SelectOrganization -->
        <test-method signature="AnställningDropDown()[pri:0, instance:testCasesMinProfilArbetsliv.ArbetslivAddNewAnställningar@a1cdc6d]" started-at="2018-07-30T06:39:08Z" name="AnställningDropDown" finished-at="2018-07-30T06:39:08Z" depends-on-methods="testCasesMinProfilArbetsliv.ArbetslivAddNewAnställningar.SelectOrganization" duration-ms="354" status="PASS">
          <reporter-output>
          </reporter-output>
        </test-method> <!-- AnställningDropDown -->
        <test-method signature="AnställningsFormDropDown()[pri:0, instance:testCasesMinProfilArbetsliv.ArbetslivAddNewAnställningar@a1cdc6d]" started-at="2018-07-30T06:39:08Z" name="AnställningsFormDropDown" finished-at="2018-07-30T06:39:09Z" depends-on-methods="testCasesMinProfilArbetsliv.ArbetslivAddNewAnställningar.AnställningDropDown" duration-ms="203" status="PASS">
          <reporter-output>
          </reporter-output>
        </test-method> <!-- AnställningsFormDropDown -->
        <test-method signature="DelAvForskningIAnställningenBaseradPåHeltid()[pri:0, instance:testCasesMinProfilArbetsliv.ArbetslivAddNewAnställningar@a1cdc6d]" started-at="2018-07-30T06:39:09Z" name="DelAvForskningIAnställningenBaseradPåHeltid" finished-at="2018-07-30T06:39:09Z" depends-on-methods="testCasesMinProfilArbetsliv.ArbetslivAddNewAnställningar.AnställningDropDown" duration-ms="359" status="PASS">
          <reporter-output>
          </reporter-output>
        </test-method> <!-- DelAvForskningIAnställningenBaseradPåHeltid -->
        <test-method signature="AnställningensBörjanOchSlutYear()[pri:0, instance:testCasesMinProfilArbetsliv.ArbetslivAddNewAnställningar@a1cdc6d]" started-at="2018-07-30T06:39:09Z" name="AnställningensBörjanOchSlutYear" finished-at="2018-07-30T06:39:10Z" depends-on-methods="testCasesMinProfilArbetsliv.ArbetslivAddNewAnställningar.DelAvForskningIAnställningenBaseradPåHeltid" duration-ms="1448" status="PASS">
          <reporter-output>
          </reporter-output>
        </test-method> <!-- AnställningensBörjanOchSlutYear -->
        <test-method signature="AnställningensBörjanMonth()[pri:0, instance:testCasesMinProfilArbetsliv.ArbetslivAddNewAnställningar@a1cdc6d]" started-at="2018-07-30T06:39:10Z" name="AnställningensBörjanMonth" finished-at="2018-07-30T06:39:11Z" depends-on-methods="testCasesMinProfilArbetsliv.ArbetslivAddNewAnställningar.AnställningensBörjanOchSlutYear" duration-ms="238" status="PASS">
          <reporter-output>
          </reporter-output>
        </test-method> <!-- AnställningensBörjanMonth -->
        <test-method signature="AnställningensSlutMonth()[pri:0, instance:testCasesMinProfilArbetsliv.ArbetslivAddNewAnställningar@a1cdc6d]" started-at="2018-07-30T06:39:11Z" name="AnställningensSlutMonth" finished-at="2018-07-30T06:39:11Z" depends-on-methods="testCasesMinProfilArbetsliv.ArbetslivAddNewAnställningar.AnställningensBörjanMonth" duration-ms="214" status="PASS">
          <reporter-output>
          </reporter-output>
        </test-method> <!-- AnställningensSlutMonth -->
        <test-method signature="ÖvrigInformation()[pri:0, instance:testCasesMinProfilArbetsliv.ArbetslivAddNewAnställningar@a1cdc6d]" started-at="2018-07-30T06:39:11Z" name="ÖvrigInformation" finished-at="2018-07-30T06:39:12Z" depends-on-methods="testCasesMinProfilArbetsliv.ArbetslivAddNewAnställningar.AnställningensSlutMonth" duration-ms="854" status="PASS">
          <reporter-output>
          </reporter-output>
        </test-method> <!-- ÖvrigInformation -->
        <test-method signature="SparaAnställning()[pri:0, instance:testCasesMinProfilArbetsliv.ArbetslivAddNewAnställningar@a1cdc6d]" started-at="2018-07-30T06:39:12Z" name="SparaAnställning" finished-at="2018-07-30T06:39:12Z" depends-on-methods="testCasesMinProfilArbetsliv.ArbetslivAddNewAnställningar.ÖvrigInformation" duration-ms="163" status="PASS">
          <reporter-output>
          </reporter-output>
        </test-method> <!-- SparaAnställning -->
        <test-method is-config="true" signature="tearDown()[pri:0, instance:testCasesMinProfilArbetsliv.ArbetslivAddNewAnställningar@a1cdc6d]" started-at="2018-07-30T06:39:12Z" name="tearDown" finished-at="2018-07-30T06:39:12Z" duration-ms="0" status="PASS">
          <reporter-output>
          </reporter-output>
        </test-method> <!-- tearDown -->
      </class> <!-- testCasesMinProfilArbetsliv.ArbetslivAddNewAnställningar -->
    </test> <!-- Ett test -->
  </suite> <!-- Ett testfall -->
</testng-results>
