<?xml version="1.0" encoding="UTF-8"?>
<!-- Generated by org.testng.reporters.JUnitReportReporter -->
<testsuite hostname="77DWHM2" failures="0" tests="10" name="testCasesMinProfilArbetsliv.ArbetslivAddNewForskarutbyten" time="18.365" errors="0" timestamp="26 juli 2018 14:19:25 GMT" skipped="0">
  <testcase classname="testCasesMinProfilArbetsliv.ArbetslivAddNewForskarutbyten" name="LoginAsUser4" time="9.885"/>
  <testcase classname="testCasesMinProfilArbetsliv.ArbetslivAddNewForskarutbyten" name="SparaForskarUbyte" time="0.213"/>
  <testcase classname="testCasesMinProfilArbetsliv.ArbetslivAddNewForskarutbyten" name="Ämne" time="0.621"/>
  <testcase classname="testCasesMinProfilArbetsliv.ArbetslivAddNewForskarutbyten" name="PeriodStartMonth" time="0.163"/>
  <testcase classname="testCasesMinProfilArbetsliv.ArbetslivAddNewForskarutbyten" name="SelectOrganization" time="2.440"/>
  <testcase classname="testCasesMinProfilArbetsliv.ArbetslivAddNewForskarutbyten" name="PeriodEndMonth" time="0.135"/>
  <testcase classname="testCasesMinProfilArbetsliv.ArbetslivAddNewForskarutbyten" name="ClickArbetsliv" time="3.349"/>
  <testcase classname="testCasesMinProfilArbetsliv.ArbetslivAddNewForskarutbyten" name="Typ" time="0.164"/>
  <testcase classname="testCasesMinProfilArbetsliv.ArbetslivAddNewForskarutbyten" name="AddForskarUbyten" time="0.253"/>
  <testcase classname="testCasesMinProfilArbetsliv.ArbetslivAddNewForskarutbyten" name="PeriodStartOchSlutYear" time="1.142"/>
</testsuite> <!-- testCasesMinProfilArbetsliv.ArbetslivAddNewForskarutbyten -->
